12-12T16:59:59.000-0500",allowed,,,,,,,,,,,WindowsTarget,,,,,,,WindowsTarget,,WindowsTarget,99941,"endpoint_services_processes ms-sysmon-process windows_event_signature windows_ta_data",,,,,,,,WindowsTarget,,,99941,main,1,,,,,,,,,,,,,,"Microsoft Windows","C:\Users\inf808\AppData\Local\inf808\LaZagne.exe  browsers","LaZagne.exe","{8e02ef74-5cde-675b-5708-000000002a00}",3508,"LaZagne.exe","C:\Users\inf808\AppData\Local\inf808\LaZagne.exe",,,,"C:\Users\inf808\AppData\Local\inf808\LaZagne.exe  browsers","C:\Users\inf808\Desktop\","LaZagne.exe","{8e02ef74-5cdf-675b-5808-000000002a00}","MD5=282DF7BCB720A5B6F409CAF9CCDA2F75,SHA256=3CC5EE93A9BA1FC57389705283B760C8BD61F35E9398BBFA3210E2BECF6D4B05,IMPHASH=7AA1951517B3B8D38B12F874B66196C9",11200,High,"LaZagne.exe","C:\Users\inf808\AppData\Local\inf808\LaZagne.exe",,,,"<_='://../////'><><_='--'_='{----}'/><></><></><><",,,,,,,,,,,,,,,,,,,,,,informational,4,"Process creation",1,"XmlWinEventLog:Microsoft-Windows-Sysmon/Operational",XmlWinEventLog,FedoraThreatHunting,,,,,,,,,,,,,,,,,,,,,"process
report
track_event_signatures",,,,"process
report
track_event_signatures",,,,,,,,,inf808,,,"'S-1-5-18'",,,,,"Microsoft Sysmon"
,,,,,,,,,,,,,,,"Microsoft-Windows-Sysmon/Operational",,,,,,,,,WindowsTarget,,,"2024-12-12 21:59:59.270",,,,,,,,,,,,,,,"Microsoft-Windows-Sysmon/Operational",11,"<Data Name='RuleName'>DLL</Data><Data Name='UtcTime'>2024-12-12 21:59:59.270</Data><Data Name='ProcessGuid'>{8e02ef74-5cde-675b-5708-000000002a00}</Data><Data Name='ProcessId'>3508</Data><Data Name='Image'>C:\Users\inf808\AppData\Local\inf808\LaZagne.exe</Data><Data Name='TargetFilename'>C:\Users\inf808\AppData\Local\Temp\_MEI35082\ucrtbase.dll</Data><Data Name='CreationUtcTime'>2024-12-12 21:59:59.270</Data><Data Name='User'>WindowsTarget\inf808</Data>",FileCreate,11,99940,,,,,,,,,,,"'{5770385f-c22a-43e0-bf4c-06f5698ffbd9}'",,,,,"C:\Users\inf808\AppData\Local\inf808\LaZagne.exe",,,,,,,,0x8000000000000000,4,,,,,,,,,,,,,,,,,,,,"'Microsoft-Windows-Sysmon'",,,,,,,,,,,,,0,,,,,,,,,,,,,,"{8e02ef74-5cde-675b-5708-000000002a00}","'3780'",3508,,,,,,,,,,99940,99940,,,,,DLL,,,,,"S-1-5-18",,,,,,,,,,,,,,,,,,,,,,"'2024-12-12T21:59:59.2714966Z'","<Provider Name='Microsoft-Windows-Sysmon' Guid='{5770385f-c22a-43e0-bf4c-06f5698ffbd9}'/><EventID>11</EventID><Version>2</Version><Level>4</Level><Task>11</Task><Opcode>0</Opcode><Keywords>0x8000000000000000</Keywords><TimeCreated SystemTime='2024-12-12T21:59:59.2714966Z'/><EventRecordID>99940</EventRecordID><Correlation/><Execution ProcessID='3780' ThreadID='5104'/><Channel>Microsoft-Windows-Sysmon/Operational</Channel><Computer>WindowsTarget</Computer><Security UserID='S-1-5-18'/>",,"C:\Users\inf808\AppData\Local\Temp\_MEI35082\ucrtbase.dll",,,,,,,,,,,,,,,11,"System Parameter Settings",,"'5104'","2024-12-12T21:59:59.2714966Z",,,,,"WindowsTarget\inf808","'S-1-5-18'",,,,,,,,,,"2024-12-12 21:59:59.270",2,,,,,"<Event xmlns='http://schemas.microsoft.com/win/2004/08/events/event'><System><Provider Name='Microsoft-Windows-Sysmon' Guid='{5770385f-c22a-43e0-bf4c-06f5698ffbd9}'/><EventID>11</EventID><Version>2</Version><Level>4</Level><Task>11</Task><Opcode>0</Opcode><Keywords>0x8000000000000000</Keywords><TimeCreated SystemTime='2024-12-12T21:59:59.2714966Z'/><EventRecordID>99940</EventRecordID><Correlation/><Execution ProcessID='3780' ThreadID='5104'/><Channel>Microsoft-Windows-Sysmon/Operational</Channel><Computer>WindowsTarget</Computer><Security UserID='S-1-5-18'/></System><EventData><Data Name='RuleName'>DLL</Data><Data Name='UtcTime'>2024-12-12 21:59:59.270</Data><Data Name='ProcessGuid'>{8e02ef74-5cde-675b-5708-000000002a00}</Data><Data Name='ProcessId'>3508</Data><Data Name='Image'>C:\Users\inf808\AppData\Local\inf808\LaZagne.exe</Data><Data Name='TargetFilename'>C:\Users\inf808\AppData\Local\Temp\_MEI35082\ucrtbase.dll</Data><Data Name='CreationUtcTime'>2024-12-12 21:59:59.270</Data><Data Name='User'>WindowsTarget\inf808</Data></EventData></Event>","2024-12-12T16:59:59.000-0500",created,,,,,,,,,,,WindowsTarget,,,,,,,WindowsTarget,,WindowsTarget,99940,"endpoint_services_processes ms-sysmon-filemod windows_event_signature windows_ta_data",,"2024-12-12 21:59:59.270",,,"ucrtbase.dll","C:\Users\inf808\AppData\Local\Temp\_MEI35082\ucrtbase.dll",,WindowsTarget,,,99940,main,1,,,,,,,,,,file,,,,,,,,,,,,,,,,"LaZagne.exe","{8e02ef74-5cde-675b-5708-000000002a00}",,3508,,"LaZagne.exe","C:\Users\inf808\AppData\Local\inf808\LaZagne.exe",,,,"<_='://../////'><><_='--'_='{----}'/><></><></><><",,,,,,,,,,,,,,,,,,,,,,informational,4,FileCreate,11,"XmlWinEventLog:Microsoft-Windows-Sysmon/Operational",XmlWinEventLog,FedoraThreatHunting,,,,,,,,,,,,,,,,,,,,,"endpoint
filesystem
track_event_signatures",,,,"endpoint
filesystem
track_event_signatures",filesystem,,,,,,,,inf808,,,"'S-1-5-18'",,,,,"Microsoft Sysmon"
,,,,,,,,,,,,,,,"Microsoft-Windows-Sysmon/Operational",,,,,,,,,WindowsTarget,,,"2024-12-12 21:59:59.261",,,,,,,,,,,,,,,"Microsoft-Windows-Sysmon/Operational",11,"<Data Name='RuleName'>DLL</Data><Data Name='UtcTime'>2024-12-12 21:59:59.261</Data><Data Name='ProcessGuid'>{8e02ef74-5cde-675b-5708-000000002a00}</Data><Data Name='ProcessId'>3508</Data><Data Name='Image'>C:\Users\inf808\AppData\Local\inf808\LaZagne.exe</Data><Data Name='TargetFilename'>C:\Users\inf808\AppData\Local\Temp\_MEI35082\sqlite3.dll</Data><Data Name='CreationUtcTime'>2024-12-12 21:59:59.261</Data><Data Name='User'>WindowsTarget\inf808</Data>",FileCreate,11,99939,,,,,,,,,,,"'{5770385f-c22a-43e0-bf4c-06f5698ffbd9}'",,,,,"C:\Users\inf808\AppData\Local\inf808\LaZagne.exe",,,,,,,,0x8000000000000000,4,,,,,,,,,,,,,,,,,,,,"'Microsoft-Windows-Sysmon'",,,,,,,,,,,,,0,,,,,,,,,,,,,,"{8e02ef74-5cde-675b-5708-000000002a00}","'3780'",3508,,,,,,,,,,99939,99939,,,,,DLL,,,,,"S-1-5-18",,,,,,,,,,,,,,,,,,,,,,"'2024-12-12T21:59:59.2619413Z'","<Provider Name='Microsoft-Windows-Sysmon' Guid='{5770385f-c22a-43e0-bf4c-06f5698ffbd9}'/><EventID>11</EventID><Version>2</Version><Level>4</Level><Task>11</Task><Opcode>0</Opcode><Keywords>0x8000000000000000</Keywords><TimeCreated SystemTime='2024-12-12T21:59:59.2619413Z'/><EventRecordID>99939</EventRecordID><Correlation/><Execution ProcessID='3780' ThreadID='5104'/><Channel>Microsoft-Windows-Sysmon/Operational</Channel><Computer>WindowsTarget</Computer><Security UserID='S-1-5-18'/>",,"C:\Users\inf808\AppData\Local\Temp\_MEI35082\sqlite3.dll",,,,,,,,,,,,,,,11,"System Parameter Settings",,"'5104'","2024-12-12T21:59:59.2619413Z",,,,,"WindowsTarget\inf808","'S-1-5-18'",,,,,,,,,,"2024-12-12 21:59:59.261",2,,,,,"<Event xmlns='http://schemas.microsoft.com/win/2004/08/events/event'><System><Provider Name='Microsoft-Windows-Sysmon' Guid='{5770385f-c22a-43e0-bf4c-06f5698ffbd9}'/><EventID>11</EventID><Version>2</Version><Level>4</Level><Task>11</Task><Opcode>0</Opcode><Keywords>0x8000000000000000</Keywords><TimeCreated SystemTime='2024-12-12T21:59:59.2619413Z'/><EventRecordID>99939</EventRecordID><Correlation/><Execution ProcessID='3780' ThreadID='5104'/><Channel>Microsoft-Windows-Sysmon/Operational</Channel><Computer>WindowsTarget</Computer><Security UserID='S-1-5-18'/></System><EventData><Data Name='RuleName'>DLL</Data><Data Name='UtcTime'>2024-12-12 21:59:59.261</Data><Data Name='ProcessGuid'>{8e02ef74-5cde-675b-5708-000000002a00}</Data><Data Name='ProcessId'>3508</Data><Data Name='Image'>C:\Users\inf808\AppData\Local\inf808\LaZagne.exe</Data><Data Name='TargetFilename'>C:\Users\inf808\AppData\Local\Temp\_MEI35082\sqlite3.dll</Data><Data Name='CreationUtcTime'>2024-12-12 21:59:59.261</Data><Data Name='User'>WindowsTarget\inf808</Data></EventData></Event>","2024-12-12T16:59:59.000-0500",created,,,,,,,,,,,WindowsTarget,,,,,,,WindowsTarget,,WindowsTarget,99939,"endpoint_services_processes ms-sysmon-filemod windows_event_signature windows_ta_data",,"2024-12-12 21:59:59.261",,,"sqlite3.dll","C:\Users\inf808\AppData\Local\Temp\_MEI35082\sqlite3.dll",,WindowsTarget,,,99939,main,1,,,,,,,,,,file,,,,,,,,,,,,,,,,"LaZagne.exe","{8e02ef74-5cde-675b-5708-000000002a00}",,3508,,"LaZagne.exe","C:\Users\inf808\AppData\Local\inf808\LaZagne.exe",,,,"<_='://../////'><><_='--'_='{----}'/><></><></><><",,,,,,,,,,,,,,,,,,,,,,informational,4,FileCreate,11,"XmlWinEventLog:Microsoft-Windows-Sysmon/Operational",XmlWinEventLog,FedoraThreatHunting,,,,,,,,,,,,,,,,,,,,,"endpoint
filesystem
track_event_signatures",,,,"endpoint
filesystem
track_event_signatures",filesystem,,,,,,,,inf808,,,"'S-1-5-18'",,,,,"Microsoft Sysmon"
,,,,,,,,,,,,,,,"Microsoft-Windows-Sysmon/Operational",,,,,,,,,WindowsTarget,,,"2024-12-12 21:59:59.247",,,,,,,,,,,,,,,"Microsoft-Windows-Sysmon/Operational",11,"<Data Name='RuleName'>DLL</Data><Data Name='UtcTime'>2024-12-12 21:59:59.247</Data><Data Name='ProcessGuid'>{8e02ef74-5cde-675b-5708-000000002a00}</Data><Data Name='ProcessId'>3508</Data><Data Name='Image'>C:\Users\inf808\AppData\Local\inf808\LaZagne.exe</Data><Data Name='TargetFilename'>C:\Users\inf808\AppData\Local\Temp\_MEI35082\python37.dll</Data><Data Name='CreationUtcTime'>2024-12-12 21:59:59.247</Data><Data Name='User'>WindowsTarget\inf808</Data>",FileCreate,11,99938,,,,,,,,,,,"'{5770385f-c22a-43e0-bf4c-06f5698ffbd9}'",,,,,"C:\Users\inf808\AppData\Local\inf808\LaZagne.exe",,,,,,,,0x8000000000000000,4,,,,,,,,,,,,,,,,,,,,"'Microsoft-Windows-Sysmon'",,,,,,,,,,,,,0,,,,,,,,,,,,,,"{8e02ef74-5cde-675b-5708-000000002a00}","'3780'",3508,,,,,,,,,,99938,99938,,,,,DLL,,,,,"S-1-5-18",,,,,,,,,,,,,,,,,,,,,,"'2024-12-12T21:59:59.2478713Z'","<Provider Name='Microsoft-Windows-Sysmon' Guid='{5770385f-c22a-43e0-bf4c-06f5698ffbd9}'/><EventID>11</EventID><Version>2</Version><Level>4</Level><Task>11</Task><Opcode>0</Opcode><Keywords>0x8000000000000000</Keywords><TimeCreated SystemTime='2024-12-12T21:59:59.2478713Z'/><EventRecordID>99938</EventRecordID><Correlation/><Execution ProcessID='3780' ThreadID='5104'/><Channel>Microsoft-Windows-Sysmon/Operational</Channel><Computer>WindowsTarget</Computer><Security UserID='S-1-5-18'/>",,"C:\Users\inf808\AppData\Local\Temp\_MEI35082\python37.dll",,,,,,,,,,,,,,,11,"System Parameter Settings",,"'5104'","2024-12-12T21:59:59.2478713Z",,,,,"WindowsTarget\inf808","'S-1-5-18'",,,,,,,,,,"2024-12-12 21:59:59.247",2,,,,,"<Event xmlns='http://schemas.microsoft.com/win/2004/08/events/event'><System><Provider Name='Microsoft-Windows-Sysmon' Guid='{5770385f-c22a-43e0-bf4c-06f5698ffbd9}'/><EventID>11</EventID><Version>2</Version><Level>4</Level><Task>11</Task><Opcode>0</Opcode><Keywords>0x8000000000000000</Keywords><TimeCreated SystemTime='2024-12-12T21:59:59.2478713Z'/><EventRecordID>99938</EventRecordID><Correlation/><Execution ProcessID='3780' ThreadID='5104'/><Channel>Microsoft-Windows-Sysmon/Operational</Channel><Computer>WindowsTarget</Computer><Security UserID='S-1-5-18'/></System><EventData><Data Name='RuleName'>DLL</Data><Data Name='UtcTime'>2024-12-12 21:59:59.247</Data><Data Name='ProcessGuid'>{8e02ef74-5cde-675b-5708-000000002a00}</Data><Data Name='ProcessId'>3508</Data><Data Name='Image'>C:\Users\inf808\AppData\Local\inf808\LaZagne.exe</Data><Data Name='TargetFilename'>C:\Users\inf808\AppData\Local\Temp\_MEI35082\python37.dll</Data><Data Name='CreationUtcTime'>2024-12-12 21:59:59.247</Data><Data Name='User'>WindowsTarget\inf808</Data></EventData></Event>","2024-12-12T16:59:59.000-0500",created,,,,,,,,,,,WindowsTarget,,,,,,,WindowsTarget,,WindowsTarget,99938,"endpoint_services_processes ms-sysmon-filemod windows_event_signature windows_ta_data",,"2024-12-12 21:59:59.247",,,"python37.dll","C:\Users\inf808\AppData\Local\Temp\_MEI35082\python37.dll",,WindowsTarget,,,99938,main,1,,,,,,,,,,file,,,,,,,,,,,,,,,,"LaZagne.exe","{8e02ef74-5cde-675b-5708-000000002a00}",,3508,,"LaZagne.exe","C:\Users\inf808\AppData\Local\inf808\LaZagne.exe",,,,"<_='://../////'><><_='--'_='{----}'/><></><></><><",,,,,,,,,,,,,,,,,,,,,,informational,4,FileCreate,11,"XmlWinEventLog:Microsoft-Windows-Sysmon/Operational",XmlWinEventLog,FedoraThreatHunting,,,,,,,,,,,,,,,,,,,,,"endpoint
filesystem
track_event_signatures",,,,"endpoint
filesystem
track_event_signatures",filesystem,,,,,,,,inf808,,,"'S-1-5-18'",,,,,"Microsoft Sysmon"
,,,,,,,,,,,,,,,"Microsoft-Windows-Sysmon/Operational",,,,,,,,,WindowsTarget,,,"2024-12-12 21:59:59.222",,,,,,,,,,,,,,,"Microsoft-Windows-Sysmon/Operational",11,"<Data Name='RuleName'>DLL</Data><Data Name='UtcTime'>2024-12-12 21:59:59.222</Data><Data Name='ProcessGuid'>{8e02ef74-5cde-675b-5708-000000002a00}</Data><Data Name='ProcessId'>3508</Data><Data Name='Image'>C:\Users\inf808\AppData\Local\inf808\LaZagne.exe</Data><Data Name='TargetFilename'>C:\Users\inf808\AppData\Local\Temp\_MEI35082\msvcr100.dll</Data><Data Name='CreationUtcTime'>2024-12-12 21:59:59.222</Data><Data Name='User'>WindowsTarget\inf808</Data>",FileCreate,11,99937,,,,,,,,,,,"'{5770385f-c22a-43e0-bf4c-06f5698ffbd9}'",,,,,"C:\Users\inf808\AppData\Local\inf808\LaZagne.exe",,,,,,,,0x8000000000000000,4,,,,,,,,,,,,,,,,,,,,"'Microsoft-Windows-Sysmon'",,,,,,,,,,,,,0,,,,,,,,,,,,,,"{8e02ef74-5cde-675b-5708-000000002a00}","'3780'",3508,,,,,,,,,,99937,99937,,,,,DLL,,,,,"S-1-5-18",,,,,,,,,,,,,,,,,,,,,,"'2024-12-12T21:59:59.2228441Z'","<Provider Name='Microsoft-Windows-Sysmon' Guid='{5770385f-c22a-43e0-bf4c-06f5698ffbd9}'/><EventID>11</EventID><Version>2</Version><Level>4</Level><Task>11</Task><Opcode>0</Opcode><Keywords>0x8000000000000000</Keywords><TimeCreated SystemTime='2024-12-12T21:59:59.2228441Z'/><EventRecordID>99937</EventRecordID><Correlation/><Execution ProcessID='3780' ThreadID='5104'/><Channel>Microsoft-Windows-Sysmon/Operational</Channel><Computer>WindowsTarget</Computer><Security UserID='S-1-5-18'/>",,"C:\Users\inf808\AppData\Local\Temp\_MEI35082\msvcr100.dll",,,,,,,,,,,,,,,11,"System Parameter Settings",,"'5104'","2024-12-12T21:59:59.2228441Z",,,,,"WindowsTarget\inf808","'S-1-5-18'",,,,,,,,,,"2024-12-12 21:59:59.222",2,,,,,"<Event xmlns='http://schemas.microsoft.com/win/2004/08/events/event'><System><Provider Name='Microsoft-Windows-Sysmon' Guid='{5770385f-c22a-43e0-bf4c-06f5698ffbd9}'/><EventID>11</EventID><Version>2</Version><Level>4</Level><Task>11</Task><Opcode>0</Opcode><Keywords>0x8000000000000000</Keywords><TimeCreated SystemTime='2024-12-12T21:59:59.2228441Z'/><EventRecordID>99937</EventRecordID><Correlation/><Execution ProcessID='3780' ThreadID='5104'/><Channel>Microsoft-Windows-Sysmon/Operational</Channel><Computer>WindowsTarget</Computer><Security UserID='S-1-5-18'/></System><EventData><Data Name='RuleName'>DLL</Data><Data Name='UtcTime'>2024-12-12 21:59:59.222</Data><Data Name='ProcessGuid'>{8e02ef74-5cde-675b-5708-000000002a00}</Data><Data Name='ProcessId'>3508</Data><Data Name='Image'>C:\Users\inf808\AppData\Local\inf808\LaZagne.exe</Data><Data Name='TargetFilename'>C:\Users\inf808\AppData\Local\Temp\_MEI35082\msvcr100.dll</Data><Data Name='CreationUtcTime'>2024-12-12 21:59:59.222</Data><Data Name='User'>WindowsTarget\inf808</Data></EventData></Event>","2024-12-12T16:59:59.000-0500",created,,,,,,,,,,,WindowsTarget,,,,,,,WindowsTarget,,WindowsTarget,99937,"endpoint_services_processes ms-sysmon-filemod windows_event_signature windows_ta_data",,"2024-12-12 21:59:59.222",,,"msvcr100.dll","C:\Users\inf808\AppData\Local\Temp\_MEI35082\msvcr100.dll",,WindowsTarget,,,99937,main,1,,,,,,,,,,file,,,,,,,,,,,,,,,,"LaZagne.exe","{8e02ef74-5cde-675b-5708-000000002a00}",,3508,,"LaZagne.exe","C:\Users\inf808\AppData\Local\inf808\LaZagne.exe",,,,"<_='://../////'><><_='--'_='{----}'/><></><></><><",,,,,,,,,,,,,,,,,,,,,,informational,4,FileCreate,11,"XmlWinEventLog:Microsoft-Windows-Sysmon/Operational",XmlWinEventLog,FedoraThreatHunting,,,,,,,,,,,,,,,,,,,,,"endpoint
filesystem
track_event_signatures",,,,"endpoint
filesystem
track_event_signatures",filesystem,,,,,,,,inf808,,,"'S-1-5-18'",,,,,"Microsoft Sysmon"
,,,,,,,,,,,,,,,"Microsoft-Windows-Sysmon/Operational",,,,,,,,,WindowsTarget,,,"2024-12-12 21:59:59.219",,,,,,,,,,,,,,,"Microsoft-Windows-Sysmon/Operational",11,"<Data Name='RuleName'>DLL</Data><Data Name='UtcTime'>2024-12-12 21:59:59.219</Data><Data Name='ProcessGuid'>{8e02ef74-5cde-675b-5708-000000002a00}</Data><Data Name='ProcessId'>3508</Data><Data Name='Image'>C:\Users\inf808\AppData\Local\inf808\LaZagne.exe</Data><Data Name='TargetFilename'>C:\Users\inf808\AppData\Local\Temp\_MEI35082\msvcp100.dll</Data><Data Name='CreationUtcTime'>2024-12-12 21:59:59.219</Data><Data Name='User'>WindowsTarget\inf808</Data>",FileCreate,11,99936,,,,,,,,,,,"'{5770385f-c22a-43e0-bf4c-06f5698ffbd9}'",,,,,"C:\Users\inf808\AppData\Local\inf808\LaZagne.exe",,,,,,,,0x8000000000000000,4,,,,,,,,,,,,,,,,,,,,"'Microsoft-Windows-Sysmon'",,,,,,,,,,,,,0,,,,,,,,,,,,,,"{8e02ef74-5cde-675b-5708-000000002a00}","'3780'",3508,,,,,,,,,,99936,99936,,,,,DLL,,,,,"S-1-5-18",,,,,,,,,,,,,,,,,,,,,,"'2024-12-12T21:59:59.2201219Z'","<Provider Name='Microsoft-Windows-Sysmon' Guid='{5770385f-c22a-43e0-bf4c-06f5698ffbd9}'/><EventID>11</EventID><Version>2</Version><Level>4</Level><Task>11</Task><Opcode>0</Opcode><Keywords>0x8000000000000000</Keywords><TimeCreated SystemTime='2024-12-12T21:59:59.2201219Z'/><EventRecordID>99936</EventRecordID><Correlation/><Execution ProcessID='3780' ThreadID='5104'/><Channel>Microsoft-Windows-Sysmon/Operational</Channel><Computer>WindowsTarget</Computer><Security UserID='S-1-5-18'/>",,"C:\Users\inf808\AppData\Local\Temp\_MEI35082\msvcp100.dll",,,,,,,,,,,,,,,11,"System Parameter Settings",,"'5104'","2024-12-12T21:59:59.2201219Z",,,,,"WindowsTarget\inf808","'S-1-5-18'",,,,,,,,,,"2024-12-12 21:59:59.219",2,,,,,"<Event xmlns='http://schemas.microsoft.com/win/2004/08/events/event'><System><Provider Name='Microsoft-Windows-Sysmon' Guid='{5770385f-c22a-43e0-bf4c-06f5698ffbd9}'/><EventID>11</EventID><Version>2</Version><Level>4</Level><Task>11</Task><Opcode>0</Opcode><Keywords>0x8000000000000000</Keywords><TimeCreated SystemTime='2024-12-12T21:59:59.2201219Z'/><EventRecordID>99936</EventRecordID><Correlation/><Execution ProcessID='3780' ThreadID='5104'/><Channel>Microsoft-Windows-Sysmon/Operational</Channel><Computer>WindowsTarget</Computer><Security UserID='S-1-5-18'/></System><EventData><Data Name='RuleName'>DLL</Data><Data Name='UtcTime'>2024-12-12 21:59:59.219</Data><Data Name='ProcessGuid'>{8e02ef74-5cde-675b-5708-000000002a00}</Data><Data Name='ProcessId'>3508</Data><Data Name='Image'>C:\Users\inf808\AppData\Local\inf808\LaZagne.exe</Data><Data Name='TargetFilename'>C:\Users\inf808\AppData\Local\Temp\_MEI35082\msvcp100.dll</Data><Data Name='CreationUtcTime'>2024-12-12 21:59:59.219</Data><Data Name='User'>WindowsTarget\inf808</Data></EventData></Event>","2024-12-12T16:59:59.000-0500",created,,,,,,,,,,,WindowsTarget,,,,,,,WindowsTarget,,WindowsTarget,99936,"endpoint_services_processes ms-sysmon-filemod windows_event_signature windows_ta_data",,"2024-12-12 21:59:59.219",,,"msvcp100.dll","C:\Users\inf808\AppData\Local\Temp\_MEI35082\msvcp100.dll",,WindowsTarget,,,99936,main,1,,,,,,,,,,file,,,,,,,,,,,,,,,,"LaZagne.exe","{8e02ef74-5cde-675b-5708-000000002a00}",,3508,,"LaZagne.exe","C:\Users\inf808\AppData\Local\inf808\LaZagne.exe",,,,"<_='://../////'><><_='--'_='{----}'/><></><></><><",,,,,,,,,,,,,,,,,,,,,,informational,4,FileCreate,11,"XmlWinEventLog:Microsoft-Windows-Sysmon/Operational",XmlWinEventLog,FedoraThreatHunting,,,,,,,,,,,,,,,,,,,,,"endpoint
filesystem
track_event_signatures",,,,"endpoint
filesystem
track_event_signatures",filesystem,,,,,,,,inf808,,,"'S-1-5-18'",,,,,"Microsoft Sysmon"
,,,,,,,,,,,,,,,"Microsoft-Windows-Sysmon/Operational",,,,,,,,,WindowsTarget,,,"2024-12-12 21:59:59.205",,,,,,,,,,,,,,,"Microsoft-Windows-Sysmon/Operational",11,"<Data Name='RuleName'>DLL</Data><Data Name='UtcTime'>2024-12-12 21:59:59.205</Data><Data Name='ProcessGuid'>{8e02ef74-5cde-675b-5708-000000002a00}</Data><Data Name='ProcessId'>3508</Data><Data Name='Image'>C:\Users\inf808\AppData\Local\inf808\LaZagne.exe</Data><Data Name='TargetFilename'>C:\Users\inf808\AppData\Local\Temp\_MEI35082\libssl-1_1.dll</Data><Data Name='CreationUtcTime'>2024-12-12 21:59:59.205</Data><Data Name='User'>WindowsTarget\inf808</Data>",FileCreate,11,99935,,,,,,,,,,,"'{5770385f-c22a-43e0-bf4c-06f5698ffbd9}'",,,,,"C:\Users\inf808\AppData\Local\inf808\LaZagne.exe",,,,,,,,0x8000000000000000,4,,,,,,,,,,,,,,,,,,,,"'Microsoft-Windows-Sysmon'",,,,,,,,,,,,,0,,,,,,,,,,,,,,"{8e02ef74-5cde-675b-5708-000000002a00}","'3780'",3508,,,,,,,,,,99935,99935,,,,,DLL,,,,,"S-1-5-18",,,,,,,,,,,,,,,,,,,,,,"'2024-12-12T21:59:59.2059259Z'","<Provider Name='Microsoft-Windows-Sysmon' Guid='{5770385f-c22a-43e0-bf4c-06f5698ffbd9}'/><EventID>11</EventID><Version>2</Version><Level>4</Level><Task>11</Task><Opcode>0</Opcode><Keywords>0x8000000000000000</Keywords><TimeCreated SystemTime='2024-12-12T21:59:59.2059259Z'/><EventRecordID>99935</EventRecordID><Correlation/><Execution ProcessID='3780' ThreadID='5104'/><Channel>Microsoft-Windows-Sysmon/Operational</Channel><Computer>WindowsTarget</Computer><Security UserID='S-1-5-18'/>",,"C:\Users\inf808\AppData\Local\Temp\_MEI35082\libssl-1_1.dll",,,,,,,,,,,,,,,11,"System Parameter Settings",,"'5104'","2024-12-12T21:59:59.2059259Z",,,,,"WindowsTarget\inf808","'S-1-5-18'",,,,,,,,,,"2024-12-12 21:59:59.205",2,,,,,"<Event xmlns='http://schemas.microsoft.com/win/2004/08/events/event'><System><Provider Name='Microsoft-Windows-Sysmon' Guid='{5770385f-c22a-43e0-bf4c-06f5698ffbd9}'/><EventID>11</EventID><Version>2</Version><Level>4</Level><Task>11</Task><Opcode>0</Opcode><Keywords>0x8000000000000000</Keywords><TimeCreated SystemTime='2024-12-12T21:59:59.2059259Z'/><EventRecordID>99935</EventRecordID><Correlation/><Execution ProcessID='3780' ThreadID='5104'/><Channel>Microsoft-Windows-Sysmon/Operational</Channel><Computer>WindowsTarget</Computer><Security UserID='S-1-5-18'/></System><EventData><Data Name='RuleName'>DLL</Data><Data Name='UtcTime'>2024-12-12 21:59:59.205</Data><Data Name='ProcessGuid'>{8e02ef74-5cde-675b-5708-000000002a00}</Data><Data Name='ProcessId'>3508</Data><Data Name='Image'>C:\Users\inf808\AppData\Local\inf808\LaZagne.exe</Data><Data Name='TargetFilename'>C:\Users\inf808\AppData\Local\Temp\_MEI35082\libssl-1_1.dll</Data><Data Name='CreationUtcTime'>2024-12-12 21:59:59.205</Data><Data Name='User'>WindowsTarget\inf808</Data></EventData></Event>","2024-12-12T16:59:59.000-0500",created,,,,,,,,,,,WindowsTarget,,,,,,,WindowsTarget,,WindowsTarget,99935,"endpoint_services_processes ms-sysmon-filemod windows_event_signature windows_ta_data",,"2024-12-12 21:59:59.205",,,"libssl-1_1.dll","C:\Users\inf808\AppData\Local\Temp\_MEI35082\libssl-1_1.dll",,WindowsTarget,,,99935,main,1,,,,,,,,,,file,,,,,,,,,,,,,,,,"LaZagne.exe","{8e02ef74-5cde-675b-5708-000000002a00}",,3508,,"LaZagne.exe","C:\Users\inf808\AppData\Local\inf808\LaZagne.exe",,,,"<_='://../////'><><_='--'_='{----}'/><></><></><><",,,,,,,,,,,,,,,,,,,,,,informational,4,FileCreate,11,"XmlWinEventLog:Microsoft-Windows-Sysmon/Operational",XmlWinEventLog,FedoraThreatHunting,,,,,,,,,,,,,,,,,,,,,"endpoint
filesystem
track_event_signatures",,,,"endpoint
filesystem
track_event_signatures",filesystem,,,,,,,,inf808,,,"'S-1-5-18'",,,,,"Microsoft Sysmon"
,,,,,,,,,,,,,,,"Microsoft-Windows-Sysmon/Operational",,,,,,,,,WindowsTarget,,,"2024-12-12 21:59:59.198",,,,,,,,,,,,,,,"Microsoft-Windows-Sysmon/Operational",11,"<Data Name='RuleName'>DLL</Data><Data Name='UtcTime'>2024-12-12 21:59:59.198</Data><Data Name='ProcessGuid'>{8e02ef74-5cde-675b-5708-000000002a00}</Data><Data Name='ProcessId'>3508</Data><Data Name='Image'>C:\Users\inf808\AppData\Local\inf808\LaZagne.exe</Data><Data Name='TargetFilename'>C:\Users\inf808\AppData\Local\Temp\_MEI35082\libcrypto-1_1.dll</Data><Data Name='CreationUtcTime'>2024-12-12 21:59:59.198</Data><Data Name='User'>WindowsTarget\inf808</Data>",FileCreate,11,99934,,,,,,,,,,,"'{5770385f-c22a-43e0-bf4c-06f5698ffbd9}'",,,,,"C:\Users\inf808\AppData\Local\inf808\LaZagne.exe",,,,,,,,0x8000000000000000,4,,,,,,,,,,,,,,,,,,,,"'Microsoft-Windows-Sysmon'",,,,,,,,,,,,,0,,,,,,,,,,,,,,"{8e02ef74-5cde-675b-5708-000000002a00}","'3780'",3508,,,,,,,,,,99934,99934,,,,,DLL,,,,,"S-1-5-18",,,,,,,,,,,,,,,,,,,,,,"'2024-12-12T21:59:59.1992002Z'","<Provider Name='Microsoft-Windows-Sysmon' Guid='{5770385f-c22a-43e0-bf4c-06f5698ffbd9}'/><EventID>11</EventID><Version>2</Version><Level>4</Level><Task>11</Task><Opcode>0</Opcode><Keywords>0x8000000000000000</Keywords><TimeCreated SystemTime='2024-12-12T21:59:59.1992002Z'/><EventRecordID>99934</EventRecordID><Correlation/><Execution ProcessID='3780' ThreadID='5104'/><Channel>Microsoft-Windows-Sysmon/Operational</Channel><Computer>WindowsTarget</Computer><Security UserID='S-1-5-18'/>",,"C:\Users\inf808\AppData\Local\Temp\_MEI35082\libcrypto-1_1.dll",,,,,,,,,,,,,,,11,"System Parameter Settings",,"'5104'","2024-12-12T21:59:59.1992002Z",,,,,"WindowsTarget\inf808","'S-1-5-18'",,,,,,,,,,"2024-12-12 21:59:59.198",2,,,,,"<Event xmlns='http://schemas.microsoft.com/win/2004/08/events/event'><System><Provider Name='Microsoft-Windows-Sysmon' Guid='{5770385f-c22a-43e0-bf4c-06f5698ffbd9}'/><EventID>11</EventID><Version>2</Version><Level>4</Level><Task>11</Task><Opcode>0</Opcode><Keywords>0x8000000000000000</Keywords><TimeCreated SystemTime='2024-12-12T21:59:59.1992002Z'/><EventRecordID>99934</EventRecordID><Correlation/><Execution ProcessID='3780' ThreadID='5104'/><Channel>Microsoft-Windows-Sysmon/Operational</Channel><Computer>WindowsTarget</Computer><Security UserID='S-1-5-18'/></System><EventData><Data Name='RuleName'>DLL</Data><Data Name='UtcTime'>2024-12-12 21:59:59.198</Data><Data Name='ProcessGuid'>{8e02ef74-5cde-675b-5708-000000002a00}</Data><Data Name='ProcessId'>3508</Data><Data Name='Image'>C:\Users\inf808\AppData\Local\inf808\LaZagne.exe</Data><Data Name='TargetFilename'>C:\Users\inf808\AppData\Local\Temp\_MEI35082\libcrypto-1_1.dll</Data><Data Name='CreationUtcTime'>2024-12-12 21:59:59.198</Data><Data Name='User'>WindowsTarget\inf808</Data></EventData></Event>","2024-12-12T16:59:59.000-0500",created,,,,,,,,,,,WindowsTarget,,,,,,,WindowsTarget,,WindowsTarget,99934,"endpoint_services_processes ms-sysmon-filemod windows_event_signature windows_ta_data",,"2024-12-12 21:59:59.198",,,"libcrypto-1_1.dll","C:\Users\inf808\AppData\Local\Temp\_MEI35082\libcrypto-1_1.dll",,WindowsTarget,,,99934,main,1,,,,,,,,,,file,,,,,,,,,,,,,,,,"LaZagne.exe","{8e02ef74-5cde-675b-5708-000000002a00}",,3508,,"LaZagne.exe","C:\Users\inf808\AppData\Local\inf808\LaZagne.exe",,,,"<_='://../////'><><_='--'_='{----}'/><></><></><><",,,,,,,,,,,,,,,,,,,,,,informational,4,FileCreate,11,"XmlWinEventLog:Microsoft-Windows-Sysmon/Operational",XmlWinEventLog,FedoraThreatHunting,,,,,,,,,,,,,,,,,,,,,"endpoint
filesystem
track_event_signatures",,,,"endpoint
filesystem
track_event_signatures",filesystem,,,,,,,,inf808,,,"'S-1-5-18'",,,,,"Microsoft Sysmon"
,,,,,,,,,,,,,,,"Microsoft-Windows-Sysmon/Operational",,,,,,,,,WindowsTarget,,,"2024-12-12 21:59:59.178",,,,,,,,,,,,,,,"Microsoft-Windows-Sysmon/Operational",11,"<Data Name='RuleName'>DLL</Data><Data Name='UtcTime'>2024-12-12 21:59:59.178</Data><Data Name='ProcessGuid'>{8e02ef74-5cde-675b-5708-000000002a00}</Data><Data Name='ProcessId'>3508</Data><Data Name='Image'>C:\Users\inf808\AppData\Local\inf808\LaZagne.exe</Data><Data Name='TargetFilename'>C:\Users\inf808\AppData\Local\Temp\_MEI35082\api-ms-win-crt-utility-l1-1-0.dll</Data><Data Name='CreationUtcTime'>2024-12-12 21:59:59.178</Data><Data Name='User'>WindowsTarget\inf808</Data>",FileCreate,11,99933,,,,,,,,,,,"'{5770385f-c22a-43e0-bf4c-06f5698ffbd9}'",,,,,"C:\Users\inf808\AppData\Local\inf808\LaZagne.exe",,,,,,,,0x8000000000000000,4,,,,,,,,,,,,,,,,,,,,"'Microsoft-Windows-Sysmon'",,,,,,,,,,,,,0,,,,,,,,,,,,,,"{8e02ef74-5cde-675b-5708-000000002a00}","'3780'",3508,,,,,,,,,,99933,99933,,,,,DLL,,,,,"S-1-5-18",,,,,,,,,,,,,,,,,,,,,,"'2024-12-12T21:59:59.1793977Z'","<Provider Name='Microsoft-Windows-Sysmon' Guid='{5770385f-c22a-43e0-bf4c-06f5698ffbd9}'/><EventID>11</EventID><Version>2</Version><Level>4</Level><Task>11</Task><Opcode>0</Opcode><Keywords>0x8000000000000000</Keywords><TimeCreated SystemTime='2024-12-12T21:59:59.1793977Z'/><EventRecordID>99933</EventRecordID><Correlation/><Execution ProcessID='3780' ThreadID='5104'/><Channel>Microsoft-Windows-Sysmon/Operational</Channel><Computer>WindowsTarget</Computer><Security UserID='S-1-5-18'/>",,"C:\Users\inf808\AppData\Local\Temp\_MEI35082\api-ms-win-crt-utility-l1-1-0.dll",,,,,,,,,,,,,,,11,"System Parameter Settings",,"'5104'","2024-12-12T21:59:59.1793977Z",,,,,"WindowsTarget\inf808","'S-1-5-18'",,,,,,,,,,"2024-12-12 21:59:59.178",2,,,,,"<Event xmlns='http://schemas.microsoft.com/win/2004/08/events/event'><System><Provider Name='Microsoft-Windows-Sysmon' Guid='{5770385f-c22a-43e0-bf4c-06f5698ffbd9}'/><EventID>11</EventID><Version>2</Version><Level>4</Level><Task>11</Task><Opcode>0</Opcode><Keywords>0x8000000000000000</Keywords><TimeCreated SystemTime='2024-12-12T21:59:59.1793977Z'/><EventRecordID>99933</EventRecordID><Correlation/><Execution ProcessID='3780' ThreadID='5104'/><Channel>Microsoft-Windows-Sysmon/Operational</Channel><Computer>WindowsTarget</Computer><Security UserID='S-1-5-18'/></System><EventData><Data Name='RuleName'>DLL</Data><Data Name='UtcTime'>2024-12-12 21:59:59.178</Data><Data Name='ProcessGuid'>{8e02ef74-5cde-675b-5708-000000002a00}</Data><Data Name='ProcessId'>3508</Data><Data Name='Image'>C:\Users\inf808\AppData\Local\inf808\LaZagne.exe</Data><Data Name='TargetFilename'>C:\Users\inf808\AppData\Local\Temp\_MEI35082\api-ms-win-crt-utility-l1-1-0.dll</Data><Data Name='CreationUtcTime'>2024-12-12 21:59:59.178</Data><Data Name='User'>WindowsTarget\inf808</Data></EventData></Event>","2024-12-12T16:59:59.000-0500",created,,,,,,,,,,,WindowsTarget,,,,,,,WindowsTarget,,WindowsTarget,99933,"endpoint_services_processes ms-sysmon-filemod windows_event_signature windows_ta_data",,"2024-12-12 21:59:59.178",,,"api-ms-win-crt-utility-l1-1-0.dll","C:\Users\inf808\AppData\Local\Temp\_MEI35082\api-ms-win-crt-utility-l1-1-0.dll",,WindowsTarget,,,99933,main,1,,,,,,,,,,file,,,,,,,,,,,,,,,,"LaZagne.exe","{8e02ef74-5cde-675b-5708-000000002a00}",,3508,,"LaZagne.exe","C:\Users\inf808\AppData\Local\inf808\LaZagne.exe",,,,"<_='://../////'><><_='--'_='{----}'/><></><></><><",,,,,,,,,,,,,,,,,,,,,,informational,4,FileCreate,11,"XmlWinEventLog:Microsoft-Windows-Sysmon/Operational",XmlWinEventLog,FedoraThreatHunting,,,,,,,,,,,,,,,,,,,,,"endpoint
filesystem
track_event_signatures",,,,"endpoint
filesystem
track_event_signatures",filesystem,,,,,,,,inf808,,,"'S-1-5-18'",,,,,"Microsoft Sysmon"
,,,,,,,,,,,,,,,"Microsoft-Windows-Sysmon/Operational",,,,,,,,,WindowsTarget,,,"2024-12-12 21:59:59.177",,,,,,,,,,,,,,,"Microsoft-Windows-Sysmon/Operational",11,"<Data Name='RuleName'>DLL</Data><Data Name='UtcTime'>2024-12-12 21:59:59.177</Data><Data Name='ProcessGuid'>{8e02ef74-5cde-675b-5708-000000002a00}</Data><Data Name='ProcessId'>3508</Data><Data Name='Image'>C:\Users\inf808\AppData\Local\inf808\LaZagne.exe</Data><Data Name='TargetFilename'>C:\Users\inf808\AppData\Local\Temp\_MEI35082\api-ms-win-crt-time-l1-1-0.dll</Data><Data Name='CreationUtcTime'>2024-12-12 21:59:59.177</Data><Data Name='User'>WindowsTarget\inf808</Data>",FileCreate,11,99932,,,,,,,,,,,"'{5770385f-c22a-43e0-bf4c-06f5698ffbd9}'",,,,,"C:\Users\inf808\AppData\Local\inf808\LaZagne.exe",,,,,,,,0x8000000000000000,4,,,,,,,,,,,,,,,,,,,,"'Microsoft-Windows-Sysmon'",,,,,,,,,,,,,0,,,,,,,,,,,,,,"{8e02ef74-5cde-675b-5708-000000002a00}","'3780'",3508,,,,,,,,,,99932,99932,,,,,DLL,,,,,"S-1-5-18",,,,,,,,,,,,,,,,,,,,,,"'2024-12-12T21:59:59.1782516Z'","<Provider Name='Microsoft-Windows-Sysmon' Guid='{5770385f-c22a-43e0-bf4c-06f5698ffbd9}'/><EventID>11</EventID><Version>2</Version><Level>4</Level><Task>11</Task><Opcode>0</Opcode><Keywords>0x8000000000000000</Keywords><TimeCreated SystemTime='2024-12-12T21:59:59.1782516Z'/><EventRecordID>99932</EventRecordID><Correlation/><Execution ProcessID='3780' ThreadID='5104'/><Channel>Microsoft-Windows-Sysmon/Operational</Channel><Computer>WindowsTarget</Computer><Security UserID='S-1-5-18'/>",,"C:\Users\inf808\AppData\Local\Temp\_MEI35082\api-ms-win-crt-time-l1-1-0.dll",,,,,,,,,,,,,,,11,"System Parameter Settings",,"'5104'","2024-12-12T21:59:59.1782516Z",,,,,"WindowsTarget\inf808","'S-1-5-18'",,,,,,,,,,"2024-12-12 21:59:59.177",2,,,,,"<Event xmlns='http://schemas.microsoft.com/win/2004/08/events/event'><System><Provider Name='Microsoft-Windows-Sysmon' Guid='{5770385f-c22a-43e0-bf4c-06f5698ffbd9}'/><EventID>11</EventID><Version>2</Version><Level>4</Level><Task>11</Task><Opcode>0</Opcode><Keywords>0x8000000000000000</Keywords><TimeCreated SystemTime='2024-12-12T21:59:59.1782516Z'/><EventRecordID>99932</EventRecordID><Correlation/><Execution ProcessID='3780' ThreadID='5104'/><Channel>Microsoft-Windows-Sysmon/Operational</Channel><Computer>WindowsTarget</Computer><Security UserID='S-1-5-18'/></System><EventData><Data Name='RuleName'>DLL</Data><Data Name='UtcTime'>2024-12-12 21:59:59.177</Data><Data Name='ProcessGuid'>{8e02ef74-5cde-675b-5708-000000002a00}</Data><Data Name='ProcessId'>3508</Data><Data Name='Image'>C:\Users\inf808\AppData\Local\inf808\LaZagne.exe</Data><Data Name='TargetFilename'>C:\Users\inf808\AppData\Local\Temp\_MEI35082\api-ms-win-crt-time-l1-1-0.dll</Data><Data Name='CreationUtcTime'>2024-12-12 21:59:59.177</Data><Data Name='User'>WindowsTarget\inf808</Data></EventData></Event>","2024-12-12T16:59:59.000-0500",created,,,,,,,,,,,WindowsTarget,,,,,,,WindowsTarget,,WindowsTarget,99932,"endpoint_services_processes ms-sysmon-filemod windows_event_signature windows_ta_data",,"2024-12-12 21:59:59.177",,,"api-ms-win-crt-time-l1-1-0.dll","C:\Users\inf808\AppData\Local\Temp\_MEI35082\api-ms-win-crt-time-l1-1-0.dll",,WindowsTarget,,,99932,main,1,,,,,,,,,,file,,,,,,,,,,,,,,,,"LaZagne.exe","{8e02ef74-5cde-675b-5708-000000002a00}",,3508,,"LaZagne.exe","C:\Users\inf808\AppData\Local\inf808\LaZagne.exe",,,,"<_='://../////'><><_='--'_='{----}'/><></><></><><",,,,,,,,,,,,,,,,,,,,,,informational,4,FileCreate,11,"XmlWinEventLog:Microsoft-Windows-Sysmon/Operational",XmlWinEventLog,FedoraThreatHunting,,,,,,,,,,,,,,,,,,,,,"endpoint
filesystem
track_event_signatures",,,,"endpoint
filesystem
track_event_signatures",filesystem,,,,,,,,inf808,,,"'S-1-5-18'",,,,,"Microsoft Sysmon"
,,,,,,,,,,,,,,,"Microsoft-Windows-Sysmon/Operational",,,,,,,,,WindowsTarget,,,"2024-12-12 21:59:59.176",,,,,,,,,,,,,,,"Microsoft-Windows-Sysmon/Operational",11,"<Data Name='RuleName'>DLL</Data><Data Name='UtcTime'>2024-12-12 21:59:59.176</Data><Data Name='ProcessGuid'>{8e02ef74-5cde-675b-5708-000000002a00}</Data><Data Name='ProcessId'>3508</Data><Data Name='Image'>C:\Users\inf808\AppData\Local\inf808\LaZagne.exe</Data><Data Name='TargetFilename'>C:\Users\inf808\AppData\Local\Temp\_MEI35082\api-ms-win-crt-string-l1-1-0.dll</Data><Data Name='CreationUtcTime'>2024-12-12 21:59:59.176</Data><Data Name='User'>WindowsTarget\inf808</Data>",FileCreate,11,99931,,,,,,,,,,,"'{5770385f-c22a-43e0-bf4c-06f5698ffbd9}'",,,,,"C:\Users\inf808\AppData\Local\inf808\LaZagne.exe",,,,,,,,0x8000000000000000,4,,,,,,,,,,,,,,,,,,,,"'Microsoft-Windows-Sysmon'",,,,,,,,,,,,,0,,,,,,,,,,,,,,"{8e02ef74-5cde-675b-5708-000000002a00}","'3780'",3508,,,,,,,,,,99931,99931,,,,,DLL,,,,,"S-1-5-18",,,,,,,,,,,,,,,,,,,,,,"'2024-12-12T21:59:59.1769513Z'","<Provider Name='Microsoft-Windows-Sysmon' Guid='{5770385f-c22a-43e0-bf4c-06f5698ffbd9}'/><EventID>11</EventID><Version>2</Version><Level>4</Level><Task>11</Task><Opcode>0</Opcode><Keywords>0x8000000000000000</Keywords><TimeCreated SystemTime='2024-12-12T21:59:59.1769513Z'/><EventRecordID>99931</EventRecordID><Correlation/><Execution ProcessID='3780' ThreadID='5104'/><Channel>Microsoft-Windows-Sysmon/Operational</Channel><Computer>WindowsTarget</Computer><Security UserID='S-1-5-18'/>",,"C:\Users\inf808\AppData\Local\Temp\_MEI35082\api-ms-win-crt-string-l1-1-0.dll",,,,,,,,,,,,,,,11,"System Parameter Settings",,"'5104'","2024-12-12T21:59:59.1769513Z",,,,,"WindowsTarget\inf808","'S-1-5-18'",,,,,,,,,,"2024-12-12 21:59:59.176",2,,,,,"<Event xmlns='http://schemas.microsoft.com/win/2004/08/events/event'><System><Provider Name='Microsoft-Windows-Sysmon' Guid='{5770385f-c22a-43e0-bf4c-06f5698ffbd9}'/><EventID>11</EventID><Version>2</Version><Level>4</Level><Task>11</Task><Opcode>0</Opcode><Keywords>0x8000000000000000</Keywords><TimeCreated SystemTime='2024-12-12T21:59:59.1769513Z'/><EventRecordID>99931</EventRecordID><Correlation/><Execution ProcessID='3780' ThreadID='5104'/><Channel>Microsoft-Windows-Sysmon/Operational</Channel><Computer>WindowsTarget</Computer><Security UserID='S-1-5-18'/></System><EventData><Data Name='RuleName'>DLL</Data><Data Name='UtcTime'>2024-12-12 21:59:59.176</Data><Data Name='ProcessGuid'>{8e02ef74-5cde-675b-5708-000000002a00}</Data><Data Name='ProcessId'>3508</Data><Data Name='Image'>C:\Users\inf808\AppData\Local\inf808\LaZagne.exe</Data><Data Name='TargetFilename'>C:\Users\inf808\AppData\Local\Temp\_MEI35082\api-ms-win-crt-string-l1-1-0.dll</Data><Data Name='CreationUtcTime'>2024-12-12 21:59:59.176</Data><Data Name='User'>WindowsTarget\inf808</Data></EventData></Event>","2024-12-12T16:59:59.000-0500",created,,,,,,,,,,,WindowsTarget,,,,,,,WindowsTarget,,WindowsTarget,99931,"endpoint_services_processes ms-sysmon-filemod windows_event_signature windows_ta_data",,"2024-12-12 21:59:59.176",,,"api-ms-win-crt-string-l1-1-0.dll","C:\Users\inf808\AppData\Local\Temp\_MEI35082\api-ms-win-crt-string-l1-1-0.dll",,WindowsTarget,,,99931,main,1,,,,,,,,,,file,,,,,,,,,,,,,,,,"LaZagne.exe","{8e02ef74-5cde-675b-5708-000000002a00}",,3508,,"LaZagne.exe","C:\Users\inf808\AppData\Local\inf808\LaZagne.exe",,,,"<_='://../////'><><_='--'_='{----}'/><></><></><><",,,,,,,,,,,,,,,,,,,,,,informational,4,FileCreate,11,"XmlWinEventLog:Microsoft-Windows-Sysmon/Operational",XmlWinEventLog,FedoraThreatHunting,,,,,,,,,,,,,,,,,,,,,"endpoint
filesystem
track_event_signatures",,,,"endpoint
filesystem
track_event_signatures",filesystem,,,,,,,,inf808,,,"'S-1-5-18'",,,,,"Microsoft Sysmon"
,,,,,,,,,,,,,,,"Microsoft-Windows-Sysmon/Operational",,,,,,,,,WindowsTarget,,,"2024-12-12 21:59:59.174",,,,,,,,,,,,,,,"Microsoft-Windows-Sysmon/Operational",11,"<Data Name='RuleName'>DLL</Data><Data Name='UtcTime'>2024-12-12 21:59:59.175</Data><Data Name='ProcessGuid'>{8e02ef74-5cde-675b-5708-000000002a00}</Data><Data Name='ProcessId'>3508</Data><Data Name='Image'>C:\Users\inf808\AppData\Local\inf808\LaZagne.exe</Data><Data Name='TargetFilename'>C:\Users\inf808\AppData\Local\Temp\_MEI35082\api-ms-win-crt-stdio-l1-1-0.dll</Data><Data Name='CreationUtcTime'>2024-12-12 21:59:59.174</Data><Data Name='User'>WindowsTarget\inf808</Data>",FileCreate,11,99930,,,,,,,,,,,"'{5770385f-c22a-43e0-bf4c-06f5698ffbd9}'",,,,,"C:\Users\inf808\AppData\Local\inf808\LaZagne.exe",,,,,,,,0x8000000000000000,4,,,,,,,,,,,,,,,,,,,,"'Microsoft-Windows-Sysmon'",,,,,,,,,,,,,0,,,,,,,,,,,,,,"{8e02ef74-5cde-675b-5708-000000002a00}","'3780'",3508,,,,,,,,,,99930,99930,,,,,DLL,,,,,"S-1-5-18",,,,,,,,,,,,,,,,,,,,,,"'2024-12-12T21:59:59.1756700Z'","<Provider Name='Microsoft-Windows-Sysmon' Guid='{5770385f-c22a-43e0-bf4c-06f5698ffbd9}'/><EventID>11</EventID><Version>2</Version><Level>4</Level><Task>11</Task><Opcode>0</Opcode><Keywords>0x8000000000000000</Keywords><TimeCreated SystemTime='2024-12-12T21:59:59.1756700Z'/><EventRecordID>99930</EventRecordID><Correlation/><Execution ProcessID='3780' ThreadID='5104'/><Channel>Microsoft-Windows-Sysmon/Operational</Channel><Computer>WindowsTarget</Computer><Security UserID='S-1-5-18'/>",,"C:\Users\inf808\AppData\Local\Temp\_MEI35082\api-ms-win-crt-stdio-l1-1-0.dll",,,,,,,,,,,,,,,11,"System Parameter Settings",,"'5104'","2024-12-12T21:59:59.1756700Z",,,,,"WindowsTarget\inf808","'S-1-5-18'",,,,,,,,,,"2024-12-12 21:59:59.175",2,,,,,"<Event xmlns='http://schemas.microsoft.com/win/2004/08/events/event'><System><Provider Name='Microsoft-Windows-Sysmon' Guid='{5770385f-c22a-43e0-bf4c-06f5698ffbd9}'/><EventID>11</EventID><Version>2</Version><Level>4</Level><Task>11</Task><Opcode>0</Opcode><Keywords>0x8000000000000000</Keywords><TimeCreated SystemTime='2024-12-12T21:59:59.1756700Z'/><EventRecordID>99930</EventRecordID><Correlation/><Execution ProcessID='3780' ThreadID='5104'/><Channel>Microsoft-Windows-Sysmon/Operational</Channel><Computer>WindowsTarget</Computer><Security UserID='S-1-5-18'/></System><EventData><Data Name='RuleName'>DLL</Data><Data Name='UtcTime'>2024-12-12 21:59:59.175</Data><Data Name='ProcessGuid'>{8e02ef74-5cde-675b-5708-000000002a00}</Data><Data Name='ProcessId'>3508</Data><Data Name='Image'>C:\Users\inf808\AppData\Local\inf808\LaZagne.exe</Data><Data Name='TargetFilename'>C:\Users\inf808\AppData\Local\Temp\_MEI35082\api-ms-win-crt-stdio-l1-1-0.dll</Data><Data Name='CreationUtcTime'>2024-12-12 21:59:59.174</Data><Data Name='User'>WindowsTarget\inf808</Data></EventData></Event>","2024-12-12T16:59:59.000-0500",modified,,,,,,,,,,,WindowsTarget,,,,,,,WindowsTarget,,WindowsTarget,99930,"endpoint_services_processes ms-sysmon-filemod windows_event_signature windows_ta_data",,"2024-12-12 21:59:59.174",,,"api-ms-win-crt-stdio-l1-1-0.dll","C:\Users\inf808\AppData\Local\Temp\_MEI35082\api-ms-win-crt-stdio-l1-1-0.dll",,WindowsTarget,,,99930,main,1,,,,,,,,,,file,,,,,,,,,,,,,,,,"LaZagne.exe","{8e02ef74-5cde-675b-5708-000000002a00}",,3508,,"LaZagne.exe","C:\Users\inf808\AppData\Local\inf808\LaZagne.exe",,,,"<_='://../////'><><_='--'_='{----}'/><></><></><><",,,,,,,,,,,,,,,,,,,,,,informational,4,FileCreate,11,"XmlWinEventLog:Microsoft-Windows-Sysmon/Operational",XmlWinEventLog,FedoraThreatHunting,,,,,,,,,,,,,,,,,,,,,"endpoint
filesystem
track_event_signatures",,,,"endpoint
filesystem
track_event_signatures",filesystem,,,,,,,,inf808,,,"'S-1-5-18'",,,,,"Microsoft Sysmon"
,,,,,,,,,,,,,,,"Microsoft-Windows-Sysmon/Operational",,,,,,,,,WindowsTarget,,,"2024-12-12 21:59:59.173",,,,,,,,,,,,,,,"Microsoft-Windows-Sysmon/Operational",11,"<Data Name='RuleName'>DLL</Data><Data Name='UtcTime'>2024-12-12 21:59:59.173</Data><Data Name='ProcessGuid'>{8e02ef74-5cde-675b-5708-000000002a00}</Data><Data Name='ProcessId'>3508</Data><Data Name='Image'>C:\Users\inf808\AppData\Local\inf808\LaZagne.exe</Data><Data Name='TargetFilename'>C:\Users\inf808\AppData\Local\Temp\_MEI35082\api-ms-win-crt-runtime-l1-1-0.dll</Data><Data Name='CreationUtcTime'>2024-12-12 21:59:59.173</Data><Data Name='User'>WindowsTarget\inf808</Data>",FileCreate,11,99929,,,,,,,,,,,"'{5770385f-c22a-43e0-bf4c-06f5698ffbd9}'",,,,,"C:\Users\inf808\AppData\Local\inf808\LaZagne.exe",,,,,,,,0x8000000000000000,4,,,,,,,,,,,,,,,,,,,,"'Microsoft-Windows-Sysmon'",,,,,,,,,,,,,0,,,,,,,,,,,,,,"{8e02ef74-5cde-675b-5708-000000002a00}","'3780'",3508,,,,,,,,,,99929,99929,,,,,DLL,,,,,"S-1-5-18",,,,,,,,,,,,,,,,,,,,,,"'2024-12-12T21:59:59.1738543Z'","<Provider Name='Microsoft-Windows-Sysmon' Guid='{5770385f-c22a-43e0-bf4c-06f5698ffbd9}'/><EventID>11</EventID><Version>2</Version><Level>4</Level><Task>11</Task><Opcode>0</Opcode><Keywords>0x8000000000000000</Keywords><TimeCreated SystemTime='2024-12-12T21:59:59.1738543Z'/><EventRecordID>99929</EventRecordID><Correlation/><Execution ProcessID='3780' ThreadID='5104'/><Channel>Microsoft-Windows-Sysmon/Operational</Channel><Computer>WindowsTarget</Computer><Security UserID='S-1-5-18'/>",,"C:\Users\inf808\AppData\Local\Temp\_MEI35082\api-ms-win-crt-runtime-l1-1-0.dll",,,,,,,,,,,,,,,11,"System Parameter Settings",,"'5104'","2024-12-12T21:59:59.1738543Z",,,,,"WindowsTarget\inf808","'S-1-5-18'",,,,,,,,,,"2024-12-12 21:59:59.173",2,,,,,"<Event xmlns='http://schemas.microsoft.com/win/2004/08/events/event'><System><Provider Name='Microsoft-Windows-Sysmon' Guid='{5770385f-c22a-43e0-bf4c-06f5698ffbd9}'/><EventID>11</EventID><Version>2</Version><Level>4</Level><Task>11</Task><Opcode>0</Opcode><Keywords>0x8000000000000000</Keywords><TimeCreated SystemTime='2024-12-12T21:59:59.1738543Z'/><EventRecordID>99929</EventRecordID><Correlation/><Execution ProcessID='3780' ThreadID='5104'/><Channel>Microsoft-Windows-Sysmon/Operational</Channel><Computer>WindowsTarget</Computer><Security UserID='S-1-5-18'/></System><EventData><Data Name='RuleName'>DLL</Data><Data Name='UtcTime'>2024-12-12 21:59:59.173</Data><Data Name='ProcessGuid'>{8e02ef74-5cde-675b-5708-000000002a00}</Data><Data Name='ProcessId'>3508</Data><Data Name='Image'>C:\Users\inf808\AppData\Local\inf808\LaZagne.exe</Data><Data Name='TargetFilename'>C:\Users\inf808\AppData\Local\Temp\_MEI35082\api-ms-win-crt-runtime-l1-1-0.dll</Data><Data Name='CreationUtcTime'>2024-12-12 21:59:59.173</Data><Data Name='User'>WindowsTarget\inf808</Data></EventData></Event>","2024-12-12T16:59:59.000-0500",created,,,,,,,,,,,WindowsTarget,,,,,,,WindowsTarget,,WindowsTarget,99929,"endpoint_services_processes ms-sysmon-filemod windows_event_signature windows_ta_data",,"2024-12-12 21:59:59.173",,,"api-ms-win-crt-runtime-l1-1-0.dll","C:\Users\inf808\AppData\Local\Temp\_MEI35082\api-ms-win-crt-runtime-l1-1-0.dll",,WindowsTarget,,,99929,main,1,,,,,,,,,,file,,,,,,,,,,,,,,,,"LaZagne.exe","{8e02ef74-5cde-675b-5708-000000002a00}",,3508,,"LaZagne.exe","C:\Users\inf808\AppData\Local\inf808\LaZagne.exe",,,,"<_='://../////'><><_='--'_='{----}'/><></><></><><",,,,,,,,,,,,,,,,,,,,,,informational,4,FileCreate,11,"XmlWinEventLog:Microsoft-Windows-Sysmon/Operational",XmlWinEventLog,FedoraThreatHunting,,,,,,,,,,,,,,,,,,,,,"endpoint
filesystem
track_event_signatures",,,,"endpoint
filesystem
track_event_signatures",filesystem,,,,,,,,inf808,,,"'S-1-5-18'",,,,,"Microsoft Sysmon"
,,,,,,,,,,,,,,,"Microsoft-Windows-Sysmon/Operational",,,,,,,,,WindowsTarget,,,"2024-12-12 21:59:59.172",,,,,,,,,,,,,,,"Microsoft-Windows-Sysmon/Operational",11,"<Data Name='RuleName'>DLL</Data><Data Name='UtcTime'>2024-12-12 21:59:59.172</Data><Data Name='ProcessGuid'>{8e02ef74-5cde-675b-5708-000000002a00}</Data><Data Name='ProcessId'>3508</Data><Data Name='Image'>C:\Users\inf808\AppData\Local\inf808\LaZagne.exe</Data><Data Name='TargetFilename'>C:\Users\inf808\AppData\Local\Temp\_MEI35082\api-ms-win-crt-process-l1-1-0.dll</Data><Data Name='CreationUtcTime'>2024-12-12 21:59:59.172</Data><Data Name='User'>WindowsTarget\inf808</Data>",FileCreate,11,99928,,,,,,,,,,,"'{5770385f-c22a-43e0-bf4c-06f5698ffbd9}'",,,,,"C:\Users\inf808\AppData\Local\inf808\LaZagne.exe",,,,,,,,0x8000000000000000,4,,,,,,,,,,,,,,,,,,,,"'Microsoft-Windows-Sysmon'",,,,,,,,,,,,,0,,,,,,,,,,,,,,"{8e02ef74-5cde-675b-5708-000000002a00}","'3780'",3508,,,,,,,,,,99928,99928,,,,,DLL,,,,,"S-1-5-18",,,,,,,,,,,,,,,,,,,,,,"'2024-12-12T21:59:59.1727107Z'","<Provider Name='Microsoft-Windows-Sysmon' Guid='{5770385f-c22a-43e0-bf4c-06f5698ffbd9}'/><EventID>11</EventID><Version>2</Version><Level>4</Level><Task>11</Task><Opcode>0</Opcode><Keywords>0x8000000000000000</Keywords><TimeCreated SystemTime='2024-12-12T21:59:59.1727107Z'/><EventRecordID>99928</EventRecordID><Correlation/><Execution ProcessID='3780' ThreadID='5104'/><Channel>Microsoft-Windows-Sysmon/Operational</Channel><Computer>WindowsTarget</Computer><Security UserID='S-1-5-18'/>",,"C:\Users\inf808\AppData\Local\Temp\_MEI35082\api-ms-win-crt-process-l1-1-0.dll",,,,,,,,,,,,,,,11,"System Parameter Settings",,"'5104'","2024-12-12T21:59:59.1727107Z",,,,,"WindowsTarget\inf808","'S-1-5-18'",,,,,,,,,,"2024-12-12 21:59:59.172",2,,,,,"<Event xmlns='http://schemas.microsoft.com/win/2004/08/events/event'><System><Provider Name='Microsoft-Windows-Sysmon' Guid='{5770385f-c22a-43e0-bf4c-06f5698ffbd9}'/><EventID>11</EventID><Version>2</Version><Level>4</Level><Task>11</Task><Opcode>0</Opcode><Keywords>0x8000000000000000</Keywords><TimeCreated SystemTime='2024-12-12T21:59:59.1727107Z'/><EventRecordID>99928</EventRecordID><Correlation/><Execution ProcessID='3780' ThreadID='5104'/><Channel>Microsoft-Windows-Sysmon/Operational</Channel><Computer>WindowsTarget</Computer><Security UserID='S-1-5-18'/></System><EventData><Data Name='RuleName'>DLL</Data><Data Name='UtcTime'>2024-12-12 21:59:59.172</Data><Data Name='ProcessGuid'>{8e02ef74-5cde-675b-5708-000000002a00}</Data><Data Name='ProcessId'>3508</Data><Data Name='Image'>C:\Users\inf808\AppData\Local\inf808\LaZagne.exe</Data><Data Name='TargetFilename'>C:\Users\inf808\AppData\Local\Temp\_MEI35082\api-ms-win-crt-process-l1-1-0.dll</Data><Data Name='CreationUtcTime'>2024-12-12 21:59:59.172</Data><Data Name='User'>WindowsTarget\inf808</Data></EventData></Event>","2024-