12-12T17:11:01.000-0500",allowed,,,"C:\Windows\System32\svchost.exe",,,,,,"2024-12-12 22:10:59.184",,"WindowsTarget.gwvavixz1yzuxgweuyqj3hytvf.ux.internal.cloudapp.net","WindowsTarget.gwvavixz1yzuxgweuyqj3hytvf.ux.internal.cloudapp.net","10.0.0.5",,,3389,inbound,WindowsTarget,"206.189.152.52",WindowsTarget,100134,"endpoint_services_processes ms-sysmon-network windows_event_signature windows_ta_data",,,,,,,,WindowsTarget,,,100134,main,1,,,,,,,,,,,,,,,,,,,,,,,,,,"svchost.exe","{8e02ef74-3d4b-675b-1200-000000002a00}",,792,,"svchost.exe",,,ip,ipv4,"<_='://../////'><><_='--'_='{----}'/><></><></><><",,,,,,,,,,,,,RDP,,,,,,,,,informational,4,"Network connection",3,"XmlWinEventLog:Microsoft-Windows-Sysmon/Operational",XmlWinEventLog,FedoraThreatHunting,,"206.189.152.52",,,,"206.189.152.52",,,,59935,,,,,established,,,,,,"communicate
network
track_event_signatures",,,,"communicate
network
track_event_signatures",,,tcp,"tcp/3389",,,,,"NETWORK SERVICE",,,"'S-1-5-18'",,,,,"Microsoft Sysmon"
,,,,,,,,,,,,,,,"Microsoft-Windows-Sysmon/Operational",,,,,,,,,WindowsTarget,,,,,,,,"-","192.168.1.4",false,9001,"-",,,,,,"Microsoft-Windows-Sysmon/Operational",3,"<Data Name='RuleName'>Tor</Data><Data Name='UtcTime'>2024-12-12 22:10:58.446</Data><Data Name='ProcessGuid'>{8e02ef74-5344-675b-2706-000000002a00}</Data><Data Name='ProcessId'>9752</Data><Data Name='Image'>C:\Program Files\SplunkUniversalForwarder\bin\splunkd.exe</Data><Data Name='User'>NT AUTHORITY\SYSTEM</Data><Data Name='Protocol'>tcp</Data><Data Name='Initiated'>true</Data><Data Name='SourceIsIpv6'>false</Data><Data Name='SourceIp'>10.0.0.5</Data><Data Name='SourceHostname'>WindowsTarget.gwvavixz1yzuxgweuyqj3hytvf.ux.internal.cloudapp.net</Data><Data Name='SourcePort'>54894</Data><Data Name='SourcePortName'>-</Data><Data Name='DestinationIsIpv6'>false</Data><Data Name='DestinationIp'>192.168.1.4</Data><Data Name='DestinationHostname'>-</Data><Data Name='DestinationPort'>9001</Data><Data Name='DestinationPortName'>-</Data>","Network connection",3,100133,,,,,,,,,,,"'{5770385f-c22a-43e0-bf4c-06f5698ffbd9}'",,,,,"C:\Program Files\SplunkUniversalForwarder\bin\splunkd.exe",,,true,,,,,0x8000000000000000,4,,,,,,,,,,,,,,,,,,,,"'Microsoft-Windows-Sysmon'",,,,,,,,,,,,,0,,,,,,,,,,,,,,"{8e02ef74-5344-675b-2706-000000002a00}","'3780'",9752,,,,,,tcp,,,,100133,100133,,,,,Tor,,,,,"S-1-5-18",,"WindowsTarget.gwvavixz1yzuxgweuyqj3hytvf.ux.internal.cloudapp.net","10.0.0.5",false,,54894,"-",,,,,,,,,,,,,,,"'2024-12-12T22:11:00.2338844Z'","<Provider Name='Microsoft-Windows-Sysmon' Guid='{5770385f-c22a-43e0-bf4c-06f5698ffbd9}'/><EventID>3</EventID><Version>5</Version><Level>4</Level><Task>3</Task><Opcode>0</Opcode><Keywords>0x8000000000000000</Keywords><TimeCreated SystemTime='2024-12-12T22:11:00.2338844Z'/><EventRecordID>100133</EventRecordID><Correlation/><Execution ProcessID='3780' ThreadID='3880'/><Channel>Microsoft-Windows-Sysmon/Operational</Channel><Computer>WindowsTarget</Computer><Security UserID='S-1-5-18'/>",,,,,,,,,,,,,,,,,3,Printers,,"'3880'","2024-12-12T22:11:00.2338844Z",,,,,"NT AUTHORITY\SYSTEM","'S-1-5-18'",,,,,,,,,,"2024-12-12 22:10:58.446",5,,,,,"<Event xmlns='http://schemas.microsoft.com/win/2004/08/events/event'><System><Provider Name='Microsoft-Windows-Sysmon' Guid='{5770385f-c22a-43e0-bf4c-06f5698ffbd9}'/><EventID>3</EventID><Version>5</Version><Level>4</Level><Task>3</Task><Opcode>0</Opcode><Keywords>0x8000000000000000</Keywords><TimeCreated SystemTime='2024-12-12T22:11:00.2338844Z'/><EventRecordID>100133</EventRecordID><Correlation/><Execution ProcessID='3780' ThreadID='3880'/><Channel>Microsoft-Windows-Sysmon/Operational</Channel><Computer>WindowsTarget</Computer><Security UserID='S-1-5-18'/></System><EventData><Data Name='RuleName'>Tor</Data><Data Name='UtcTime'>2024-12-12 22:10:58.446</Data><Data Name='ProcessGuid'>{8e02ef74-5344-675b-2706-000000002a00}</Data><Data Name='ProcessId'>9752</Data><Data Name='Image'>C:\Program Files\SplunkUniversalForwarder\bin\splunkd.exe</Data><Data Name='User'>NT AUTHORITY\SYSTEM</Data><Data Name='Protocol'>tcp</Data><Data Name='Initiated'>true</Data><Data Name='SourceIsIpv6'>false</Data><Data Name='SourceIp'>10.0.0.5</Data><Data Name='SourceHostname'>WindowsTarget.gwvavixz1yzuxgweuyqj3hytvf.ux.internal.cloudapp.net</Data><Data Name='SourcePort'>54894</Data><Data Name='SourcePortName'>-</Data><Data Name='DestinationIsIpv6'>false</Data><Data Name='DestinationIp'>192.168.1.4</Data><Data Name='DestinationHostname'>-</Data><Data Name='DestinationPort'>9001</Data><Data Name='DestinationPortName'>-</Data></EventData></Event>","2024-12-12T17:11:00.000-0500",allowed,,,"C:\Program Files\SplunkUniversalForwarder\bin\splunkd.exe",,,,,,"2024-12-12 22:10:58.446",,"192.168.1.4",,"192.168.1.4",,,9001,outbound,WindowsTarget,"10.0.0.5",WindowsTarget,100133,"endpoint_services_processes ms-sysmon-network windows_event_signature windows_ta_data",,,,,,,,WindowsTarget,,,100133,main,1,,,,,,,,,,,,,,,,,,,,,,,,,,"splunkd.exe","{8e02ef74-5344-675b-2706-000000002a00}",,9752,,"splunkd.exe",,,ip,ipv4,"<_='://../////'><><_='--'_='{----}'/><></><></><><",,,,,,,,,,,,,Tor,,,,,,,,,informational,4,"Network connection",3,"XmlWinEventLog:Microsoft-Windows-Sysmon/Operational",XmlWinEventLog,FedoraThreatHunting,,"WindowsTarget.gwvavixz1yzuxgweuyqj3hytvf.ux.internal.cloudapp.net",,,"WindowsTarget.gwvavixz1yzuxgweuyqj3hytvf.ux.internal.cloudapp.net","10.0.0.5",,,,54894,,,,,established,,,,,,"communicate
network
track_event_signatures",,,,"communicate
network
track_event_signatures",,,tcp,"tcp/9001",,,,,SYSTEM,,,"'S-1-5-18'",,,,,"Microsoft Sysmon"
"-",,"-
administrator",,,NTLM,,,,,0x0,"-",,,,,,,,,,,,,,WindowsTarget,,,,,,,,,,,,,,,,0xC000006D,,4625,,,,,0,"Unknown user name or bad password.",,,,,,,,,,,,,,,,,,,,,0,"Audit Failure",,,Security,,,,,,,0x0,NtLmSsp,3,,,,,,,,"An account failed to log on.

Subject:
	Security ID:		S-1-0-0
	Account Name:		-
	Account Domain:		-
	Logon ID:		0x0

Logon Type:			3

Account For Which Logon Failed:
	Security ID:		S-1-0-0
	Account Name:		administrator
	Account Domain:		

Failure Information:
	Failure Reason:		Unknown user name or bad password.
	Status:			0xC000006D
	Sub Status:		0xC0000064

Process Information:
	Caller Process ID:	0x0
	Caller Process Name:	-

Network Information:
	Workstation Name:	workstation
	Source Network Address:	206.189.152.52
	Source Port:		0

Detailed Authentication Information:
	Logon Process:		NtLmSsp 
	Authentication Package:	NTLM
	Transited Services:	-
	Package Name (NTLM only):	-
	Key Length:		0

This event is generated when a logon request fails. It is generated on the computer where access was attempted.

The Subject fields indicate the account on the local system which requested the logon. This is most commonly a service such as the Server service, or a local process such as Winlogon.exe or Services.exe.

The Logon Type field indicates the kind of logon that was requested. The most common types are 2 (interactive) and 3 (network).

The Process Information fields indicate which account and process on the system requested the logon.

The Network Information fields indicate where a remote logon request originated. Workstation name is not always available and may be left blank in some cases.

The authentication information fields provide detailed information about this specific logon request.
	- Transited services indicate which intermediate services have participated in this logon request.
	- Package name indicates which sub-protocol was used among the NTLM protocols.
	- Key length indicates the length of the generated session key. This will be 0 if no session key was requested.",,,,,,,,,,,,,Info,,,"-",,,,,,,,,,,,,,,,,,,,,,,,,42823,,,,,,,,,,,"S-1-0-0
S-1-0-0",,,,"Microsoft Windows security auditing.",,,"206.189.152.52",0,,0xC000006D,,0xC0000064,,,,"-","-",0x0,"S-1-0-0",,,,,,,,,,,,,,,,,,,,,Logon,,,,,,"-",Information,,,,,,,,,,,,,,,,,workstation,"12/12/2024 10:11:00 PM
LogName=Security
EventCode=4625
EventType=0
ComputerName=WindowsTarget
SourceName=Microsoft Windows security auditing.
Type=Information
RecordNumber=42823
Keywords=Audit Failure
TaskCategory=Logon
OpCode=Info
Message=An account failed to log on.

Subject:
	Security ID:		S-1-0-0
	Account Name:		-
	Account Domain:		-
	Logon ID:		0x0

Logon Type:			3

Account For Which Logon Failed:
	Security ID:		S-1-0-0
	Account Name:		administrator
	Account Domain:		

Failure Information:
	Failure Reason:		Unknown user name or bad password.
	Status:			0xC000006D
	Sub Status:		0xC0000064

Process Information:
	Caller Process ID:	0x0
	Caller Process Name:	-

Network Information:
	Workstation Name:	workstation
	Source Network Address:	206.189.152.52
	Source Port:		0

Detailed Authentication Information:
	Logon Process:		NtLmSsp 
	Authentication Package:	NTLM
	Transited Services:	-
	Package Name (NTLM only):	-
	Key Length:		0

This event is generated when a logon request fails. It is generated on the computer where access was attempted.

The Subject fields indicate the account on the local system which requested the logon. This is most commonly a service such as the Server service, or a local process such as Winlogon.exe or Services.exe.

The Logon Type field indicates the kind of logon that was requested. The most common types are 2 (interactive) and 3 (network).

The Process Information fields indicate which account and process on the system requested the logon.

The Network Information fields indicate where a remote logon request originated. Workstation name is not always available and may be left blank in some cases.

The authentication information fields provide detailed information about this specific logon request.
	- Transited services indicate which intermediate services have participated in this logon request.
	- Package name indicates which sub-protocol was used among the NTLM protocols.
	- Key length indicates the length of the generated session key. This will be 0 if no session key was requested.","2024-12-12T17:11:00.000-0500",failure,,,"win:remote",NTLM,"An account failed to log on.

Subject:
	Security ID:		S-1-0-0
	Account Name:		-
	Account Domain:		-
	Logon ID:		0x0

Logon Type:			3

Account For Which Logon Failed:
	Security ID:		S-1-0-0
	Account Name:		administrator
	Account Domain:		

Failure Information:
	Failure Reason:		Unknown user name or bad password.
	Status:			0xC000006D
	Sub Status:		0xC0000064

Process Information:
	Caller Process ID:	0x0
	Caller Process Name:	-

Network Information:
	Workstation Name:	workstation
	Source Network Address:	206.189.152.52
	Source Port:		0

Detailed Authentication Information:
	Logon Process:		NtLmSsp 
	Authentication Package:	NTLM
	Transited Services:	-
	Package Name (NTLM only):	-
	Key Length:		0

This event is generated when a logon request fails. It is generated on the computer where access was attempted.

The Subject fields indicate the account on the local system which requested the logon. This is most commonly a service such as the Server service, or a local process such as Winlogon.exe or Services.exe.

The Logon Type field indicates the kind of logon that was requested. The most common types are 2 (interactive) and 3 (network).

The Process Information fields indicate which account and process on the system requested the logon.

The Network Information fields indicate where a remote logon request originated. Workstation name is not always available and may be left blank in some cases.

The authentication information fields provide detailed information about this specific logon request.
	- Transited services indicate which intermediate services have participated in this logon request.
	- Package name indicates which sub-protocol was used among the NTLM protocols.
	- Key length indicates the length of the generated session key. This will be 0 if no session key was requested.",Logon,,,,,WindowsTarget,,,,WindowsTarget,,,WindowsTarget,,WindowsTarget,42823,"endpoint_services_processes err0r windows_event_signature windows_logon_failure windows_security_authentication windows_ta_data wineventlog_security wineventlog_windows winsec",,,,,,,,WindowsTarget,,,42823,main,61,,,"-
administrator","S-1-0-0
S-1-0-0",,,"User logon with misspelled or bad user account",,,,,,,,,,,,,,,,,,,,,,0x0,,,,Windows,,,"//_::_=====___.===_===_____.\r\r:\rt_:tt---\rt_:tt-\rt_",,,,,,,,,,,,,,,,,,,,,0x0,informational,0,"User logon with misspelled or bad user account",4625,"WinEventLog:Security",WinEventLog,FedoraThreatHunting,,workstation,,,,"206.189.152.52",,"S-1-0-0",workstation,0,"S-1-0-0",,,,,failure,"User logon with misspelled or bad user account",failure,,0xC000006D,"authentication
error
failure
os
remote
security
track_event_signatures
windows",,failure,remote,"authentication
error
os
security
track_event_signatures
windows",,,,,,,,,administrator,,,,,,Microsoft,,"Microsoft Windows"
,,,,,,,,,,,,,,,"Microsoft-Windows-Sysmon/Operational",,,,,,,"""C:\Program Files (x86)\Microsoft\Edge\Application\msedge.exe"" --type=gpu-process --disable-gpu-sandbox --use-gl=disabled --gpu-vendor-id=5140 --gpu-device-id=140 --gpu-sub-system-id=0 --gpu-revision=0 --gpu-driver-version=10.0.19041.4355 --string-annotations=is-enterprise-managed=no --gpu-preferences=UAAAAAAAAADoAAAEAAAAAAAAAAAAAAAAAABgAAEAAAAAAAAAAAAAAAAAAABCAAAAAAAAAAAAAAAAAAAAAAAAABAAAAAAAAAAEAAAAAAAAAAIAAAAAAAAAAgAAAAAAAAA --field-trial-handle=4208,i,11742802175148006748,15501685171872471667,262144 --variations-seed-version --mojo-platform-channel-handle=6112 /prefetch:8","Microsoft Corporation",WindowsTarget,,,,,"C:\Program Files (x86)\Microsoft\Edge\Application\131.0.2903.86\","Microsoft Edge",,,,,,,,,,,,"Microsoft-Windows-Sysmon/Operational",1,"<Data Name='RuleName'>-</Data><Data Name='UtcTime'>2024-12-12 22:10:53.138</Data><Data Name='ProcessGuid'>{8e02ef74-5f6d-675b-f408-000000002a00}</Data><Data Name='ProcessId'>8516</Data><Data Name='Image'>C:\Program Files (x86)\Microsoft\Edge\Application\msedge.exe</Data><Data Name='FileVersion'>131.0.2903.86</Data><Data Name='Description'>Microsoft Edge</Data><Data Name='Product'>Microsoft Edge</Data><Data Name='Company'>Microsoft Corporation</Data><Data Name='OriginalFileName'>msedge.exe</Data><Data Name='CommandLine'>""C:\Program Files (x86)\Microsoft\Edge\Application\msedge.exe"" --type=gpu-process --disable-gpu-sandbox --use-gl=disabled --gpu-vendor-id=5140 --gpu-device-id=140 --gpu-sub-system-id=0 --gpu-revision=0 --gpu-driver-version=10.0.19041.4355 --string-annotations=is-enterprise-managed=no --gpu-preferences=UAAAAAAAAADoAAAEAAAAAAAAAAAAAAAAAABgAAEAAAAAAAAAAAAAAAAAAABCAAAAAAAAAAAAAAAAAAAAAAAAABAAAAAAAAAAEAAAAAAAAAAIAAAAAAAAAAgAAAAAAAAA --field-trial-handle=4208,i,11742802175148006748,15501685171872471667,262144 --variations-seed-version --mojo-platform-channel-handle=6112 /prefetch:8</Data><Data Name='CurrentDirectory'>C:\Program Files (x86)\Microsoft\Edge\Application\131.0.2903.86\</Data><Data Name='User'>WindowsTarget\inf808</Data><Data Name='LogonGuid'>{8e02ef74-4233-675b-e1fd-1f0000000000}</Data><Data Name='LogonId'>0x1ffde1</Data><Data Name='TerminalSessionId'>2</Data><Data Name='IntegrityLevel'>High</Data><Data Name='Hashes'>MD5=9E8261F700AB10E29D91A9D5CE52A3F8,SHA256=4AC3F1AEA9916995ED14C05FB71701FA616C419111494626CAB0CE61CD11E1B7,IMPHASH=AD7F9FF385F2AC79D492ABBEE0B86CD6</Data><Data Name='ParentProcessGuid'>{8e02ef74-5ef4-675b-c708-000000002a00}</Data><Data Name='ParentProcessId'>10488</Data><Data Name='ParentImage'>C:\Program Files (x86)\Microsoft\Edge\Application\msedge.exe</Data><Data Name='ParentCommandLine'>""C:\Program Files (x86)\Microsoft\Edge\Application\msedge.exe"" --no-startup-window</Data><Data Name='ParentUser'>WindowsTarget\inf808</Data>","Process creation",1,100132,,,"131.0.2903.86",,,,,,,,"'{5770385f-c22a-43e0-bf4c-06f5698ffbd9}'","MD5=9E8261F700AB10E29D91A9D5CE52A3F8,SHA256=4AC3F1AEA9916995ED14C05FB71701FA616C419111494626CAB0CE61CD11E1B7,IMPHASH=AD7F9FF385F2AC79D492ABBEE0B86CD6",,,AD7F9FF385F2AC79D492ABBEE0B86CD6,"C:\Program Files (x86)\Microsoft\Edge\Application\msedge.exe",,,,High,,,,0x8000000000000000,4,,,"{8e02ef74-4233-675b-e1fd-1f0000000000}",0x1ffde1,,,,,,,,,9E8261F700AB10E29D91A9D5CE52A3F8,,,,,,,"'Microsoft-Windows-Sysmon'",,,,,,,,,,,,,0,"msedge.exe",,"""C:\Program Files (x86)\Microsoft\Edge\Application\msedge.exe"" --no-startup-window","C:\Program Files (x86)\Microsoft\Edge\Application\msedge.exe","{8e02ef74-5ef4-675b-c708-000000002a00}",10488,"WindowsTarget\inf808",,,,,,,"{8e02ef74-5f6d-675b-f408-000000002a00}","'3780'",8516,,,,"Microsoft Edge",,,,,,100132,100132,,,,,"-",,4AC3F1AEA9916995ED14C05FB71701FA616C419111494626CAB0CE61CD11E1B7,,,"S-1-5-18",,,,,,,,,,,,,,,,,,,,,,"'2024-12-12T22:10:53.1398363Z'","<Provider Name='Microsoft-Windows-Sysmon' Guid='{5770385f-c22a-43e0-bf4c-06f5698ffbd9}'/><EventID>1</EventID><Version>5</Version><Level>4</Level><Task>1</Task><Opcode>0</Opcode><Keywords>0x8000000000000000</Keywords><TimeCreated SystemTime='2024-12-12T22:10:53.1398363Z'/><EventRecordID>100132</EventRecordID><Correlation/><Execution ProcessID='3780' ThreadID='5104'/><Channel>Microsoft-Windows-Sysmon/Operational</Channel><Computer>WindowsTarget</Computer><Security UserID='S-1-5-18'/>",,,,,,,,,,,,,,,,,1,Devices,2,"'5104'","2024-12-12T22:10:53.1398363Z",,,,,"WindowsTarget\inf808","'S-1-5-18'",,,,,,,,,,"2024-12-12 22:10:53.138",5,,,,,"<Event xmlns='http://schemas.microsoft.com/win/2004/08/events/event'><System><Provider Name='Microsoft-Windows-Sysmon' Guid='{5770385f-c22a-43e0-bf4c-06f5698ffbd9}'/><EventID>1</EventID><Version>5</Version><Level>4</Level><Task>1</Task><Opcode>0</Opcode><Keywords>0x8000000000000000</Keywords><TimeCreated SystemTime='2024-12-12T22:10:53.1398363Z'/><EventRecordID>100132</EventRecordID><Correlation/><Execution ProcessID='3780' ThreadID='5104'/><Channel>Microsoft-Windows-Sysmon/Operational</Channel><Computer>WindowsTarget</Computer><Security UserID='S-1-5-18'/></System><EventData><Data Name='RuleName'>-</Data><Data Name='UtcTime'>2024-12-12 22:10:53.138</Data><Data Name='ProcessGuid'>{8e02ef74-5f6d-675b-f408-000000002a00}</Data><Data Name='ProcessId'>8516</Data><Data Name='Image'>C:\Program Files (x86)\Microsoft\Edge\Application\msedge.exe</Data><Data Name='FileVersion'>131.0.2903.86</Data><Data Name='Description'>Microsoft Edge</Data><Data Name='Product'>Microsoft Edge</Data><Data Name='Company'>Microsoft Corporation</Data><Data Name='OriginalFileName'>msedge.exe</Data><Data Name='CommandLine'>""C:\Program Files (x86)\Microsoft\Edge\Application\msedge.exe"" --type=gpu-process --disable-gpu-sandbox --use-gl=disabled --gpu-vendor-id=5140 --gpu-device-id=140 --gpu-sub-system-id=0 --gpu-revision=0 --gpu-driver-version=10.0.19041.4355 --string-annotations=is-enterprise-managed=no --gpu-preferences=UAAAAAAAAADoAAAEAAAAAAAAAAAAAAAAAABgAAEAAAAAAAAAAAAAAAAAAABCAAAAAAAAAAAAAAAAAAAAAAAAABAAAAAAAAAAEAAAAAAAAAAIAAAAAAAAAAgAAAAAAAAA --field-trial-handle=4208,i,11742802175148006748,15501685171872471667,262144 --variations-seed-version --mojo-platform-channel-handle=6112 /prefetch:8</Data><Data Name='CurrentDirectory'>C:\Program Files (x86)\Microsoft\Edge\Application\131.0.2903.86\</Data><Data Name='User'>WindowsTarget\inf808</Data><Data Name='LogonGuid'>{8e02ef74-4233-675b-e1fd-1f0000000000}</Data><Data Name='LogonId'>0x1ffde1</Data><Data Name='TerminalSessionId'>2</Data><Data Name='IntegrityLevel'>High</Data><Data Name='Hashes'>MD5=9E8261F700AB10E29D91A9D5CE52A3F8,SHA256=4AC3F1AEA9916995ED14C05FB71701FA616C419111494626CAB0CE61CD11E1B7,IMPHASH=AD7F9FF385F2AC79D492ABBEE0B86CD6</Data><Data Name='ParentProcessGuid'>{8e02ef74-5ef4-675b-c708-000000002a00}</Data><Data Name='ParentProcessId'>10488</Data><Data Name='ParentImage'>C:\Program Files (x86)\Microsoft\Edge\Application\msedge.exe</Data><Data Name='ParentCommandLine'>""C:\Program Files (x86)\Microsoft\Edge\Application\msedge.exe"" --no-startup-window</Data><Data Name='ParentUser'>WindowsTarget\inf808</Data></EventData></Event>","2024-12-12T17:10:53.000-0500",allowed,,,,,,,,,,,WindowsTarget,,,,,,,WindowsTarget,,WindowsTarget,100132,"endpoint_services_processes ms-sysmon-process windows_event_signature windows_ta_data",,,,,,,,WindowsTarget,,,100132,main,1,,,,,,,,,,,,,"msedge.exe","Microsoft Windows","""C:\Program Files (x86)\Microsoft\Edge\Application\msedge.exe"" --no-startup-window","msedge.exe","{8e02ef74-5ef4-675b-c708-000000002a00}",10488,"msedge.exe","C:\Program Files (x86)\Microsoft\Edge\Application\msedge.exe",,,,"""C:\Program Files (x86)\Microsoft\Edge\Application\msedge.exe"" --type=gpu-process --disable-gpu-sandbox --use-gl=disabled --gpu-vendor-id=5140 --gpu-device-id=140 --gpu-sub-system-id=0 --gpu-revision=0 --gpu-driver-version=10.0.19041.4355 --string-annotations=is-enterprise-managed=no --gpu-preferences=UAAAAAAAAADoAAAEAAAAAAAAAAAAAAAAAABgAAEAAAAAAAAAAAAAAAAAAABCAAAAAAAAAAAAAAAAAAAAAAAAABAAAAAAAAAAEAAAAAAAAAAIAAAAAAAAAAgAAAAAAAAA --field-trial-handle=4208,i,11742802175148006748,15501685171872471667,262144 --variations-seed-version --mojo-platform-channel-handle=6112 /prefetch:8","C:\Program Files (x86)\Microsoft\Edge\Application\131.0.2903.86\","msedge.exe","{8e02ef74-5f6d-675b-f408-000000002a00}","MD5=9E8261F700AB10E29D91A9D5CE52A3F8,SHA256=4AC3F1AEA9916995ED14C05FB71701FA616C419111494626CAB0CE61CD11E1B7,IMPHASH=AD7F9FF385F2AC79D492ABBEE0B86CD6",8516,High,"msedge.exe","C:\Program Files (x86)\Microsoft\Edge\Application\msedge.exe",,,,"<_='://../////'><><_='--'_='{----}'/><></><></><><",,,,,,,,,,,,,,,,,,,,,,informational,4,"Process creation",1,"XmlWinEventLog:Microsoft-Windows-Sysmon/Operational",XmlWinEventLog,FedoraThreatHunting,,,,,,,,,,,,,,,,,,,,,"process
report
track_event_signatures",,,,"process
report
track_event_signatures",,,,,,,,,inf808,,,"'S-1-5-18'",,,,,"Microsoft Sysmon"
,,,,,,,,,,,,,,,"Microsoft-Windows-Sysmon/Operational",,,,,,,,,WindowsTarget,,,,,,,,"lb-140-82-114-3-iad.github.com","140.82.114.3",false,443,https,,,,,,"Microsoft-Windows-Sysmon/Operational",3,"<Data Name='RuleName'>-</Data><Data Name='UtcTime'>2024-12-12 22:10:39.167</Data><Data Name='ProcessGuid'>{8e02ef74-5e4d-675b-9908-000000002a00}</Data><Data Name='ProcessId'>7096</Data><Data Name='Image'>C:\Windows\System32\WindowsPowerShell\v1.0\powershell.exe</Data><Data Name='User'>WindowsTarget\inf808</Data><Data Name='Protocol'>tcp</Data><Data Name='Initiated'>true</Data><Data Name='SourceIsIpv6'>false</Data><Data Name='SourceIp'>10.0.0.5</Data><Data Name='SourceHostname'>WindowsTarget.gwvavixz1yzuxgweuyqj3hytvf.ux.internal.cloudapp.net</Data><Data Name='SourcePort'>54886</Data><Data Name='SourcePortName'>-</Data><Data Name='DestinationIsIpv6'>false</Data><Data Name='DestinationIp'>140.82.114.3</Data><Data Name='DestinationHostname'>lb-140-82-114-3-iad.github.com</Data><Data Name='DestinationPort'>443</Data><Data Name='DestinationPortName'>https</Data>","Network connection",3,100131,,,,,,,,,,,"'{5770385f-c22a-43e0-bf4c-06f5698ffbd9}'",,,,,"C:\Windows\System32\WindowsPowerShell\v1.0\powershell.exe",,,true,,,,,0x8000000000000000,4,,,,,,,,,,,,,,,,,,,,"'Microsoft-Windows-Sysmon'",,,,,,,,,,,,,0,,,,,,,,,,,,,,"{8e02ef74-5e4d-675b-9908-000000002a00}","'3780'",7096,,,,,,tcp,,,,100131,100131,,,,,"-",,,,,"S-1-5-18",,"WindowsTarget.gwvavixz1yzuxgweuyqj3hytvf.ux.internal.cloudapp.net","10.0.0.5",false,,54886,"-",,,,,,,,,,,,,,,"'2024-12-12T22:10:40.6918291Z'","<Provider Name='Microsoft-Windows-Sysmon' Guid='{5770385f-c22a-43e0-bf4c-06f5698ffbd9}'/><EventID>3</EventID><Version>5</Version><Level>4</Level><Task>3</Task><Opcode>0</Opcode><Keywords>0x8000000000000000</Keywords><TimeCreated SystemTime='2024-12-12T22:10:40.6918291Z'/><EventRecordID>100131</EventRecordID><Correlation/><Execution ProcessID='3780' ThreadID='3880'/><Channel>Microsoft-Windows-Sysmon/Operational</Channel><Computer>WindowsTarget</Computer><Security UserID='S-1-5-18'/>",,,,,,,,,,,,,,,,,3,Printers,,"'3880'","2024-12-12T22:10:40.6918291Z",,,,,"WindowsTarget\inf808","'S-1-5-18'",,,,,,,,,,"2024-12-12 22:10:39.167",5,,,,,"<Event xmlns='http://schemas.microsoft.com/win/2004/08/events/event'><System><Provider Name='Microsoft-Windows-Sysmon' Guid='{5770385f-c22a-43e0-bf4c-06f5698ffbd9}'/><EventID>3</EventID><Version>5</Version><Level>4</Level><Task>3</Task><Opcode>0</Opcode><Keywords>0x8000000000000000</Keywords><TimeCreated SystemTime='2024-12-12T22:10:40.6918291Z'/><EventRecordID>100131</EventRecordID><Correlation/><Execution ProcessID='3780' ThreadID='3880'/><Channel>Microsoft-Windows-Sysmon/Operational</Channel><Computer>WindowsTarget</Computer><Security UserID='S-1-5-18'/></System><EventData><Data Name='RuleName'>-</Data><Data Name='UtcTime'>2024-12-12 22:10:39.167</Data><Data Name='ProcessGuid'>{8e02ef74-5e4d-675b-9908-000000002a00}</Data><Data Name='ProcessId'>7096</Data><Data Name='Image'>C:\Windows\System32\WindowsPowerShell\v1.0\powershell.exe</Data><Data Name='User'>WindowsTarget\inf808</Data><Data Name='Protocol'>tcp</Data><Data Name='Initiated'>true</Data><Data Name='SourceIsIpv6'>false</Data><Data Name='SourceIp'>10.0.0.5</Data><Data Name='SourceHostname'>WindowsTarget.gwvavixz1yzuxgweuyqj3hytvf.ux.internal.cloudapp.net</Data><Data Name='SourcePort'>54886</Data><Data Name='SourcePortName'>-</Data><Data Name='DestinationIsIpv6'>false</Data><Data Name='DestinationIp'>140.82.114.3</Data><Data Name='DestinationHostname'>lb-140-82-114-3-iad.github.com</Data><Data Name='DestinationPort'>443</Data><Data Name='DestinationPortName'>https</Data></EventData></Event>","2024-12-12T17:10:40.000-0500",allowed,,,"C:\Windows\System32\WindowsPowerShell\v1.0\powershell.exe",,,,,,"2024-12-12 22:10:39.167",,"lb-140-82-114-3-iad.github.com","lb-140-82-114-3-iad.github.com","140.82.114.3",,,443,outbound,WindowsTarget,"10.0.0.5",WindowsTarget,100131,"endpoint_services_processes ms-sysmon-network windows_event_signature windows_ta_data",,,,,,,,WindowsTarget,,,100131,main,1,,,,,,,,,,,,,,,,,,,,,,,,,,"powershell.exe","{8e02ef74-5e4d-675b-9908-000000002a00}",,7096,,"powershell.exe",,,ip,ipv4,"<_='://../////'><><_='--'_='{----}'/><></><></><><",,,,,,,,,,,,,,,,,,,,,,informational,4,"Network connection",3,"XmlWinEventLog:Microsoft-Windows-Sysmon/Operational",XmlWinEventLog,FedoraThreatHunting,,"WindowsTarget.gwvavixz1yzuxgweuyqj3hytvf.ux.internal.cloudapp.net",,,"WindowsTarget.gwvavixz1yzuxgweuyqj3hytvf.ux.internal.cloudapp.net","10.0.0.5",,,,54886,,,,,established,,,,,,"communicate
network
track_event_signatures",,,,"communicate
network
track_event_signatures",,,tcp,"tcp/443",,,,,inf808,,,"'S-1-5-18'",,,,,"Microsoft Sysmon"
,,,,,,,,,,,,,,,"Microsoft-Windows-Sysmon/Operational",,,,,,,,,WindowsTarget,,,,,,,,,,,,,"DWORD (0x00000001)",,,,,"Microsoft-Windows-Sysmon/Operational",13,"<Data Name='RuleName'>T1089,Tamper-Defender</Data><Data Name='EventType'>SetValue</Data><Data Name='UtcTime'>2024-12-12 22:10:35.276</Data><Data Name='ProcessGuid'>{8e02ef74-3d52-675b-5700-000000002a00}</Data><Data Name='ProcessId'>3652</Data><Data Name='Image'>C:\ProgramData\Microsoft\Windows Defender\Platform\4.18.24090.11-0\MsMpEng.exe</Data><Data Name='TargetObject'>HKLM\SOFTWARE\Microsoft\Windows Defender\Real-Time Protection\DisableRealtimeMonitoring</Data><Data Name='Details'>DWORD (0x00000001)</Data><Data Name='User'>NT AUTHORITY\SYSTEM</Data>","RegistryEvent (Value Set)",13,100130,SetValue,,,,,,,,,,"'{5770385f-c22a-43e0-bf4c-06f5698ffbd9}'",,,,,"C:\ProgramData\Microsoft\Windows Defender\Platform\4.18.24090.11-0\MsMpEng.exe",,,,,,,,0x8000000000000000,4,,,,,,,,,,,,,,,,,,,,"'Microsoft-Windows-Sysmon'",,,,,,,,,,,,,0,,,,,,,,,,,,,,"{8e02ef74-3d52-675b-5700-000000002a00}","'3780'",3652,,,,,,,,,,100130,100130,0x00000001,DWORD,,,"T1089,Tamper-Defender",,,,,"S-1-5-18",,,,,,,,,,,,,,,,,,,,,,"'2024-12-12T22:10:35.2765122Z'","<Provider Name='Microsoft-Windows-Sysmon' Guid='{5770385f-c22a-43e0-bf4c-06f5698ffbd9}'/><EventID>13</EventID><Version>2</Version><Level>4</Level><Task>13</Task><Opcode>0</Opcode><Keywords>0x8000000000000000</Keywords><TimeCreated SystemTime='2024-12-12T22:10:35.2765122Z'/><EventRecordID>100130</EventRecordID><Correlation/><Execution ProcessID='3780' ThreadID='5104'/><Channel>Microsoft-Windows-Sysmon/Operational</Channel><Computer>WindowsTarget</Computer><Security UserID='S-1-5-18'/>",,,"HKLM\SOFTWARE\Microsoft\Windows Defender\Real-Time Protection\DisableRealtimeMonitoring",,,,,,,,,,,,,,13,"Database Zeroing",,"'5104'","2024-12-12T22:10:35.2765122Z",,,,,"NT AUTHORITY\SYSTEM","'S-1-5-18'",,,,,,,,,,"2024-12-12 22:10:35.276",2,,,,,"<Event xmlns='http://schemas.microsoft.com/win/2004/08/events/event'><System><Provider Name='Microsoft-Windows-Sysmon' Guid='{5770385f-c22a-43e0-bf4c-06f5698ffbd9}'/><EventID>13</EventID><Version>2</Version><Level>4</Level><Task>13</Task><Opcode>0</Opcode><Keywords>0x8000000000000000</Keywords><TimeCreated SystemTime='2024-12-12T22:10:35.2765122Z'/><EventRecordID>100130</EventRecordID><Correlation/><Execution ProcessID='3780' ThreadID='5104'/><Channel>Microsoft-Windows-Sysmon/Operational</Channel><Computer>WindowsTarget</Computer><Security UserID='S-1-5-18'/></System><EventData><Data Name='RuleName'>T1089,Tamper-Defender</Data><Data Name='EventType'>SetValue</Data><Data Name='UtcTime'>2024-12-12 22:10:35.276</Data><Data Name='ProcessGuid'>{8e02ef74-3d52-675b-5700-000000002a00}</Data><Data Name='ProcessId'>3652</Data><Data Name='Image'>C:\ProgramData\Microsoft\Windows Defender\Platform\4.18.24090.11-0\MsMpEng.exe</Data><Data Name='TargetObject'>HKLM\SOFTWARE\Microsoft\Windows Defender\Real-Time Protection\DisableRealtimeMonitoring</Data><Data Name='Details'>DWORD (0x00000001)</Data><Data Name='User'>NT AUTHORITY\SYSTEM</Data></EventData></Event>","2024-12-12T17:10:35.000-0500",modified,,,,,,,,,,,WindowsTarget,,,,,,,WindowsTarget,,WindowsTarget,100130,"endpoint_services_processes ms-sysmon-regmod windows_event_signature windows_ta_data",,,,,,,,WindowsTarget,,,100130,main,1,,,,,,,,,,registry,,"HKLM\SOFTWARE\Microsoft\Windows Defender\Real-Time Protection\DisableRealtimeMonitoring",,,,,,,,,,,,,,"MsMpEng.exe","{8e02ef74-3d52-675b-5700-000000002a00}",,3652,,"MsMpEng.exe","C:\ProgramData\Microsoft\Windows Defender\Platform\4.18.24090.11-0\MsMpEng.exe",,,,"<_='://../////'><><_='--'_='{----}'/><></><></><><",,,,,"HKEY_LOCAL_MACHINE\\Software","HKLM\SOFTWARE\Microsoft\Windows Defender\Real-Time Protection","HKLM\SOFTWARE\Microsoft\Windows Defender\Real-Time Protection\DisableRealtimeMonitoring",0x00000001,DisableRealtimeMonitoring,"REG_DWORD",,,,,,,,,,,,informational,4,"RegistryEvent (Value Set)",13,"XmlWinEventLog:Microsoft-Windows-Sysmon/Operational",XmlWinEventLog,FedoraThreatHunting,,,,,,,,,,,,,,,,success,,,,,"endpoint
registry
track_event_signatures",,,,"endpoint
registry
track_event_signatures",registry,,,,,,,,SYSTEM,,,"'S-1-5-18'",,,,,"Microsoft Sysmon"
,,,,,,,,,,,,,,,"Microsoft-Windows-Sysmon/Operational",,,,,,,,,WindowsTarget,,,,,,,,,,,,,,,,,,"Microsoft-Windows-Sysmon/Operational",22,"<Data Name='RuleName'>-</Data><Data Name='UtcTime'>2024-12-12 22:10:29.587</Data><Data Name='ProcessGuid'>{8e02ef74-4240-675b-0e02-000000002a00}</Data><Data Name='ProcessId'>6544</Data><Data Name='QueryName'>36711b4be5606cf62b34cefcc50996ae.azr.footprintdns.com</Data><Data Name='QueryStatus'>0</Data><Data Name='QueryResults'>type:  5 azperfmaptargets-prod.trafficmanager.net;type:  5 mma01prdapp04-canary-opaph.netmon.azure.com;type:  5 mma01prdapp04-canary-opaph.swedensouth.cloudapp.azure.com;::ffff:51.12.13.90;</Data><Data Name='Image'>C:\Windows\SystemApps\Microsoft.Windows.Search_cw5n1h2txyewy\SearchApp.exe</Data><Data Name='User'>WindowsTarget\inf808</Data>","DNSEvent (DNS query)",22,100129,,,,,,,,,,,"'{5770385f-c22a-43e0-bf4c-06f5698ffbd9}'",,,,,"C:\Windows\SystemApps\Microsoft.Windows.Search_cw5n1h2txyewy\SearchApp.exe",,,,,,,,0x8000000000000000,4,,,,,,,,,,,,,,,,,,,,"'Microsoft-Windows-Sysmon'",,,,,,,,,,,,,0,,,,,,,,,,,,,,"{8e02ef74-4240-675b-0e02-000000002a00}","'3780'",6544,,,,,,,"36711b4be5606cf62b34cefcc50996ae.azr.footprintdns.com","type:  5 azperfmaptargets-prod.trafficmanager.net;type:  5 mma01prdapp04-canary-opaph.netmon.azure.com;type:  5 mma01prdapp04-canary-opaph.swedensouth.cloudapp.azure.com;::ffff:51.12.13.90;",0,100129,100129,,,,,"-",,,,,"S-1-5-18",,,,,,,,,,,,,,,,,,,,,,"'2024-12-12T22:10:31.2938090Z'","<Provider Name='Microsoft-Windows-Sysmon' Guid='{5770385f-c22a-43e0-bf4c-06f5698ffbd9}'/><EventID>22</EventID><Version>5</Version><Level>4</Level><Task>22</Task><Opcode>0</Opcode><Keywords>0x8000000000000000</Keywords><TimeCreated SystemTime='2024-12-12T22:10:31.2938090Z'/><EventRecordID>100129</EventRecordID><Correlation/><Execution ProcessID='3780' ThreadID='11920'/><Channel>Microsoft-Windows-Sysmon/Operational</Channel><Computer>WindowsTarget</Computer><Security UserID='S-1-5-18'/>",,,,,,,,,,,,,,,,,22,,,"'11920'","2024-12-12T22:10:31.2938090Z",,,,,"WindowsTarget\inf808","'S-1-5-18'",,,,,,,,,,"2024-12-12 22:10:29.587",5,,,,,"<Event xmlns='http://schemas.microsoft.com/win/2004/08/events/event'><System><Provider Name='Microsoft-Windows-Sysmon' Guid='{5770385f-c22a-43e0-bf4c-06f5698ffbd9}'/><EventID>22</EventID><Version>5</Version><Level>4</Level><Task>22</Task><Opcode>0</Opcode><Keywords>0x8000000000000000</Keywords><TimeCreated SystemTime='2024-12-12T22:10:31.2938090Z'/><EventRecordID>100129</EventRecordID><Correlation/><Execution ProcessID='3780' ThreadID='11920'/><Channel>Microsoft-Windows-Sysmon/Operational</Channel><Computer>WindowsTarget</Computer><Security UserID='S-1-5-18'/></System><EventData><Data Name='RuleName'>-</Data><Data Name='UtcTime'>2024-12-12 22:10:29.587</Data><Data Name='ProcessGuid'>{8e02ef74-4240-675b-0e02-000000002a00}</Data><Data Name='ProcessId'>6544</Data><Data Name='QueryName'>36711b4be5606cf62b34cefcc50996ae.azr.footprintdns.com</Data><Data Name='QueryStatus'>0</Data><Data Name='QueryResults'>type:  5 azperfmaptargets-prod.trafficmanager.net;type:  5 mma01prdapp04-canary-opaph.netmon.azure.com;type:  5 mma01prdapp04-canary-opaph.swedensouth.cloudapp.azure.com;::ffff:51.12.13.90;</Data><Data Name='Image'>C:\Windows\SystemApps\Microsoft.Windows.Search_cw5n1h2txyewy\SearchApp.exe</Data><Data Name='User'>WindowsTarget\inf808</Data></EventData></Event>","2024-12-12T17:10:31.000-0500",,"azperfmaptargets-prod.trafficmanager.net
mma01prdapp04-canary-opaph.netmon.azure.com
mma01prdapp04-canary-opaph.swedensouth.cloudapp.azure.com
::ffff:51.12.13.90",4,,,,,,,,,,,,,,,,WindowsTarget,,WindowsTarget,100129,"endpoint_services_processes ms-sysmon-dns windows_event_signature windows_ta_data",,,,,,,,WindowsTarget,,,100129,main,1,,,,,,,,,,,,,,,,,,,,,,,,,,"SearchApp.exe","{8e02ef74-4240-675b-0e02-000000002a00}",,,,"SearchApp.exe",,,,,"<_='://../////'><><_='--'_='{----}'/><></><></><><","36711b4be5606cf62b34cefcc50996ae.azr.footprintdns.com",1,"CNAME
CNAME
CNAME","5
5
5",,,,,,,0,,,,,,,,,,,informational,4,"DNSEvent (DNS query)",22,"XmlWinEventLog:Microsoft-Windows-Sysmon/Operational",XmlWinEventLog,FedoraThreatHunting,,WindowsTarget,,,,,,,,,,,,,,,,,,,"dns
network
resolution
track_event_signatures",,,,"dns
network
resolution
track_event_signatures",,,,,,,,,inf808,,,"'S-1-5-18'",,,,,"Microsoft Sysmon"
,,,,,,,,,,,,,,,"Microsoft-Windows-Sysmon/Operational",,,,,,,,,WindowsTarget,,,,,,,,,,,,,,,,,,"Microsoft-Windows-Sysmon/Operational",22,"<Data Name='RuleName'>-</Data><Data Name='UtcTime'>2024-12-12 22:10:29.343</Data><Data Name='ProcessGuid'>{8e02ef74-4240-675b-0e02-000000002a00}</Data><Data Name='ProcessId'>6544</Data><Data Name='QueryName'>rum8.perf.linkedin.com</Data><Data Name='QueryStatus'>0</Data><Data Name='QueryResults'>type:  5 www-src.linkedin.com;type:  5 mix.linkedin.com;type:  5 any-na-lx.mix.linkedin.com;::ffff:108.174.10.24;</Data><Data Name='Image'>C:\Windows\SystemApps\Microsoft.Windows.Search_cw5n1h2txyewy\SearchApp.exe</Data><Data Name='User'>WindowsTarget\inf808</Data>","DNSEvent (DNS query)",22,100128,,,,,,,,,,,"'{5770385f-c22a-43e0-bf4c-06f5698ffbd9}'",,,,,"C:\Windows\SystemApps\Microsoft.Windows.Search_cw5n1h2txyewy\SearchApp.exe",,,,,,,,0x8000000000000000,4,,,,,,,,,,,,,,,,,,,,"'Microsoft-Windows-Sysmon'",,,,,,,,,,,,,0,,,,,,,,,,,,,,"{8e02ef74-4240-675b-0e02-000000002a00}","'3780'",6544,,,,,,,"rum8.perf.linkedin.com","type:  5 www-src.linkedin.com;type:  5 mix.linkedin.com;type:  5 any-na-lx.mix.linkedin.com;::ffff:108.174.10.24;",0,100128,100128,,,,,"-",,,,,"S-1-5-18",,,,,,,,,,,,,,,,,,,,,,"'2024-12-12T22:10:30.2876579Z'","<Provider Name='Microsoft-Windows-Sysmon' Guid='{5770385f-c22a-43e0-bf4c-06f5698ffbd9}'/><EventID>22</EventID><Version>5</Version><Level>4</Level><Task>22</Task><Opcode>0</Opcode><Keywords>0x8000000000000000</Keywords><TimeCreated SystemTime='2024-12-12T22:10:30.2876579Z'/><EventRecordID>100128</EventRecordID><Correlation/><Execution ProcessID='3780' ThreadID='11920'/><Channel>Microsoft-Windows-Sysmon/Operational</Channel><Computer>WindowsTarget</Computer><Security UserID='S-1-5-18'/>",,,,,,,,,,,,,,,,,22,,,"'11920'","2024-12-12T22:10:30.2876579Z",,,,,"WindowsTarget\inf808","'S-1-5-18'",,,,,,,,,,"2024-12-12 22:10:29.343",5,,,,,"<Event xmlns='http://schemas.microsoft.com/win/2004/08/events/event'><System><Provider Name='Microsoft-Windows-Sysmon' Guid='{5770385f-c22a-43e0-bf4c-06f5698ffbd9}'/><EventID>22</EventID><Version>5</Version><Level>4</Level><Task>22</Task><Opcode>0</Opcode><Keywords>0x8000000000000000</Keywords><TimeCreated SystemTime='2024-12-12T22:10:30.2876579Z'/><EventRecordID>100128</EventRecordID><Correlation/><Execution ProcessID='3780' ThreadID='11920'/><Channel>Microsoft-Windows-Sysmon/Operational</Channel><Computer>WindowsTarget</Computer><Security UserID='S-1-5-18'/></System><EventData><Data Name='RuleName'>-</Data><Data Name='UtcTime'>2024-12-12 22:10:29.343</Data><Data Name='ProcessGuid'>{8e02ef74-4240-675b-0e02-000000002a00}</Data><Data Name='ProcessId'>6544</Data><Data Name='QueryName'>rum8.perf.linkedin.com</Data><Data Name='QueryStatus'>0</Data><Data Name='QueryResults'>type:  5 www-src.linkedin.com;type:  5 mix.linkedin.com;type:  5 any-na-lx.mix.linkedin.com;::ffff:108.174.10.24;</Data><Data Name='Image'>C:\Windows\SystemApps\Microsoft.Windows.Search_cw5n1h2txyewy\SearchApp.exe</Data><Data Name='User'>WindowsTarget\inf808</Data></EventData></Event>","2024-12-12T17:10:30.000-0500",,"www-src.linkedin.com
mix.linkedin.com
any-na-lx.mix.linkedin.com
::ffff:108.174.10.24",4,,,,,,,,,,,,,,,,WindowsTarget,,WindowsTarget,100128,"endpoint_services_processes ms-sysmon-dns windows_event_signature windows_ta_data",,,,,,,,WindowsTarget,,,100128,main,1,,,,,,,,,,,,,,,,,,,,,,,,,,"SearchApp.exe","{8e02ef74-4240-675b-0e02-000000002a00}",,,,"SearchApp.exe",,,,,"<_='://../////'><><_='--'_='{----}'/><></><></><><","rum8.perf.linkedin.com",1,"CNAME
CNAME
CNAME","5
5
5",,,,,,,0,,,,,,,,,,,informational,4,"DNSEvent (DNS query)",22,"XmlWinEventLog:Microsoft-Windows-Sysmon/Operational",XmlWinEventLog,FedoraThreatHunting,,WindowsTarget,,,,,,,,,,,,,,,,,,,"dns
network
resolution
track_event_signatures",,,,"dns
network
resolution
track_event_signatures",,,,,,,,,inf808,,,"'S-1-5-18'",,,,,"Microsoft Sysmon"
,,,,,,,,,,,,,,,"Microsoft-Windows-Sysmon/Operational",,,,,,,,,WindowsTarget,,,,,,,,"-","192.168.1.4",false,9001,"-",,,,,,"Microsoft-Windows-Sysmon/Operational",3,"<Data Name='RuleName'>Tor</Data><Data Name='UtcTime'>2024-12-12 22:10:28.559</Data><Data Name='ProcessGuid'>{8e02ef74-5344-675b-2706-000000002a00}</Data><Data Name='ProcessId'>9752</Data><Data Name='Image'>C:\Program Files\SplunkUniversalForwarder\bin\splunkd.exe</Data><Data Name='User'>NT AUTHORITY\SYSTEM</Data><Data Name='Protocol'>tcp</Data><Data Name='Initiated'>true</Data><Data Name='SourceIsIpv6'>false</Data><Data Name='SourceIp'>10.0.0.5</Data><Data Name='SourceHostname'>WindowsTarget.gwvavixz1yzuxgweuyqj3hytvf.ux.internal.cloudapp.net</Data><Data Name='SourcePort'>54876</Data><Data Name='SourcePortName'>-</Data><Data Name='DestinationIsIpv6'>false</Data><Data Name='DestinationIp'>192.168.1.4</Data><Data Name='DestinationHostname'>-</Data><Data Name='DestinationPort'>9001</Data><Data Name='DestinationPortName'>-</Data>","Network connection",3,100127,,,,,,,,,,,"'{5770385f-c22a-43e0-bf4c-06f5698ffbd9}'",,,,,"C:\Program Files\SplunkUniversalForwarder\bin\splunkd.exe",,,true,,,,,0x8000000000000000,4,,,,,,,,,,,,,,,,,,,,"'Microsoft-Windows-Sysmon'",,,,,,,,,,,,,0,,,,,,,,,,,,,,"{8e02ef74-5344-675b-2706-000000002a00}","'3780'",9752,,,,,,tcp,,,,100127,100127,,,,,Tor,,,,,"S-1-5-18",,"WindowsTarget.gwvavixz1yzuxgweuyqj3hytvf.ux.internal.cloudapp.net","10.0.0.5",false,,54876,"-",,,,,,,,,,,,,,,"'2024-12-12T22:10:29.6342694Z'","<Provider Name='Microsoft-Windows-Sysmon' Guid='{5770385f-c22a-43e0-bf4c-06f5698ffbd9}'/><EventID>3</EventID><Version>5</Version><Level>4</Level><Task>3</Task><Opcode>0</Opcode><Keywords>0x8000000000000000</Keywords><TimeCreated SystemTime='2024-12-12T22:10:29.6342694Z'/><EventRecordID>100127</EventRecordID><Correlation/><Execution ProcessID='3780' ThreadID='3880'/><Channel>Microsoft-Windows-Sysmon/Operational</Channel><Computer>WindowsTarget</Computer><Security UserID='S-1-5-18'/>",,,,,,,,,,,,,,,,,3,Printers,,"'3880'","2024-12-12T22:10:29.6342694Z",,,,,"NT AUTHORITY\SYSTEM","'S-1-5-18'",,,,,,,,,,"2024-12-12 22:10:28.559",5,,,,,"<Event xmlns='http://schemas.microsoft.com/win/2004/08/events/event'><System><Provider Name='Microsoft-Windows-Sysmon' Guid='{5770385f-c22a-43e0-bf4c-06f5698ffbd9}'/><EventID>3</EventID><Version>5</Version><Level>4</Level><Task>3</Task><Opcode>0</Opcode><Keywords>0x8000000000000000</Keywords><TimeCreated SystemTime='2024-12-12T22:10:29.6342694Z'/><EventRecordID>100127</EventRecordID><Correlation/><Execution ProcessID='3780' ThreadID='3880'/><Channel>Microsoft-Windows-Sysmon/Operational</Channel><Computer>WindowsTarget</Computer><Security UserID='S-1-5-18'/></System><EventData><Data Name='RuleName'>Tor</Data><Data Name='UtcTime'>2024-12-12 22:10:28.559</Data><Data Name='ProcessGuid'>{8e02ef74-5344-675b-2706-000000002a00}</Data><Data Name='ProcessId'>9752</Data><Data Name='Image'>C:\Program Files\SplunkUniversalForwarder\bin\splunkd.exe</Data><Data Name='User'>NT AUTHORITY\SYSTEM</Data><Data Name='Protocol'>tcp</Data><Data Name='Initiated'>true</Data><Data Name='SourceIsIpv6'>false</Data><Data Name='SourceIp'>10.0.0.5</Data><Data Name='SourceHostname'>WindowsTarget.gwvavixz1yzuxgweuyqj3hytvf.ux.internal.cloudapp.net</Data><Data Name='SourcePort'>54876</Data><Data Name='SourcePortName'>-</Data><Data Name='DestinationIsIpv6'>false</Data><Data Name='DestinationIp'>192.168.1.4</Data><Data Name='DestinationHostname'>-</Data><Data Name='DestinationPort'>9001</Data><Data Name='DestinationPortName'>-</Data></EventData></Event>","2024-12-12T17:10:29.000-0500",allowed,,,"C:\Program Files\SplunkUniversalForwarder\bin\splunkd.exe",,,,,,"2024-12-12 22:10:28.559",,"192.168.1.4",,"192.168.1.4",,,9001,outbound,WindowsTarget,"10.0.0.5",WindowsTarget,100127,"endpoint_services_processes ms-sysmon-network windows_event_signature windows_ta_data",,,,,,,,WindowsTarget,,,100127,main,1,,,,,,,,,,,,,,,,,,,,,,,,,,"splunkd.exe","{8e02ef74-5344-675b-2706-000000002a00}",,9752,,"splunkd.exe",,,ip,ipv4,"<_='://../////'><><_='--'_='{----}'/><></><></><><",,,,,,,,,,,,,Tor,,,,,,,,,informational,4,"Network connection",3,"XmlWinEventLog:Microsoft-Windows-Sysmon/Operational",XmlWinEventLog,FedoraThreatHunting,,"WindowsTarget.gwvavixz1yzuxgweuyqj3hytvf.ux.internal.cloudapp.net",,,"WindowsTarget.gwvavixz1yzuxgweuyqj3hytvf.ux.internal.cloudapp.net","10.0.0.5",,,,54876,,,,,established,,,,,,"communicate
network
track_event_signatures",,,,"communicate
network
track_event_signatures",,,tcp,"tcp/9001",,,,,SYSTEM,,,"'S-1-5-18'",,,,,"Microsoft Sysmon"
,,,,,,,,,,,,,,,"Microsoft-Windows-Sysmon/Operational",,,,,,,,,WindowsTarget,,,"2024-12-12 22:10:28.506",,,,,,,,,,,,,,,"Microsoft-Windows-Sysmon/Operational",11,"<Data Name='RuleName'>-</Data><Data Name='UtcTime'>2024-12-12 22:10:28.507</Data><Data Name='ProcessGuid'>{8e02ef74-5f52-675b-f308-000000002a00}</Data><Data Name='ProcessId'>2032</Data><Data Name='Image'>C:\Windows\system32\WindowsPowerShell\v1.0\PowerShell_ISE.exe</Data><Data Name='TargetFilename'>C:\Users\inf808\AppData\Local\Temp\__PSScriptPolicyTest_h2byyqbv.yau.ps1</Data><Data Name='CreationUtcTime'>2024-12-12 22:10:28.506</Data><Data Name='User'>WindowsTarget\inf808</Data>",FileCreate,11,100126,,,,,,,,,,,"'{5770385f-c22a-43e0-bf4c-06f5698ffbd9}'",,,,,"C:\Windows\system32\WindowsPowerShell\v1.0\PowerShell_ISE.exe",,,,,,,,0x8000000000000000,4,,,,,,,,,,,,,,,,,,,,"'Microsoft-Windows-Sysmon'",,,,,,,,,,,,,0,,,,,,,,,,,,,,"{8e02ef74-5f52-675b-f308-000000002a00}","'3780'",2032,,,,,,,,,,100126,100126,,,,,"-",,,,,"S-1-5-18",,,,,,,,,,,,,,,,,,,,,,"'2024-12-12T22:10:28.5074847Z'","<Provider Name='Microsoft-Windows-Sysmon' Guid='{5770385f-c22a-43e0-bf4c-06f5698ffbd9}'/><EventID>11</EventID><Version>2</Version><Level>4</Level><Task>11</Task><Opcode>0</Opcode><Keywords>0x8000000000000000</Keywords><TimeCreated SystemTime='2024-12-12T22:10:28.5074847Z'/><EventRecordID>100126</EventRecordID><Correlation/><Execution ProcessID='3780' ThreadID='5104'/><Channel>Microsoft-Windows-Sysmon/Operational</Channel><Computer>WindowsTarget</Computer><Security UserID='S-1-5-18'/>",,"C:\Users\inf808\AppData\Local\Temp\__PSScriptPolicyTest_h2byyqbv.yau.ps1",,,,,,,,,,,,,,,11,"System Parameter Settings",,"'5104'","2024-12-12T22:10:28.5074847Z",,,,,"WindowsTarget\inf808","'S-1-5-18'",,,,,,,,,,"2024-12-12 22:10:28.507",2,,,,,"<Event xmlns='http://schemas.microsoft.com/win/2004/08/events/event'><System><Provider Name='Microsoft-Windows-Sysmon' Guid='{5770385f-c22a-43e0-bf4c-06f5698ffbd9}'/><EventID>11</EventID><Version>2</Version><Level>4</Level><Task>11</Task><Opcode>0</Opcode><Keywords>0x8000000000000000</Keywords><TimeCreated SystemTime='2024-12-12T22:10:28.5074847Z'/><EventRecordID>100126</EventRecordID><Correlation/><Execution ProcessID='3780' ThreadID='5104'/><Channel>Microsoft-Windows-Sysmon/Operational</Channel><Computer>WindowsTarget</Computer><Security UserID='S-1-5-18'/></System><EventData><Data Name='RuleName'>-</Data><Data Name='UtcTime'>2024-12-12 22:10:28.507</Data><Data Name='ProcessGuid'>{8e02ef74-5f52-675b-f308-000000002a00}</Data><Data Name='ProcessId'>2032</Data><Data Name='Image'>C:\Windows\system32\WindowsPowerShell\v1.0\PowerShell_ISE.exe</Data><Data Name='TargetFilename'>C:\Users\inf808\AppData\Local\Temp\__PSScriptPolicyTest_h2byyqbv.yau.ps1</Data><Data Name='CreationUtcTime'>2024-12-12 22:10:28.506</Data><Data Name='User'>WindowsTarget\inf808</Data></EventData></Event>","2024-