12-12T17:15:16.000-0500",allowed,,,,,,,,,,,WindowsTarget,,,,,,,WindowsTarget,,WindowsTarget,100179,"endpoint_services_processes ms-sysmon-process windows_event_signature windows_ta_data",,,,,,,,WindowsTarget,,,100179,main,1,,,,,,,,,,,,,"splunk-regmon.exe","Microsoft Windows","""C:\Program Files\SplunkUniversalForwarder\bin\splunkd.exe"" service","splunkd.exe","{8e02ef74-5344-675b-2706-000000002a00}",9752,"splunkd.exe","C:\Program Files\SplunkUniversalForwarder\bin\splunkd.exe",,,,"""C:\Program Files\SplunkUniversalForwarder\bin\splunk-regmon.exe""","C:\Windows\system32\","splunk-regmon.exe","{8e02ef74-6074-675b-1809-000000002a00}","MD5=E7432FD0BE0FB381CA5F91DC60C988B3,SHA256=5A9F508CFC1B938EB7368C2CC8264202EE5F02A2B5F938A47351823B384F19BC,IMPHASH=49E336D7B9A7A129F5B660D2C45C636B",1636,System,"splunk-regmon.exe","C:\Program Files\SplunkUniversalForwarder\bin\splunk-regmon.exe",,,,"<_='://../////'><><_='--'_='{----}'/><></><></><><",,,,,,,,,,,,,,,,,,,,,,informational,4,"Process creation",1,"XmlWinEventLog:Microsoft-Windows-Sysmon/Operational",XmlWinEventLog,FedoraThreatHunting,,,,,,,,,,,,,,,,,,,,,"process
report
track_event_signatures",,,,"process
report
track_event_signatures",,,,,,,,,SYSTEM,,,"'S-1-5-18'",,,,,"Microsoft Sysmon"
,,,,,,,,,,,,,,,"Microsoft-Windows-Sysmon/Operational",,,,,,,"""C:\Program Files\SplunkUniversalForwarder\bin\splunk-powershell.exe""","-",WindowsTarget,,,,,"C:\Windows\system32\","-",,,,,,,,,,,,"Microsoft-Windows-Sysmon/Operational",1,"<Data Name='RuleName'>-</Data><Data Name='UtcTime'>2024-12-12 22:15:16.134</Data><Data Name='ProcessGuid'>{8e02ef74-6074-675b-1709-000000002a00}</Data><Data Name='ProcessId'>5608</Data><Data Name='Image'>C:\Program Files\SplunkUniversalForwarder\bin\splunk-powershell.exe</Data><Data Name='FileVersion'>-</Data><Data Name='Description'>-</Data><Data Name='Product'>-</Data><Data Name='Company'>-</Data><Data Name='OriginalFileName'>-</Data><Data Name='CommandLine'>""C:\Program Files\SplunkUniversalForwarder\bin\splunk-powershell.exe""</Data><Data Name='CurrentDirectory'>C:\Windows\system32\</Data><Data Name='User'>NT AUTHORITY\SYSTEM</Data><Data Name='LogonGuid'>{8e02ef74-3d4a-675b-e703-000000000000}</Data><Data Name='LogonId'>0x3e7</Data><Data Name='TerminalSessionId'>0</Data><Data Name='IntegrityLevel'>System</Data><Data Name='Hashes'>MD5=D925619A15C4DB19DBDBA44C5322F8F8,SHA256=849A77400227F8B844EF38A3D11BBD558DBC2FE4D5AAB5DCA82ADE4DA040AFBD,IMPHASH=CF14D28467DD4FEF75398156A8E6A19A</Data><Data Name='ParentProcessGuid'>{8e02ef74-5344-675b-2706-000000002a00}</Data><Data Name='ParentProcessId'>9752</Data><Data Name='ParentImage'>C:\Program Files\SplunkUniversalForwarder\bin\splunkd.exe</Data><Data Name='ParentCommandLine'>""C:\Program Files\SplunkUniversalForwarder\bin\splunkd.exe"" service</Data><Data Name='ParentUser'>NT AUTHORITY\SYSTEM</Data>","Process creation",1,100178,,,"-",,,,,,,,"'{5770385f-c22a-43e0-bf4c-06f5698ffbd9}'","MD5=D925619A15C4DB19DBDBA44C5322F8F8,SHA256=849A77400227F8B844EF38A3D11BBD558DBC2FE4D5AAB5DCA82ADE4DA040AFBD,IMPHASH=CF14D28467DD4FEF75398156A8E6A19A",,,CF14D28467DD4FEF75398156A8E6A19A,"C:\Program Files\SplunkUniversalForwarder\bin\splunk-powershell.exe",,,,System,,,,0x8000000000000000,4,,,"{8e02ef74-3d4a-675b-e703-000000000000}",0x3e7,,,,,,,,,D925619A15C4DB19DBDBA44C5322F8F8,,,,,,,"'Microsoft-Windows-Sysmon'",,,,,,,,,,,,,0,"-",,"""C:\Program Files\SplunkUniversalForwarder\bin\splunkd.exe"" service","C:\Program Files\SplunkUniversalForwarder\bin\splunkd.exe","{8e02ef74-5344-675b-2706-000000002a00}",9752,"NT AUTHORITY\SYSTEM",,,,,,,"{8e02ef74-6074-675b-1709-000000002a00}","'3780'",5608,,,,"-",,,,,,100178,100178,,,,,"-",,849A77400227F8B844EF38A3D11BBD558DBC2FE4D5AAB5DCA82ADE4DA040AFBD,,,"S-1-5-18",,,,,,,,,,,,,,,,,,,,,,"'2024-12-12T22:15:16.1358527Z'","<Provider Name='Microsoft-Windows-Sysmon' Guid='{5770385f-c22a-43e0-bf4c-06f5698ffbd9}'/><EventID>1</EventID><Version>5</Version><Level>4</Level><Task>1</Task><Opcode>0</Opcode><Keywords>0x8000000000000000</Keywords><TimeCreated SystemTime='2024-12-12T22:15:16.1358527Z'/><EventRecordID>100178</EventRecordID><Correlation/><Execution ProcessID='3780' ThreadID='5104'/><Channel>Microsoft-Windows-Sysmon/Operational</Channel><Computer>WindowsTarget</Computer><Security UserID='S-1-5-18'/>",,,,,,,,,,,,,,,,,1,Devices,0,"'5104'","2024-12-12T22:15:16.1358527Z",,,,,"NT AUTHORITY\SYSTEM","'S-1-5-18'",,,,,,,,,,"2024-12-12 22:15:16.134",5,,,,,"<Event xmlns='http://schemas.microsoft.com/win/2004/08/events/event'><System><Provider Name='Microsoft-Windows-Sysmon' Guid='{5770385f-c22a-43e0-bf4c-06f5698ffbd9}'/><EventID>1</EventID><Version>5</Version><Level>4</Level><Task>1</Task><Opcode>0</Opcode><Keywords>0x8000000000000000</Keywords><TimeCreated SystemTime='2024-12-12T22:15:16.1358527Z'/><EventRecordID>100178</EventRecordID><Correlation/><Execution ProcessID='3780' ThreadID='5104'/><Channel>Microsoft-Windows-Sysmon/Operational</Channel><Computer>WindowsTarget</Computer><Security UserID='S-1-5-18'/></System><EventData><Data Name='RuleName'>-</Data><Data Name='UtcTime'>2024-12-12 22:15:16.134</Data><Data Name='ProcessGuid'>{8e02ef74-6074-675b-1709-000000002a00}</Data><Data Name='ProcessId'>5608</Data><Data Name='Image'>C:\Program Files\SplunkUniversalForwarder\bin\splunk-powershell.exe</Data><Data Name='FileVersion'>-</Data><Data Name='Description'>-</Data><Data Name='Product'>-</Data><Data Name='Company'>-</Data><Data Name='OriginalFileName'>-</Data><Data Name='CommandLine'>""C:\Program Files\SplunkUniversalForwarder\bin\splunk-powershell.exe""</Data><Data Name='CurrentDirectory'>C:\Windows\system32\</Data><Data Name='User'>NT AUTHORITY\SYSTEM</Data><Data Name='LogonGuid'>{8e02ef74-3d4a-675b-e703-000000000000}</Data><Data Name='LogonId'>0x3e7</Data><Data Name='TerminalSessionId'>0</Data><Data Name='IntegrityLevel'>System</Data><Data Name='Hashes'>MD5=D925619A15C4DB19DBDBA44C5322F8F8,SHA256=849A77400227F8B844EF38A3D11BBD558DBC2FE4D5AAB5DCA82ADE4DA040AFBD,IMPHASH=CF14D28467DD4FEF75398156A8E6A19A</Data><Data Name='ParentProcessGuid'>{8e02ef74-5344-675b-2706-000000002a00}</Data><Data Name='ParentProcessId'>9752</Data><Data Name='ParentImage'>C:\Program Files\SplunkUniversalForwarder\bin\splunkd.exe</Data><Data Name='ParentCommandLine'>""C:\Program Files\SplunkUniversalForwarder\bin\splunkd.exe"" service</Data><Data Name='ParentUser'>NT AUTHORITY\SYSTEM</Data></EventData></Event>","2024-12-12T17:15:16.000-0500",allowed,,,,,,,,,,,WindowsTarget,,,,,,,WindowsTarget,,WindowsTarget,100178,"endpoint_services_processes ms-sysmon-process windows_event_signature windows_ta_data",,,,,,,,WindowsTarget,,,100178,main,1,,,,,,,,,,,,,,"Microsoft Windows","""C:\Program Files\SplunkUniversalForwarder\bin\splunkd.exe"" service","splunkd.exe","{8e02ef74-5344-675b-2706-000000002a00}",9752,"splunkd.exe","C:\Program Files\SplunkUniversalForwarder\bin\splunkd.exe",,,,"""C:\Program Files\SplunkUniversalForwarder\bin\splunk-powershell.exe""","C:\Windows\system32\","splunk-powershell.exe","{8e02ef74-6074-675b-1709-000000002a00}","MD5=D925619A15C4DB19DBDBA44C5322F8F8,SHA256=849A77400227F8B844EF38A3D11BBD558DBC2FE4D5AAB5DCA82ADE4DA040AFBD,IMPHASH=CF14D28467DD4FEF75398156A8E6A19A",5608,System,"splunk-powershell.exe","C:\Program Files\SplunkUniversalForwarder\bin\splunk-powershell.exe",,,,"<_='://../////'><><_='--'_='{----}'/><></><></><><",,,,,,,,,,,,,,,,,,,,,,informational,4,"Process creation",1,"XmlWinEventLog:Microsoft-Windows-Sysmon/Operational",XmlWinEventLog,FedoraThreatHunting,,,,,,,,,,,,,,,,,,,,,"process
report
track_event_signatures",,,,"process
report
track_event_signatures",,,,,,,,,SYSTEM,,,"'S-1-5-18'",,,,,"Microsoft Sysmon"
,,,,,,,,,,,,,,,"Microsoft-Windows-Sysmon/Operational",,,,,,,"""C:\Program Files\SplunkUniversalForwarder\bin\splunk-netmon.exe""","Splunk Inc.",WindowsTarget,,,,,"C:\Windows\system32\","Network monitor",,,,,,,,,,,,"Microsoft-Windows-Sysmon/Operational",1,"<Data Name='RuleName'>-</Data><Data Name='UtcTime'>2024-12-12 22:15:13.557</Data><Data Name='ProcessGuid'>{8e02ef74-6071-675b-1609-000000002a00}</Data><Data Name='ProcessId'>11936</Data><Data Name='Image'>C:\Program Files\SplunkUniversalForwarder\bin\splunk-netmon.exe</Data><Data Name='FileVersion'>9.3.2</Data><Data Name='Description'>Network monitor</Data><Data Name='Product'>Splunk Application</Data><Data Name='Company'>Splunk Inc.</Data><Data Name='OriginalFileName'>splunk-netmon.exe</Data><Data Name='CommandLine'>""C:\Program Files\SplunkUniversalForwarder\bin\splunk-netmon.exe""</Data><Data Name='CurrentDirectory'>C:\Windows\system32\</Data><Data Name='User'>NT AUTHORITY\SYSTEM</Data><Data Name='LogonGuid'>{8e02ef74-3d4a-675b-e703-000000000000}</Data><Data Name='LogonId'>0x3e7</Data><Data Name='TerminalSessionId'>0</Data><Data Name='IntegrityLevel'>System</Data><Data Name='Hashes'>MD5=756110565070D47561719347DCA1DCC3,SHA256=06E3FE75815AEBB30EFAC1A85BCB41C37660B8CFE052544AA694DD569E5AF2D0,IMPHASH=089EDE8293334E8B52F638440313FE63</Data><Data Name='ParentProcessGuid'>{8e02ef74-5344-675b-2706-000000002a00}</Data><Data Name='ParentProcessId'>9752</Data><Data Name='ParentImage'>C:\Program Files\SplunkUniversalForwarder\bin\splunkd.exe</Data><Data Name='ParentCommandLine'>""C:\Program Files\SplunkUniversalForwarder\bin\splunkd.exe"" service</Data><Data Name='ParentUser'>NT AUTHORITY\SYSTEM</Data>","Process creation",1,100177,,,"9.3.2",,,,,,,,"'{5770385f-c22a-43e0-bf4c-06f5698ffbd9}'","MD5=756110565070D47561719347DCA1DCC3,SHA256=06E3FE75815AEBB30EFAC1A85BCB41C37660B8CFE052544AA694DD569E5AF2D0,IMPHASH=089EDE8293334E8B52F638440313FE63",,,089EDE8293334E8B52F638440313FE63,"C:\Program Files\SplunkUniversalForwarder\bin\splunk-netmon.exe",,,,System,,,,0x8000000000000000,4,,,"{8e02ef74-3d4a-675b-e703-000000000000}",0x3e7,,,,,,,,,756110565070D47561719347DCA1DCC3,,,,,,,"'Microsoft-Windows-Sysmon'",,,,,,,,,,,,,0,"splunk-netmon.exe",,"""C:\Program Files\SplunkUniversalForwarder\bin\splunkd.exe"" service","C:\Program Files\SplunkUniversalForwarder\bin\splunkd.exe","{8e02ef74-5344-675b-2706-000000002a00}",9752,"NT AUTHORITY\SYSTEM",,,,,,,"{8e02ef74-6071-675b-1609-000000002a00}","'3780'",11936,,,,"Splunk Application",,,,,,100177,100177,,,,,"-",,06E3FE75815AEBB30EFAC1A85BCB41C37660B8CFE052544AA694DD569E5AF2D0,,,"S-1-5-18",,,,,,,,,,,,,,,,,,,,,,"'2024-12-12T22:15:13.5590417Z'","<Provider Name='Microsoft-Windows-Sysmon' Guid='{5770385f-c22a-43e0-bf4c-06f5698ffbd9}'/><EventID>1</EventID><Version>5</Version><Level>4</Level><Task>1</Task><Opcode>0</Opcode><Keywords>0x8000000000000000</Keywords><TimeCreated SystemTime='2024-12-12T22:15:13.5590417Z'/><EventRecordID>100177</EventRecordID><Correlation/><Execution ProcessID='3780' ThreadID='5104'/><Channel>Microsoft-Windows-Sysmon/Operational</Channel><Computer>WindowsTarget</Computer><Security UserID='S-1-5-18'/>",,,,,,,,,,,,,,,,,1,Devices,0,"'5104'","2024-12-12T22:15:13.5590417Z",,,,,"NT AUTHORITY\SYSTEM","'S-1-5-18'",,,,,,,,,,"2024-12-12 22:15:13.557",5,,,,,"<Event xmlns='http://schemas.microsoft.com/win/2004/08/events/event'><System><Provider Name='Microsoft-Windows-Sysmon' Guid='{5770385f-c22a-43e0-bf4c-06f5698ffbd9}'/><EventID>1</EventID><Version>5</Version><Level>4</Level><Task>1</Task><Opcode>0</Opcode><Keywords>0x8000000000000000</Keywords><TimeCreated SystemTime='2024-12-12T22:15:13.5590417Z'/><EventRecordID>100177</EventRecordID><Correlation/><Execution ProcessID='3780' ThreadID='5104'/><Channel>Microsoft-Windows-Sysmon/Operational</Channel><Computer>WindowsTarget</Computer><Security UserID='S-1-5-18'/></System><EventData><Data Name='RuleName'>-</Data><Data Name='UtcTime'>2024-12-12 22:15:13.557</Data><Data Name='ProcessGuid'>{8e02ef74-6071-675b-1609-000000002a00}</Data><Data Name='ProcessId'>11936</Data><Data Name='Image'>C:\Program Files\SplunkUniversalForwarder\bin\splunk-netmon.exe</Data><Data Name='FileVersion'>9.3.2</Data><Data Name='Description'>Network monitor</Data><Data Name='Product'>Splunk Application</Data><Data Name='Company'>Splunk Inc.</Data><Data Name='OriginalFileName'>splunk-netmon.exe</Data><Data Name='CommandLine'>""C:\Program Files\SplunkUniversalForwarder\bin\splunk-netmon.exe""</Data><Data Name='CurrentDirectory'>C:\Windows\system32\</Data><Data Name='User'>NT AUTHORITY\SYSTEM</Data><Data Name='LogonGuid'>{8e02ef74-3d4a-675b-e703-000000000000}</Data><Data Name='LogonId'>0x3e7</Data><Data Name='TerminalSessionId'>0</Data><Data Name='IntegrityLevel'>System</Data><Data Name='Hashes'>MD5=756110565070D47561719347DCA1DCC3,SHA256=06E3FE75815AEBB30EFAC1A85BCB41C37660B8CFE052544AA694DD569E5AF2D0,IMPHASH=089EDE8293334E8B52F638440313FE63</Data><Data Name='ParentProcessGuid'>{8e02ef74-5344-675b-2706-000000002a00}</Data><Data Name='ParentProcessId'>9752</Data><Data Name='ParentImage'>C:\Program Files\SplunkUniversalForwarder\bin\splunkd.exe</Data><Data Name='ParentCommandLine'>""C:\Program Files\SplunkUniversalForwarder\bin\splunkd.exe"" service</Data><Data Name='ParentUser'>NT AUTHORITY\SYSTEM</Data></EventData></Event>","2024-12-12T17:15:13.000-0500",allowed,,,,,,,,,,,WindowsTarget,,,,,,,WindowsTarget,,WindowsTarget,100177,"endpoint_services_processes ms-sysmon-process windows_event_signature windows_ta_data",,,,,,,,WindowsTarget,,,100177,main,1,,,,,,,,,,,,,"splunk-netmon.exe","Microsoft Windows","""C:\Program Files\SplunkUniversalForwarder\bin\splunkd.exe"" service","splunkd.exe","{8e02ef74-5344-675b-2706-000000002a00}",9752,"splunkd.exe","C:\Program Files\SplunkUniversalForwarder\bin\splunkd.exe",,,,"""C:\Program Files\SplunkUniversalForwarder\bin\splunk-netmon.exe""","C:\Windows\system32\","splunk-netmon.exe","{8e02ef74-6071-675b-1609-000000002a00}","MD5=756110565070D47561719347DCA1DCC3,SHA256=06E3FE75815AEBB30EFAC1A85BCB41C37660B8CFE052544AA694DD569E5AF2D0,IMPHASH=089EDE8293334E8B52F638440313FE63",11936,System,"splunk-netmon.exe","C:\Program Files\SplunkUniversalForwarder\bin\splunk-netmon.exe",,,,"<_='://../////'><><_='--'_='{----}'/><></><></><><",,,,,,,,,,,,,,,,,,,,,,informational,4,"Process creation",1,"XmlWinEventLog:Microsoft-Windows-Sysmon/Operational",XmlWinEventLog,FedoraThreatHunting,,,,,,,,,,,,,,,,,,,,,"process
report
track_event_signatures",,,,"process
report
track_event_signatures",,,,,,,,,SYSTEM,,,"'S-1-5-18'",,,,,"Microsoft Sysmon"
,,,,,,,,,,,,,,,"Microsoft-Windows-Sysmon/Operational",,,,,,,"""C:\Program Files\SplunkUniversalForwarder\bin\splunk-admon.exe""","Splunk Inc.",WindowsTarget,,,,,"C:\Windows\system32\","Active Directory monitor",,,,,,,,,,,,"Microsoft-Windows-Sysmon/Operational",1,"<Data Name='RuleName'>-</Data><Data Name='UtcTime'>2024-12-12 22:15:12.814</Data><Data Name='ProcessGuid'>{8e02ef74-6070-675b-1509-000000002a00}</Data><Data Name='ProcessId'>2100</Data><Data Name='Image'>C:\Program Files\SplunkUniversalForwarder\bin\splunk-admon.exe</Data><Data Name='FileVersion'>9.3.2</Data><Data Name='Description'>Active Directory monitor</Data><Data Name='Product'>splunk Application</Data><Data Name='Company'>Splunk Inc.</Data><Data Name='OriginalFileName'>splunk-admon.exe</Data><Data Name='CommandLine'>""C:\Program Files\SplunkUniversalForwarder\bin\splunk-admon.exe""</Data><Data Name='CurrentDirectory'>C:\Windows\system32\</Data><Data Name='User'>NT AUTHORITY\SYSTEM</Data><Data Name='LogonGuid'>{8e02ef74-3d4a-675b-e703-000000000000}</Data><Data Name='LogonId'>0x3e7</Data><Data Name='TerminalSessionId'>0</Data><Data Name='IntegrityLevel'>System</Data><Data Name='Hashes'>MD5=A836DF719BC5FB4821031DEA6C5322AA,SHA256=BD54D780B1BAB2CFF649EC25152AA4D9DEC7308A19F6C314FBFB5F4D14E1C868,IMPHASH=7B2E714E806DF6D24F76D65BEACA3A28</Data><Data Name='ParentProcessGuid'>{8e02ef74-5344-675b-2706-000000002a00}</Data><Data Name='ParentProcessId'>9752</Data><Data Name='ParentImage'>C:\Program Files\SplunkUniversalForwarder\bin\splunkd.exe</Data><Data Name='ParentCommandLine'>""C:\Program Files\SplunkUniversalForwarder\bin\splunkd.exe"" service</Data><Data Name='ParentUser'>NT AUTHORITY\SYSTEM</Data>","Process creation",1,100176,,,"9.3.2",,,,,,,,"'{5770385f-c22a-43e0-bf4c-06f5698ffbd9}'","MD5=A836DF719BC5FB4821031DEA6C5322AA,SHA256=BD54D780B1BAB2CFF649EC25152AA4D9DEC7308A19F6C314FBFB5F4D14E1C868,IMPHASH=7B2E714E806DF6D24F76D65BEACA3A28",,,7B2E714E806DF6D24F76D65BEACA3A28,"C:\Program Files\SplunkUniversalForwarder\bin\splunk-admon.exe",,,,System,,,,0x8000000000000000,4,,,"{8e02ef74-3d4a-675b-e703-000000000000}",0x3e7,,,,,,,,,A836DF719BC5FB4821031DEA6C5322AA,,,,,,,"'Microsoft-Windows-Sysmon'",,,,,,,,,,,,,0,"splunk-admon.exe",,"""C:\Program Files\SplunkUniversalForwarder\bin\splunkd.exe"" service","C:\Program Files\SplunkUniversalForwarder\bin\splunkd.exe","{8e02ef74-5344-675b-2706-000000002a00}",9752,"NT AUTHORITY\SYSTEM",,,,,,,"{8e02ef74-6070-675b-1509-000000002a00}","'3780'",2100,,,,"splunk Application",,,,,,100176,100176,,,,,"-",,BD54D780B1BAB2CFF649EC25152AA4D9DEC7308A19F6C314FBFB5F4D14E1C868,,,"S-1-5-18",,,,,,,,,,,,,,,,,,,,,,"'2024-12-12T22:15:12.8159945Z'","<Provider Name='Microsoft-Windows-Sysmon' Guid='{5770385f-c22a-43e0-bf4c-06f5698ffbd9}'/><EventID>1</EventID><Version>5</Version><Level>4</Level><Task>1</Task><Opcode>0</Opcode><Keywords>0x8000000000000000</Keywords><TimeCreated SystemTime='2024-12-12T22:15:12.8159945Z'/><EventRecordID>100176</EventRecordID><Correlation/><Execution ProcessID='3780' ThreadID='5104'/><Channel>Microsoft-Windows-Sysmon/Operational</Channel><Computer>WindowsTarget</Computer><Security UserID='S-1-5-18'/>",,,,,,,,,,,,,,,,,1,Devices,0,"'5104'","2024-12-12T22:15:12.8159945Z",,,,,"NT AUTHORITY\SYSTEM","'S-1-5-18'",,,,,,,,,,"2024-12-12 22:15:12.814",5,,,,,"<Event xmlns='http://schemas.microsoft.com/win/2004/08/events/event'><System><Provider Name='Microsoft-Windows-Sysmon' Guid='{5770385f-c22a-43e0-bf4c-06f5698ffbd9}'/><EventID>1</EventID><Version>5</Version><Level>4</Level><Task>1</Task><Opcode>0</Opcode><Keywords>0x8000000000000000</Keywords><TimeCreated SystemTime='2024-12-12T22:15:12.8159945Z'/><EventRecordID>100176</EventRecordID><Correlation/><Execution ProcessID='3780' ThreadID='5104'/><Channel>Microsoft-Windows-Sysmon/Operational</Channel><Computer>WindowsTarget</Computer><Security UserID='S-1-5-18'/></System><EventData><Data Name='RuleName'>-</Data><Data Name='UtcTime'>2024-12-12 22:15:12.814</Data><Data Name='ProcessGuid'>{8e02ef74-6070-675b-1509-000000002a00}</Data><Data Name='ProcessId'>2100</Data><Data Name='Image'>C:\Program Files\SplunkUniversalForwarder\bin\splunk-admon.exe</Data><Data Name='FileVersion'>9.3.2</Data><Data Name='Description'>Active Directory monitor</Data><Data Name='Product'>splunk Application</Data><Data Name='Company'>Splunk Inc.</Data><Data Name='OriginalFileName'>splunk-admon.exe</Data><Data Name='CommandLine'>""C:\Program Files\SplunkUniversalForwarder\bin\splunk-admon.exe""</Data><Data Name='CurrentDirectory'>C:\Windows\system32\</Data><Data Name='User'>NT AUTHORITY\SYSTEM</Data><Data Name='LogonGuid'>{8e02ef74-3d4a-675b-e703-000000000000}</Data><Data Name='LogonId'>0x3e7</Data><Data Name='TerminalSessionId'>0</Data><Data Name='IntegrityLevel'>System</Data><Data Name='Hashes'>MD5=A836DF719BC5FB4821031DEA6C5322AA,SHA256=BD54D780B1BAB2CFF649EC25152AA4D9DEC7308A19F6C314FBFB5F4D14E1C868,IMPHASH=7B2E714E806DF6D24F76D65BEACA3A28</Data><Data Name='ParentProcessGuid'>{8e02ef74-5344-675b-2706-000000002a00}</Data><Data Name='ParentProcessId'>9752</Data><Data Name='ParentImage'>C:\Program Files\SplunkUniversalForwarder\bin\splunkd.exe</Data><Data Name='ParentCommandLine'>""C:\Program Files\SplunkUniversalForwarder\bin\splunkd.exe"" service</Data><Data Name='ParentUser'>NT AUTHORITY\SYSTEM</Data></EventData></Event>","2024-12-12T17:15:12.000-0500",allowed,,,,,,,,,,,WindowsTarget,,,,,,,WindowsTarget,,WindowsTarget,100176,"endpoint_services_processes ms-sysmon-process windows_event_signature windows_ta_data",,,,,,,,WindowsTarget,,,100176,main,1,,,,,,,,,,,,,"splunk-admon.exe","Microsoft Windows","""C:\Program Files\SplunkUniversalForwarder\bin\splunkd.exe"" service","splunkd.exe","{8e02ef74-5344-675b-2706-000000002a00}",9752,"splunkd.exe","C:\Program Files\SplunkUniversalForwarder\bin\splunkd.exe",,,,"""C:\Program Files\SplunkUniversalForwarder\bin\splunk-admon.exe""","C:\Windows\system32\","splunk-admon.exe","{8e02ef74-6070-675b-1509-000000002a00}","MD5=A836DF719BC5FB4821031DEA6C5322AA,SHA256=BD54D780B1BAB2CFF649EC25152AA4D9DEC7308A19F6C314FBFB5F4D14E1C868,IMPHASH=7B2E714E806DF6D24F76D65BEACA3A28",2100,System,"splunk-admon.exe","C:\Program Files\SplunkUniversalForwarder\bin\splunk-admon.exe",,,,"<_='://../////'><><_='--'_='{----}'/><></><></><><",,,,,,,,,,,,,,,,,,,,,,informational,4,"Process creation",1,"XmlWinEventLog:Microsoft-Windows-Sysmon/Operational",XmlWinEventLog,FedoraThreatHunting,,,,,,,,,,,,,,,,,,,,,"process
report
track_event_signatures",,,,"process
report
track_event_signatures",,,,,,,,,SYSTEM,,,"'S-1-5-18'",,,,,"Microsoft Sysmon"
,,,,,,,,,,,,,,,"Microsoft-Windows-Sysmon/Operational",,,,,,,"""C:\Program Files\SplunkUniversalForwarder\bin\splunk-MonitorNoHandle.exe""","Windows (R) Win 7 DDK provider",WindowsTarget,,,,,"C:\Windows\system32\","SplunkMonNoHandle Control Program",,,,,,,,,,,,"Microsoft-Windows-Sysmon/Operational",1,"<Data Name='RuleName'>-</Data><Data Name='UtcTime'>2024-12-12 22:15:12.058</Data><Data Name='ProcessGuid'>{8e02ef74-6070-675b-1409-000000002a00}</Data><Data Name='ProcessId'>9516</Data><Data Name='Image'>C:\Program Files\SplunkUniversalForwarder\bin\splunk-MonitorNoHandle.exe</Data><Data Name='FileVersion'>10.0.10011.16384</Data><Data Name='Description'>SplunkMonNoHandle Control Program</Data><Data Name='Product'>Windows (R) Win 7 DDK driver</Data><Data Name='Company'>Windows (R) Win 7 DDK provider</Data><Data Name='OriginalFileName'>SplunkMonNoHandle.exe</Data><Data Name='CommandLine'>""C:\Program Files\SplunkUniversalForwarder\bin\splunk-MonitorNoHandle.exe""</Data><Data Name='CurrentDirectory'>C:\Windows\system32\</Data><Data Name='User'>NT AUTHORITY\SYSTEM</Data><Data Name='LogonGuid'>{8e02ef74-3d4a-675b-e703-000000000000}</Data><Data Name='LogonId'>0x3e7</Data><Data Name='TerminalSessionId'>0</Data><Data Name='IntegrityLevel'>System</Data><Data Name='Hashes'>MD5=B6C7EE9D75B2CC2B9A92D862B91E1943,SHA256=3FADA20382E33E6E270311B68BBAFFEAFF8F4C9367ABC255914C0D3CC542885F,IMPHASH=2EAA996E48B92C5E3FBBCC0A72683CB6</Data><Data Name='ParentProcessGuid'>{8e02ef74-5344-675b-2706-000000002a00}</Data><Data Name='ParentProcessId'>9752</Data><Data Name='ParentImage'>C:\Program Files\SplunkUniversalForwarder\bin\splunkd.exe</Data><Data Name='ParentCommandLine'>""C:\Program Files\SplunkUniversalForwarder\bin\splunkd.exe"" service</Data><Data Name='ParentUser'>NT AUTHORITY\SYSTEM</Data>","Process creation",1,100175,,,"10.0.10011.16384",,,,,,,,"'{5770385f-c22a-43e0-bf4c-06f5698ffbd9}'","MD5=B6C7EE9D75B2CC2B9A92D862B91E1943,SHA256=3FADA20382E33E6E270311B68BBAFFEAFF8F4C9367ABC255914C0D3CC542885F,IMPHASH=2EAA996E48B92C5E3FBBCC0A72683CB6",,,2EAA996E48B92C5E3FBBCC0A72683CB6,"C:\Program Files\SplunkUniversalForwarder\bin\splunk-MonitorNoHandle.exe",,,,System,,,,0x8000000000000000,4,,,"{8e02ef74-3d4a-675b-e703-000000000000}",0x3e7,,,,,,,,,B6C7EE9D75B2CC2B9A92D862B91E1943,,,,,,,"'Microsoft-Windows-Sysmon'",,,,,,,,,,,,,0,"SplunkMonNoHandle.exe",,"""C:\Program Files\SplunkUniversalForwarder\bin\splunkd.exe"" service","C:\Program Files\SplunkUniversalForwarder\bin\splunkd.exe","{8e02ef74-5344-675b-2706-000000002a00}",9752,"NT AUTHORITY\SYSTEM",,,,,,,"{8e02ef74-6070-675b-1409-000000002a00}","'3780'",9516,,,,"Windows (R) Win 7 DDK driver",,,,,,100175,100175,,,,,"-",,3FADA20382E33E6E270311B68BBAFFEAFF8F4C9367ABC255914C0D3CC542885F,,,"S-1-5-18",,,,,,,,,,,,,,,,,,,,,,"'2024-12-12T22:15:12.0601132Z'","<Provider Name='Microsoft-Windows-Sysmon' Guid='{5770385f-c22a-43e0-bf4c-06f5698ffbd9}'/><EventID>1</EventID><Version>5</Version><Level>4</Level><Task>1</Task><Opcode>0</Opcode><Keywords>0x8000000000000000</Keywords><TimeCreated SystemTime='2024-12-12T22:15:12.0601132Z'/><EventRecordID>100175</EventRecordID><Correlation/><Execution ProcessID='3780' ThreadID='5104'/><Channel>Microsoft-Windows-Sysmon/Operational</Channel><Computer>WindowsTarget</Computer><Security UserID='S-1-5-18'/>",,,,,,,,,,,,,,,,,1,Devices,0,"'5104'","2024-12-12T22:15:12.0601132Z",,,,,"NT AUTHORITY\SYSTEM","'S-1-5-18'",,,,,,,,,,"2024-12-12 22:15:12.058",5,,,,,"<Event xmlns='http://schemas.microsoft.com/win/2004/08/events/event'><System><Provider Name='Microsoft-Windows-Sysmon' Guid='{5770385f-c22a-43e0-bf4c-06f5698ffbd9}'/><EventID>1</EventID><Version>5</Version><Level>4</Level><Task>1</Task><Opcode>0</Opcode><Keywords>0x8000000000000000</Keywords><TimeCreated SystemTime='2024-12-12T22:15:12.0601132Z'/><EventRecordID>100175</EventRecordID><Correlation/><Execution ProcessID='3780' ThreadID='5104'/><Channel>Microsoft-Windows-Sysmon/Operational</Channel><Computer>WindowsTarget</Computer><Security UserID='S-1-5-18'/></System><EventData><Data Name='RuleName'>-</Data><Data Name='UtcTime'>2024-12-12 22:15:12.058</Data><Data Name='ProcessGuid'>{8e02ef74-6070-675b-1409-000000002a00}</Data><Data Name='ProcessId'>9516</Data><Data Name='Image'>C:\Program Files\SplunkUniversalForwarder\bin\splunk-MonitorNoHandle.exe</Data><Data Name='FileVersion'>10.0.10011.16384</Data><Data Name='Description'>SplunkMonNoHandle Control Program</Data><Data Name='Product'>Windows (R) Win 7 DDK driver</Data><Data Name='Company'>Windows (R) Win 7 DDK provider</Data><Data Name='OriginalFileName'>SplunkMonNoHandle.exe</Data><Data Name='CommandLine'>""C:\Program Files\SplunkUniversalForwarder\bin\splunk-MonitorNoHandle.exe""</Data><Data Name='CurrentDirectory'>C:\Windows\system32\</Data><Data Name='User'>NT AUTHORITY\SYSTEM</Data><Data Name='LogonGuid'>{8e02ef74-3d4a-675b-e703-000000000000}</Data><Data Name='LogonId'>0x3e7</Data><Data Name='TerminalSessionId'>0</Data><Data Name='IntegrityLevel'>System</Data><Data Name='Hashes'>MD5=B6C7EE9D75B2CC2B9A92D862B91E1943,SHA256=3FADA20382E33E6E270311B68BBAFFEAFF8F4C9367ABC255914C0D3CC542885F,IMPHASH=2EAA996E48B92C5E3FBBCC0A72683CB6</Data><Data Name='ParentProcessGuid'>{8e02ef74-5344-675b-2706-000000002a00}</Data><Data Name='ParentProcessId'>9752</Data><Data Name='ParentImage'>C:\Program Files\SplunkUniversalForwarder\bin\splunkd.exe</Data><Data Name='ParentCommandLine'>""C:\Program Files\SplunkUniversalForwarder\bin\splunkd.exe"" service</Data><Data Name='ParentUser'>NT AUTHORITY\SYSTEM</Data></EventData></Event>","2024-12-12T17:15:12.000-0500",allowed,,,,,,,,,,,WindowsTarget,,,,,,,WindowsTarget,,WindowsTarget,100175,"endpoint_services_processes ms-sysmon-process windows_event_signature windows_ta_data",,,,,,,,WindowsTarget,,,100175,main,1,,,,,,,,,,,,,"SplunkMonNoHandle.exe","Microsoft Windows","""C:\Program Files\SplunkUniversalForwarder\bin\splunkd.exe"" service","splunkd.exe","{8e02ef74-5344-675b-2706-000000002a00}",9752,"splunkd.exe","C:\Program Files\SplunkUniversalForwarder\bin\splunkd.exe",,,,"""C:\Program Files\SplunkUniversalForwarder\bin\splunk-MonitorNoHandle.exe""","C:\Windows\system32\","splunk-MonitorNoHandle.exe","{8e02ef74-6070-675b-1409-000000002a00}","MD5=B6C7EE9D75B2CC2B9A92D862B91E1943,SHA256=3FADA20382E33E6E270311B68BBAFFEAFF8F4C9367ABC255914C0D3CC542885F,IMPHASH=2EAA996E48B92C5E3FBBCC0A72683CB6",9516,System,"splunk-MonitorNoHandle.exe","C:\Program Files\SplunkUniversalForwarder\bin\splunk-MonitorNoHandle.exe",,,,"<_='://../////'><><_='--'_='{----}'/><></><></><><",,,,,,,,,,,,,,,,,,,,,,informational,4,"Process creation",1,"XmlWinEventLog:Microsoft-Windows-Sysmon/Operational",XmlWinEventLog,FedoraThreatHunting,,,,,,,,,,,,,,,,,,,,,"process
report
track_event_signatures",,,,"process
report
track_event_signatures",,,,,,,,,SYSTEM,,,"'S-1-5-18'",,,,,"Microsoft Sysmon"
,,,,,,,,,,,,,,,"Microsoft-Windows-Sysmon/Operational",,,,,,,,,WindowsTarget,,,,,,,,"-","192.168.1.4",false,9001,"-",,,,,,"Microsoft-Windows-Sysmon/Operational",3,"<Data Name='RuleName'>Tor</Data><Data Name='UtcTime'>2024-12-12 22:14:57.613</Data><Data Name='ProcessGuid'>{8e02ef74-5344-675b-2706-000000002a00}</Data><Data Name='ProcessId'>9752</Data><Data Name='Image'>C:\Program Files\SplunkUniversalForwarder\bin\splunkd.exe</Data><Data Name='User'>NT AUTHORITY\SYSTEM</Data><Data Name='Protocol'>tcp</Data><Data Name='Initiated'>true</Data><Data Name='SourceIsIpv6'>false</Data><Data Name='SourceIp'>10.0.0.5</Data><Data Name='SourceHostname'>WindowsTarget.gwvavixz1yzuxgweuyqj3hytvf.ux.internal.cloudapp.net</Data><Data Name='SourcePort'>55006</Data><Data Name='SourcePortName'>-</Data><Data Name='DestinationIsIpv6'>false</Data><Data Name='DestinationIp'>192.168.1.4</Data><Data Name='DestinationHostname'>-</Data><Data Name='DestinationPort'>9001</Data><Data Name='DestinationPortName'>-</Data>","Network connection",3,100174,,,,,,,,,,,"'{5770385f-c22a-43e0-bf4c-06f5698ffbd9}'",,,,,"C:\Program Files\SplunkUniversalForwarder\bin\splunkd.exe",,,true,,,,,0x8000000000000000,4,,,,,,,,,,,,,,,,,,,,"'Microsoft-Windows-Sysmon'",,,,,,,,,,,,,0,,,,,,,,,,,,,,"{8e02ef74-5344-675b-2706-000000002a00}","'3780'",9752,,,,,,tcp,,,,100174,100174,,,,,Tor,,,,,"S-1-5-18",,"WindowsTarget.gwvavixz1yzuxgweuyqj3hytvf.ux.internal.cloudapp.net","10.0.0.5",false,,55006,"-",,,,,,,,,,,,,,,"'2024-12-12T22:14:59.6175480Z'","<Provider Name='Microsoft-Windows-Sysmon' Guid='{5770385f-c22a-43e0-bf4c-06f5698ffbd9}'/><EventID>3</EventID><Version>5</Version><Level>4</Level><Task>3</Task><Opcode>0</Opcode><Keywords>0x8000000000000000</Keywords><TimeCreated SystemTime='2024-12-12T22:14:59.6175480Z'/><EventRecordID>100174</EventRecordID><Correlation/><Execution ProcessID='3780' ThreadID='3880'/><Channel>Microsoft-Windows-Sysmon/Operational</Channel><Computer>WindowsTarget</Computer><Security UserID='S-1-5-18'/>",,,,,,,,,,,,,,,,,3,Printers,,"'3880'","2024-12-12T22:14:59.6175480Z",,,,,"NT AUTHORITY\SYSTEM","'S-1-5-18'",,,,,,,,,,"2024-12-12 22:14:57.613",5,,,,,"<Event xmlns='http://schemas.microsoft.com/win/2004/08/events/event'><System><Provider Name='Microsoft-Windows-Sysmon' Guid='{5770385f-c22a-43e0-bf4c-06f5698ffbd9}'/><EventID>3</EventID><Version>5</Version><Level>4</Level><Task>3</Task><Opcode>0</Opcode><Keywords>0x8000000000000000</Keywords><TimeCreated SystemTime='2024-12-12T22:14:59.6175480Z'/><EventRecordID>100174</EventRecordID><Correlation/><Execution ProcessID='3780' ThreadID='3880'/><Channel>Microsoft-Windows-Sysmon/Operational</Channel><Computer>WindowsTarget</Computer><Security UserID='S-1-5-18'/></System><EventData><Data Name='RuleName'>Tor</Data><Data Name='UtcTime'>2024-12-12 22:14:57.613</Data><Data Name='ProcessGuid'>{8e02ef74-5344-675b-2706-000000002a00}</Data><Data Name='ProcessId'>9752</Data><Data Name='Image'>C:\Program Files\SplunkUniversalForwarder\bin\splunkd.exe</Data><Data Name='User'>NT AUTHORITY\SYSTEM</Data><Data Name='Protocol'>tcp</Data><Data Name='Initiated'>true</Data><Data Name='SourceIsIpv6'>false</Data><Data Name='SourceIp'>10.0.0.5</Data><Data Name='SourceHostname'>WindowsTarget.gwvavixz1yzuxgweuyqj3hytvf.ux.internal.cloudapp.net</Data><Data Name='SourcePort'>55006</Data><Data Name='SourcePortName'>-</Data><Data Name='DestinationIsIpv6'>false</Data><Data Name='DestinationIp'>192.168.1.4</Data><Data Name='DestinationHostname'>-</Data><Data Name='DestinationPort'>9001</Data><Data Name='DestinationPortName'>-</Data></EventData></Event>","2024-12-12T17:14:59.000-0500",allowed,,,"C:\Program Files\SplunkUniversalForwarder\bin\splunkd.exe",,,,,,"2024-12-12 22:14:57.613",,"192.168.1.4",,"192.168.1.4",,,9001,outbound,WindowsTarget,"10.0.0.5",WindowsTarget,100174,"endpoint_services_processes ms-sysmon-network windows_event_signature windows_ta_data",,,,,,,,WindowsTarget,,,100174,main,1,,,,,,,,,,,,,,,,,,,,,,,,,,"splunkd.exe","{8e02ef74-5344-675b-2706-000000002a00}",,9752,,"splunkd.exe",,,ip,ipv4,"<_='://../////'><><_='--'_='{----}'/><></><></><><",,,,,,,,,,,,,Tor,,,,,,,,,informational,4,"Network connection",3,"XmlWinEventLog:Microsoft-Windows-Sysmon/Operational",XmlWinEventLog,FedoraThreatHunting,,"WindowsTarget.gwvavixz1yzuxgweuyqj3hytvf.ux.internal.cloudapp.net",,,"WindowsTarget.gwvavixz1yzuxgweuyqj3hytvf.ux.internal.cloudapp.net","10.0.0.5",,,,55006,,,,,established,,,,,,"communicate
network
track_event_signatures",,,,"communicate
network
track_event_signatures",,,tcp,"tcp/9001",,,,,SYSTEM,,,"'S-1-5-18'",,,,,"Microsoft Sysmon"
,,,,,,,,,,,,,,,"Microsoft-Windows-Sysmon/Operational",,,,,,,,,WindowsTarget,,,,,,,,"-","192.168.1.4",false,9001,"-",,,,,,"Microsoft-Windows-Sysmon/Operational",3,"<Data Name='RuleName'>Tor</Data><Data Name='UtcTime'>2024-12-12 22:14:27.672</Data><Data Name='ProcessGuid'>{8e02ef74-5344-675b-2706-000000002a00}</Data><Data Name='ProcessId'>9752</Data><Data Name='Image'>C:\Program Files\SplunkUniversalForwarder\bin\splunkd.exe</Data><Data Name='User'>NT AUTHORITY\SYSTEM</Data><Data Name='Protocol'>tcp</Data><Data Name='Initiated'>true</Data><Data Name='SourceIsIpv6'>false</Data><Data Name='SourceIp'>10.0.0.5</Data><Data Name='SourceHostname'>WindowsTarget.gwvavixz1yzuxgweuyqj3hytvf.ux.internal.cloudapp.net</Data><Data Name='SourcePort'>54993</Data><Data Name='SourcePortName'>-</Data><Data Name='DestinationIsIpv6'>false</Data><Data Name='DestinationIp'>192.168.1.4</Data><Data Name='DestinationHostname'>-</Data><Data Name='DestinationPort'>9001</Data><Data Name='DestinationPortName'>-</Data>","Network connection",3,100173,,,,,,,,,,,"'{5770385f-c22a-43e0-bf4c-06f5698ffbd9}'",,,,,"C:\Program Files\SplunkUniversalForwarder\bin\splunkd.exe",,,true,,,,,0x8000000000000000,4,,,,,,,,,,,,,,,,,,,,"'Microsoft-Windows-Sysmon'",,,,,,,,,,,,,0,,,,,,,,,,,,,,"{8e02ef74-5344-675b-2706-000000002a00}","'3780'",9752,,,,,,tcp,,,,100173,100173,,,,,Tor,,,,,"S-1-5-18",,"WindowsTarget.gwvavixz1yzuxgweuyqj3hytvf.ux.internal.cloudapp.net","10.0.0.5",false,,54993,"-",,,,,,,,,,,,,,,"'2024-12-12T22:14:29.5144206Z'","<Provider Name='Microsoft-Windows-Sysmon' Guid='{5770385f-c22a-43e0-bf4c-06f5698ffbd9}'/><EventID>3</EventID><Version>5</Version><Level>4</Level><Task>3</Task><Opcode>0</Opcode><Keywords>0x8000000000000000</Keywords><TimeCreated SystemTime='2024-12-12T22:14:29.5144206Z'/><EventRecordID>100173</EventRecordID><Correlation/><Execution ProcessID='3780' ThreadID='3880'/><Channel>Microsoft-Windows-Sysmon/Operational</Channel><Computer>WindowsTarget</Computer><Security UserID='S-1-5-18'/>",,,,,,,,,,,,,,,,,3,Printers,,"'3880'","2024-12-12T22:14:29.5144206Z",,,,,"NT AUTHORITY\SYSTEM","'S-1-5-18'",,,,,,,,,,"2024-12-12 22:14:27.672",5,,,,,"<Event xmlns='http://schemas.microsoft.com/win/2004/08/events/event'><System><Provider Name='Microsoft-Windows-Sysmon' Guid='{5770385f-c22a-43e0-bf4c-06f5698ffbd9}'/><EventID>3</EventID><Version>5</Version><Level>4</Level><Task>3</Task><Opcode>0</Opcode><Keywords>0x8000000000000000</Keywords><TimeCreated SystemTime='2024-12-12T22:14:29.5144206Z'/><EventRecordID>100173</EventRecordID><Correlation/><Execution ProcessID='3780' ThreadID='3880'/><Channel>Microsoft-Windows-Sysmon/Operational</Channel><Computer>WindowsTarget</Computer><Security UserID='S-1-5-18'/></System><EventData><Data Name='RuleName'>Tor</Data><Data Name='UtcTime'>2024-12-12 22:14:27.672</Data><Data Name='ProcessGuid'>{8e02ef74-5344-675b-2706-000000002a00}</Data><Data Name='ProcessId'>9752</Data><Data Name='Image'>C:\Program Files\SplunkUniversalForwarder\bin\splunkd.exe</Data><Data Name='User'>NT AUTHORITY\SYSTEM</Data><Data Name='Protocol'>tcp</Data><Data Name='Initiated'>true</Data><Data Name='SourceIsIpv6'>false</Data><Data Name='SourceIp'>10.0.0.5</Data><Data Name='SourceHostname'>WindowsTarget.gwvavixz1yzuxgweuyqj3hytvf.ux.internal.cloudapp.net</Data><Data Name='SourcePort'>54993</Data><Data Name='SourcePortName'>-</Data><Data Name='DestinationIsIpv6'>false</Data><Data Name='DestinationIp'>192.168.1.4</Data><Data Name='DestinationHostname'>-</Data><Data Name='DestinationPort'>9001</Data><Data Name='DestinationPortName'>-</Data></EventData></Event>","2024-12-12T17:14:29.000-0500",allowed,,,"C:\Program Files\SplunkUniversalForwarder\bin\splunkd.exe",,,,,,"2024-12-12 22:14:27.672",,"192.168.1.4",,"192.168.1.4",,,9001,outbound,WindowsTarget,"10.0.0.5",WindowsTarget,100173,"endpoint_services_processes ms-sysmon-network windows_event_signature windows_ta_data",,,,,,,,WindowsTarget,,,100173,main,1,,,,,,,,,,,,,,,,,,,,,,,,,,"splunkd.exe","{8e02ef74-5344-675b-2706-000000002a00}",,9752,,"splunkd.exe",,,ip,ipv4,"<_='://../////'><><_='--'_='{----}'/><></><></><><",,,,,,,,,,,,,Tor,,,,,,,,,informational,4,"Network connection",3,"XmlWinEventLog:Microsoft-Windows-Sysmon/Operational",XmlWinEventLog,FedoraThreatHunting,,"WindowsTarget.gwvavixz1yzuxgweuyqj3hytvf.ux.internal.cloudapp.net",,,"WindowsTarget.gwvavixz1yzuxgweuyqj3hytvf.ux.internal.cloudapp.net","10.0.0.5",,,,54993,,,,,established,,,,,,"communicate
network
track_event_signatures",,,,"communicate
network
track_event_signatures",,,tcp,"tcp/9001",,,,,SYSTEM,,,"'S-1-5-18'",,,,,"Microsoft Sysmon"
,,,,,,,,,,,,,,,"Microsoft-Windows-Sysmon/Operational",,,,,,,"""C:\Program Files\SplunkUniversalForwarder\bin\splunk-regmon.exe""","Splunk Inc.",WindowsTarget,,,,,"C:\Windows\system32\","Registry monitor",,,,,,,,,,,,"Microsoft-Windows-Sysmon/Operational",1,"<Data Name='RuleName'>-</Data><Data Name='UtcTime'>2024-12-12 22:14:17.556</Data><Data Name='ProcessGuid'>{8e02ef74-6039-675b-1309-000000002a00}</Data><Data Name='ProcessId'>9032</Data><Data Name='Image'>C:\Program Files\SplunkUniversalForwarder\bin\splunk-regmon.exe</Data><Data Name='FileVersion'>9.3.2</Data><Data Name='Description'>Registry monitor</Data><Data Name='Product'>splunk Application</Data><Data Name='Company'>Splunk Inc.</Data><Data Name='OriginalFileName'>splunk-regmon.exe</Data><Data Name='CommandLine'>""C:\Program Files\SplunkUniversalForwarder\bin\splunk-regmon.exe""</Data><Data Name='CurrentDirectory'>C:\Windows\system32\</Data><Data Name='User'>NT AUTHORITY\SYSTEM</Data><Data Name='LogonGuid'>{8e02ef74-3d4a-675b-e703-000000000000}</Data><Data Name='LogonId'>0x3e7</Data><Data Name='TerminalSessionId'>0</Data><Data Name='IntegrityLevel'>System</Data><Data Name='Hashes'>MD5=E7432FD0BE0FB381CA5F91DC60C988B3,SHA256=5A9F508CFC1B938EB7368C2CC8264202EE5F02A2B5F938A47351823B384F19BC,IMPHASH=49E336D7B9A7A129F5B660D2C45C636B</Data><Data Name='ParentProcessGuid'>{8e02ef74-5344-675b-2706-000000002a00}</Data><Data Name='ParentProcessId'>9752</Data><Data Name='ParentImage'>C:\Program Files\SplunkUniversalForwarder\bin\splunkd.exe</Data><Data Name='ParentCommandLine'>""C:\Program Files\SplunkUniversalForwarder\bin\splunkd.exe"" service</Data><Data Name='ParentUser'>NT AUTHORITY\SYSTEM</Data>","Process creation",1,100172,,,"9.3.2",,,,,,,,"'{5770385f-c22a-43e0-bf4c-06f5698ffbd9}'","MD5=E7432FD0BE0FB381CA5F91DC60C988B3,SHA256=5A9F508CFC1B938EB7368C2CC8264202EE5F02A2B5F938A47351823B384F19BC,IMPHASH=49E336D7B9A7A129F5B660D2C45C636B",,,49E336D7B9A7A129F5B660D2C45C636B,"C:\Program Files\SplunkUniversalForwarder\bin\splunk-regmon.exe",,,,System,,,,0x8000000000000000,4,,,"{8e02ef74-3d4a-675b-e703-000000000000}",0x3e7,,,,,,,,,E7432FD0BE0FB381CA5F91DC60C988B3,,,,,,,"'Microsoft-Windows-Sysmon'",,,,,,,,,,,,,0,"splunk-regmon.exe",,"""C:\Program Files\SplunkUniversalForwarder\bin\splunkd.exe"" service","C:\Program Files\SplunkUniversalForwarder\bin\splunkd.exe","{8e02ef74-5344-675b-2706-000000002a00}",9752,"NT AUTHORITY\SYSTEM",,,,,,,"{8e02ef74-6039-675b-1309-000000002a00}","'3780'",9032,,,,"splunk Application",,,,,,100172,100172,,,,,"-",,5A9F508CFC1B938EB7368C2CC8264202EE5F02A2B5F938A47351823B384F19BC,,,"S-1-5-18",,,,,,,,,,,,,,,,,,,,,,"'2024-12-12T22:14:17.5581588Z'","<Provider Name='Microsoft-Windows-Sysmon' Guid='{5770385f-c22a-43e0-bf4c-06f5698ffbd9}'/><EventID>1</EventID><Version>5</Version><Level>4</Level><Task>1</Task><Opcode>0</Opcode><Keywords>0x8000000000000000</Keywords><TimeCreated SystemTime='2024-12-12T22:14:17.5581588Z'/><EventRecordID>100172</EventRecordID><Correlation/><Execution ProcessID='3780' ThreadID='5104'/><Channel>Microsoft-Windows-Sysmon/Operational</Channel><Computer>WindowsTarget</Computer><Security UserID='S-1-5-18'/>",,,,,,,,,,,,,,,,,1,Devices,0,"'5104'","2024-12-12T22:14:17.5581588Z",,,,,"NT AUTHORITY\SYSTEM","'S-1-5-18'",,,,,,,,,,"2024-12-12 22:14:17.556",5,,,,,"<Event xmlns='http://schemas.microsoft.com/win/2004/08/events/event'><System><Provider Name='Microsoft-Windows-Sysmon' Guid='{5770385f-c22a-43e0-bf4c-06f5698ffbd9}'/><EventID>1</EventID><Version>5</Version><Level>4</Level><Task>1</Task><Opcode>0</Opcode><Keywords>0x8000000000000000</Keywords><TimeCreated SystemTime='2024-12-12T22:14:17.5581588Z'/><EventRecordID>100172</EventRecordID><Correlation/><Execution ProcessID='3780' ThreadID='5104'/><Channel>Microsoft-Windows-Sysmon/Operational</Channel><Computer>WindowsTarget</Computer><Security UserID='S-1-5-18'/></System><EventData><Data Name='RuleName'>-</Data><Data Name='UtcTime'>2024-12-12 22:14:17.556</Data><Data Name='ProcessGuid'>{8e02ef74-6039-675b-1309-000000002a00}</Data><Data Name='ProcessId'>9032</Data><Data Name='Image'>C:\Program Files\SplunkUniversalForwarder\bin\splunk-regmon.exe</Data><Data Name='FileVersion'>9.3.2</Data><Data Name='Description'>Registry monitor</Data><Data Name='Product'>splunk Application</Data><Data Name='Company'>Splunk Inc.</Data><Data Name='OriginalFileName'>splunk-regmon.exe</Data><Data Name='CommandLine'>""C:\Program Files\SplunkUniversalForwarder\bin\splunk-regmon.exe""</Data><Data Name='CurrentDirectory'>C:\Windows\system32\</Data><Data Name='User'>NT AUTHORITY\SYSTEM</Data><Data Name='LogonGuid'>{8e02ef74-3d4a-675b-e703-000000000000}</Data><Data Name='LogonId'>0x3e7</Data><Data Name='TerminalSessionId'>0</Data><Data Name='IntegrityLevel'>System</Data><Data Name='Hashes'>MD5=E7432FD0BE0FB381CA5F91DC60C988B3,SHA256=5A9F508CFC1B938EB7368C2CC8264202EE5F02A2B5F938A47351823B384F19BC,IMPHASH=49E336D7B9A7A129F5B660D2C45C636B</Data><Data Name='ParentProcessGuid'>{8e02ef74-5344-675b-2706-000000002a00}</Data><Data Name='ParentProcessId'>9752</Data><Data Name='ParentImage'>C:\Program Files\SplunkUniversalForwarder\bin\splunkd.exe</Data><Data Name='ParentCommandLine'>""C:\Program Files\SplunkUniversalForwarder\bin\splunkd.exe"" service</Data><Data Name='ParentUser'>NT AUTHORITY\SYSTEM</Data></EventData></Event>","2024-12-12T17:14:17.000-0500",allowed,,,,,,,,,,,WindowsTarget,,,,,,,WindowsTarget,,WindowsTarget,100172,"endpoint_services_processes ms-sysmon-process windows_event_signature windows_ta_data",,,,,,,,WindowsTarget,,,100172,main,1,,,,,,,,,,,,,"splunk-regmon.exe","Microsoft Windows","""C:\Program Files\SplunkUniversalForwarder\bin\splunkd.exe"" service","splunkd.exe","{8e02ef74-5344-675b-2706-000000002a00}",9752,"splunkd.exe","C:\Program Files\SplunkUniversalForwarder\bin\splunkd.exe",,,,"""C:\Program Files\SplunkUniversalForwarder\bin\splunk-regmon.exe""","C:\Windows\system32\","splunk-regmon.exe","{8e02ef74-6039-675b-1309-000000002a00}","MD5=E7432FD0BE0FB381CA5F91DC60C988B3,SHA256=5A9F508CFC1B938EB7368C2CC8264202EE5F02A2B5F938A47351823B384F19BC,IMPHASH=49E336D7B9A7A129F5B660D2C45C636B",9032,System,"splunk-regmon.exe","C:\Program Files\SplunkUniversalForwarder\bin\splunk-regmon.exe",,,,"<_='://../////'><><_='--'_='{----}'/><></><></><><",,,,,,,,,,,,,,,,,,,,,,informational,4,"Process creation",1,"XmlWinEventLog:Microsoft-Windows-Sysmon/Operational",XmlWinEventLog,FedoraThreatHunting,,,,,,,,,,,,,,,,,,,,,"process
report
track_event_signatures",,,,"process
report
track_event_signatures",,,,,,,,,SYSTEM,,,"'S-1-5-18'",,,,,"Microsoft Sysmon"
,,,,,,,,,,,,,,,"Microsoft-Windows-Sysmon/Operational",,,,,,,"""C:\Program Files\SplunkUniversalForwarder\bin\splunk-powershell.exe"" --ps2","-",WindowsTarget,,,,,"C:\Windows\system32\","-",,,,,,,,,,,,"Microsoft-Windows-Sysmon/Operational",1,"<Data Name='RuleName'>-</Data><Data Name='UtcTime'>2024-12-12 22:14:16.814</Data><Data Name='ProcessGuid'>{8e02ef74-6038-675b-1209-000000002a00}</Data><Data Name='ProcessId'>10752</Data><Data Name='Image'>C:\Program Files\SplunkUniversalForwarder\bin\splunk-powershell.exe</Data><Data Name='FileVersion'>-</Data><Data Name='Description'>-</Data><Data Name='Product'>-</Data><Data Name='Company'>-</Data><Data Name='OriginalFileName'>-</Data><Data Name='CommandLine'>""C:\Program Files\SplunkUniversalForwarder\bin\splunk-powershell.exe"" --ps2</Data><Data Name='CurrentDirectory'>C:\Windows\system32\</Data><Data Name='User'>NT AUTHORITY\SYSTEM</Data><Data Name='LogonGuid'>{8e02ef74-3d4a-675b-e703-000000000000}</Data><Data Name='LogonId'>0x3e7</Data><Data Name='TerminalSessionId'>0</Data><Data Name='IntegrityLevel'>System</Data><Data Name='Hashes'>MD5=D925619A15C4DB19DBDBA44C5322F8F8,SHA256=849A77400227F8B844EF38A3D11BBD558DBC2FE4D5AAB5DCA82ADE4DA040AFBD,IMPHASH=CF14D28467DD4FEF75398156A8E6A19A</Data><Data Name='ParentProcessGuid'>{8e02ef74-5344-675b-2706-000000002a00}</Data><Data Name='ParentProcessId'>9752</Data><Data Name='ParentImage'>C:\Program Files\SplunkUniversalForwarder\bin\splunkd.exe</Data><Data Name='ParentCommandLine'>""C:\Program Files\SplunkUniversalForwarder\bin\splunkd.exe"" service</Data><Data Name='ParentUser'>NT AUTHORITY\SYSTEM</Data>","Process creation",1,100171,,,"-",,,,,,,,"'{5770385f-c22a-43e0-bf4c-06f5698ffbd9}'","MD5=D925619A15C4DB19DBDBA44C5322F8F8,SHA256=849A77400227F8B844EF38A3D11BBD558DBC2FE4D5AAB5DCA82ADE4DA040AFBD,IMPHASH=CF14D28467DD4FEF75398156A8E6A19A",,,CF14D28467DD4FEF75398156A8E6A19A,"C:\Program Files\SplunkUniversalForwarder\bin\splunk-powershell.exe",,,,System,,,,0x8000000000000000,4,,,"{8e02ef74-3d4a-675b-e703-000000000000}",0x3e7,,,,,,,,,D925619A15C4DB19DBDBA44C5322F8F8,,,,,,,"'Microsoft-Windows-Sysmon'",,,,,,,,,,,,,0,"-",,"""C:\Program Files\SplunkUniversalForwarder\bin\splunkd.exe"" service","C:\Program Files\SplunkUniversalForwarder\bin\splunkd.exe","{8e02ef74-5344-675b-2706-000000002a00}",9752,"NT AUTHORITY\SYSTEM",,,,,,,"{8e02ef74-6038-675b-1209-000000002a00}","'3780'",10752,,,,"-",,,,,,100171,100171,,,,,"-",,849A77400227F8B844EF38A3D11BBD558DBC2FE4D5AAB5DCA82ADE4DA040AFBD,,,"S-1-5-18",,,,,,,,,,,,,,,,,,,,,,"'2024-12-12T22:14:16.8158146Z'","<Provider Name='Microsoft-Windows-Sysmon' Guid='{5770385f-c22a-43e0-bf4c-06f5698ffbd9}'/><EventID>1</EventID><Version>5</Version><Level>4</Level><Task>1</Task><Opcode>0</Opcode><Keywords>0x8000000000000000</Keywords><TimeCreated SystemTime='2024-12-12T22:14:16.8158146Z'/><EventRecordID>100171</EventRecordID><Correlation/><Execution ProcessID='3780' ThreadID='5104'/><Channel>Microsoft-Windows-Sysmon/Operational</Channel><Computer>WindowsTarget</Computer><Security UserID='S-1-5-18'/>",,,,,,,,,,,,,,,,,1,Devices,0,"'5104'","2024-12-12T22:14:16.8158146Z",,,,,"NT AUTHORITY\SYSTEM","'S-1-5-18'",,,,,,,,,,"2024-12-12 22:14:16.814",5,,,,,"<Event xmlns='http://schemas.microsoft.com/win/2004/08/events/event'><System><Provider Name='Microsoft-Windows-Sysmon' Guid='{5770385f-c22a-43e0-bf4c-06f5698ffbd9}'/><EventID>1</EventID><Version>5</Version><Level>4</Level><Task>1</Task><Opcode>0</Opcode><Keywords>0x8000000000000000</Keywords><TimeCreated SystemTime='2024-12-12T22:14:16.8158146Z'/><EventRecordID>100171</EventRecordID><Correlation/><Execution ProcessID='3780' ThreadID='5104'/><Channel>Microsoft-Windows-Sysmon/Operational</Channel><Computer>WindowsTarget</Computer><Security UserID='S-1-5-18'/></System><EventData><Data Name='RuleName'>-</Data><Data Name='UtcTime'>2024-12-12 22:14:16.814</Data><Data Name='ProcessGuid'>{8e02ef74-6038-675b-1209-000000002a00}</Data><Data Name='ProcessId'>10752</Data><Data Name='Image'>C:\Program Files\SplunkUniversalForwarder\bin\splunk-powershell.exe</Data><Data Name='FileVersion'>-</Data><Data Name='Description'>-</Data><Data Name='Product'>-</Data><Data Name='Company'>-</Data><Data Name='OriginalFileName'>-</Data><Data Name='CommandLine'>""C:\Program Files\SplunkUniversalForwarder\bin\splunk-powershell.exe"" --ps2</Data><Data Name='CurrentDirectory'>C:\Windows\system32\</Data><Data Name='User'>NT AUTHORITY\SYSTEM</Data><Data Name='LogonGuid'>{8e02ef74-3d4a-675b-e703-000000000000}</Data><Data Name='LogonId'>0x3e7</Data><Data Name='TerminalSessionId'>0</Data><Data Name='IntegrityLevel'>System</Data><Data Name='Hashes'>MD5=D925619A15C4DB19DBDBA44C5322F8F8,SHA256=849A77400227F8B844EF38A3D11BBD558DBC2FE4D5AAB5DCA82ADE4DA040AFBD,IMPHASH=CF14D28467DD4FEF75398156A8E6A19A</Data><Data Name='ParentProcessGuid'>{8e02ef74-5344-675b-2706-000000002a00}</Data><Data Name='ParentProcessId'>9752</Data><Data Name='ParentImage'>C:\Program Files\SplunkUniversalForwarder\bin\splunkd.exe</Data><Data Name='ParentCommandLine'>""C:\Program Files\SplunkUniversalForwarder\bin\splunkd.exe"" service</Data><Data Name='ParentUser'>NT AUTHORITY\SYSTEM</Data></EventData></Event>","2024-