12-12T16:59:59.000-0500",created,,,,,,,,,,,WindowsTarget,,,,,,,WindowsTarget,,WindowsTarget,99928,"endpoint_services_processes ms-sysmon-filemod windows_event_signature windows_ta_data",,"2024-12-12 21:59:59.172",,,"api-ms-win-crt-process-l1-1-0.dll","C:\Users\inf808\AppData\Local\Temp\_MEI35082\api-ms-win-crt-process-l1-1-0.dll",,WindowsTarget,,,99928,main,1,,,,,,,,,,file,,,,,,,,,,,,,,,,"LaZagne.exe","{8e02ef74-5cde-675b-5708-000000002a00}",,3508,,"LaZagne.exe","C:\Users\inf808\AppData\Local\inf808\LaZagne.exe",,,,"<_='://../////'><><_='--'_='{----}'/><></><></><><",,,,,,,,,,,,,,,,,,,,,,informational,4,FileCreate,11,"XmlWinEventLog:Microsoft-Windows-Sysmon/Operational",XmlWinEventLog,FedoraThreatHunting,,,,,,,,,,,,,,,,,,,,,"endpoint
filesystem
track_event_signatures",,,,"endpoint
filesystem
track_event_signatures",filesystem,,,,,,,,inf808,,,"'S-1-5-18'",,,,,"Microsoft Sysmon"
,,,,,,,,,,,,,,,"Microsoft-Windows-Sysmon/Operational",,,,,,,,,WindowsTarget,,,"2024-12-12 21:59:59.170",,,,,,,,,,,,,,,"Microsoft-Windows-Sysmon/Operational",11,"<Data Name='RuleName'>DLL</Data><Data Name='UtcTime'>2024-12-12 21:59:59.171</Data><Data Name='ProcessGuid'>{8e02ef74-5cde-675b-5708-000000002a00}</Data><Data Name='ProcessId'>3508</Data><Data Name='Image'>C:\Users\inf808\AppData\Local\inf808\LaZagne.exe</Data><Data Name='TargetFilename'>C:\Users\inf808\AppData\Local\Temp\_MEI35082\api-ms-win-crt-math-l1-1-0.dll</Data><Data Name='CreationUtcTime'>2024-12-12 21:59:59.170</Data><Data Name='User'>WindowsTarget\inf808</Data>",FileCreate,11,99927,,,,,,,,,,,"'{5770385f-c22a-43e0-bf4c-06f5698ffbd9}'",,,,,"C:\Users\inf808\AppData\Local\inf808\LaZagne.exe",,,,,,,,0x8000000000000000,4,,,,,,,,,,,,,,,,,,,,"'Microsoft-Windows-Sysmon'",,,,,,,,,,,,,0,,,,,,,,,,,,,,"{8e02ef74-5cde-675b-5708-000000002a00}","'3780'",3508,,,,,,,,,,99927,99927,,,,,DLL,,,,,"S-1-5-18",,,,,,,,,,,,,,,,,,,,,,"'2024-12-12T21:59:59.1715213Z'","<Provider Name='Microsoft-Windows-Sysmon' Guid='{5770385f-c22a-43e0-bf4c-06f5698ffbd9}'/><EventID>11</EventID><Version>2</Version><Level>4</Level><Task>11</Task><Opcode>0</Opcode><Keywords>0x8000000000000000</Keywords><TimeCreated SystemTime='2024-12-12T21:59:59.1715213Z'/><EventRecordID>99927</EventRecordID><Correlation/><Execution ProcessID='3780' ThreadID='5104'/><Channel>Microsoft-Windows-Sysmon/Operational</Channel><Computer>WindowsTarget</Computer><Security UserID='S-1-5-18'/>",,"C:\Users\inf808\AppData\Local\Temp\_MEI35082\api-ms-win-crt-math-l1-1-0.dll",,,,,,,,,,,,,,,11,"System Parameter Settings",,"'5104'","2024-12-12T21:59:59.1715213Z",,,,,"WindowsTarget\inf808","'S-1-5-18'",,,,,,,,,,"2024-12-12 21:59:59.171",2,,,,,"<Event xmlns='http://schemas.microsoft.com/win/2004/08/events/event'><System><Provider Name='Microsoft-Windows-Sysmon' Guid='{5770385f-c22a-43e0-bf4c-06f5698ffbd9}'/><EventID>11</EventID><Version>2</Version><Level>4</Level><Task>11</Task><Opcode>0</Opcode><Keywords>0x8000000000000000</Keywords><TimeCreated SystemTime='2024-12-12T21:59:59.1715213Z'/><EventRecordID>99927</EventRecordID><Correlation/><Execution ProcessID='3780' ThreadID='5104'/><Channel>Microsoft-Windows-Sysmon/Operational</Channel><Computer>WindowsTarget</Computer><Security UserID='S-1-5-18'/></System><EventData><Data Name='RuleName'>DLL</Data><Data Name='UtcTime'>2024-12-12 21:59:59.171</Data><Data Name='ProcessGuid'>{8e02ef74-5cde-675b-5708-000000002a00}</Data><Data Name='ProcessId'>3508</Data><Data Name='Image'>C:\Users\inf808\AppData\Local\inf808\LaZagne.exe</Data><Data Name='TargetFilename'>C:\Users\inf808\AppData\Local\Temp\_MEI35082\api-ms-win-crt-math-l1-1-0.dll</Data><Data Name='CreationUtcTime'>2024-12-12 21:59:59.170</Data><Data Name='User'>WindowsTarget\inf808</Data></EventData></Event>","2024-12-12T16:59:59.000-0500",modified,,,,,,,,,,,WindowsTarget,,,,,,,WindowsTarget,,WindowsTarget,99927,"endpoint_services_processes ms-sysmon-filemod windows_event_signature windows_ta_data",,"2024-12-12 21:59:59.170",,,"api-ms-win-crt-math-l1-1-0.dll","C:\Users\inf808\AppData\Local\Temp\_MEI35082\api-ms-win-crt-math-l1-1-0.dll",,WindowsTarget,,,99927,main,1,,,,,,,,,,file,,,,,,,,,,,,,,,,"LaZagne.exe","{8e02ef74-5cde-675b-5708-000000002a00}",,3508,,"LaZagne.exe","C:\Users\inf808\AppData\Local\inf808\LaZagne.exe",,,,"<_='://../////'><><_='--'_='{----}'/><></><></><><",,,,,,,,,,,,,,,,,,,,,,informational,4,FileCreate,11,"XmlWinEventLog:Microsoft-Windows-Sysmon/Operational",XmlWinEventLog,FedoraThreatHunting,,,,,,,,,,,,,,,,,,,,,"endpoint
filesystem
track_event_signatures",,,,"endpoint
filesystem
track_event_signatures",filesystem,,,,,,,,inf808,,,"'S-1-5-18'",,,,,"Microsoft Sysmon"
,,,,,,,,,,,,,,,"Microsoft-Windows-Sysmon/Operational",,,,,,,,,WindowsTarget,,,"2024-12-12 21:59:59.169",,,,,,,,,,,,,,,"Microsoft-Windows-Sysmon/Operational",11,"<Data Name='RuleName'>DLL</Data><Data Name='UtcTime'>2024-12-12 21:59:59.169</Data><Data Name='ProcessGuid'>{8e02ef74-5cde-675b-5708-000000002a00}</Data><Data Name='ProcessId'>3508</Data><Data Name='Image'>C:\Users\inf808\AppData\Local\inf808\LaZagne.exe</Data><Data Name='TargetFilename'>C:\Users\inf808\AppData\Local\Temp\_MEI35082\api-ms-win-crt-locale-l1-1-0.dll</Data><Data Name='CreationUtcTime'>2024-12-12 21:59:59.169</Data><Data Name='User'>WindowsTarget\inf808</Data>",FileCreate,11,99926,,,,,,,,,,,"'{5770385f-c22a-43e0-bf4c-06f5698ffbd9}'",,,,,"C:\Users\inf808\AppData\Local\inf808\LaZagne.exe",,,,,,,,0x8000000000000000,4,,,,,,,,,,,,,,,,,,,,"'Microsoft-Windows-Sysmon'",,,,,,,,,,,,,0,,,,,,,,,,,,,,"{8e02ef74-5cde-675b-5708-000000002a00}","'3780'",3508,,,,,,,,,,99926,99926,,,,,DLL,,,,,"S-1-5-18",,,,,,,,,,,,,,,,,,,,,,"'2024-12-12T21:59:59.1701816Z'","<Provider Name='Microsoft-Windows-Sysmon' Guid='{5770385f-c22a-43e0-bf4c-06f5698ffbd9}'/><EventID>11</EventID><Version>2</Version><Level>4</Level><Task>11</Task><Opcode>0</Opcode><Keywords>0x8000000000000000</Keywords><TimeCreated SystemTime='2024-12-12T21:59:59.1701816Z'/><EventRecordID>99926</EventRecordID><Correlation/><Execution ProcessID='3780' ThreadID='5104'/><Channel>Microsoft-Windows-Sysmon/Operational</Channel><Computer>WindowsTarget</Computer><Security UserID='S-1-5-18'/>",,"C:\Users\inf808\AppData\Local\Temp\_MEI35082\api-ms-win-crt-locale-l1-1-0.dll",,,,,,,,,,,,,,,11,"System Parameter Settings",,"'5104'","2024-12-12T21:59:59.1701816Z",,,,,"WindowsTarget\inf808","'S-1-5-18'",,,,,,,,,,"2024-12-12 21:59:59.169",2,,,,,"<Event xmlns='http://schemas.microsoft.com/win/2004/08/events/event'><System><Provider Name='Microsoft-Windows-Sysmon' Guid='{5770385f-c22a-43e0-bf4c-06f5698ffbd9}'/><EventID>11</EventID><Version>2</Version><Level>4</Level><Task>11</Task><Opcode>0</Opcode><Keywords>0x8000000000000000</Keywords><TimeCreated SystemTime='2024-12-12T21:59:59.1701816Z'/><EventRecordID>99926</EventRecordID><Correlation/><Execution ProcessID='3780' ThreadID='5104'/><Channel>Microsoft-Windows-Sysmon/Operational</Channel><Computer>WindowsTarget</Computer><Security UserID='S-1-5-18'/></System><EventData><Data Name='RuleName'>DLL</Data><Data Name='UtcTime'>2024-12-12 21:59:59.169</Data><Data Name='ProcessGuid'>{8e02ef74-5cde-675b-5708-000000002a00}</Data><Data Name='ProcessId'>3508</Data><Data Name='Image'>C:\Users\inf808\AppData\Local\inf808\LaZagne.exe</Data><Data Name='TargetFilename'>C:\Users\inf808\AppData\Local\Temp\_MEI35082\api-ms-win-crt-locale-l1-1-0.dll</Data><Data Name='CreationUtcTime'>2024-12-12 21:59:59.169</Data><Data Name='User'>WindowsTarget\inf808</Data></EventData></Event>","2024-12-12T16:59:59.000-0500",created,,,,,,,,,,,WindowsTarget,,,,,,,WindowsTarget,,WindowsTarget,99926,"endpoint_services_processes ms-sysmon-filemod windows_event_signature windows_ta_data",,"2024-12-12 21:59:59.169",,,"api-ms-win-crt-locale-l1-1-0.dll","C:\Users\inf808\AppData\Local\Temp\_MEI35082\api-ms-win-crt-locale-l1-1-0.dll",,WindowsTarget,,,99926,main,1,,,,,,,,,,file,,,,,,,,,,,,,,,,"LaZagne.exe","{8e02ef74-5cde-675b-5708-000000002a00}",,3508,,"LaZagne.exe","C:\Users\inf808\AppData\Local\inf808\LaZagne.exe",,,,"<_='://../////'><><_='--'_='{----}'/><></><></><><",,,,,,,,,,,,,,,,,,,,,,informational,4,FileCreate,11,"XmlWinEventLog:Microsoft-Windows-Sysmon/Operational",XmlWinEventLog,FedoraThreatHunting,,,,,,,,,,,,,,,,,,,,,"endpoint
filesystem
track_event_signatures",,,,"endpoint
filesystem
track_event_signatures",filesystem,,,,,,,,inf808,,,"'S-1-5-18'",,,,,"Microsoft Sysmon"
,,,,,,,,,,,,,,,"Microsoft-Windows-Sysmon/Operational",,,,,,,,,WindowsTarget,,,"2024-12-12 21:59:59.168",,,,,,,,,,,,,,,"Microsoft-Windows-Sysmon/Operational",11,"<Data Name='RuleName'>DLL</Data><Data Name='UtcTime'>2024-12-12 21:59:59.168</Data><Data Name='ProcessGuid'>{8e02ef74-5cde-675b-5708-000000002a00}</Data><Data Name='ProcessId'>3508</Data><Data Name='Image'>C:\Users\inf808\AppData\Local\inf808\LaZagne.exe</Data><Data Name='TargetFilename'>C:\Users\inf808\AppData\Local\Temp\_MEI35082\api-ms-win-crt-heap-l1-1-0.dll</Data><Data Name='CreationUtcTime'>2024-12-12 21:59:59.168</Data><Data Name='User'>WindowsTarget\inf808</Data>",FileCreate,11,99925,,,,,,,,,,,"'{5770385f-c22a-43e0-bf4c-06f5698ffbd9}'",,,,,"C:\Users\inf808\AppData\Local\inf808\LaZagne.exe",,,,,,,,0x8000000000000000,4,,,,,,,,,,,,,,,,,,,,"'Microsoft-Windows-Sysmon'",,,,,,,,,,,,,0,,,,,,,,,,,,,,"{8e02ef74-5cde-675b-5708-000000002a00}","'3780'",3508,,,,,,,,,,99925,99925,,,,,DLL,,,,,"S-1-5-18",,,,,,,,,,,,,,,,,,,,,,"'2024-12-12T21:59:59.1690611Z'","<Provider Name='Microsoft-Windows-Sysmon' Guid='{5770385f-c22a-43e0-bf4c-06f5698ffbd9}'/><EventID>11</EventID><Version>2</Version><Level>4</Level><Task>11</Task><Opcode>0</Opcode><Keywords>0x8000000000000000</Keywords><TimeCreated SystemTime='2024-12-12T21:59:59.1690611Z'/><EventRecordID>99925</EventRecordID><Correlation/><Execution ProcessID='3780' ThreadID='5104'/><Channel>Microsoft-Windows-Sysmon/Operational</Channel><Computer>WindowsTarget</Computer><Security UserID='S-1-5-18'/>",,"C:\Users\inf808\AppData\Local\Temp\_MEI35082\api-ms-win-crt-heap-l1-1-0.dll",,,,,,,,,,,,,,,11,"System Parameter Settings",,"'5104'","2024-12-12T21:59:59.1690611Z",,,,,"WindowsTarget\inf808","'S-1-5-18'",,,,,,,,,,"2024-12-12 21:59:59.168",2,,,,,"<Event xmlns='http://schemas.microsoft.com/win/2004/08/events/event'><System><Provider Name='Microsoft-Windows-Sysmon' Guid='{5770385f-c22a-43e0-bf4c-06f5698ffbd9}'/><EventID>11</EventID><Version>2</Version><Level>4</Level><Task>11</Task><Opcode>0</Opcode><Keywords>0x8000000000000000</Keywords><TimeCreated SystemTime='2024-12-12T21:59:59.1690611Z'/><EventRecordID>99925</EventRecordID><Correlation/><Execution ProcessID='3780' ThreadID='5104'/><Channel>Microsoft-Windows-Sysmon/Operational</Channel><Computer>WindowsTarget</Computer><Security UserID='S-1-5-18'/></System><EventData><Data Name='RuleName'>DLL</Data><Data Name='UtcTime'>2024-12-12 21:59:59.168</Data><Data Name='ProcessGuid'>{8e02ef74-5cde-675b-5708-000000002a00}</Data><Data Name='ProcessId'>3508</Data><Data Name='Image'>C:\Users\inf808\AppData\Local\inf808\LaZagne.exe</Data><Data Name='TargetFilename'>C:\Users\inf808\AppData\Local\Temp\_MEI35082\api-ms-win-crt-heap-l1-1-0.dll</Data><Data Name='CreationUtcTime'>2024-12-12 21:59:59.168</Data><Data Name='User'>WindowsTarget\inf808</Data></EventData></Event>","2024-12-12T16:59:59.000-0500",created,,,,,,,,,,,WindowsTarget,,,,,,,WindowsTarget,,WindowsTarget,99925,"endpoint_services_processes ms-sysmon-filemod windows_event_signature windows_ta_data",,"2024-12-12 21:59:59.168",,,"api-ms-win-crt-heap-l1-1-0.dll","C:\Users\inf808\AppData\Local\Temp\_MEI35082\api-ms-win-crt-heap-l1-1-0.dll",,WindowsTarget,,,99925,main,1,,,,,,,,,,file,,,,,,,,,,,,,,,,"LaZagne.exe","{8e02ef74-5cde-675b-5708-000000002a00}",,3508,,"LaZagne.exe","C:\Users\inf808\AppData\Local\inf808\LaZagne.exe",,,,"<_='://../////'><><_='--'_='{----}'/><></><></><><",,,,,,,,,,,,,,,,,,,,,,informational,4,FileCreate,11,"XmlWinEventLog:Microsoft-Windows-Sysmon/Operational",XmlWinEventLog,FedoraThreatHunting,,,,,,,,,,,,,,,,,,,,,"endpoint
filesystem
track_event_signatures",,,,"endpoint
filesystem
track_event_signatures",filesystem,,,,,,,,inf808,,,"'S-1-5-18'",,,,,"Microsoft Sysmon"
,,,,,,,,,,,,,,,"Microsoft-Windows-Sysmon/Operational",,,,,,,,,WindowsTarget,,,"2024-12-12 21:59:59.166",,,,,,,,,,,,,,,"Microsoft-Windows-Sysmon/Operational",11,"<Data Name='RuleName'>DLL</Data><Data Name='UtcTime'>2024-12-12 21:59:59.167</Data><Data Name='ProcessGuid'>{8e02ef74-5cde-675b-5708-000000002a00}</Data><Data Name='ProcessId'>3508</Data><Data Name='Image'>C:\Users\inf808\AppData\Local\inf808\LaZagne.exe</Data><Data Name='TargetFilename'>C:\Users\inf808\AppData\Local\Temp\_MEI35082\api-ms-win-crt-filesystem-l1-1-0.dll</Data><Data Name='CreationUtcTime'>2024-12-12 21:59:59.166</Data><Data Name='User'>WindowsTarget\inf808</Data>",FileCreate,11,99924,,,,,,,,,,,"'{5770385f-c22a-43e0-bf4c-06f5698ffbd9}'",,,,,"C:\Users\inf808\AppData\Local\inf808\LaZagne.exe",,,,,,,,0x8000000000000000,4,,,,,,,,,,,,,,,,,,,,"'Microsoft-Windows-Sysmon'",,,,,,,,,,,,,0,,,,,,,,,,,,,,"{8e02ef74-5cde-675b-5708-000000002a00}","'3780'",3508,,,,,,,,,,99924,99924,,,,,DLL,,,,,"S-1-5-18",,,,,,,,,,,,,,,,,,,,,,"'2024-12-12T21:59:59.1678236Z'","<Provider Name='Microsoft-Windows-Sysmon' Guid='{5770385f-c22a-43e0-bf4c-06f5698ffbd9}'/><EventID>11</EventID><Version>2</Version><Level>4</Level><Task>11</Task><Opcode>0</Opcode><Keywords>0x8000000000000000</Keywords><TimeCreated SystemTime='2024-12-12T21:59:59.1678236Z'/><EventRecordID>99924</EventRecordID><Correlation/><Execution ProcessID='3780' ThreadID='5104'/><Channel>Microsoft-Windows-Sysmon/Operational</Channel><Computer>WindowsTarget</Computer><Security UserID='S-1-5-18'/>",,"C:\Users\inf808\AppData\Local\Temp\_MEI35082\api-ms-win-crt-filesystem-l1-1-0.dll",,,,,,,,,,,,,,,11,"System Parameter Settings",,"'5104'","2024-12-12T21:59:59.1678236Z",,,,,"WindowsTarget\inf808","'S-1-5-18'",,,,,,,,,,"2024-12-12 21:59:59.167",2,,,,,"<Event xmlns='http://schemas.microsoft.com/win/2004/08/events/event'><System><Provider Name='Microsoft-Windows-Sysmon' Guid='{5770385f-c22a-43e0-bf4c-06f5698ffbd9}'/><EventID>11</EventID><Version>2</Version><Level>4</Level><Task>11</Task><Opcode>0</Opcode><Keywords>0x8000000000000000</Keywords><TimeCreated SystemTime='2024-12-12T21:59:59.1678236Z'/><EventRecordID>99924</EventRecordID><Correlation/><Execution ProcessID='3780' ThreadID='5104'/><Channel>Microsoft-Windows-Sysmon/Operational</Channel><Computer>WindowsTarget</Computer><Security UserID='S-1-5-18'/></System><EventData><Data Name='RuleName'>DLL</Data><Data Name='UtcTime'>2024-12-12 21:59:59.167</Data><Data Name='ProcessGuid'>{8e02ef74-5cde-675b-5708-000000002a00}</Data><Data Name='ProcessId'>3508</Data><Data Name='Image'>C:\Users\inf808\AppData\Local\inf808\LaZagne.exe</Data><Data Name='TargetFilename'>C:\Users\inf808\AppData\Local\Temp\_MEI35082\api-ms-win-crt-filesystem-l1-1-0.dll</Data><Data Name='CreationUtcTime'>2024-12-12 21:59:59.166</Data><Data Name='User'>WindowsTarget\inf808</Data></EventData></Event>","2024-12-12T16:59:59.000-0500",modified,,,,,,,,,,,WindowsTarget,,,,,,,WindowsTarget,,WindowsTarget,99924,"endpoint_services_processes ms-sysmon-filemod windows_event_signature windows_ta_data",,"2024-12-12 21:59:59.166",,,"api-ms-win-crt-filesystem-l1-1-0.dll","C:\Users\inf808\AppData\Local\Temp\_MEI35082\api-ms-win-crt-filesystem-l1-1-0.dll",,WindowsTarget,,,99924,main,1,,,,,,,,,,file,,,,,,,,,,,,,,,,"LaZagne.exe","{8e02ef74-5cde-675b-5708-000000002a00}",,3508,,"LaZagne.exe","C:\Users\inf808\AppData\Local\inf808\LaZagne.exe",,,,"<_='://../////'><><_='--'_='{----}'/><></><></><><",,,,,,,,,,,,,,,,,,,,,,informational,4,FileCreate,11,"XmlWinEventLog:Microsoft-Windows-Sysmon/Operational",XmlWinEventLog,FedoraThreatHunting,,,,,,,,,,,,,,,,,,,,,"endpoint
filesystem
track_event_signatures",,,,"endpoint
filesystem
track_event_signatures",filesystem,,,,,,,,inf808,,,"'S-1-5-18'",,,,,"Microsoft Sysmon"
,,,,,,,,,,,,,,,"Microsoft-Windows-Sysmon/Operational",,,,,,,,,WindowsTarget,,,"2024-12-12 21:59:59.165",,,,,,,,,,,,,,,"Microsoft-Windows-Sysmon/Operational",11,"<Data Name='RuleName'>DLL</Data><Data Name='UtcTime'>2024-12-12 21:59:59.165</Data><Data Name='ProcessGuid'>{8e02ef74-5cde-675b-5708-000000002a00}</Data><Data Name='ProcessId'>3508</Data><Data Name='Image'>C:\Users\inf808\AppData\Local\inf808\LaZagne.exe</Data><Data Name='TargetFilename'>C:\Users\inf808\AppData\Local\Temp\_MEI35082\api-ms-win-crt-environment-l1-1-0.dll</Data><Data Name='CreationUtcTime'>2024-12-12 21:59:59.165</Data><Data Name='User'>WindowsTarget\inf808</Data>",FileCreate,11,99923,,,,,,,,,,,"'{5770385f-c22a-43e0-bf4c-06f5698ffbd9}'",,,,,"C:\Users\inf808\AppData\Local\inf808\LaZagne.exe",,,,,,,,0x8000000000000000,4,,,,,,,,,,,,,,,,,,,,"'Microsoft-Windows-Sysmon'",,,,,,,,,,,,,0,,,,,,,,,,,,,,"{8e02ef74-5cde-675b-5708-000000002a00}","'3780'",3508,,,,,,,,,,99923,99923,,,,,DLL,,,,,"S-1-5-18",,,,,,,,,,,,,,,,,,,,,,"'2024-12-12T21:59:59.1660834Z'","<Provider Name='Microsoft-Windows-Sysmon' Guid='{5770385f-c22a-43e0-bf4c-06f5698ffbd9}'/><EventID>11</EventID><Version>2</Version><Level>4</Level><Task>11</Task><Opcode>0</Opcode><Keywords>0x8000000000000000</Keywords><TimeCreated SystemTime='2024-12-12T21:59:59.1660834Z'/><EventRecordID>99923</EventRecordID><Correlation/><Execution ProcessID='3780' ThreadID='5104'/><Channel>Microsoft-Windows-Sysmon/Operational</Channel><Computer>WindowsTarget</Computer><Security UserID='S-1-5-18'/>",,"C:\Users\inf808\AppData\Local\Temp\_MEI35082\api-ms-win-crt-environment-l1-1-0.dll",,,,,,,,,,,,,,,11,"System Parameter Settings",,"'5104'","2024-12-12T21:59:59.1660834Z",,,,,"WindowsTarget\inf808","'S-1-5-18'",,,,,,,,,,"2024-12-12 21:59:59.165",2,,,,,"<Event xmlns='http://schemas.microsoft.com/win/2004/08/events/event'><System><Provider Name='Microsoft-Windows-Sysmon' Guid='{5770385f-c22a-43e0-bf4c-06f5698ffbd9}'/><EventID>11</EventID><Version>2</Version><Level>4</Level><Task>11</Task><Opcode>0</Opcode><Keywords>0x8000000000000000</Keywords><TimeCreated SystemTime='2024-12-12T21:59:59.1660834Z'/><EventRecordID>99923</EventRecordID><Correlation/><Execution ProcessID='3780' ThreadID='5104'/><Channel>Microsoft-Windows-Sysmon/Operational</Channel><Computer>WindowsTarget</Computer><Security UserID='S-1-5-18'/></System><EventData><Data Name='RuleName'>DLL</Data><Data Name='UtcTime'>2024-12-12 21:59:59.165</Data><Data Name='ProcessGuid'>{8e02ef74-5cde-675b-5708-000000002a00}</Data><Data Name='ProcessId'>3508</Data><Data Name='Image'>C:\Users\inf808\AppData\Local\inf808\LaZagne.exe</Data><Data Name='TargetFilename'>C:\Users\inf808\AppData\Local\Temp\_MEI35082\api-ms-win-crt-environment-l1-1-0.dll</Data><Data Name='CreationUtcTime'>2024-12-12 21:59:59.165</Data><Data Name='User'>WindowsTarget\inf808</Data></EventData></Event>","2024-12-12T16:59:59.000-0500",created,,,,,,,,,,,WindowsTarget,,,,,,,WindowsTarget,,WindowsTarget,99923,"endpoint_services_processes ms-sysmon-filemod windows_event_signature windows_ta_data",,"2024-12-12 21:59:59.165",,,"api-ms-win-crt-environment-l1-1-0.dll","C:\Users\inf808\AppData\Local\Temp\_MEI35082\api-ms-win-crt-environment-l1-1-0.dll",,WindowsTarget,,,99923,main,1,,,,,,,,,,file,,,,,,,,,,,,,,,,"LaZagne.exe","{8e02ef74-5cde-675b-5708-000000002a00}",,3508,,"LaZagne.exe","C:\Users\inf808\AppData\Local\inf808\LaZagne.exe",,,,"<_='://../////'><><_='--'_='{----}'/><></><></><><",,,,,,,,,,,,,,,,,,,,,,informational,4,FileCreate,11,"XmlWinEventLog:Microsoft-Windows-Sysmon/Operational",XmlWinEventLog,FedoraThreatHunting,,,,,,,,,,,,,,,,,,,,,"endpoint
filesystem
track_event_signatures",,,,"endpoint
filesystem
track_event_signatures",filesystem,,,,,,,,inf808,,,"'S-1-5-18'",,,,,"Microsoft Sysmon"
,,,,,,,,,,,,,,,"Microsoft-Windows-Sysmon/Operational",,,,,,,,,WindowsTarget,,,"2024-12-12 21:59:59.164",,,,,,,,,,,,,,,"Microsoft-Windows-Sysmon/Operational",11,"<Data Name='RuleName'>DLL</Data><Data Name='UtcTime'>2024-12-12 21:59:59.164</Data><Data Name='ProcessGuid'>{8e02ef74-5cde-675b-5708-000000002a00}</Data><Data Name='ProcessId'>3508</Data><Data Name='Image'>C:\Users\inf808\AppData\Local\inf808\LaZagne.exe</Data><Data Name='TargetFilename'>C:\Users\inf808\AppData\Local\Temp\_MEI35082\api-ms-win-crt-convert-l1-1-0.dll</Data><Data Name='CreationUtcTime'>2024-12-12 21:59:59.164</Data><Data Name='User'>WindowsTarget\inf808</Data>",FileCreate,11,99922,,,,,,,,,,,"'{5770385f-c22a-43e0-bf4c-06f5698ffbd9}'",,,,,"C:\Users\inf808\AppData\Local\inf808\LaZagne.exe",,,,,,,,0x8000000000000000,4,,,,,,,,,,,,,,,,,,,,"'Microsoft-Windows-Sysmon'",,,,,,,,,,,,,0,,,,,,,,,,,,,,"{8e02ef74-5cde-675b-5708-000000002a00}","'3780'",3508,,,,,,,,,,99922,99922,,,,,DLL,,,,,"S-1-5-18",,,,,,,,,,,,,,,,,,,,,,"'2024-12-12T21:59:59.1648648Z'","<Provider Name='Microsoft-Windows-Sysmon' Guid='{5770385f-c22a-43e0-bf4c-06f5698ffbd9}'/><EventID>11</EventID><Version>2</Version><Level>4</Level><Task>11</Task><Opcode>0</Opcode><Keywords>0x8000000000000000</Keywords><TimeCreated SystemTime='2024-12-12T21:59:59.1648648Z'/><EventRecordID>99922</EventRecordID><Correlation/><Execution ProcessID='3780' ThreadID='5104'/><Channel>Microsoft-Windows-Sysmon/Operational</Channel><Computer>WindowsTarget</Computer><Security UserID='S-1-5-18'/>",,"C:\Users\inf808\AppData\Local\Temp\_MEI35082\api-ms-win-crt-convert-l1-1-0.dll",,,,,,,,,,,,,,,11,"System Parameter Settings",,"'5104'","2024-12-12T21:59:59.1648648Z",,,,,"WindowsTarget\inf808","'S-1-5-18'",,,,,,,,,,"2024-12-12 21:59:59.164",2,,,,,"<Event xmlns='http://schemas.microsoft.com/win/2004/08/events/event'><System><Provider Name='Microsoft-Windows-Sysmon' Guid='{5770385f-c22a-43e0-bf4c-06f5698ffbd9}'/><EventID>11</EventID><Version>2</Version><Level>4</Level><Task>11</Task><Opcode>0</Opcode><Keywords>0x8000000000000000</Keywords><TimeCreated SystemTime='2024-12-12T21:59:59.1648648Z'/><EventRecordID>99922</EventRecordID><Correlation/><Execution ProcessID='3780' ThreadID='5104'/><Channel>Microsoft-Windows-Sysmon/Operational</Channel><Computer>WindowsTarget</Computer><Security UserID='S-1-5-18'/></System><EventData><Data Name='RuleName'>DLL</Data><Data Name='UtcTime'>2024-12-12 21:59:59.164</Data><Data Name='ProcessGuid'>{8e02ef74-5cde-675b-5708-000000002a00}</Data><Data Name='ProcessId'>3508</Data><Data Name='Image'>C:\Users\inf808\AppData\Local\inf808\LaZagne.exe</Data><Data Name='TargetFilename'>C:\Users\inf808\AppData\Local\Temp\_MEI35082\api-ms-win-crt-convert-l1-1-0.dll</Data><Data Name='CreationUtcTime'>2024-12-12 21:59:59.164</Data><Data Name='User'>WindowsTarget\inf808</Data></EventData></Event>","2024-12-12T16:59:59.000-0500",created,,,,,,,,,,,WindowsTarget,,,,,,,WindowsTarget,,WindowsTarget,99922,"endpoint_services_processes ms-sysmon-filemod windows_event_signature windows_ta_data",,"2024-12-12 21:59:59.164",,,"api-ms-win-crt-convert-l1-1-0.dll","C:\Users\inf808\AppData\Local\Temp\_MEI35082\api-ms-win-crt-convert-l1-1-0.dll",,WindowsTarget,,,99922,main,1,,,,,,,,,,file,,,,,,,,,,,,,,,,"LaZagne.exe","{8e02ef74-5cde-675b-5708-000000002a00}",,3508,,"LaZagne.exe","C:\Users\inf808\AppData\Local\inf808\LaZagne.exe",,,,"<_='://../////'><><_='--'_='{----}'/><></><></><><",,,,,,,,,,,,,,,,,,,,,,informational,4,FileCreate,11,"XmlWinEventLog:Microsoft-Windows-Sysmon/Operational",XmlWinEventLog,FedoraThreatHunting,,,,,,,,,,,,,,,,,,,,,"endpoint
filesystem
track_event_signatures",,,,"endpoint
filesystem
track_event_signatures",filesystem,,,,,,,,inf808,,,"'S-1-5-18'",,,,,"Microsoft Sysmon"
,,,,,,,,,,,,,,,"Microsoft-Windows-Sysmon/Operational",,,,,,,,,WindowsTarget,,,"2024-12-12 21:59:59.162",,,,,,,,,,,,,,,"Microsoft-Windows-Sysmon/Operational",11,"<Data Name='RuleName'>DLL</Data><Data Name='UtcTime'>2024-12-12 21:59:59.163</Data><Data Name='ProcessGuid'>{8e02ef74-5cde-675b-5708-000000002a00}</Data><Data Name='ProcessId'>3508</Data><Data Name='Image'>C:\Users\inf808\AppData\Local\inf808\LaZagne.exe</Data><Data Name='TargetFilename'>C:\Users\inf808\AppData\Local\Temp\_MEI35082\api-ms-win-crt-conio-l1-1-0.dll</Data><Data Name='CreationUtcTime'>2024-12-12 21:59:59.162</Data><Data Name='User'>WindowsTarget\inf808</Data>",FileCreate,11,99921,,,,,,,,,,,"'{5770385f-c22a-43e0-bf4c-06f5698ffbd9}'",,,,,"C:\Users\inf808\AppData\Local\inf808\LaZagne.exe",,,,,,,,0x8000000000000000,4,,,,,,,,,,,,,,,,,,,,"'Microsoft-Windows-Sysmon'",,,,,,,,,,,,,0,,,,,,,,,,,,,,"{8e02ef74-5cde-675b-5708-000000002a00}","'3780'",3508,,,,,,,,,,99921,99921,,,,,DLL,,,,,"S-1-5-18",,,,,,,,,,,,,,,,,,,,,,"'2024-12-12T21:59:59.1636414Z'","<Provider Name='Microsoft-Windows-Sysmon' Guid='{5770385f-c22a-43e0-bf4c-06f5698ffbd9}'/><EventID>11</EventID><Version>2</Version><Level>4</Level><Task>11</Task><Opcode>0</Opcode><Keywords>0x8000000000000000</Keywords><TimeCreated SystemTime='2024-12-12T21:59:59.1636414Z'/><EventRecordID>99921</EventRecordID><Correlation/><Execution ProcessID='3780' ThreadID='5104'/><Channel>Microsoft-Windows-Sysmon/Operational</Channel><Computer>WindowsTarget</Computer><Security UserID='S-1-5-18'/>",,"C:\Users\inf808\AppData\Local\Temp\_MEI35082\api-ms-win-crt-conio-l1-1-0.dll",,,,,,,,,,,,,,,11,"System Parameter Settings",,"'5104'","2024-12-12T21:59:59.1636414Z",,,,,"WindowsTarget\inf808","'S-1-5-18'",,,,,,,,,,"2024-12-12 21:59:59.163",2,,,,,"<Event xmlns='http://schemas.microsoft.com/win/2004/08/events/event'><System><Provider Name='Microsoft-Windows-Sysmon' Guid='{5770385f-c22a-43e0-bf4c-06f5698ffbd9}'/><EventID>11</EventID><Version>2</Version><Level>4</Level><Task>11</Task><Opcode>0</Opcode><Keywords>0x8000000000000000</Keywords><TimeCreated SystemTime='2024-12-12T21:59:59.1636414Z'/><EventRecordID>99921</EventRecordID><Correlation/><Execution ProcessID='3780' ThreadID='5104'/><Channel>Microsoft-Windows-Sysmon/Operational</Channel><Computer>WindowsTarget</Computer><Security UserID='S-1-5-18'/></System><EventData><Data Name='RuleName'>DLL</Data><Data Name='UtcTime'>2024-12-12 21:59:59.163</Data><Data Name='ProcessGuid'>{8e02ef74-5cde-675b-5708-000000002a00}</Data><Data Name='ProcessId'>3508</Data><Data Name='Image'>C:\Users\inf808\AppData\Local\inf808\LaZagne.exe</Data><Data Name='TargetFilename'>C:\Users\inf808\AppData\Local\Temp\_MEI35082\api-ms-win-crt-conio-l1-1-0.dll</Data><Data Name='CreationUtcTime'>2024-12-12 21:59:59.162</Data><Data Name='User'>WindowsTarget\inf808</Data></EventData></Event>","2024-12-12T16:59:59.000-0500",modified,,,,,,,,,,,WindowsTarget,,,,,,,WindowsTarget,,WindowsTarget,99921,"endpoint_services_processes ms-sysmon-filemod windows_event_signature windows_ta_data",,"2024-12-12 21:59:59.162",,,"api-ms-win-crt-conio-l1-1-0.dll","C:\Users\inf808\AppData\Local\Temp\_MEI35082\api-ms-win-crt-conio-l1-1-0.dll",,WindowsTarget,,,99921,main,1,,,,,,,,,,file,,,,,,,,,,,,,,,,"LaZagne.exe","{8e02ef74-5cde-675b-5708-000000002a00}",,3508,,"LaZagne.exe","C:\Users\inf808\AppData\Local\inf808\LaZagne.exe",,,,"<_='://../////'><><_='--'_='{----}'/><></><></><><",,,,,,,,,,,,,,,,,,,,,,informational,4,FileCreate,11,"XmlWinEventLog:Microsoft-Windows-Sysmon/Operational",XmlWinEventLog,FedoraThreatHunting,,,,,,,,,,,,,,,,,,,,,"endpoint
filesystem
track_event_signatures",,,,"endpoint
filesystem
track_event_signatures",filesystem,,,,,,,,inf808,,,"'S-1-5-18'",,,,,"Microsoft Sysmon"
,,,,,,,,,,,,,,,"Microsoft-Windows-Sysmon/Operational",,,,,,,,,WindowsTarget,,,"2024-12-12 21:59:59.161",,,,,,,,,,,,,,,"Microsoft-Windows-Sysmon/Operational",11,"<Data Name='RuleName'>DLL</Data><Data Name='UtcTime'>2024-12-12 21:59:59.161</Data><Data Name='ProcessGuid'>{8e02ef74-5cde-675b-5708-000000002a00}</Data><Data Name='ProcessId'>3508</Data><Data Name='Image'>C:\Users\inf808\AppData\Local\inf808\LaZagne.exe</Data><Data Name='TargetFilename'>C:\Users\inf808\AppData\Local\Temp\_MEI35082\api-ms-win-core-util-l1-1-0.dll</Data><Data Name='CreationUtcTime'>2024-12-12 21:59:59.161</Data><Data Name='User'>WindowsTarget\inf808</Data>",FileCreate,11,99920,,,,,,,,,,,"'{5770385f-c22a-43e0-bf4c-06f5698ffbd9}'",,,,,"C:\Users\inf808\AppData\Local\inf808\LaZagne.exe",,,,,,,,0x8000000000000000,4,,,,,,,,,,,,,,,,,,,,"'Microsoft-Windows-Sysmon'",,,,,,,,,,,,,0,,,,,,,,,,,,,,"{8e02ef74-5cde-675b-5708-000000002a00}","'3780'",3508,,,,,,,,,,99920,99920,,,,,DLL,,,,,"S-1-5-18",,,,,,,,,,,,,,,,,,,,,,"'2024-12-12T21:59:59.1624501Z'","<Provider Name='Microsoft-Windows-Sysmon' Guid='{5770385f-c22a-43e0-bf4c-06f5698ffbd9}'/><EventID>11</EventID><Version>2</Version><Level>4</Level><Task>11</Task><Opcode>0</Opcode><Keywords>0x8000000000000000</Keywords><TimeCreated SystemTime='2024-12-12T21:59:59.1624501Z'/><EventRecordID>99920</EventRecordID><Correlation/><Execution ProcessID='3780' ThreadID='5104'/><Channel>Microsoft-Windows-Sysmon/Operational</Channel><Computer>WindowsTarget</Computer><Security UserID='S-1-5-18'/>",,"C:\Users\inf808\AppData\Local\Temp\_MEI35082\api-ms-win-core-util-l1-1-0.dll",,,,,,,,,,,,,,,11,"System Parameter Settings",,"'5104'","2024-12-12T21:59:59.1624501Z",,,,,"WindowsTarget\inf808","'S-1-5-18'",,,,,,,,,,"2024-12-12 21:59:59.161",2,,,,,"<Event xmlns='http://schemas.microsoft.com/win/2004/08/events/event'><System><Provider Name='Microsoft-Windows-Sysmon' Guid='{5770385f-c22a-43e0-bf4c-06f5698ffbd9}'/><EventID>11</EventID><Version>2</Version><Level>4</Level><Task>11</Task><Opcode>0</Opcode><Keywords>0x8000000000000000</Keywords><TimeCreated SystemTime='2024-12-12T21:59:59.1624501Z'/><EventRecordID>99920</EventRecordID><Correlation/><Execution ProcessID='3780' ThreadID='5104'/><Channel>Microsoft-Windows-Sysmon/Operational</Channel><Computer>WindowsTarget</Computer><Security UserID='S-1-5-18'/></System><EventData><Data Name='RuleName'>DLL</Data><Data Name='UtcTime'>2024-12-12 21:59:59.161</Data><Data Name='ProcessGuid'>{8e02ef74-5cde-675b-5708-000000002a00}</Data><Data Name='ProcessId'>3508</Data><Data Name='Image'>C:\Users\inf808\AppData\Local\inf808\LaZagne.exe</Data><Data Name='TargetFilename'>C:\Users\inf808\AppData\Local\Temp\_MEI35082\api-ms-win-core-util-l1-1-0.dll</Data><Data Name='CreationUtcTime'>2024-12-12 21:59:59.161</Data><Data Name='User'>WindowsTarget\inf808</Data></EventData></Event>","2024-12-12T16:59:59.000-0500",created,,,,,,,,,,,WindowsTarget,,,,,,,WindowsTarget,,WindowsTarget,99920,"endpoint_services_processes ms-sysmon-filemod windows_event_signature windows_ta_data",,"2024-12-12 21:59:59.161",,,"api-ms-win-core-util-l1-1-0.dll","C:\Users\inf808\AppData\Local\Temp\_MEI35082\api-ms-win-core-util-l1-1-0.dll",,WindowsTarget,,,99920,main,1,,,,,,,,,,file,,,,,,,,,,,,,,,,"LaZagne.exe","{8e02ef74-5cde-675b-5708-000000002a00}",,3508,,"LaZagne.exe","C:\Users\inf808\AppData\Local\inf808\LaZagne.exe",,,,"<_='://../////'><><_='--'_='{----}'/><></><></><><",,,,,,,,,,,,,,,,,,,,,,informational,4,FileCreate,11,"XmlWinEventLog:Microsoft-Windows-Sysmon/Operational",XmlWinEventLog,FedoraThreatHunting,,,,,,,,,,,,,,,,,,,,,"endpoint
filesystem
track_event_signatures",,,,"endpoint
filesystem
track_event_signatures",filesystem,,,,,,,,inf808,,,"'S-1-5-18'",,,,,"Microsoft Sysmon"
,,,,,,,,,,,,,,,"Microsoft-Windows-Sysmon/Operational",,,,,,,,,WindowsTarget,,,"2024-12-12 21:59:59.160",,,,,,,,,,,,,,,"Microsoft-Windows-Sysmon/Operational",11,"<Data Name='RuleName'>DLL</Data><Data Name='UtcTime'>2024-12-12 21:59:59.160</Data><Data Name='ProcessGuid'>{8e02ef74-5cde-675b-5708-000000002a00}</Data><Data Name='ProcessId'>3508</Data><Data Name='Image'>C:\Users\inf808\AppData\Local\inf808\LaZagne.exe</Data><Data Name='TargetFilename'>C:\Users\inf808\AppData\Local\Temp\_MEI35082\api-ms-win-core-timezone-l1-1-0.dll</Data><Data Name='CreationUtcTime'>2024-12-12 21:59:59.160</Data><Data Name='User'>WindowsTarget\inf808</Data>",FileCreate,11,99919,,,,,,,,,,,"'{5770385f-c22a-43e0-bf4c-06f5698ffbd9}'",,,,,"C:\Users\inf808\AppData\Local\inf808\LaZagne.exe",,,,,,,,0x8000000000000000,4,,,,,,,,,,,,,,,,,,,,"'Microsoft-Windows-Sysmon'",,,,,,,,,,,,,0,,,,,,,,,,,,,,"{8e02ef74-5cde-675b-5708-000000002a00}","'3780'",3508,,,,,,,,,,99919,99919,,,,,DLL,,,,,"S-1-5-18",,,,,,,,,,,,,,,,,,,,,,"'2024-12-12T21:59:59.1611402Z'","<Provider Name='Microsoft-Windows-Sysmon' Guid='{5770385f-c22a-43e0-bf4c-06f5698ffbd9}'/><EventID>11</EventID><Version>2</Version><Level>4</Level><Task>11</Task><Opcode>0</Opcode><Keywords>0x8000000000000000</Keywords><TimeCreated SystemTime='2024-12-12T21:59:59.1611402Z'/><EventRecordID>99919</EventRecordID><Correlation/><Execution ProcessID='3780' ThreadID='5104'/><Channel>Microsoft-Windows-Sysmon/Operational</Channel><Computer>WindowsTarget</Computer><Security UserID='S-1-5-18'/>",,"C:\Users\inf808\AppData\Local\Temp\_MEI35082\api-ms-win-core-timezone-l1-1-0.dll",,,,,,,,,,,,,,,11,"System Parameter Settings",,"'5104'","2024-12-12T21:59:59.1611402Z",,,,,"WindowsTarget\inf808","'S-1-5-18'",,,,,,,,,,"2024-12-12 21:59:59.160",2,,,,,"<Event xmlns='http://schemas.microsoft.com/win/2004/08/events/event'><System><Provider Name='Microsoft-Windows-Sysmon' Guid='{5770385f-c22a-43e0-bf4c-06f5698ffbd9}'/><EventID>11</EventID><Version>2</Version><Level>4</Level><Task>11</Task><Opcode>0</Opcode><Keywords>0x8000000000000000</Keywords><TimeCreated SystemTime='2024-12-12T21:59:59.1611402Z'/><EventRecordID>99919</EventRecordID><Correlation/><Execution ProcessID='3780' ThreadID='5104'/><Channel>Microsoft-Windows-Sysmon/Operational</Channel><Computer>WindowsTarget</Computer><Security UserID='S-1-5-18'/></System><EventData><Data Name='RuleName'>DLL</Data><Data Name='UtcTime'>2024-12-12 21:59:59.160</Data><Data Name='ProcessGuid'>{8e02ef74-5cde-675b-5708-000000002a00}</Data><Data Name='ProcessId'>3508</Data><Data Name='Image'>C:\Users\inf808\AppData\Local\inf808\LaZagne.exe</Data><Data Name='TargetFilename'>C:\Users\inf808\AppData\Local\Temp\_MEI35082\api-ms-win-core-timezone-l1-1-0.dll</Data><Data Name='CreationUtcTime'>2024-12-12 21:59:59.160</Data><Data Name='User'>WindowsTarget\inf808</Data></EventData></Event>","2024-12-12T16:59:59.000-0500",created,,,,,,,,,,,WindowsTarget,,,,,,,WindowsTarget,,WindowsTarget,99919,"endpoint_services_processes ms-sysmon-filemod windows_event_signature windows_ta_data",,"2024-12-12 21:59:59.160",,,"api-ms-win-core-timezone-l1-1-0.dll","C:\Users\inf808\AppData\Local\Temp\_MEI35082\api-ms-win-core-timezone-l1-1-0.dll",,WindowsTarget,,,99919,main,1,,,,,,,,,,file,,,,,,,,,,,,,,,,"LaZagne.exe","{8e02ef74-5cde-675b-5708-000000002a00}",,3508,,"LaZagne.exe","C:\Users\inf808\AppData\Local\inf808\LaZagne.exe",,,,"<_='://../////'><><_='--'_='{----}'/><></><></><><",,,,,,,,,,,,,,,,,,,,,,informational,4,FileCreate,11,"XmlWinEventLog:Microsoft-Windows-Sysmon/Operational",XmlWinEventLog,FedoraThreatHunting,,,,,,,,,,,,,,,,,,,,,"endpoint
filesystem
track_event_signatures",,,,"endpoint
filesystem
track_event_signatures",filesystem,,,,,,,,inf808,,,"'S-1-5-18'",,,,,"Microsoft Sysmon"
,,,,,,,,,,,,,,,"Microsoft-Windows-Sysmon/Operational",,,,,,,,,WindowsTarget,,,"2024-12-12 21:59:59.159",,,,,,,,,,,,,,,"Microsoft-Windows-Sysmon/Operational",11,"<Data Name='RuleName'>DLL</Data><Data Name='UtcTime'>2024-12-12 21:59:59.159</Data><Data Name='ProcessGuid'>{8e02ef74-5cde-675b-5708-000000002a00}</Data><Data Name='ProcessId'>3508</Data><Data Name='Image'>C:\Users\inf808\AppData\Local\inf808\LaZagne.exe</Data><Data Name='TargetFilename'>C:\Users\inf808\AppData\Local\Temp\_MEI35082\api-ms-win-core-sysinfo-l1-1-0.dll</Data><Data Name='CreationUtcTime'>2024-12-12 21:59:59.159</Data><Data Name='User'>WindowsTarget\inf808</Data>",FileCreate,11,99918,,,,,,,,,,,"'{5770385f-c22a-43e0-bf4c-06f5698ffbd9}'",,,,,"C:\Users\inf808\AppData\Local\inf808\LaZagne.exe",,,,,,,,0x8000000000000000,4,,,,,,,,,,,,,,,,,,,,"'Microsoft-Windows-Sysmon'",,,,,,,,,,,,,0,,,,,,,,,,,,,,"{8e02ef74-5cde-675b-5708-000000002a00}","'3780'",3508,,,,,,,,,,99918,99918,,,,,DLL,,,,,"S-1-5-18",,,,,,,,,,,,,,,,,,,,,,"'2024-12-12T21:59:59.1598856Z'","<Provider Name='Microsoft-Windows-Sysmon' Guid='{5770385f-c22a-43e0-bf4c-06f5698ffbd9}'/><EventID>11</EventID><Version>2</Version><Level>4</Level><Task>11</Task><Opcode>0</Opcode><Keywords>0x8000000000000000</Keywords><TimeCreated SystemTime='2024-12-12T21:59:59.1598856Z'/><EventRecordID>99918</EventRecordID><Correlation/><Execution ProcessID='3780' ThreadID='5104'/><Channel>Microsoft-Windows-Sysmon/Operational</Channel><Computer>WindowsTarget</Computer><Security UserID='S-1-5-18'/>",,"C:\Users\inf808\AppData\Local\Temp\_MEI35082\api-ms-win-core-sysinfo-l1-1-0.dll",,,,,,,,,,,,,,,11,"System Parameter Settings",,"'5104'","2024-12-12T21:59:59.1598856Z",,,,,"WindowsTarget\inf808","'S-1-5-18'",,,,,,,,,,"2024-12-12 21:59:59.159",2,,,,,"<Event xmlns='http://schemas.microsoft.com/win/2004/08/events/event'><System><Provider Name='Microsoft-Windows-Sysmon' Guid='{5770385f-c22a-43e0-bf4c-06f5698ffbd9}'/><EventID>11</EventID><Version>2</Version><Level>4</Level><Task>11</Task><Opcode>0</Opcode><Keywords>0x8000000000000000</Keywords><TimeCreated SystemTime='2024-12-12T21:59:59.1598856Z'/><EventRecordID>99918</EventRecordID><Correlation/><Execution ProcessID='3780' ThreadID='5104'/><Channel>Microsoft-Windows-Sysmon/Operational</Channel><Computer>WindowsTarget</Computer><Security UserID='S-1-5-18'/></System><EventData><Data Name='RuleName'>DLL</Data><Data Name='UtcTime'>2024-12-12 21:59:59.159</Data><Data Name='ProcessGuid'>{8e02ef74-5cde-675b-5708-000000002a00}</Data><Data Name='ProcessId'>3508</Data><Data Name='Image'>C:\Users\inf808\AppData\Local\inf808\LaZagne.exe</Data><Data Name='TargetFilename'>C:\Users\inf808\AppData\Local\Temp\_MEI35082\api-ms-win-core-sysinfo-l1-1-0.dll</Data><Data Name='CreationUtcTime'>2024-12-12 21:59:59.159</Data><Data Name='User'>WindowsTarget\inf808</Data></EventData></Event>","2024-12-12T16:59:59.000-0500",created,,,,,,,,,,,WindowsTarget,,,,,,,WindowsTarget,,WindowsTarget,99918,"endpoint_services_processes ms-sysmon-filemod windows_event_signature windows_ta_data",,"2024-12-12 21:59:59.159",,,"api-ms-win-core-sysinfo-l1-1-0.dll","C:\Users\inf808\AppData\Local\Temp\_MEI35082\api-ms-win-core-sysinfo-l1-1-0.dll",,WindowsTarget,,,99918,main,1,,,,,,,,,,file,,,,,,,,,,,,,,,,"LaZagne.exe","{8e02ef74-5cde-675b-5708-000000002a00}",,3508,,"LaZagne.exe","C:\Users\inf808\AppData\Local\inf808\LaZagne.exe",,,,"<_='://../////'><><_='--'_='{----}'/><></><></><><",,,,,,,,,,,,,,,,,,,,,,informational,4,FileCreate,11,"XmlWinEventLog:Microsoft-Windows-Sysmon/Operational",XmlWinEventLog,FedoraThreatHunting,,,,,,,,,,,,,,,,,,,,,"endpoint
filesystem
track_event_signatures",,,,"endpoint
filesystem
track_event_signatures",filesystem,,,,,,,,inf808,,,"'S-1-5-18'",,,,,"Microsoft Sysmon"
,,,,,,,,,,,,,,,"Microsoft-Windows-Sysmon/Operational",,,,,,,,,WindowsTarget,,,"2024-12-12 21:59:59.157",,,,,,,,,,,,,,,"Microsoft-Windows-Sysmon/Operational",11,"<Data Name='RuleName'>DLL</Data><Data Name='UtcTime'>2024-12-12 21:59:59.158</Data><Data Name='ProcessGuid'>{8e02ef74-5cde-675b-5708-000000002a00}</Data><Data Name='ProcessId'>3508</Data><Data Name='Image'>C:\Users\inf808\AppData\Local\inf808\LaZagne.exe</Data><Data Name='TargetFilename'>C:\Users\inf808\AppData\Local\Temp\_MEI35082\api-ms-win-core-synch-l1-2-0.dll</Data><Data Name='CreationUtcTime'>2024-12-12 21:59:59.157</Data><Data Name='User'>WindowsTarget\inf808</Data>",FileCreate,11,99917,,,,,,,,,,,"'{5770385f-c22a-43e0-bf4c-06f5698ffbd9}'",,,,,"C:\Users\inf808\AppData\Local\inf808\LaZagne.exe",,,,,,,,0x8000000000000000,4,,,,,,,,,,,,,,,,,,,,"'Microsoft-Windows-Sysmon'",,,,,,,,,,,,,0,,,,,,,,,,,,,,"{8e02ef74-5cde-675b-5708-000000002a00}","'3780'",3508,,,,,,,,,,99917,99917,,,,,DLL,,,,,"S-1-5-18",,,,,,,,,,,,,,,,,,,,,,"'2024-12-12T21:59:59.1585679Z'","<Provider Name='Microsoft-Windows-Sysmon' Guid='{5770385f-c22a-43e0-bf4c-06f5698ffbd9}'/><EventID>11</EventID><Version>2</Version><Level>4</Level><Task>11</Task><Opcode>0</Opcode><Keywords>0x8000000000000000</Keywords><TimeCreated SystemTime='2024-12-12T21:59:59.1585679Z'/><EventRecordID>99917</EventRecordID><Correlation/><Execution ProcessID='3780' ThreadID='5104'/><Channel>Microsoft-Windows-Sysmon/Operational</Channel><Computer>WindowsTarget</Computer><Security UserID='S-1-5-18'/>",,"C:\Users\inf808\AppData\Local\Temp\_MEI35082\api-ms-win-core-synch-l1-2-0.dll",,,,,,,,,,,,,,,11,"System Parameter Settings",,"'5104'","2024-12-12T21:59:59.1585679Z",,,,,"WindowsTarget\inf808","'S-1-5-18'",,,,,,,,,,"2024-12-12 21:59:59.158",2,,,,,"<Event xmlns='http://schemas.microsoft.com/win/2004/08/events/event'><System><Provider Name='Microsoft-Windows-Sysmon' Guid='{5770385f-c22a-43e0-bf4c-06f5698ffbd9}'/><EventID>11</EventID><Version>2</Version><Level>4</Level><Task>11</Task><Opcode>0</Opcode><Keywords>0x8000000000000000</Keywords><TimeCreated SystemTime='2024-12-12T21:59:59.1585679Z'/><EventRecordID>99917</EventRecordID><Correlation/><Execution ProcessID='3780' ThreadID='5104'/><Channel>Microsoft-Windows-Sysmon/Operational</Channel><Computer>WindowsTarget</Computer><Security UserID='S-1-5-18'/></System><EventData><Data Name='RuleName'>DLL</Data><Data Name='UtcTime'>2024-12-12 21:59:59.158</Data><Data Name='ProcessGuid'>{8e02ef74-5cde-675b-5708-000000002a00}</Data><Data Name='ProcessId'>3508</Data><Data Name='Image'>C:\Users\inf808\AppData\Local\inf808\LaZagne.exe</Data><Data Name='TargetFilename'>C:\Users\inf808\AppData\Local\Temp\_MEI35082\api-ms-win-core-synch-l1-2-0.dll</Data><Data Name='CreationUtcTime'>2024-12-12 21:59:59.157</Data><Data Name='User'>WindowsTarget\inf808</Data></EventData></Event>","2024-12-12T16:59:59.000-0500",modified,,,,,,,,,,,WindowsTarget,,,,,,,WindowsTarget,,WindowsTarget,99917,"endpoint_services_processes ms-sysmon-filemod windows_event_signature windows_ta_data",,"2024-12-12 21:59:59.157",,,"api-ms-win-core-synch-l1-2-0.dll","C:\Users\inf808\AppData\Local\Temp\_MEI35082\api-ms-win-core-synch-l1-2-0.dll",,WindowsTarget,,,99917,main,1,,,,,,,,,,file,,,,,,,,,,,,,,,,"LaZagne.exe","{8e02ef74-5cde-675b-5708-000000002a00}",,3508,,"LaZagne.exe","C:\Users\inf808\AppData\Local\inf808\LaZagne.exe",,,,"<_='://../////'><><_='--'_='{----}'/><></><></><><",,,,,,,,,,,,,,,,,,,,,,informational,4,FileCreate,11,"XmlWinEventLog:Microsoft-Windows-Sysmon/Operational",XmlWinEventLog,FedoraThreatHunting,,,,,,,,,,,,,,,,,,,,,"endpoint
filesystem
track_event_signatures",,,,"endpoint
filesystem
track_event_signatures",filesystem,,,,,,,,inf808,,,"'S-1-5-18'",,,,,"Microsoft Sysmon"
,,,,,,,,,,,,,,,"Microsoft-Windows-Sysmon/Operational",,,,,,,,,WindowsTarget,,,"2024-12-12 21:59:59.156",,,,,,,,,,,,,,,"Microsoft-Windows-Sysmon/Operational",11,"<Data Name='RuleName'>DLL</Data><Data Name='UtcTime'>2024-12-12 21:59:59.156</Data><Data Name='ProcessGuid'>{8e02ef74-5cde-675b-5708-000000002a00}</Data><Data Name='ProcessId'>3508</Data><Data Name='Image'>C:\Users\inf808\AppData\Local\inf808\LaZagne.exe</Data><Data Name='TargetFilename'>C:\Users\inf808\AppData\Local\Temp\_MEI35082\api-ms-win-core-synch-l1-1-0.dll</Data><Data Name='CreationUtcTime'>2024-12-12 21:59:59.156</Data><Data Name='User'>WindowsTarget\inf808</Data>",FileCreate,11,99916,,,,,,,,,,,"'{5770385f-c22a-43e0-bf4c-06f5698ffbd9}'",,,,,"C:\Users\inf808\AppData\Local\inf808\LaZagne.exe",,,,,,,,0x8000000000000000,4,,,,,,,,,,,,,,,,,,,,"'Microsoft-Windows-Sysmon'",,,,,,,,,,,,,0,,,,,,,,,,,,,,"{8e02ef74-5cde-675b-5708-000000002a00}","'3780'",3508,,,,,,,,,,99916,99916,,,,,DLL,,,,,"S-1-5-18",,,,,,,,,,,,,,,,,,,,,,"'2024-12-12T21:59:59.1571967Z'","<Provider Name='Microsoft-Windows-Sysmon' Guid='{5770385f-c22a-43e0-bf4c-06f5698ffbd9}'/><EventID>11</EventID><Version>2</Version><Level>4</Level><Task>11</Task><Opcode>0</Opcode><Keywords>0x8000000000000000</Keywords><TimeCreated SystemTime='2024-12-12T21:59:59.1571967Z'/><EventRecordID>99916</EventRecordID><Correlation/><Execution ProcessID='3780' ThreadID='5104'/><Channel>Microsoft-Windows-Sysmon/Operational</Channel><Computer>WindowsTarget</Computer><Security UserID='S-1-5-18'/>",,"C:\Users\inf808\AppData\Local\Temp\_MEI35082\api-ms-win-core-synch-l1-1-0.dll",,,,,,,,,,,,,,,11,"System Parameter Settings",,"'5104'","2024-12-12T21:59:59.1571967Z",,,,,"WindowsTarget\inf808","'S-1-5-18'",,,,,,,,,,"2024-12-12 21:59:59.156",2,,,,,"<Event xmlns='http://schemas.microsoft.com/win/2004/08/events/event'><System><Provider Name='Microsoft-Windows-Sysmon' Guid='{5770385f-c22a-43e0-bf4c-06f5698ffbd9}'/><EventID>11</EventID><Version>2</Version><Level>4</Level><Task>11</Task><Opcode>0</Opcode><Keywords>0x8000000000000000</Keywords><TimeCreated SystemTime='2024-12-12T21:59:59.1571967Z'/><EventRecordID>99916</EventRecordID><Correlation/><Execution ProcessID='3780' ThreadID='5104'/><Channel>Microsoft-Windows-Sysmon/Operational</Channel><Computer>WindowsTarget</Computer><Security UserID='S-1-5-18'/></System><EventData><Data Name='RuleName'>DLL</Data><Data Name='UtcTime'>2024-12-12 21:59:59.156</Data><Data Name='ProcessGuid'>{8e02ef74-5cde-675b-5708-000000002a00}</Data><Data Name='ProcessId'>3508</Data><Data Name='Image'>C:\Users\inf808\AppData\Local\inf808\LaZagne.exe</Data><Data Name='TargetFilename'>C:\Users\inf808\AppData\Local\Temp\_MEI35082\api-ms-win-core-synch-l1-1-0.dll</Data><Data Name='CreationUtcTime'>2024-12-12 21:59:59.156</Data><Data Name='User'>WindowsTarget\inf808</Data></EventData></Event>","2024-12-12T16:59:59.000-0500",created,,,,,,,,,,,WindowsTarget,,,,,,,WindowsTarget,,WindowsTarget,99916,"endpoint_services_processes ms-sysmon-filemod windows_event_signature windows_ta_data",,"2024-12-12 21:59:59.156",,,"api-ms-win-core-synch-l1-1-0.dll","C:\Users\inf808\AppData\Local\Temp\_MEI35082\api-ms-win-core-synch-l1-1-0.dll",,WindowsTarget,,,99916,main,1,,,,,,,,,,file,,,,,,,,,,,,,,,,"LaZagne.exe","{8e02ef74-5cde-675b-5708-000000002a00}",,3508,,"LaZagne.exe","C:\Users\inf808\AppData\Local\inf808\LaZagne.exe",,,,"<_='://../////'><><_='--'_='{----}'/><></><></><><",,,,,,,,,,,,,,,,,,,,,,informational,4,FileCreate,11,"XmlWinEventLog:Microsoft-Windows-Sysmon/Operational",XmlWinEventLog,FedoraThreatHunting,,,,,,,,,,,,,,,,,,,,,"endpoint
filesystem
track_event_signatures",,,,"endpoint
filesystem
track_event_signatures",filesystem,,,,,,,,inf808,,,"'S-1-5-18'",,,,,"Microsoft Sysmon"
,,,,,,,,,,,,,,,"Microsoft-Windows-Sysmon/Operational",,,,,,,,,WindowsTarget,,,"2024-12-12 21:59:59.155",,,,,,,,,,,,,,,"Microsoft-Windows-Sysmon/Operational",11,"<Data Name='RuleName'>DLL</Data><Data Name='UtcTime'>2024-12-12 21:59:59.155</Data><Data Name='ProcessGuid'>{8e02ef74-5cde-675b-5708-000000002a00}</Data><Data Name='ProcessId'>3508</Data><Data Name='Image'>C:\Users\inf808\AppData\Local\inf808\LaZagne.exe</Data><Data Name='TargetFilename'>C:\Users\inf808\AppData\Local\Temp\_MEI35082\api-ms-win-core-string-l1-1-0.dll</Data><Data Name='CreationUtcTime'>2024-12-12 21:59:59.155</Data><Data Name='User'>WindowsTarget\inf808</Data>",FileCreate,11,99915,,,,,,,,,,,"'{5770385f-c22a-43e0-bf4c-06f5698ffbd9}'",,,,,"C:\Users\inf808\AppData\Local\inf808\LaZagne.exe",,,,,,,,0x8000000000000000,4,,,,,,,,,,,,,,,,,,,,"'Microsoft-Windows-Sysmon'",,,,,,,,,,,,,0,,,,,,,,,,,,,,"{8e02ef74-5cde-675b-5708-000000002a00}","'3780'",3508,,,,,,,,,,99915,99915,,,,,DLL,,,,,"S-1-5-18",,,,,,,,,,,,,,,,,,,,,,"'2024-12-12T21:59:59.1559484Z'","<Provider Name='Microsoft-Windows-Sysmon' Guid='{5770385f-c22a-43e0-bf4c-06f5698ffbd9}'/><EventID>11</EventID><Version>2</Version><Level>4</Level><Task>11</Task><Opcode>0</Opcode><Keywords>0x8000000000000000</Keywords><TimeCreated SystemTime='2024-12-12T21:59:59.1559484Z'/><EventRecordID>99915</EventRecordID><Correlation/><Execution ProcessID='3780' ThreadID='5104'/><Channel>Microsoft-Windows-Sysmon/Operational</Channel><Computer>WindowsTarget</Computer><Security UserID='S-1-5-18'/>",,"C:\Users\inf808\AppData\Local\Temp\_MEI35082\api-ms-win-core-string-l1-1-0.dll",,,,,,,,,,,,,,,11,"System Parameter Settings",,"'5104'","2024-12-12T21:59:59.1559484Z",,,,,"WindowsTarget\inf808","'S-1-5-18'",,,,,,,,,,"2024-12-12 21:59:59.155",2,,,,,"<Event xmlns='http://schemas.microsoft.com/win/2004/08/events/event'><System><Provider Name='Microsoft-Windows-Sysmon' Guid='{5770385f-c22a-43e0-bf4c-06f5698ffbd9}'/><EventID>11</EventID><Version>2</Version><Level>4</Level><Task>11</Task><Opcode>0</Opcode><Keywords>0x8000000000000000</Keywords><TimeCreated SystemTime='2024-12-12T21:59:59.1559484Z'/><EventRecordID>99915</EventRecordID><Correlation/><Execution ProcessID='3780' ThreadID='5104'/><Channel>Microsoft-Windows-Sysmon/Operational</Channel><Computer>WindowsTarget</Computer><Security UserID='S-1-5-18'/></System><EventData><Data Name='RuleName'>DLL</Data><Data Name='UtcTime'>2024-12-12 21:59:59.155</Data><Data Name='ProcessGuid'>{8e02ef74-5cde-675b-5708-000000002a00}</Data><Data Name='ProcessId'>3508</Data><Data Name='Image'>C:\Users\inf808\AppData\Local\inf808\LaZagne.exe</Data><Data Name='TargetFilename'>C:\Users\inf808\AppData\Local\Temp\_MEI35082\api-ms-win-core-string-l1-1-0.dll</Data><Data Name='CreationUtcTime'>2024-12-12 21:59:59.155</Data><Data Name='User'>WindowsTarget\inf808</Data></EventData></Event>","2024-