12-12T17:00:02.000-0500",blocked,,,,,,,,,,,WindowsTarget,,,,,,,WindowsTarget,,WindowsTarget,99949,"endpoint_services_processes ms-sysmon-process windows_event_signature windows_ta_data",,,,,,,,WindowsTarget,,,99949,main,1,,,,,,,,,,,,,,"Microsoft Windows",,,,,,,,,,"C:\Users\inf808\AppData\Local\inf808\LaZagne.exe",,"LaZagne.exe","{8e02ef74-5cdf-675b-5808-000000002a00}",,11200,,"LaZagne.exe","C:\Users\inf808\AppData\Local\inf808\LaZagne.exe",,,,"<_='://../////'><><_='--'_='{----}'/><></><></><><",,,,,,,,,,,,,,,,,,,,,,informational,4,"Process terminated",5,"XmlWinEventLog:Microsoft-Windows-Sysmon/Operational",XmlWinEventLog,FedoraThreatHunting,,,,,,,,,,,,,,,,,,,,,"process
report
track_event_signatures",,,,"process
report
track_event_signatures",,,,,,,,,inf808,,,"'S-1-5-18'",,,,,"Microsoft Sysmon"
,,,,,,,,,,,,,,,"Microsoft-Windows-Sysmon/Operational",,,,,,,,,WindowsTarget,,,,,,,,"-","192.168.1.4",false,9001,"-",,,,,,"Microsoft-Windows-Sysmon/Operational",3,"<Data Name='RuleName'>Tor</Data><Data Name='UtcTime'>2024-12-12 22:00:00.981</Data><Data Name='ProcessGuid'>{8e02ef74-5344-675b-2706-000000002a00}</Data><Data Name='ProcessId'>9752</Data><Data Name='Image'>C:\Program Files\SplunkUniversalForwarder\bin\splunkd.exe</Data><Data Name='User'>NT AUTHORITY\SYSTEM</Data><Data Name='Protocol'>tcp</Data><Data Name='Initiated'>true</Data><Data Name='SourceIsIpv6'>false</Data><Data Name='SourceIp'>10.0.0.5</Data><Data Name='SourceHostname'>WindowsTarget.gwvavixz1yzuxgweuyqj3hytvf.ux.internal.cloudapp.net</Data><Data Name='SourcePort'>54502</Data><Data Name='SourcePortName'>-</Data><Data Name='DestinationIsIpv6'>false</Data><Data Name='DestinationIp'>192.168.1.4</Data><Data Name='DestinationHostname'>-</Data><Data Name='DestinationPort'>9001</Data><Data Name='DestinationPortName'>-</Data>","Network connection",3,99948,,,,,,,,,,,"'{5770385f-c22a-43e0-bf4c-06f5698ffbd9}'",,,,,"C:\Program Files\SplunkUniversalForwarder\bin\splunkd.exe",,,true,,,,,0x8000000000000000,4,,,,,,,,,,,,,,,,,,,,"'Microsoft-Windows-Sysmon'",,,,,,,,,,,,,0,,,,,,,,,,,,,,"{8e02ef74-5344-675b-2706-000000002a00}","'3780'",9752,,,,,,tcp,,,,99948,99948,,,,,Tor,,,,,"S-1-5-18",,"WindowsTarget.gwvavixz1yzuxgweuyqj3hytvf.ux.internal.cloudapp.net","10.0.0.5",false,,54502,"-",,,,,,,,,,,,,,,"'2024-12-12T22:00:02.0996248Z'","<Provider Name='Microsoft-Windows-Sysmon' Guid='{5770385f-c22a-43e0-bf4c-06f5698ffbd9}'/><EventID>3</EventID><Version>5</Version><Level>4</Level><Task>3</Task><Opcode>0</Opcode><Keywords>0x8000000000000000</Keywords><TimeCreated SystemTime='2024-12-12T22:00:02.0996248Z'/><EventRecordID>99948</EventRecordID><Correlation/><Execution ProcessID='3780' ThreadID='3880'/><Channel>Microsoft-Windows-Sysmon/Operational</Channel><Computer>WindowsTarget</Computer><Security UserID='S-1-5-18'/>",,,,,,,,,,,,,,,,,3,Printers,,"'3880'","2024-12-12T22:00:02.0996248Z",,,,,"NT AUTHORITY\SYSTEM","'S-1-5-18'",,,,,,,,,,"2024-12-12 22:00:00.981",5,,,,,"<Event xmlns='http://schemas.microsoft.com/win/2004/08/events/event'><System><Provider Name='Microsoft-Windows-Sysmon' Guid='{5770385f-c22a-43e0-bf4c-06f5698ffbd9}'/><EventID>3</EventID><Version>5</Version><Level>4</Level><Task>3</Task><Opcode>0</Opcode><Keywords>0x8000000000000000</Keywords><TimeCreated SystemTime='2024-12-12T22:00:02.0996248Z'/><EventRecordID>99948</EventRecordID><Correlation/><Execution ProcessID='3780' ThreadID='3880'/><Channel>Microsoft-Windows-Sysmon/Operational</Channel><Computer>WindowsTarget</Computer><Security UserID='S-1-5-18'/></System><EventData><Data Name='RuleName'>Tor</Data><Data Name='UtcTime'>2024-12-12 22:00:00.981</Data><Data Name='ProcessGuid'>{8e02ef74-5344-675b-2706-000000002a00}</Data><Data Name='ProcessId'>9752</Data><Data Name='Image'>C:\Program Files\SplunkUniversalForwarder\bin\splunkd.exe</Data><Data Name='User'>NT AUTHORITY\SYSTEM</Data><Data Name='Protocol'>tcp</Data><Data Name='Initiated'>true</Data><Data Name='SourceIsIpv6'>false</Data><Data Name='SourceIp'>10.0.0.5</Data><Data Name='SourceHostname'>WindowsTarget.gwvavixz1yzuxgweuyqj3hytvf.ux.internal.cloudapp.net</Data><Data Name='SourcePort'>54502</Data><Data Name='SourcePortName'>-</Data><Data Name='DestinationIsIpv6'>false</Data><Data Name='DestinationIp'>192.168.1.4</Data><Data Name='DestinationHostname'>-</Data><Data Name='DestinationPort'>9001</Data><Data Name='DestinationPortName'>-</Data></EventData></Event>","2024-12-12T17:00:02.000-0500",allowed,,,"C:\Program Files\SplunkUniversalForwarder\bin\splunkd.exe",,,,,,"2024-12-12 22:00:00.981",,"192.168.1.4",,"192.168.1.4",,,9001,outbound,WindowsTarget,"10.0.0.5",WindowsTarget,99948,"endpoint_services_processes ms-sysmon-network windows_event_signature windows_ta_data",,,,,,,,WindowsTarget,,,99948,main,1,,,,,,,,,,,,,,,,,,,,,,,,,,"splunkd.exe","{8e02ef74-5344-675b-2706-000000002a00}",,9752,,"splunkd.exe",,,ip,ipv4,"<_='://../////'><><_='--'_='{----}'/><></><></><><",,,,,,,,,,,,,Tor,,,,,,,,,informational,4,"Network connection",3,"XmlWinEventLog:Microsoft-Windows-Sysmon/Operational",XmlWinEventLog,FedoraThreatHunting,,"WindowsTarget.gwvavixz1yzuxgweuyqj3hytvf.ux.internal.cloudapp.net",,,"WindowsTarget.gwvavixz1yzuxgweuyqj3hytvf.ux.internal.cloudapp.net","10.0.0.5",,,,54502,,,,,established,,,,,,"communicate
network
track_event_signatures",,,,"communicate
network
track_event_signatures",,,tcp,"tcp/9001",,,,,SYSTEM,,,"'S-1-5-18'",,,,,"Microsoft Sysmon"
,,,,,,,,,,,,,,,"Microsoft-Windows-Sysmon/Operational",,,,,,,"reg.exe  save hklm\system C:\Users\inf808\AppData\Local\Temp\szrqwnetwvb","Microsoft Corporation",WindowsTarget,,,,,"C:\Users\inf808\Desktop\","Registry Console Tool",,,,,,,,,,,,"Microsoft-Windows-Sysmon/Operational",1,"<Data Name='RuleName'>-</Data><Data Name='UtcTime'>2024-12-12 22:00:00.191</Data><Data Name='ProcessGuid'>{8e02ef74-5ce0-675b-5e08-000000002a00}</Data><Data Name='ProcessId'>6152</Data><Data Name='Image'>C:\Windows\System32\reg.exe</Data><Data Name='FileVersion'>10.0.19041.1 (WinBuild.160101.0800)</Data><Data Name='Description'>Registry Console Tool</Data><Data Name='Product'>Microsoft® Windows® Operating System</Data><Data Name='Company'>Microsoft Corporation</Data><Data Name='OriginalFileName'>reg.exe</Data><Data Name='CommandLine'>reg.exe  save hklm\system C:\Users\inf808\AppData\Local\Temp\szrqwnetwvb</Data><Data Name='CurrentDirectory'>C:\Users\inf808\Desktop\</Data><Data Name='User'>WindowsTarget\inf808</Data><Data Name='LogonGuid'>{8e02ef74-4233-675b-e1fd-1f0000000000}</Data><Data Name='LogonId'>0x1ffde1</Data><Data Name='TerminalSessionId'>2</Data><Data Name='IntegrityLevel'>High</Data><Data Name='Hashes'>MD5=227F63E1D9008B36BDBCC4B397780BE4,SHA256=C0E25B1F9B22DE445298C1E96DDFCEAD265CA030FA6626F61A4A4786CC4A3B7D,IMPHASH=BE482BE427FE212CFEF2CDA0E61F19AC</Data><Data Name='ParentProcessGuid'>{8e02ef74-5ce0-675b-5d08-000000002a00}</Data><Data Name='ParentProcessId'>9976</Data><Data Name='ParentImage'>C:\Windows\System32\cmd.exe</Data><Data Name='ParentCommandLine'>cmd.exe /c ""reg.exe save hklm\system C:\Users\inf808\AppData\Local\Temp\szrqwnetwvb""</Data><Data Name='ParentUser'>WindowsTarget\inf808</Data>","Process creation",1,99947,,,"10.0.19041.1 (WinBuild.160101.0800)",,,,,,,,"'{5770385f-c22a-43e0-bf4c-06f5698ffbd9}'","MD5=227F63E1D9008B36BDBCC4B397780BE4,SHA256=C0E25B1F9B22DE445298C1E96DDFCEAD265CA030FA6626F61A4A4786CC4A3B7D,IMPHASH=BE482BE427FE212CFEF2CDA0E61F19AC",,,BE482BE427FE212CFEF2CDA0E61F19AC,"C:\Windows\System32\reg.exe",,,,High,,,,0x8000000000000000,4,,,"{8e02ef74-4233-675b-e1fd-1f0000000000}",0x1ffde1,,,,,,,,,227F63E1D9008B36BDBCC4B397780BE4,,,,,,,"'Microsoft-Windows-Sysmon'",,,,,,,,,,,,,0,"reg.exe",,"cmd.exe /c ""reg.exe save hklm\system C:\Users\inf808\AppData\Local\Temp\szrqwnetwvb""","C:\Windows\System32\cmd.exe","{8e02ef74-5ce0-675b-5d08-000000002a00}",9976,"WindowsTarget\inf808",,,,,,,"{8e02ef74-5ce0-675b-5e08-000000002a00}","'3780'",6152,,,,"Microsoft® Windows® Operating System",,,,,,99947,99947,,,,,"-",,C0E25B1F9B22DE445298C1E96DDFCEAD265CA030FA6626F61A4A4786CC4A3B7D,,,"S-1-5-18",,,,,,,,,,,,,,,,,,,,,,"'2024-12-12T22:00:00.1929501Z'","<Provider Name='Microsoft-Windows-Sysmon' Guid='{5770385f-c22a-43e0-bf4c-06f5698ffbd9}'/><EventID>1</EventID><Version>5</Version><Level>4</Level><Task>1</Task><Opcode>0</Opcode><Keywords>0x8000000000000000</Keywords><TimeCreated SystemTime='2024-12-12T22:00:00.1929501Z'/><EventRecordID>99947</EventRecordID><Correlation/><Execution ProcessID='3780' ThreadID='5104'/><Channel>Microsoft-Windows-Sysmon/Operational</Channel><Computer>WindowsTarget</Computer><Security UserID='S-1-5-18'/>",,,,,,,,,,,,,,,,,1,Devices,2,"'5104'","2024-12-12T22:00:00.1929501Z",,,,,"WindowsTarget\inf808","'S-1-5-18'",,,,,,,,,,"2024-12-12 22:00:00.191",5,,,,,"<Event xmlns='http://schemas.microsoft.com/win/2004/08/events/event'><System><Provider Name='Microsoft-Windows-Sysmon' Guid='{5770385f-c22a-43e0-bf4c-06f5698ffbd9}'/><EventID>1</EventID><Version>5</Version><Level>4</Level><Task>1</Task><Opcode>0</Opcode><Keywords>0x8000000000000000</Keywords><TimeCreated SystemTime='2024-12-12T22:00:00.1929501Z'/><EventRecordID>99947</EventRecordID><Correlation/><Execution ProcessID='3780' ThreadID='5104'/><Channel>Microsoft-Windows-Sysmon/Operational</Channel><Computer>WindowsTarget</Computer><Security UserID='S-1-5-18'/></System><EventData><Data Name='RuleName'>-</Data><Data Name='UtcTime'>2024-12-12 22:00:00.191</Data><Data Name='ProcessGuid'>{8e02ef74-5ce0-675b-5e08-000000002a00}</Data><Data Name='ProcessId'>6152</Data><Data Name='Image'>C:\Windows\System32\reg.exe</Data><Data Name='FileVersion'>10.0.19041.1 (WinBuild.160101.0800)</Data><Data Name='Description'>Registry Console Tool</Data><Data Name='Product'>Microsoft® Windows® Operating System</Data><Data Name='Company'>Microsoft Corporation</Data><Data Name='OriginalFileName'>reg.exe</Data><Data Name='CommandLine'>reg.exe  save hklm\system C:\Users\inf808\AppData\Local\Temp\szrqwnetwvb</Data><Data Name='CurrentDirectory'>C:\Users\inf808\Desktop\</Data><Data Name='User'>WindowsTarget\inf808</Data><Data Name='LogonGuid'>{8e02ef74-4233-675b-e1fd-1f0000000000}</Data><Data Name='LogonId'>0x1ffde1</Data><Data Name='TerminalSessionId'>2</Data><Data Name='IntegrityLevel'>High</Data><Data Name='Hashes'>MD5=227F63E1D9008B36BDBCC4B397780BE4,SHA256=C0E25B1F9B22DE445298C1E96DDFCEAD265CA030FA6626F61A4A4786CC4A3B7D,IMPHASH=BE482BE427FE212CFEF2CDA0E61F19AC</Data><Data Name='ParentProcessGuid'>{8e02ef74-5ce0-675b-5d08-000000002a00}</Data><Data Name='ParentProcessId'>9976</Data><Data Name='ParentImage'>C:\Windows\System32\cmd.exe</Data><Data Name='ParentCommandLine'>cmd.exe /c ""reg.exe save hklm\system C:\Users\inf808\AppData\Local\Temp\szrqwnetwvb""</Data><Data Name='ParentUser'>WindowsTarget\inf808</Data></EventData></Event>","2024-12-12T17:00:00.000-0500",allowed,,,,,,,,,,,WindowsTarget,,,,,,,WindowsTarget,,WindowsTarget,99947,"endpoint_services_processes ms-sysmon-process windows_event_signature windows_ta_data",,,,,,,,WindowsTarget,,,99947,main,1,,,,,,,,,,,,,"reg.exe","Microsoft Windows","cmd.exe /c ""reg.exe save hklm\system C:\Users\inf808\AppData\Local\Temp\szrqwnetwvb""","cmd.exe","{8e02ef74-5ce0-675b-5d08-000000002a00}",9976,"cmd.exe","C:\Windows\System32\cmd.exe",,,,"reg.exe  save hklm\system C:\Users\inf808\AppData\Local\Temp\szrqwnetwvb","C:\Users\inf808\Desktop\","reg.exe","{8e02ef74-5ce0-675b-5e08-000000002a00}","MD5=227F63E1D9008B36BDBCC4B397780BE4,SHA256=C0E25B1F9B22DE445298C1E96DDFCEAD265CA030FA6626F61A4A4786CC4A3B7D,IMPHASH=BE482BE427FE212CFEF2CDA0E61F19AC",6152,High,"reg.exe","C:\Windows\System32\reg.exe",,,,"<_='://../////'><><_='--'_='{----}'/><></><></><><",,,,,,,,,,,,,,,,,,,,,,informational,4,"Process creation",1,"XmlWinEventLog:Microsoft-Windows-Sysmon/Operational",XmlWinEventLog,FedoraThreatHunting,,,,,,,,,,,,,,,,,,,,,"process
report
track_event_signatures",,,,"process
report
track_event_signatures",,,,,,,,,inf808,,,"'S-1-5-18'",,,,,"Microsoft Sysmon"
,,,,,,,,,,,,,,,"Microsoft-Windows-Sysmon/Operational",,,,,,,"cmd.exe /c ""reg.exe save hklm\system C:\Users\inf808\AppData\Local\Temp\szrqwnetwvb""","Microsoft Corporation",WindowsTarget,,,,,"C:\Users\inf808\Desktop\","Windows Command Processor",,,,,,,,,,,,"Microsoft-Windows-Sysmon/Operational",1,"<Data Name='RuleName'>-</Data><Data Name='UtcTime'>2024-12-12 22:00:00.178</Data><Data Name='ProcessGuid'>{8e02ef74-5ce0-675b-5d08-000000002a00}</Data><Data Name='ProcessId'>9976</Data><Data Name='Image'>C:\Windows\System32\cmd.exe</Data><Data Name='FileVersion'>10.0.19041.4355 (WinBuild.160101.0800)</Data><Data Name='Description'>Windows Command Processor</Data><Data Name='Product'>Microsoft® Windows® Operating System</Data><Data Name='Company'>Microsoft Corporation</Data><Data Name='OriginalFileName'>Cmd.Exe</Data><Data Name='CommandLine'>cmd.exe /c ""reg.exe save hklm\system C:\Users\inf808\AppData\Local\Temp\szrqwnetwvb""</Data><Data Name='CurrentDirectory'>C:\Users\inf808\Desktop\</Data><Data Name='User'>WindowsTarget\inf808</Data><Data Name='LogonGuid'>{8e02ef74-4233-675b-e1fd-1f0000000000}</Data><Data Name='LogonId'>0x1ffde1</Data><Data Name='TerminalSessionId'>2</Data><Data Name='IntegrityLevel'>High</Data><Data Name='Hashes'>MD5=2B40C98ED0F7A1D3B091A3E8353132DC,SHA256=BADF4752413CB0CBDC03FB95820CA167F0CDC63B597CCDB5EF43111180E088B0,IMPHASH=272245E2988E1E430500B852C4FB5E18</Data><Data Name='ParentProcessGuid'>{8e02ef74-5cdf-675b-5808-000000002a00}</Data><Data Name='ParentProcessId'>11200</Data><Data Name='ParentImage'>C:\Users\inf808\AppData\Local\inf808\LaZagne.exe</Data><Data Name='ParentCommandLine'>C:\Users\inf808\AppData\Local\inf808\LaZagne.exe  browsers </Data><Data Name='ParentUser'>WindowsTarget\inf808</Data>","Process creation",1,99946,,,"10.0.19041.4355 (WinBuild.160101.0800)",,,,,,,,"'{5770385f-c22a-43e0-bf4c-06f5698ffbd9}'","MD5=2B40C98ED0F7A1D3B091A3E8353132DC,SHA256=BADF4752413CB0CBDC03FB95820CA167F0CDC63B597CCDB5EF43111180E088B0,IMPHASH=272245E2988E1E430500B852C4FB5E18",,,272245E2988E1E430500B852C4FB5E18,"C:\Windows\System32\cmd.exe",,,,High,,,,0x8000000000000000,4,,,"{8e02ef74-4233-675b-e1fd-1f0000000000}",0x1ffde1,,,,,,,,,2B40C98ED0F7A1D3B091A3E8353132DC,,,,,,,"'Microsoft-Windows-Sysmon'",,,,,,,,,,,,,0,"Cmd.Exe",,"C:\Users\inf808\AppData\Local\inf808\LaZagne.exe  browsers","C:\Users\inf808\AppData\Local\inf808\LaZagne.exe","{8e02ef74-5cdf-675b-5808-000000002a00}",11200,"WindowsTarget\inf808",,,,,,,"{8e02ef74-5ce0-675b-5d08-000000002a00}","'3780'",9976,,,,"Microsoft® Windows® Operating System",,,,,,99946,99946,,,,,"-",,BADF4752413CB0CBDC03FB95820CA167F0CDC63B597CCDB5EF43111180E088B0,,,"S-1-5-18",,,,,,,,,,,,,,,,,,,,,,"'2024-12-12T22:00:00.1805569Z'","<Provider Name='Microsoft-Windows-Sysmon' Guid='{5770385f-c22a-43e0-bf4c-06f5698ffbd9}'/><EventID>1</EventID><Version>5</Version><Level>4</Level><Task>1</Task><Opcode>0</Opcode><Keywords>0x8000000000000000</Keywords><TimeCreated SystemTime='2024-12-12T22:00:00.1805569Z'/><EventRecordID>99946</EventRecordID><Correlation/><Execution ProcessID='3780' ThreadID='5104'/><Channel>Microsoft-Windows-Sysmon/Operational</Channel><Computer>WindowsTarget</Computer><Security UserID='S-1-5-18'/>",,,,,,,,,,,,,,,,,1,Devices,2,"'5104'","2024-12-12T22:00:00.1805569Z",,,,,"WindowsTarget\inf808","'S-1-5-18'",,,,,,,,,,"2024-12-12 22:00:00.178",5,,,,,"<Event xmlns='http://schemas.microsoft.com/win/2004/08/events/event'><System><Provider Name='Microsoft-Windows-Sysmon' Guid='{5770385f-c22a-43e0-bf4c-06f5698ffbd9}'/><EventID>1</EventID><Version>5</Version><Level>4</Level><Task>1</Task><Opcode>0</Opcode><Keywords>0x8000000000000000</Keywords><TimeCreated SystemTime='2024-12-12T22:00:00.1805569Z'/><EventRecordID>99946</EventRecordID><Correlation/><Execution ProcessID='3780' ThreadID='5104'/><Channel>Microsoft-Windows-Sysmon/Operational</Channel><Computer>WindowsTarget</Computer><Security UserID='S-1-5-18'/></System><EventData><Data Name='RuleName'>-</Data><Data Name='UtcTime'>2024-12-12 22:00:00.178</Data><Data Name='ProcessGuid'>{8e02ef74-5ce0-675b-5d08-000000002a00}</Data><Data Name='ProcessId'>9976</Data><Data Name='Image'>C:\Windows\System32\cmd.exe</Data><Data Name='FileVersion'>10.0.19041.4355 (WinBuild.160101.0800)</Data><Data Name='Description'>Windows Command Processor</Data><Data Name='Product'>Microsoft® Windows® Operating System</Data><Data Name='Company'>Microsoft Corporation</Data><Data Name='OriginalFileName'>Cmd.Exe</Data><Data Name='CommandLine'>cmd.exe /c ""reg.exe save hklm\system C:\Users\inf808\AppData\Local\Temp\szrqwnetwvb""</Data><Data Name='CurrentDirectory'>C:\Users\inf808\Desktop\</Data><Data Name='User'>WindowsTarget\inf808</Data><Data Name='LogonGuid'>{8e02ef74-4233-675b-e1fd-1f0000000000}</Data><Data Name='LogonId'>0x1ffde1</Data><Data Name='TerminalSessionId'>2</Data><Data Name='IntegrityLevel'>High</Data><Data Name='Hashes'>MD5=2B40C98ED0F7A1D3B091A3E8353132DC,SHA256=BADF4752413CB0CBDC03FB95820CA167F0CDC63B597CCDB5EF43111180E088B0,IMPHASH=272245E2988E1E430500B852C4FB5E18</Data><Data Name='ParentProcessGuid'>{8e02ef74-5cdf-675b-5808-000000002a00}</Data><Data Name='ParentProcessId'>11200</Data><Data Name='ParentImage'>C:\Users\inf808\AppData\Local\inf808\LaZagne.exe</Data><Data Name='ParentCommandLine'>C:\Users\inf808\AppData\Local\inf808\LaZagne.exe  browsers </Data><Data Name='ParentUser'>WindowsTarget\inf808</Data></EventData></Event>","2024-12-12T17:00:00.000-0500",allowed,,,,,,,,,,,WindowsTarget,,,,,,,WindowsTarget,,WindowsTarget,99946,"endpoint_services_processes ms-sysmon-process windows_event_signature windows_ta_data",,,,,,,,WindowsTarget,,,99946,main,1,,,,,,,,,,,,,"Cmd.Exe","Microsoft Windows","C:\Users\inf808\AppData\Local\inf808\LaZagne.exe  browsers","LaZagne.exe","{8e02ef74-5cdf-675b-5808-000000002a00}",11200,"LaZagne.exe","C:\Users\inf808\AppData\Local\inf808\LaZagne.exe",,,,"cmd.exe /c ""reg.exe save hklm\system C:\Users\inf808\AppData\Local\Temp\szrqwnetwvb""","C:\Users\inf808\Desktop\","cmd.exe","{8e02ef74-5ce0-675b-5d08-000000002a00}","MD5=2B40C98ED0F7A1D3B091A3E8353132DC,SHA256=BADF4752413CB0CBDC03FB95820CA167F0CDC63B597CCDB5EF43111180E088B0,IMPHASH=272245E2988E1E430500B852C4FB5E18",9976,High,"cmd.exe","C:\Windows\System32\cmd.exe",,,,"<_='://../////'><><_='--'_='{----}'/><></><></><><",,,,,,,,,,,,,,,,,,,,,,informational,4,"Process creation",1,"XmlWinEventLog:Microsoft-Windows-Sysmon/Operational",XmlWinEventLog,FedoraThreatHunting,,,,,,,,,,,,,,,,,,,,,"process
report
track_event_signatures",,,,"process
report
track_event_signatures",,,,,,,,,inf808,,,"'S-1-5-18'",,,,,"Microsoft Sysmon"
,,,,,,,,,,,,,,,"Microsoft-Windows-Sysmon/Operational",,,,,,,"reg.exe  save hklm\security C:\Users\inf808\AppData\Local\Temp\zibjptrp","Microsoft Corporation",WindowsTarget,,,,,"C:\Users\inf808\Desktop\","Registry Console Tool",,,,,,,,,,,,"Microsoft-Windows-Sysmon/Operational",1,"<Data Name='RuleName'>-</Data><Data Name='UtcTime'>2024-12-12 22:00:00.155</Data><Data Name='ProcessGuid'>{8e02ef74-5ce0-675b-5c08-000000002a00}</Data><Data Name='ProcessId'>4116</Data><Data Name='Image'>C:\Windows\System32\reg.exe</Data><Data Name='FileVersion'>10.0.19041.1 (WinBuild.160101.0800)</Data><Data Name='Description'>Registry Console Tool</Data><Data Name='Product'>Microsoft® Windows® Operating System</Data><Data Name='Company'>Microsoft Corporation</Data><Data Name='OriginalFileName'>reg.exe</Data><Data Name='CommandLine'>reg.exe  save hklm\security C:\Users\inf808\AppData\Local\Temp\zibjptrp</Data><Data Name='CurrentDirectory'>C:\Users\inf808\Desktop\</Data><Data Name='User'>WindowsTarget\inf808</Data><Data Name='LogonGuid'>{8e02ef74-4233-675b-e1fd-1f0000000000}</Data><Data Name='LogonId'>0x1ffde1</Data><Data Name='TerminalSessionId'>2</Data><Data Name='IntegrityLevel'>High</Data><Data Name='Hashes'>MD5=227F63E1D9008B36BDBCC4B397780BE4,SHA256=C0E25B1F9B22DE445298C1E96DDFCEAD265CA030FA6626F61A4A4786CC4A3B7D,IMPHASH=BE482BE427FE212CFEF2CDA0E61F19AC</Data><Data Name='ParentProcessGuid'>{8e02ef74-5ce0-675b-5b08-000000002a00}</Data><Data Name='ParentProcessId'>5896</Data><Data Name='ParentImage'>C:\Windows\System32\cmd.exe</Data><Data Name='ParentCommandLine'>cmd.exe /c ""reg.exe save hklm\security C:\Users\inf808\AppData\Local\Temp\zibjptrp""</Data><Data Name='ParentUser'>WindowsTarget\inf808</Data>","Process creation",1,99945,,,"10.0.19041.1 (WinBuild.160101.0800)",,,,,,,,"'{5770385f-c22a-43e0-bf4c-06f5698ffbd9}'","MD5=227F63E1D9008B36BDBCC4B397780BE4,SHA256=C0E25B1F9B22DE445298C1E96DDFCEAD265CA030FA6626F61A4A4786CC4A3B7D,IMPHASH=BE482BE427FE212CFEF2CDA0E61F19AC",,,BE482BE427FE212CFEF2CDA0E61F19AC,"C:\Windows\System32\reg.exe",,,,High,,,,0x8000000000000000,4,,,"{8e02ef74-4233-675b-e1fd-1f0000000000}",0x1ffde1,,,,,,,,,227F63E1D9008B36BDBCC4B397780BE4,,,,,,,"'Microsoft-Windows-Sysmon'",,,,,,,,,,,,,0,"reg.exe",,"cmd.exe /c ""reg.exe save hklm\security C:\Users\inf808\AppData\Local\Temp\zibjptrp""","C:\Windows\System32\cmd.exe","{8e02ef74-5ce0-675b-5b08-000000002a00}",5896,"WindowsTarget\inf808",,,,,,,"{8e02ef74-5ce0-675b-5c08-000000002a00}","'3780'",4116,,,,"Microsoft® Windows® Operating System",,,,,,99945,99945,,,,,"-",,C0E25B1F9B22DE445298C1E96DDFCEAD265CA030FA6626F61A4A4786CC4A3B7D,,,"S-1-5-18",,,,,,,,,,,,,,,,,,,,,,"'2024-12-12T22:00:00.1567885Z'","<Provider Name='Microsoft-Windows-Sysmon' Guid='{5770385f-c22a-43e0-bf4c-06f5698ffbd9}'/><EventID>1</EventID><Version>5</Version><Level>4</Level><Task>1</Task><Opcode>0</Opcode><Keywords>0x8000000000000000</Keywords><TimeCreated SystemTime='2024-12-12T22:00:00.1567885Z'/><EventRecordID>99945</EventRecordID><Correlation/><Execution ProcessID='3780' ThreadID='5104'/><Channel>Microsoft-Windows-Sysmon/Operational</Channel><Computer>WindowsTarget</Computer><Security UserID='S-1-5-18'/>",,,,,,,,,,,,,,,,,1,Devices,2,"'5104'","2024-12-12T22:00:00.1567885Z",,,,,"WindowsTarget\inf808","'S-1-5-18'",,,,,,,,,,"2024-12-12 22:00:00.155",5,,,,,"<Event xmlns='http://schemas.microsoft.com/win/2004/08/events/event'><System><Provider Name='Microsoft-Windows-Sysmon' Guid='{5770385f-c22a-43e0-bf4c-06f5698ffbd9}'/><EventID>1</EventID><Version>5</Version><Level>4</Level><Task>1</Task><Opcode>0</Opcode><Keywords>0x8000000000000000</Keywords><TimeCreated SystemTime='2024-12-12T22:00:00.1567885Z'/><EventRecordID>99945</EventRecordID><Correlation/><Execution ProcessID='3780' ThreadID='5104'/><Channel>Microsoft-Windows-Sysmon/Operational</Channel><Computer>WindowsTarget</Computer><Security UserID='S-1-5-18'/></System><EventData><Data Name='RuleName'>-</Data><Data Name='UtcTime'>2024-12-12 22:00:00.155</Data><Data Name='ProcessGuid'>{8e02ef74-5ce0-675b-5c08-000000002a00}</Data><Data Name='ProcessId'>4116</Data><Data Name='Image'>C:\Windows\System32\reg.exe</Data><Data Name='FileVersion'>10.0.19041.1 (WinBuild.160101.0800)</Data><Data Name='Description'>Registry Console Tool</Data><Data Name='Product'>Microsoft® Windows® Operating System</Data><Data Name='Company'>Microsoft Corporation</Data><Data Name='OriginalFileName'>reg.exe</Data><Data Name='CommandLine'>reg.exe  save hklm\security C:\Users\inf808\AppData\Local\Temp\zibjptrp</Data><Data Name='CurrentDirectory'>C:\Users\inf808\Desktop\</Data><Data Name='User'>WindowsTarget\inf808</Data><Data Name='LogonGuid'>{8e02ef74-4233-675b-e1fd-1f0000000000}</Data><Data Name='LogonId'>0x1ffde1</Data><Data Name='TerminalSessionId'>2</Data><Data Name='IntegrityLevel'>High</Data><Data Name='Hashes'>MD5=227F63E1D9008B36BDBCC4B397780BE4,SHA256=C0E25B1F9B22DE445298C1E96DDFCEAD265CA030FA6626F61A4A4786CC4A3B7D,IMPHASH=BE482BE427FE212CFEF2CDA0E61F19AC</Data><Data Name='ParentProcessGuid'>{8e02ef74-5ce0-675b-5b08-000000002a00}</Data><Data Name='ParentProcessId'>5896</Data><Data Name='ParentImage'>C:\Windows\System32\cmd.exe</Data><Data Name='ParentCommandLine'>cmd.exe /c ""reg.exe save hklm\security C:\Users\inf808\AppData\Local\Temp\zibjptrp""</Data><Data Name='ParentUser'>WindowsTarget\inf808</Data></EventData></Event>","2024-12-12T17:00:00.000-0500",allowed,,,,,,,,,,,WindowsTarget,,,,,,,WindowsTarget,,WindowsTarget,99945,"endpoint_services_processes ms-sysmon-process windows_event_signature windows_ta_data",,,,,,,,WindowsTarget,,,99945,main,1,,,,,,,,,,,,,"reg.exe","Microsoft Windows","cmd.exe /c ""reg.exe save hklm\security C:\Users\inf808\AppData\Local\Temp\zibjptrp""","cmd.exe","{8e02ef74-5ce0-675b-5b08-000000002a00}",5896,"cmd.exe","C:\Windows\System32\cmd.exe",,,,"reg.exe  save hklm\security C:\Users\inf808\AppData\Local\Temp\zibjptrp","C:\Users\inf808\Desktop\","reg.exe","{8e02ef74-5ce0-675b-5c08-000000002a00}","MD5=227F63E1D9008B36BDBCC4B397780BE4,SHA256=C0E25B1F9B22DE445298C1E96DDFCEAD265CA030FA6626F61A4A4786CC4A3B7D,IMPHASH=BE482BE427FE212CFEF2CDA0E61F19AC",4116,High,"reg.exe","C:\Windows\System32\reg.exe",,,,"<_='://../////'><><_='--'_='{----}'/><></><></><><",,,,,,,,,,,,,,,,,,,,,,informational,4,"Process creation",1,"XmlWinEventLog:Microsoft-Windows-Sysmon/Operational",XmlWinEventLog,FedoraThreatHunting,,,,,,,,,,,,,,,,,,,,,"process
report
track_event_signatures",,,,"process
report
track_event_signatures",,,,,,,,,inf808,,,"'S-1-5-18'",,,,,"Microsoft Sysmon"
,,,,,,,,,,,,,,,"Microsoft-Windows-Sysmon/Operational",,,,,,,"cmd.exe /c ""reg.exe save hklm\security C:\Users\inf808\AppData\Local\Temp\zibjptrp""","Microsoft Corporation",WindowsTarget,,,,,"C:\Users\inf808\Desktop\","Windows Command Processor",,,,,,,,,,,,"Microsoft-Windows-Sysmon/Operational",1,"<Data Name='RuleName'>-</Data><Data Name='UtcTime'>2024-12-12 22:00:00.142</Data><Data Name='ProcessGuid'>{8e02ef74-5ce0-675b-5b08-000000002a00}</Data><Data Name='ProcessId'>5896</Data><Data Name='Image'>C:\Windows\System32\cmd.exe</Data><Data Name='FileVersion'>10.0.19041.4355 (WinBuild.160101.0800)</Data><Data Name='Description'>Windows Command Processor</Data><Data Name='Product'>Microsoft® Windows® Operating System</Data><Data Name='Company'>Microsoft Corporation</Data><Data Name='OriginalFileName'>Cmd.Exe</Data><Data Name='CommandLine'>cmd.exe /c ""reg.exe save hklm\security C:\Users\inf808\AppData\Local\Temp\zibjptrp""</Data><Data Name='CurrentDirectory'>C:\Users\inf808\Desktop\</Data><Data Name='User'>WindowsTarget\inf808</Data><Data Name='LogonGuid'>{8e02ef74-4233-675b-e1fd-1f0000000000}</Data><Data Name='LogonId'>0x1ffde1</Data><Data Name='TerminalSessionId'>2</Data><Data Name='IntegrityLevel'>High</Data><Data Name='Hashes'>MD5=2B40C98ED0F7A1D3B091A3E8353132DC,SHA256=BADF4752413CB0CBDC03FB95820CA167F0CDC63B597CCDB5EF43111180E088B0,IMPHASH=272245E2988E1E430500B852C4FB5E18</Data><Data Name='ParentProcessGuid'>{8e02ef74-5cdf-675b-5808-000000002a00}</Data><Data Name='ParentProcessId'>11200</Data><Data Name='ParentImage'>C:\Users\inf808\AppData\Local\inf808\LaZagne.exe</Data><Data Name='ParentCommandLine'>C:\Users\inf808\AppData\Local\inf808\LaZagne.exe  browsers </Data><Data Name='ParentUser'>WindowsTarget\inf808</Data>","Process creation",1,99944,,,"10.0.19041.4355 (WinBuild.160101.0800)",,,,,,,,"'{5770385f-c22a-43e0-bf4c-06f5698ffbd9}'","MD5=2B40C98ED0F7A1D3B091A3E8353132DC,SHA256=BADF4752413CB0CBDC03FB95820CA167F0CDC63B597CCDB5EF43111180E088B0,IMPHASH=272245E2988E1E430500B852C4FB5E18",,,272245E2988E1E430500B852C4FB5E18,"C:\Windows\System32\cmd.exe",,,,High,,,,0x8000000000000000,4,,,"{8e02ef74-4233-675b-e1fd-1f0000000000}",0x1ffde1,,,,,,,,,2B40C98ED0F7A1D3B091A3E8353132DC,,,,,,,"'Microsoft-Windows-Sysmon'",,,,,,,,,,,,,0,"Cmd.Exe",,"C:\Users\inf808\AppData\Local\inf808\LaZagne.exe  browsers","C:\Users\inf808\AppData\Local\inf808\LaZagne.exe","{8e02ef74-5cdf-675b-5808-000000002a00}",11200,"WindowsTarget\inf808",,,,,,,"{8e02ef74-5ce0-675b-5b08-000000002a00}","'3780'",5896,,,,"Microsoft® Windows® Operating System",,,,,,99944,99944,,,,,"-",,BADF4752413CB0CBDC03FB95820CA167F0CDC63B597CCDB5EF43111180E088B0,,,"S-1-5-18",,,,,,,,,,,,,,,,,,,,,,"'2024-12-12T22:00:00.1446330Z'","<Provider Name='Microsoft-Windows-Sysmon' Guid='{5770385f-c22a-43e0-bf4c-06f5698ffbd9}'/><EventID>1</EventID><Version>5</Version><Level>4</Level><Task>1</Task><Opcode>0</Opcode><Keywords>0x8000000000000000</Keywords><TimeCreated SystemTime='2024-12-12T22:00:00.1446330Z'/><EventRecordID>99944</EventRecordID><Correlation/><Execution ProcessID='3780' ThreadID='5104'/><Channel>Microsoft-Windows-Sysmon/Operational</Channel><Computer>WindowsTarget</Computer><Security UserID='S-1-5-18'/>",,,,,,,,,,,,,,,,,1,Devices,2,"'5104'","2024-12-12T22:00:00.1446330Z",,,,,"WindowsTarget\inf808","'S-1-5-18'",,,,,,,,,,"2024-12-12 22:00:00.142",5,,,,,"<Event xmlns='http://schemas.microsoft.com/win/2004/08/events/event'><System><Provider Name='Microsoft-Windows-Sysmon' Guid='{5770385f-c22a-43e0-bf4c-06f5698ffbd9}'/><EventID>1</EventID><Version>5</Version><Level>4</Level><Task>1</Task><Opcode>0</Opcode><Keywords>0x8000000000000000</Keywords><TimeCreated SystemTime='2024-12-12T22:00:00.1446330Z'/><EventRecordID>99944</EventRecordID><Correlation/><Execution ProcessID='3780' ThreadID='5104'/><Channel>Microsoft-Windows-Sysmon/Operational</Channel><Computer>WindowsTarget</Computer><Security UserID='S-1-5-18'/></System><EventData><Data Name='RuleName'>-</Data><Data Name='UtcTime'>2024-12-12 22:00:00.142</Data><Data Name='ProcessGuid'>{8e02ef74-5ce0-675b-5b08-000000002a00}</Data><Data Name='ProcessId'>5896</Data><Data Name='Image'>C:\Windows\System32\cmd.exe</Data><Data Name='FileVersion'>10.0.19041.4355 (WinBuild.160101.0800)</Data><Data Name='Description'>Windows Command Processor</Data><Data Name='Product'>Microsoft® Windows® Operating System</Data><Data Name='Company'>Microsoft Corporation</Data><Data Name='OriginalFileName'>Cmd.Exe</Data><Data Name='CommandLine'>cmd.exe /c ""reg.exe save hklm\security C:\Users\inf808\AppData\Local\Temp\zibjptrp""</Data><Data Name='CurrentDirectory'>C:\Users\inf808\Desktop\</Data><Data Name='User'>WindowsTarget\inf808</Data><Data Name='LogonGuid'>{8e02ef74-4233-675b-e1fd-1f0000000000}</Data><Data Name='LogonId'>0x1ffde1</Data><Data Name='TerminalSessionId'>2</Data><Data Name='IntegrityLevel'>High</Data><Data Name='Hashes'>MD5=2B40C98ED0F7A1D3B091A3E8353132DC,SHA256=BADF4752413CB0CBDC03FB95820CA167F0CDC63B597CCDB5EF43111180E088B0,IMPHASH=272245E2988E1E430500B852C4FB5E18</Data><Data Name='ParentProcessGuid'>{8e02ef74-5cdf-675b-5808-000000002a00}</Data><Data Name='ParentProcessId'>11200</Data><Data Name='ParentImage'>C:\Users\inf808\AppData\Local\inf808\LaZagne.exe</Data><Data Name='ParentCommandLine'>C:\Users\inf808\AppData\Local\inf808\LaZagne.exe  browsers </Data><Data Name='ParentUser'>WindowsTarget\inf808</Data></EventData></Event>","2024-12-12T17:00:00.000-0500",allowed,,,,,,,,,,,WindowsTarget,,,,,,,WindowsTarget,,WindowsTarget,99944,"endpoint_services_processes ms-sysmon-process windows_event_signature windows_ta_data",,,,,,,,WindowsTarget,,,99944,main,1,,,,,,,,,,,,,"Cmd.Exe","Microsoft Windows","C:\Users\inf808\AppData\Local\inf808\LaZagne.exe  browsers","LaZagne.exe","{8e02ef74-5cdf-675b-5808-000000002a00}",11200,"LaZagne.exe","C:\Users\inf808\AppData\Local\inf808\LaZagne.exe",,,,"cmd.exe /c ""reg.exe save hklm\security C:\Users\inf808\AppData\Local\Temp\zibjptrp""","C:\Users\inf808\Desktop\","cmd.exe","{8e02ef74-5ce0-675b-5b08-000000002a00}","MD5=2B40C98ED0F7A1D3B091A3E8353132DC,SHA256=BADF4752413CB0CBDC03FB95820CA167F0CDC63B597CCDB5EF43111180E088B0,IMPHASH=272245E2988E1E430500B852C4FB5E18",5896,High,"cmd.exe","C:\Windows\System32\cmd.exe",,,,"<_='://../////'><><_='--'_='{----}'/><></><></><><",,,,,,,,,,,,,,,,,,,,,,informational,4,"Process creation",1,"XmlWinEventLog:Microsoft-Windows-Sysmon/Operational",XmlWinEventLog,FedoraThreatHunting,,,,,,,,,,,,,,,,,,,,,"process
report
track_event_signatures",,,,"process
report
track_event_signatures",,,,,,,,,inf808,,,"'S-1-5-18'",,,,,"Microsoft Sysmon"
,,,,,,,,,,,,,,,"Microsoft-Windows-Sysmon/Operational",,,,,,,"reg.exe  save hklm\sam C:\Users\inf808\AppData\Local\Temp\afbtqi","Microsoft Corporation",WindowsTarget,,,,,"C:\Users\inf808\Desktop\","Registry Console Tool",,,,,,,,,,,,"Microsoft-Windows-Sysmon/Operational",1,"<Data Name='RuleName'>-</Data><Data Name='UtcTime'>2024-12-12 22:00:00.058</Data><Data Name='ProcessGuid'>{8e02ef74-5ce0-675b-5a08-000000002a00}</Data><Data Name='ProcessId'>11244</Data><Data Name='Image'>C:\Windows\System32\reg.exe</Data><Data Name='FileVersion'>10.0.19041.1 (WinBuild.160101.0800)</Data><Data Name='Description'>Registry Console Tool</Data><Data Name='Product'>Microsoft® Windows® Operating System</Data><Data Name='Company'>Microsoft Corporation</Data><Data Name='OriginalFileName'>reg.exe</Data><Data Name='CommandLine'>reg.exe  save hklm\sam C:\Users\inf808\AppData\Local\Temp\afbtqi</Data><Data Name='CurrentDirectory'>C:\Users\inf808\Desktop\</Data><Data Name='User'>WindowsTarget\inf808</Data><Data Name='LogonGuid'>{8e02ef74-4233-675b-e1fd-1f0000000000}</Data><Data Name='LogonId'>0x1ffde1</Data><Data Name='TerminalSessionId'>2</Data><Data Name='IntegrityLevel'>High</Data><Data Name='Hashes'>MD5=227F63E1D9008B36BDBCC4B397780BE4,SHA256=C0E25B1F9B22DE445298C1E96DDFCEAD265CA030FA6626F61A4A4786CC4A3B7D,IMPHASH=BE482BE427FE212CFEF2CDA0E61F19AC</Data><Data Name='ParentProcessGuid'>{8e02ef74-5ce0-675b-5908-000000002a00}</Data><Data Name='ParentProcessId'>7596</Data><Data Name='ParentImage'>C:\Windows\System32\cmd.exe</Data><Data Name='ParentCommandLine'>cmd.exe /c ""reg.exe save hklm\sam C:\Users\inf808\AppData\Local\Temp\afbtqi""</Data><Data Name='ParentUser'>WindowsTarget\inf808</Data>","Process creation",1,99943,,,"10.0.19041.1 (WinBuild.160101.0800)",,,,,,,,"'{5770385f-c22a-43e0-bf4c-06f5698ffbd9}'","MD5=227F63E1D9008B36BDBCC4B397780BE4,SHA256=C0E25B1F9B22DE445298C1E96DDFCEAD265CA030FA6626F61A4A4786CC4A3B7D,IMPHASH=BE482BE427FE212CFEF2CDA0E61F19AC",,,BE482BE427FE212CFEF2CDA0E61F19AC,"C:\Windows\System32\reg.exe",,,,High,,,,0x8000000000000000,4,,,"{8e02ef74-4233-675b-e1fd-1f0000000000}",0x1ffde1,,,,,,,,,227F63E1D9008B36BDBCC4B397780BE4,,,,,,,"'Microsoft-Windows-Sysmon'",,,,,,,,,,,,,0,"reg.exe",,"cmd.exe /c ""reg.exe save hklm\sam C:\Users\inf808\AppData\Local\Temp\afbtqi""","C:\Windows\System32\cmd.exe","{8e02ef74-5ce0-675b-5908-000000002a00}",7596,"WindowsTarget\inf808",,,,,,,"{8e02ef74-5ce0-675b-5a08-000000002a00}","'3780'",11244,,,,"Microsoft® Windows® Operating System",,,,,,99943,99943,,,,,"-",,C0E25B1F9B22DE445298C1E96DDFCEAD265CA030FA6626F61A4A4786CC4A3B7D,,,"S-1-5-18",,,,,,,,,,,,,,,,,,,,,,"'2024-12-12T22:00:00.0597207Z'","<Provider Name='Microsoft-Windows-Sysmon' Guid='{5770385f-c22a-43e0-bf4c-06f5698ffbd9}'/><EventID>1</EventID><Version>5</Version><Level>4</Level><Task>1</Task><Opcode>0</Opcode><Keywords>0x8000000000000000</Keywords><TimeCreated SystemTime='2024-12-12T22:00:00.0597207Z'/><EventRecordID>99943</EventRecordID><Correlation/><Execution ProcessID='3780' ThreadID='5104'/><Channel>Microsoft-Windows-Sysmon/Operational</Channel><Computer>WindowsTarget</Computer><Security UserID='S-1-5-18'/>",,,,,,,,,,,,,,,,,1,Devices,2,"'5104'","2024-12-12T22:00:00.0597207Z",,,,,"WindowsTarget\inf808","'S-1-5-18'",,,,,,,,,,"2024-12-12 22:00:00.058",5,,,,,"<Event xmlns='http://schemas.microsoft.com/win/2004/08/events/event'><System><Provider Name='Microsoft-Windows-Sysmon' Guid='{5770385f-c22a-43e0-bf4c-06f5698ffbd9}'/><EventID>1</EventID><Version>5</Version><Level>4</Level><Task>1</Task><Opcode>0</Opcode><Keywords>0x8000000000000000</Keywords><TimeCreated SystemTime='2024-12-12T22:00:00.0597207Z'/><EventRecordID>99943</EventRecordID><Correlation/><Execution ProcessID='3780' ThreadID='5104'/><Channel>Microsoft-Windows-Sysmon/Operational</Channel><Computer>WindowsTarget</Computer><Security UserID='S-1-5-18'/></System><EventData><Data Name='RuleName'>-</Data><Data Name='UtcTime'>2024-12-12 22:00:00.058</Data><Data Name='ProcessGuid'>{8e02ef74-5ce0-675b-5a08-000000002a00}</Data><Data Name='ProcessId'>11244</Data><Data Name='Image'>C:\Windows\System32\reg.exe</Data><Data Name='FileVersion'>10.0.19041.1 (WinBuild.160101.0800)</Data><Data Name='Description'>Registry Console Tool</Data><Data Name='Product'>Microsoft® Windows® Operating System</Data><Data Name='Company'>Microsoft Corporation</Data><Data Name='OriginalFileName'>reg.exe</Data><Data Name='CommandLine'>reg.exe  save hklm\sam C:\Users\inf808\AppData\Local\Temp\afbtqi</Data><Data Name='CurrentDirectory'>C:\Users\inf808\Desktop\</Data><Data Name='User'>WindowsTarget\inf808</Data><Data Name='LogonGuid'>{8e02ef74-4233-675b-e1fd-1f0000000000}</Data><Data Name='LogonId'>0x1ffde1</Data><Data Name='TerminalSessionId'>2</Data><Data Name='IntegrityLevel'>High</Data><Data Name='Hashes'>MD5=227F63E1D9008B36BDBCC4B397780BE4,SHA256=C0E25B1F9B22DE445298C1E96DDFCEAD265CA030FA6626F61A4A4786CC4A3B7D,IMPHASH=BE482BE427FE212CFEF2CDA0E61F19AC</Data><Data Name='ParentProcessGuid'>{8e02ef74-5ce0-675b-5908-000000002a00}</Data><Data Name='ParentProcessId'>7596</Data><Data Name='ParentImage'>C:\Windows\System32\cmd.exe</Data><Data Name='ParentCommandLine'>cmd.exe /c ""reg.exe save hklm\sam C:\Users\inf808\AppData\Local\Temp\afbtqi""</Data><Data Name='ParentUser'>WindowsTarget\inf808</Data></EventData></Event>","2024-12-12T17:00:00.000-0500",allowed,,,,,,,,,,,WindowsTarget,,,,,,,WindowsTarget,,WindowsTarget,99943,"endpoint_services_processes ms-sysmon-process windows_event_signature windows_ta_data",,,,,,,,WindowsTarget,,,99943,main,1,,,,,,,,,,,,,"reg.exe","Microsoft Windows","cmd.exe /c ""reg.exe save hklm\sam C:\Users\inf808\AppData\Local\Temp\afbtqi""","cmd.exe","{8e02ef74-5ce0-675b-5908-000000002a00}",7596,"cmd.exe","C:\Windows\System32\cmd.exe",,,,"reg.exe  save hklm\sam C:\Users\inf808\AppData\Local\Temp\afbtqi","C:\Users\inf808\Desktop\","reg.exe","{8e02ef74-5ce0-675b-5a08-000000002a00}","MD5=227F63E1D9008B36BDBCC4B397780BE4,SHA256=C0E25B1F9B22DE445298C1E96DDFCEAD265CA030FA6626F61A4A4786CC4A3B7D,IMPHASH=BE482BE427FE212CFEF2CDA0E61F19AC",11244,High,"reg.exe","C:\Windows\System32\reg.exe",,,,"<_='://../////'><><_='--'_='{----}'/><></><></><><",,,,,,,,,,,,,,,,,,,,,,informational,4,"Process creation",1,"XmlWinEventLog:Microsoft-Windows-Sysmon/Operational",XmlWinEventLog,FedoraThreatHunting,,,,,,,,,,,,,,,,,,,,,"process
report
track_event_signatures",,,,"process
report
track_event_signatures",,,,,,,,,inf808,,,"'S-1-5-18'",,,,,"Microsoft Sysmon"
,,,,,,,,,,,,,,,"Microsoft-Windows-Sysmon/Operational",,,,,,,"cmd.exe /c ""reg.exe save hklm\sam C:\Users\inf808\AppData\Local\Temp\afbtqi""","Microsoft Corporation",WindowsTarget,,,,,"C:\Users\inf808\Desktop\","Windows Command Processor",,,,,,,,,,,,"Microsoft-Windows-Sysmon/Operational",1,"<Data Name='RuleName'>-</Data><Data Name='UtcTime'>2024-12-12 22:00:00.043</Data><Data Name='ProcessGuid'>{8e02ef74-5ce0-675b-5908-000000002a00}</Data><Data Name='ProcessId'>7596</Data><Data Name='Image'>C:\Windows\System32\cmd.exe</Data><Data Name='FileVersion'>10.0.19041.4355 (WinBuild.160101.0800)</Data><Data Name='Description'>Windows Command Processor</Data><Data Name='Product'>Microsoft® Windows® Operating System</Data><Data Name='Company'>Microsoft Corporation</Data><Data Name='OriginalFileName'>Cmd.Exe</Data><Data Name='CommandLine'>cmd.exe /c ""reg.exe save hklm\sam C:\Users\inf808\AppData\Local\Temp\afbtqi""</Data><Data Name='CurrentDirectory'>C:\Users\inf808\Desktop\</Data><Data Name='User'>WindowsTarget\inf808</Data><Data Name='LogonGuid'>{8e02ef74-4233-675b-e1fd-1f0000000000}</Data><Data Name='LogonId'>0x1ffde1</Data><Data Name='TerminalSessionId'>2</Data><Data Name='IntegrityLevel'>High</Data><Data Name='Hashes'>MD5=2B40C98ED0F7A1D3B091A3E8353132DC,SHA256=BADF4752413CB0CBDC03FB95820CA167F0CDC63B597CCDB5EF43111180E088B0,IMPHASH=272245E2988E1E430500B852C4FB5E18</Data><Data Name='ParentProcessGuid'>{8e02ef74-5cdf-675b-5808-000000002a00}</Data><Data Name='ParentProcessId'>11200</Data><Data Name='ParentImage'>C:\Users\inf808\AppData\Local\inf808\LaZagne.exe</Data><Data Name='ParentCommandLine'>C:\Users\inf808\AppData\Local\inf808\LaZagne.exe  browsers </Data><Data Name='ParentUser'>WindowsTarget\inf808</Data>","Process creation",1,99942,,,"10.0.19041.4355 (WinBuild.160101.0800)",,,,,,,,"'{5770385f-c22a-43e0-bf4c-06f5698ffbd9}'","MD5=2B40C98ED0F7A1D3B091A3E8353132DC,SHA256=BADF4752413CB0CBDC03FB95820CA167F0CDC63B597CCDB5EF43111180E088B0,IMPHASH=272245E2988E1E430500B852C4FB5E18",,,272245E2988E1E430500B852C4FB5E18,"C:\Windows\System32\cmd.exe",,,,High,,,,0x8000000000000000,4,,,"{8e02ef74-4233-675b-e1fd-1f0000000000}",0x1ffde1,,,,,,,,,2B40C98ED0F7A1D3B091A3E8353132DC,,,,,,,"'Microsoft-Windows-Sysmon'",,,,,,,,,,,,,0,"Cmd.Exe",,"C:\Users\inf808\AppData\Local\inf808\LaZagne.exe  browsers","C:\Users\inf808\AppData\Local\inf808\LaZagne.exe","{8e02ef74-5cdf-675b-5808-000000002a00}",11200,"WindowsTarget\inf808",,,,,,,"{8e02ef74-5ce0-675b-5908-000000002a00}","'3780'",7596,,,,"Microsoft® Windows® Operating System",,,,,,99942,99942,,,,,"-",,BADF4752413CB0CBDC03FB95820CA167F0CDC63B597CCDB5EF43111180E088B0,,,"S-1-5-18",,,,,,,,,,,,,,,,,,,,,,"'2024-12-12T22:00:00.0460722Z'","<Provider Name='Microsoft-Windows-Sysmon' Guid='{5770385f-c22a-43e0-bf4c-06f5698ffbd9}'/><EventID>1</EventID><Version>5</Version><Level>4</Level><Task>1</Task><Opcode>0</Opcode><Keywords>0x8000000000000000</Keywords><TimeCreated SystemTime='2024-12-12T22:00:00.0460722Z'/><EventRecordID>99942</EventRecordID><Correlation/><Execution ProcessID='3780' ThreadID='5104'/><Channel>Microsoft-Windows-Sysmon/Operational</Channel><Computer>WindowsTarget</Computer><Security UserID='S-1-5-18'/>",,,,,,,,,,,,,,,,,1,Devices,2,"'5104'","2024-12-12T22:00:00.0460722Z",,,,,"WindowsTarget\inf808","'S-1-5-18'",,,,,,,,,,"2024-12-12 22:00:00.043",5,,,,,"<Event xmlns='http://schemas.microsoft.com/win/2004/08/events/event'><System><Provider Name='Microsoft-Windows-Sysmon' Guid='{5770385f-c22a-43e0-bf4c-06f5698ffbd9}'/><EventID>1</EventID><Version>5</Version><Level>4</Level><Task>1</Task><Opcode>0</Opcode><Keywords>0x8000000000000000</Keywords><TimeCreated SystemTime='2024-12-12T22:00:00.0460722Z'/><EventRecordID>99942</EventRecordID><Correlation/><Execution ProcessID='3780' ThreadID='5104'/><Channel>Microsoft-Windows-Sysmon/Operational</Channel><Computer>WindowsTarget</Computer><Security UserID='S-1-5-18'/></System><EventData><Data Name='RuleName'>-</Data><Data Name='UtcTime'>2024-12-12 22:00:00.043</Data><Data Name='ProcessGuid'>{8e02ef74-5ce0-675b-5908-000000002a00}</Data><Data Name='ProcessId'>7596</Data><Data Name='Image'>C:\Windows\System32\cmd.exe</Data><Data Name='FileVersion'>10.0.19041.4355 (WinBuild.160101.0800)</Data><Data Name='Description'>Windows Command Processor</Data><Data Name='Product'>Microsoft® Windows® Operating System</Data><Data Name='Company'>Microsoft Corporation</Data><Data Name='OriginalFileName'>Cmd.Exe</Data><Data Name='CommandLine'>cmd.exe /c ""reg.exe save hklm\sam C:\Users\inf808\AppData\Local\Temp\afbtqi""</Data><Data Name='CurrentDirectory'>C:\Users\inf808\Desktop\</Data><Data Name='User'>WindowsTarget\inf808</Data><Data Name='LogonGuid'>{8e02ef74-4233-675b-e1fd-1f0000000000}</Data><Data Name='LogonId'>0x1ffde1</Data><Data Name='TerminalSessionId'>2</Data><Data Name='IntegrityLevel'>High</Data><Data Name='Hashes'>MD5=2B40C98ED0F7A1D3B091A3E8353132DC,SHA256=BADF4752413CB0CBDC03FB95820CA167F0CDC63B597CCDB5EF43111180E088B0,IMPHASH=272245E2988E1E430500B852C4FB5E18</Data><Data Name='ParentProcessGuid'>{8e02ef74-5cdf-675b-5808-000000002a00}</Data><Data Name='ParentProcessId'>11200</Data><Data Name='ParentImage'>C:\Users\inf808\AppData\Local\inf808\LaZagne.exe</Data><Data Name='ParentCommandLine'>C:\Users\inf808\AppData\Local\inf808\LaZagne.exe  browsers </Data><Data Name='ParentUser'>WindowsTarget\inf808</Data></EventData></Event>","2024-12-12T17:00:00.000-0500",allowed,,,,,,,,,,,WindowsTarget,,,,,,,WindowsTarget,,WindowsTarget,99942,"endpoint_services_processes ms-sysmon-process windows_event_signature windows_ta_data",,,,,,,,WindowsTarget,,,99942,main,1,,,,,,,,,,,,,"Cmd.Exe","Microsoft Windows","C:\Users\inf808\AppData\Local\inf808\LaZagne.exe  browsers","LaZagne.exe","{8e02ef74-5cdf-675b-5808-000000002a00}",11200,"LaZagne.exe","C:\Users\inf808\AppData\Local\inf808\LaZagne.exe",,,,"cmd.exe /c ""reg.exe save hklm\sam C:\Users\inf808\AppData\Local\Temp\afbtqi""","C:\Users\inf808\Desktop\","cmd.exe","{8e02ef74-5ce0-675b-5908-000000002a00}","MD5=2B40C98ED0F7A1D3B091A3E8353132DC,SHA256=BADF4752413CB0CBDC03FB95820CA167F0CDC63B597CCDB5EF43111180E088B0,IMPHASH=272245E2988E1E430500B852C4FB5E18",7596,High,"cmd.exe","C:\Windows\System32\cmd.exe",,,,"<_='://../////'><><_='--'_='{----}'/><></><></><><",,,,,,,,,,,,,,,,,,,,,,informational,4,"Process creation",1,"XmlWinEventLog:Microsoft-Windows-Sysmon/Operational",XmlWinEventLog,FedoraThreatHunting,,,,,,,,,,,,,,,,,,,,,"process
report
track_event_signatures",,,,"process
report
track_event_signatures",,,,,,,,,inf808,,,"'S-1-5-18'",,,,,"Microsoft Sysmon"
,,,,,,,,,,,,,,,"Microsoft-Windows-Sysmon/Operational",,,,,,,"C:\Users\inf808\AppData\Local\inf808\LaZagne.exe  browsers","-",WindowsTarget,,,,,"C:\Users\inf808\Desktop\","-",,,,,,,,,,,,"Microsoft-Windows-Sysmon/Operational",1,"<Data Name='RuleName'>-</Data><Data Name='UtcTime'>2024-12-12 21:59:59.298</Data><Data Name='ProcessGuid'>{8e02ef74-5cdf-675b-5808-000000002a00}</Data><Data Name='ProcessId'>11200</Data><Data Name='Image'>C:\Users\inf808\AppData\Local\inf808\LaZagne.exe</Data><Data Name='FileVersion'>-</Data><Data Name='Description'>-</Data><Data Name='Product'>-</Data><Data Name='Company'>-</Data><Data Name='OriginalFileName'>-</Data><Data Name='CommandLine'>C:\Users\inf808\AppData\Local\inf808\LaZagne.exe  browsers </Data><Data Name='CurrentDirectory'>C:\Users\inf808\Desktop\</Data><Data Name='User'>WindowsTarget\inf808</Data><Data Name='LogonGuid'>{8e02ef74-4233-675b-e1fd-1f0000000000}</Data><Data Name='LogonId'>0x1ffde1</Data><Data Name='TerminalSessionId'>2</Data><Data Name='IntegrityLevel'>High</Data><Data Name='Hashes'>MD5=282DF7BCB720A5B6F409CAF9CCDA2F75,SHA256=3CC5EE93A9BA1FC57389705283B760C8BD61F35E9398BBFA3210E2BECF6D4B05,IMPHASH=7AA1951517B3B8D38B12F874B66196C9</Data><Data Name='ParentProcessGuid'>{8e02ef74-5cde-675b-5708-000000002a00}</Data><Data Name='ParentProcessId'>3508</Data><Data Name='ParentImage'>C:\Users\inf808\AppData\Local\inf808\LaZagne.exe</Data><Data Name='ParentCommandLine'>C:\Users\inf808\AppData\Local\inf808\LaZagne.exe  browsers </Data><Data Name='ParentUser'>WindowsTarget\inf808</Data>","Process creation",1,99941,,,"-",,,,,,,,"'{5770385f-c22a-43e0-bf4c-06f5698ffbd9}'","MD5=282DF7BCB720A5B6F409CAF9CCDA2F75,SHA256=3CC5EE93A9BA1FC57389705283B760C8BD61F35E9398BBFA3210E2BECF6D4B05,IMPHASH=7AA1951517B3B8D38B12F874B66196C9",,,7AA1951517B3B8D38B12F874B66196C9,"C:\Users\inf808\AppData\Local\inf808\LaZagne.exe",,,,High,,,,0x8000000000000000,4,,,"{8e02ef74-4233-675b-e1fd-1f0000000000}",0x1ffde1,,,,,,,,,282DF7BCB720A5B6F409CAF9CCDA2F75,,,,,,,"'Microsoft-Windows-Sysmon'",,,,,,,,,,,,,0,"-",,"C:\Users\inf808\AppData\Local\inf808\LaZagne.exe  browsers","C:\Users\inf808\AppData\Local\inf808\LaZagne.exe","{8e02ef74-5cde-675b-5708-000000002a00}",3508,"WindowsTarget\inf808",,,,,,,"{8e02ef74-5cdf-675b-5808-000000002a00}","'3780'",11200,,,,"-",,,,,,99941,99941,,,,,"-",,3CC5EE93A9BA1FC57389705283B760C8BD61F35E9398BBFA3210E2BECF6D4B05,,,"S-1-5-18",,,,,,,,,,,,,,,,,,,,,,"'2024-12-12T21:59:59.3002753Z'","<Provider Name='Microsoft-Windows-Sysmon' Guid='{5770385f-c22a-43e0-bf4c-06f5698ffbd9}'/><EventID>1</EventID><Version>5</Version><Level>4</Level><Task>1</Task><Opcode>0</Opcode><Keywords>0x8000000000000000</Keywords><TimeCreated SystemTime='2024-12-12T21:59:59.3002753Z'/><EventRecordID>99941</EventRecordID><Correlation/><Execution ProcessID='3780' ThreadID='5104'/><Channel>Microsoft-Windows-Sysmon/Operational</Channel><Computer>WindowsTarget</Computer><Security UserID='S-1-5-18'/>",,,,,,,,,,,,,,,,,1,Devices,2,"'5104'","2024-12-12T21:59:59.3002753Z",,,,,"WindowsTarget\inf808","'S-1-5-18'",,,,,,,,,,"2024-12-12 21:59:59.298",5,,,,,"<Event xmlns='http://schemas.microsoft.com/win/2004/08/events/event'><System><Provider Name='Microsoft-Windows-Sysmon' Guid='{5770385f-c22a-43e0-bf4c-06f5698ffbd9}'/><EventID>1</EventID><Version>5</Version><Level>4</Level><Task>1</Task><Opcode>0</Opcode><Keywords>0x8000000000000000</Keywords><TimeCreated SystemTime='2024-12-12T21:59:59.3002753Z'/><EventRecordID>99941</EventRecordID><Correlation/><Execution ProcessID='3780' ThreadID='5104'/><Channel>Microsoft-Windows-Sysmon/Operational</Channel><Computer>WindowsTarget</Computer><Security UserID='S-1-5-18'/></System><EventData><Data Name='RuleName'>-</Data><Data Name='UtcTime'>2024-12-12 21:59:59.298</Data><Data Name='ProcessGuid'>{8e02ef74-5cdf-675b-5808-000000002a00}</Data><Data Name='ProcessId'>11200</Data><Data Name='Image'>C:\Users\inf808\AppData\Local\inf808\LaZagne.exe</Data><Data Name='FileVersion'>-</Data><Data Name='Description'>-</Data><Data Name='Product'>-</Data><Data Name='Company'>-</Data><Data Name='OriginalFileName'>-</Data><Data Name='CommandLine'>C:\Users\inf808\AppData\Local\inf808\LaZagne.exe  browsers </Data><Data Name='CurrentDirectory'>C:\Users\inf808\Desktop\</Data><Data Name='User'>WindowsTarget\inf808</Data><Data Name='LogonGuid'>{8e02ef74-4233-675b-e1fd-1f0000000000}</Data><Data Name='LogonId'>0x1ffde1</Data><Data Name='TerminalSessionId'>2</Data><Data Name='IntegrityLevel'>High</Data><Data Name='Hashes'>MD5=282DF7BCB720A5B6F409CAF9CCDA2F75,SHA256=3CC5EE93A9BA1FC57389705283B760C8BD61F35E9398BBFA3210E2BECF6D4B05,IMPHASH=7AA1951517B3B8D38B12F874B66196C9</Data><Data Name='ParentProcessGuid'>{8e02ef74-5cde-675b-5708-000000002a00}</Data><Data Name='ParentProcessId'>3508</Data><Data Name='ParentImage'>C:\Users\inf808\AppData\Local\inf808\LaZagne.exe</Data><Data Name='ParentCommandLine'>C:\Users\inf808\AppData\Local\inf808\LaZagne.exe  browsers </Data><Data Name='ParentUser'>WindowsTarget\inf808</Data></EventData></Event>","2024-