12-12T17:05:12.000-0500",allowed,,,,,,,,,,,WindowsTarget,,,,,,,WindowsTarget,,WindowsTarget,100025,"endpoint_services_processes ms-sysmon-process windows_event_signature windows_ta_data",,,,,,,,WindowsTarget,,,100025,main,1,,,,,,,,,,,,,"splunk-admon.exe","Microsoft Windows","""C:\Program Files\SplunkUniversalForwarder\bin\splunkd.exe"" service","splunkd.exe","{8e02ef74-5344-675b-2706-000000002a00}",9752,"splunkd.exe","C:\Program Files\SplunkUniversalForwarder\bin\splunkd.exe",,,,"""C:\Program Files\SplunkUniversalForwarder\bin\splunk-admon.exe""","C:\Windows\system32\","splunk-admon.exe","{8e02ef74-5e18-675b-9308-000000002a00}","MD5=A836DF719BC5FB4821031DEA6C5322AA,SHA256=BD54D780B1BAB2CFF649EC25152AA4D9DEC7308A19F6C314FBFB5F4D14E1C868,IMPHASH=7B2E714E806DF6D24F76D65BEACA3A28",2616,System,"splunk-admon.exe","C:\Program Files\SplunkUniversalForwarder\bin\splunk-admon.exe",,,,"<_='://../////'><><_='--'_='{----}'/><></><></><><",,,,,,,,,,,,,,,,,,,,,,informational,4,"Process creation",1,"XmlWinEventLog:Microsoft-Windows-Sysmon/Operational",XmlWinEventLog,FedoraThreatHunting,,,,,,,,,,,,,,,,,,,,,"process
report
track_event_signatures",,,,"process
report
track_event_signatures",,,,,,,,,SYSTEM,,,"'S-1-5-18'",,,,,"Microsoft Sysmon"
,,,,,,,,,,,,,,,"Microsoft-Windows-Sysmon/Operational",,,,,,,"""C:\Program Files\SplunkUniversalForwarder\bin\splunk-MonitorNoHandle.exe""","Windows (R) Win 7 DDK provider",WindowsTarget,,,,,"C:\Windows\system32\","SplunkMonNoHandle Control Program",,,,,,,,,,,,"Microsoft-Windows-Sysmon/Operational",1,"<Data Name='RuleName'>-</Data><Data Name='UtcTime'>2024-12-12 22:05:11.993</Data><Data Name='ProcessGuid'>{8e02ef74-5e17-675b-9208-000000002a00}</Data><Data Name='ProcessId'>12080</Data><Data Name='Image'>C:\Program Files\SplunkUniversalForwarder\bin\splunk-MonitorNoHandle.exe</Data><Data Name='FileVersion'>10.0.10011.16384</Data><Data Name='Description'>SplunkMonNoHandle Control Program</Data><Data Name='Product'>Windows (R) Win 7 DDK driver</Data><Data Name='Company'>Windows (R) Win 7 DDK provider</Data><Data Name='OriginalFileName'>SplunkMonNoHandle.exe</Data><Data Name='CommandLine'>""C:\Program Files\SplunkUniversalForwarder\bin\splunk-MonitorNoHandle.exe""</Data><Data Name='CurrentDirectory'>C:\Windows\system32\</Data><Data Name='User'>NT AUTHORITY\SYSTEM</Data><Data Name='LogonGuid'>{8e02ef74-3d4a-675b-e703-000000000000}</Data><Data Name='LogonId'>0x3e7</Data><Data Name='TerminalSessionId'>0</Data><Data Name='IntegrityLevel'>System</Data><Data Name='Hashes'>MD5=B6C7EE9D75B2CC2B9A92D862B91E1943,SHA256=3FADA20382E33E6E270311B68BBAFFEAFF8F4C9367ABC255914C0D3CC542885F,IMPHASH=2EAA996E48B92C5E3FBBCC0A72683CB6</Data><Data Name='ParentProcessGuid'>{8e02ef74-5344-675b-2706-000000002a00}</Data><Data Name='ParentProcessId'>9752</Data><Data Name='ParentImage'>C:\Program Files\SplunkUniversalForwarder\bin\splunkd.exe</Data><Data Name='ParentCommandLine'>""C:\Program Files\SplunkUniversalForwarder\bin\splunkd.exe"" service</Data><Data Name='ParentUser'>NT AUTHORITY\SYSTEM</Data>","Process creation",1,100024,,,"10.0.10011.16384",,,,,,,,"'{5770385f-c22a-43e0-bf4c-06f5698ffbd9}'","MD5=B6C7EE9D75B2CC2B9A92D862B91E1943,SHA256=3FADA20382E33E6E270311B68BBAFFEAFF8F4C9367ABC255914C0D3CC542885F,IMPHASH=2EAA996E48B92C5E3FBBCC0A72683CB6",,,2EAA996E48B92C5E3FBBCC0A72683CB6,"C:\Program Files\SplunkUniversalForwarder\bin\splunk-MonitorNoHandle.exe",,,,System,,,,0x8000000000000000,4,,,"{8e02ef74-3d4a-675b-e703-000000000000}",0x3e7,,,,,,,,,B6C7EE9D75B2CC2B9A92D862B91E1943,,,,,,,"'Microsoft-Windows-Sysmon'",,,,,,,,,,,,,0,"SplunkMonNoHandle.exe",,"""C:\Program Files\SplunkUniversalForwarder\bin\splunkd.exe"" service","C:\Program Files\SplunkUniversalForwarder\bin\splunkd.exe","{8e02ef74-5344-675b-2706-000000002a00}",9752,"NT AUTHORITY\SYSTEM",,,,,,,"{8e02ef74-5e17-675b-9208-000000002a00}","'3780'",12080,,,,"Windows (R) Win 7 DDK driver",,,,,,100024,100024,,,,,"-",,3FADA20382E33E6E270311B68BBAFFEAFF8F4C9367ABC255914C0D3CC542885F,,,"S-1-5-18",,,,,,,,,,,,,,,,,,,,,,"'2024-12-12T22:05:11.9950640Z'","<Provider Name='Microsoft-Windows-Sysmon' Guid='{5770385f-c22a-43e0-bf4c-06f5698ffbd9}'/><EventID>1</EventID><Version>5</Version><Level>4</Level><Task>1</Task><Opcode>0</Opcode><Keywords>0x8000000000000000</Keywords><TimeCreated SystemTime='2024-12-12T22:05:11.9950640Z'/><EventRecordID>100024</EventRecordID><Correlation/><Execution ProcessID='3780' ThreadID='5104'/><Channel>Microsoft-Windows-Sysmon/Operational</Channel><Computer>WindowsTarget</Computer><Security UserID='S-1-5-18'/>",,,,,,,,,,,,,,,,,1,Devices,0,"'5104'","2024-12-12T22:05:11.9950640Z",,,,,"NT AUTHORITY\SYSTEM","'S-1-5-18'",,,,,,,,,,"2024-12-12 22:05:11.993",5,,,,,"<Event xmlns='http://schemas.microsoft.com/win/2004/08/events/event'><System><Provider Name='Microsoft-Windows-Sysmon' Guid='{5770385f-c22a-43e0-bf4c-06f5698ffbd9}'/><EventID>1</EventID><Version>5</Version><Level>4</Level><Task>1</Task><Opcode>0</Opcode><Keywords>0x8000000000000000</Keywords><TimeCreated SystemTime='2024-12-12T22:05:11.9950640Z'/><EventRecordID>100024</EventRecordID><Correlation/><Execution ProcessID='3780' ThreadID='5104'/><Channel>Microsoft-Windows-Sysmon/Operational</Channel><Computer>WindowsTarget</Computer><Security UserID='S-1-5-18'/></System><EventData><Data Name='RuleName'>-</Data><Data Name='UtcTime'>2024-12-12 22:05:11.993</Data><Data Name='ProcessGuid'>{8e02ef74-5e17-675b-9208-000000002a00}</Data><Data Name='ProcessId'>12080</Data><Data Name='Image'>C:\Program Files\SplunkUniversalForwarder\bin\splunk-MonitorNoHandle.exe</Data><Data Name='FileVersion'>10.0.10011.16384</Data><Data Name='Description'>SplunkMonNoHandle Control Program</Data><Data Name='Product'>Windows (R) Win 7 DDK driver</Data><Data Name='Company'>Windows (R) Win 7 DDK provider</Data><Data Name='OriginalFileName'>SplunkMonNoHandle.exe</Data><Data Name='CommandLine'>""C:\Program Files\SplunkUniversalForwarder\bin\splunk-MonitorNoHandle.exe""</Data><Data Name='CurrentDirectory'>C:\Windows\system32\</Data><Data Name='User'>NT AUTHORITY\SYSTEM</Data><Data Name='LogonGuid'>{8e02ef74-3d4a-675b-e703-000000000000}</Data><Data Name='LogonId'>0x3e7</Data><Data Name='TerminalSessionId'>0</Data><Data Name='IntegrityLevel'>System</Data><Data Name='Hashes'>MD5=B6C7EE9D75B2CC2B9A92D862B91E1943,SHA256=3FADA20382E33E6E270311B68BBAFFEAFF8F4C9367ABC255914C0D3CC542885F,IMPHASH=2EAA996E48B92C5E3FBBCC0A72683CB6</Data><Data Name='ParentProcessGuid'>{8e02ef74-5344-675b-2706-000000002a00}</Data><Data Name='ParentProcessId'>9752</Data><Data Name='ParentImage'>C:\Program Files\SplunkUniversalForwarder\bin\splunkd.exe</Data><Data Name='ParentCommandLine'>""C:\Program Files\SplunkUniversalForwarder\bin\splunkd.exe"" service</Data><Data Name='ParentUser'>NT AUTHORITY\SYSTEM</Data></EventData></Event>","2024-12-12T17:05:11.000-0500",allowed,,,,,,,,,,,WindowsTarget,,,,,,,WindowsTarget,,WindowsTarget,100024,"endpoint_services_processes ms-sysmon-process windows_event_signature windows_ta_data",,,,,,,,WindowsTarget,,,100024,main,1,,,,,,,,,,,,,"SplunkMonNoHandle.exe","Microsoft Windows","""C:\Program Files\SplunkUniversalForwarder\bin\splunkd.exe"" service","splunkd.exe","{8e02ef74-5344-675b-2706-000000002a00}",9752,"splunkd.exe","C:\Program Files\SplunkUniversalForwarder\bin\splunkd.exe",,,,"""C:\Program Files\SplunkUniversalForwarder\bin\splunk-MonitorNoHandle.exe""","C:\Windows\system32\","splunk-MonitorNoHandle.exe","{8e02ef74-5e17-675b-9208-000000002a00}","MD5=B6C7EE9D75B2CC2B9A92D862B91E1943,SHA256=3FADA20382E33E6E270311B68BBAFFEAFF8F4C9367ABC255914C0D3CC542885F,IMPHASH=2EAA996E48B92C5E3FBBCC0A72683CB6",12080,System,"splunk-MonitorNoHandle.exe","C:\Program Files\SplunkUniversalForwarder\bin\splunk-MonitorNoHandle.exe",,,,"<_='://../////'><><_='--'_='{----}'/><></><></><><",,,,,,,,,,,,,,,,,,,,,,informational,4,"Process creation",1,"XmlWinEventLog:Microsoft-Windows-Sysmon/Operational",XmlWinEventLog,FedoraThreatHunting,,,,,,,,,,,,,,,,,,,,,"process
report
track_event_signatures",,,,"process
report
track_event_signatures",,,,,,,,,SYSTEM,,,"'S-1-5-18'",,,,,"Microsoft Sysmon"
,,,,,,,,,,,,,,,"Microsoft-Windows-Sysmon/Operational",,,,,,,,,WindowsTarget,,,,,,,,"-","192.168.1.4",false,9001,"-",,,,,,"Microsoft-Windows-Sysmon/Operational",3,"<Data Name='RuleName'>Tor</Data><Data Name='UtcTime'>2024-12-12 22:04:59.833</Data><Data Name='ProcessGuid'>{8e02ef74-5344-675b-2706-000000002a00}</Data><Data Name='ProcessId'>9752</Data><Data Name='Image'>C:\Program Files\SplunkUniversalForwarder\bin\splunkd.exe</Data><Data Name='User'>NT AUTHORITY\SYSTEM</Data><Data Name='Protocol'>tcp</Data><Data Name='Initiated'>true</Data><Data Name='SourceIsIpv6'>false</Data><Data Name='SourceIp'>10.0.0.5</Data><Data Name='SourceHostname'>WindowsTarget.gwvavixz1yzuxgweuyqj3hytvf.ux.internal.cloudapp.net</Data><Data Name='SourcePort'>54650</Data><Data Name='SourcePortName'>-</Data><Data Name='DestinationIsIpv6'>false</Data><Data Name='DestinationIp'>192.168.1.4</Data><Data Name='DestinationHostname'>-</Data><Data Name='DestinationPort'>9001</Data><Data Name='DestinationPortName'>-</Data>","Network connection",3,100023,,,,,,,,,,,"'{5770385f-c22a-43e0-bf4c-06f5698ffbd9}'",,,,,"C:\Program Files\SplunkUniversalForwarder\bin\splunkd.exe",,,true,,,,,0x8000000000000000,4,,,,,,,,,,,,,,,,,,,,"'Microsoft-Windows-Sysmon'",,,,,,,,,,,,,0,,,,,,,,,,,,,,"{8e02ef74-5344-675b-2706-000000002a00}","'3780'",9752,,,,,,tcp,,,,100023,100023,,,,,Tor,,,,,"S-1-5-18",,"WindowsTarget.gwvavixz1yzuxgweuyqj3hytvf.ux.internal.cloudapp.net","10.0.0.5",false,,54650,"-",,,,,,,,,,,,,,,"'2024-12-12T22:05:01.0797843Z'","<Provider Name='Microsoft-Windows-Sysmon' Guid='{5770385f-c22a-43e0-bf4c-06f5698ffbd9}'/><EventID>3</EventID><Version>5</Version><Level>4</Level><Task>3</Task><Opcode>0</Opcode><Keywords>0x8000000000000000</Keywords><TimeCreated SystemTime='2024-12-12T22:05:01.0797843Z'/><EventRecordID>100023</EventRecordID><Correlation/><Execution ProcessID='3780' ThreadID='3880'/><Channel>Microsoft-Windows-Sysmon/Operational</Channel><Computer>WindowsTarget</Computer><Security UserID='S-1-5-18'/>",,,,,,,,,,,,,,,,,3,Printers,,"'3880'","2024-12-12T22:05:01.0797843Z",,,,,"NT AUTHORITY\SYSTEM","'S-1-5-18'",,,,,,,,,,"2024-12-12 22:04:59.833",5,,,,,"<Event xmlns='http://schemas.microsoft.com/win/2004/08/events/event'><System><Provider Name='Microsoft-Windows-Sysmon' Guid='{5770385f-c22a-43e0-bf4c-06f5698ffbd9}'/><EventID>3</EventID><Version>5</Version><Level>4</Level><Task>3</Task><Opcode>0</Opcode><Keywords>0x8000000000000000</Keywords><TimeCreated SystemTime='2024-12-12T22:05:01.0797843Z'/><EventRecordID>100023</EventRecordID><Correlation/><Execution ProcessID='3780' ThreadID='3880'/><Channel>Microsoft-Windows-Sysmon/Operational</Channel><Computer>WindowsTarget</Computer><Security UserID='S-1-5-18'/></System><EventData><Data Name='RuleName'>Tor</Data><Data Name='UtcTime'>2024-12-12 22:04:59.833</Data><Data Name='ProcessGuid'>{8e02ef74-5344-675b-2706-000000002a00}</Data><Data Name='ProcessId'>9752</Data><Data Name='Image'>C:\Program Files\SplunkUniversalForwarder\bin\splunkd.exe</Data><Data Name='User'>NT AUTHORITY\SYSTEM</Data><Data Name='Protocol'>tcp</Data><Data Name='Initiated'>true</Data><Data Name='SourceIsIpv6'>false</Data><Data Name='SourceIp'>10.0.0.5</Data><Data Name='SourceHostname'>WindowsTarget.gwvavixz1yzuxgweuyqj3hytvf.ux.internal.cloudapp.net</Data><Data Name='SourcePort'>54650</Data><Data Name='SourcePortName'>-</Data><Data Name='DestinationIsIpv6'>false</Data><Data Name='DestinationIp'>192.168.1.4</Data><Data Name='DestinationHostname'>-</Data><Data Name='DestinationPort'>9001</Data><Data Name='DestinationPortName'>-</Data></EventData></Event>","2024-12-12T17:05:01.000-0500",allowed,,,"C:\Program Files\SplunkUniversalForwarder\bin\splunkd.exe",,,,,,"2024-12-12 22:04:59.833",,"192.168.1.4",,"192.168.1.4",,,9001,outbound,WindowsTarget,"10.0.0.5",WindowsTarget,100023,"endpoint_services_processes ms-sysmon-network windows_event_signature windows_ta_data",,,,,,,,WindowsTarget,,,100023,main,1,,,,,,,,,,,,,,,,,,,,,,,,,,"splunkd.exe","{8e02ef74-5344-675b-2706-000000002a00}",,9752,,"splunkd.exe",,,ip,ipv4,"<_='://../////'><><_='--'_='{----}'/><></><></><><",,,,,,,,,,,,,Tor,,,,,,,,,informational,4,"Network connection",3,"XmlWinEventLog:Microsoft-Windows-Sysmon/Operational",XmlWinEventLog,FedoraThreatHunting,,"WindowsTarget.gwvavixz1yzuxgweuyqj3hytvf.ux.internal.cloudapp.net",,,"WindowsTarget.gwvavixz1yzuxgweuyqj3hytvf.ux.internal.cloudapp.net","10.0.0.5",,,,54650,,,,,established,,,,,,"communicate
network
track_event_signatures",,,,"communicate
network
track_event_signatures",,,tcp,"tcp/9001",,,,,SYSTEM,,,"'S-1-5-18'",,,,,"Microsoft Sysmon"
"NT AUTHORITY",,SYSTEM,,,,,,,,,,,,,,,,,,,,,,,WindowsTarget,,,,,,,,,,,,,,,,"-",,4672,,,,,0,,,,,,,,,,,,,,,,,,,,,,,"Audit Success",,,Security,,,,,,,0x3E7,,,,,,,,,,"Special privileges assigned to new logon.

Subject:
	Security ID:		S-1-5-18
	Account Name:		SYSTEM
	Account Domain:		NT AUTHORITY
	Logon ID:		0x3E7

Privileges:		SeAssignPrimaryTokenPrivilege
			SeTcbPrivilege
			SeSecurityPrivilege
			SeTakeOwnershipPrivilege
			SeLoadDriverPrivilege
			SeBackupPrivilege
			SeRestorePrivilege
			SeDebugPrivilege
			SeAuditPrivilege
			SeSystemEnvironmentPrivilege
			SeImpersonatePrivilege
			SeDelegateSessionUserImpersonatePrivilege",,,,,,,,,,,,,Info,,,,,,,,,,,,,,SeAssignPrimaryTokenPrivilege,,,,,,,,,,,,,,42806,,,,,,,,,,,"S-1-5-18",,,,"Microsoft Windows security auditing.",,,,,,,,,,,,"NT AUTHORITY",SYSTEM,0x3E7,"S-1-5-18",,,,,,,,,,,,,,,,,,,,,"Special Logon",,,,,,,Information,,,,,,,,,,,,,,,,,,"12/12/2024 10:04:41 PM
LogName=Security
EventCode=4672
EventType=0
ComputerName=WindowsTarget
SourceName=Microsoft Windows security auditing.
Type=Information
RecordNumber=42806
Keywords=Audit Success
TaskCategory=Special Logon
OpCode=Info
Message=Special privileges assigned to new logon.

Subject:
	Security ID:		S-1-5-18
	Account Name:		SYSTEM
	Account Domain:		NT AUTHORITY
	Logon ID:		0x3E7

Privileges:		SeAssignPrimaryTokenPrivilege
			SeTcbPrivilege
			SeSecurityPrivilege
			SeTakeOwnershipPrivilege
			SeLoadDriverPrivilege
			SeBackupPrivilege
			SeRestorePrivilege
			SeDebugPrivilege
			SeAuditPrivilege
			SeSystemEnvironmentPrivilege
			SeImpersonatePrivilege
			SeDelegateSessionUserImpersonatePrivilege","2024-12-12T17:04:41.000-0500",success,,,"win:unknown",,"Special privileges assigned to new logon.

Subject:
	Security ID:		S-1-5-18
	Account Name:		SYSTEM
	Account Domain:		NT AUTHORITY
	Logon ID:		0x3E7

Privileges:		SeAssignPrimaryTokenPrivilege
			SeTcbPrivilege
			SeSecurityPrivilege
			SeTakeOwnershipPrivilege
			SeLoadDriverPrivilege
			SeBackupPrivilege
			SeRestorePrivilege
			SeDebugPrivilege
			SeAuditPrivilege
			SeSystemEnvironmentPrivilege
			SeImpersonatePrivilege
			SeDelegateSessionUserImpersonatePrivilege","Special Logon",,,,,WindowsTarget,,,"NT AUTHORITY",WindowsTarget,,,WindowsTarget,,WindowsTarget,42806,"endpoint_services_processes windows_event_signature windows_security_authentication windows_special_privileges windows_ta_data wineventlog_security wineventlog_windows winsec",,,,,,,,WindowsTarget,,,42806,main,31,,,SYSTEM,"S-1-5-18",,,"Special privileges assigned to new logon",,,,,,,,,,,,,,,"Replace a process level token
Act as part of the operating system
Manage auditing and security log
Take ownership of files or other objects
Load and unload device drivers
Back up files and directories
Restore files and directories
Debug programs
Generate security audits
Modify firmware environment values
Impersonate a Client After Authentication","SeAssignPrimaryTokenPrivilege
SeTcbPrivilege
SeSecurityPrivilege
SeTakeOwnershipPrivilege
SeLoadDriverPrivilege
SeBackupPrivilege
SeRestorePrivilege
SeDebugPrivilege
SeAuditPrivilege
SeSystemEnvironmentPrivilege
SeImpersonatePrivilege
SeDelegateSessionUserImpersonatePrivilege",,,,,,,,,,Windows,,,"//_::_=====___.===_=_==_____.\r\r:\rt_:tt---\rt_:tt\rt_",,,,,,,,,,,,,,,,,,,,,0x3E7,informational,0,"Special privileges assigned to new logon",4672,"WinEventLog:Security",WinEventLog,FedoraThreatHunting,,"S-1-5-18",,,,,,"NT AUTHORITY",,,"S-1-5-18",SYSTEM,"S-1-5-18",,,success,"Special privileges assigned to new logon",failure,,,"audit
authentication
os
privileged
security
success
track_event_signatures
windows",,success,,"authentication
os
privileged
security
track_event_signatures
windows",,audit,,,,,,,SYSTEM,,,"S-1-5-18",,,Microsoft,"SeAssignPrimaryTokenPrivilege
			SeTcbPrivilege
			SeSecurityPrivilege
			SeTakeOwnershipPrivilege
			SeLoadDriverPrivilege
			SeBackupPrivilege
			SeRestorePrivilege
			SeDebugPrivilege
			SeAuditPrivilege
			SeSystemEnvironmentPrivilege
			SeImpersonatePrivilege
			SeDelegateSessionUserImpersonatePrivilege","Microsoft Windows"
"WORKGROUP
NT AUTHORITY",,"WindowsTarget$
SYSTEM",,,Negotiate,,,,,,,,,,,,,,,,,,,,WindowsTarget,,,,,,,,,,,,,,,Yes,"-",,4624,,,,,0,,,,,,,,,,,,,,,,,Impersonation,,,,,0,"Audit Success",,0x0,Security,,,,,"{00000000-0000-0000-0000-000000000000}",,"0x3E7
0x3E7",Advapi,5,,,,,,,,"An account was successfully logged on.

Subject:
	Security ID:		S-1-5-18
	Account Name:		WindowsTarget$
	Account Domain:		WORKGROUP
	Logon ID:		0x3E7

Logon Information:
	Logon Type:		5
	Restricted Admin Mode:	-
	Virtual Account:		No
	Elevated Token:		Yes

Impersonation Level:		Impersonation

New Logon:
	Security ID:		S-1-5-18
	Account Name:		SYSTEM
	Account Domain:		NT AUTHORITY
	Logon ID:		0x3E7
	Linked Logon ID:		0x0
	Network Account Name:	-
	Network Account Domain:	-
	Logon GUID:		{00000000-0000-0000-0000-000000000000}

Process Information:
	Process ID:		0x31c
	Process Name:		C:\Windows\System32\services.exe

Network Information:
	Workstation Name:	-
	Source Network Address:	-
	Source Port:		-

Detailed Authentication Information:
	Logon Process:		Advapi  
	Authentication Package:	Negotiate
	Transited Services:	-
	Package Name (NTLM only):	-
	Key Length:		0

This event is generated when a logon session is created. It is generated on the computer that was accessed.

The subject fields indicate the account on the local system which requested the logon. This is most commonly a service such as the Server service, or a local process such as Winlogon.exe or Services.exe.

The logon type field indicates the kind of logon that occurred. The most common types are 2 (interactive) and 3 (network).

The New Logon fields indicate the account for whom the new logon was created, i.e. the account that was logged on.

The network fields indicate where a remote logon request originated. Workstation name is not always available and may be left blank in some cases.

The impersonation level field indicates the extent to which a process in the logon session can impersonate.

The authentication information fields provide detailed information about this specific logon request.
	- Logon GUID is a unique identifier that can be used to correlate this event with a KDC event.
	- Transited services indicate which intermediate services have participated in this logon request.
	- Package name indicates which sub-protocol was used among the NTLM protocols.
	- Key length indicates the length of the generated session key. This will be 0 if no session key was requested.",,"-","-",,,,,,,,,,Info,,,"-",,,,,,,,,,,,,,,,0x31c,"C:\Windows\System32\services.exe",,,,,,,,42805,,,,"-",,,,,,,"S-1-5-18
S-1-5-18",,,,"Microsoft Windows security auditing.",,,"-","-",,,,,,,,WORKGROUP,"WindowsTarget$",0x3E7,"S-1-5-18",,,,,,,,,,,,,,,,,,,,,Logon,,,,,,"-",Information,,,,,,,,,,,,,,No,,,"-","12/12/2024 10:04:41 PM
LogName=Security
EventCode=4624
EventType=0
ComputerName=WindowsTarget
SourceName=Microsoft Windows security auditing.
Type=Information
RecordNumber=42805
Keywords=Audit Success
TaskCategory=Logon
OpCode=Info
Message=An account was successfully logged on.

Subject:
	Security ID:		S-1-5-18
	Account Name:		WindowsTarget$
	Account Domain:		WORKGROUP
	Logon ID:		0x3E7

Logon Information:
	Logon Type:		5
	Restricted Admin Mode:	-
	Virtual Account:		No
	Elevated Token:		Yes

Impersonation Level:		Impersonation

New Logon:
	Security ID:		S-1-5-18
	Account Name:		SYSTEM
	Account Domain:		NT AUTHORITY
	Logon ID:		0x3E7
	Linked Logon ID:		0x0
	Network Account Name:	-
	Network Account Domain:	-
	Logon GUID:		{00000000-0000-0000-0000-000000000000}

Process Information:
	Process ID:		0x31c
	Process Name:		C:\Windows\System32\services.exe

Network Information:
	Workstation Name:	-
	Source Network Address:	-
	Source Port:		-

Detailed Authentication Information:
	Logon Process:		Advapi  
	Authentication Package:	Negotiate
	Transited Services:	-
	Package Name (NTLM only):	-
	Key Length:		0

This event is generated when a logon session is created. It is generated on the computer that was accessed.

The subject fields indicate the account on the local system which requested the logon. This is most commonly a service such as the Server service, or a local process such as Winlogon.exe or Services.exe.

The logon type field indicates the kind of logon that occurred. The most common types are 2 (interactive) and 3 (network).

The New Logon fields indicate the account for whom the new logon was created, i.e. the account that was logged on.

The network fields indicate where a remote logon request originated. Workstation name is not always available and may be left blank in some cases.

The impersonation level field indicates the extent to which a process in the logon session can impersonate.

The authentication information fields provide detailed information about this specific logon request.
	- Logon GUID is a unique identifier that can be used to correlate this event with a KDC event.
	- Transited services indicate which intermediate services have participated in this logon request.
	- Package name indicates which sub-protocol was used among the NTLM protocols.
	- Key length indicates the length of the generated session key. This will be 0 if no session key was requested.","2024-12-12T17:04:41.000-0500",success,,,"win:local",Negotiate,"An account was successfully logged on.

Subject:
	Security ID:		S-1-5-18
	Account Name:		WindowsTarget$
	Account Domain:		WORKGROUP
	Logon ID:		0x3E7

Logon Information:
	Logon Type:		5
	Restricted Admin Mode:	-
	Virtual Account:		No
	Elevated Token:		Yes

Impersonation Level:		Impersonation

New Logon:
	Security ID:		S-1-5-18
	Account Name:		SYSTEM
	Account Domain:		NT AUTHORITY
	Logon ID:		0x3E7
	Linked Logon ID:		0x0
	Network Account Name:	-
	Network Account Domain:	-
	Logon GUID:		{00000000-0000-0000-0000-000000000000}

Process Information:
	Process ID:		0x31c
	Process Name:		C:\Windows\System32\services.exe

Network Information:
	Workstation Name:	-
	Source Network Address:	-
	Source Port:		-

Detailed Authentication Information:
	Logon Process:		Advapi  
	Authentication Package:	Negotiate
	Transited Services:	-
	Package Name (NTLM only):	-
	Key Length:		0

This event is generated when a logon session is created. It is generated on the computer that was accessed.

The subject fields indicate the account on the local system which requested the logon. This is most commonly a service such as the Server service, or a local process such as Winlogon.exe or Services.exe.

The logon type field indicates the kind of logon that occurred. The most common types are 2 (interactive) and 3 (network).

The New Logon fields indicate the account for whom the new logon was created, i.e. the account that was logged on.

The network fields indicate where a remote logon request originated. Workstation name is not always available and may be left blank in some cases.

The impersonation level field indicates the extent to which a process in the logon session can impersonate.

The authentication information fields provide detailed information about this specific logon request.
	- Logon GUID is a unique identifier that can be used to correlate this event with a KDC event.
	- Transited services indicate which intermediate services have participated in this logon request.
	- Package name indicates which sub-protocol was used among the NTLM protocols.
	- Key length indicates the length of the generated session key. This will be 0 if no session key was requested.",Logon,,"services.exe",,,WindowsTarget,,,"NT AUTHORITY",WindowsTarget,,,WindowsTarget,,WindowsTarget,42805,"endpoint_services_processes windows_event_signature windows_logon_success windows_security_authentication windows_ta_data wineventlog_security wineventlog_windows winsec",,,,,,,,WindowsTarget,,,42805,main,70,,,"WindowsTarget$
SYSTEM","S-1-5-18
S-1-5-18",,,"An account was successfully logged on",,,,,,,,,,,,,,,,,"C:\Windows\System32\services.exe",,,,,0x31c,,"C:\Windows\System32\services.exe",,Windows,,,"//_::_=====___.===_===_____.\r\r:\rt_:tt---\rt_:tt$\rt_",,,,,,,,,,,,,,,,,,,,,0x3E7,informational,0,"An account was successfully logged on",4624,"WinEventLog:Security",WinEventLog,FedoraThreatHunting,,,,,,,,WORKGROUP,,"-","S-1-5-18","WindowsTarget$",,,,success,"An account was successfully logged on",failure,,,"authentication
local
os
security
success
track_event_signatures
windows",,success,local,"authentication
os
security
track_event_signatures
windows",,,,,,,,,SYSTEM,,,,,,Microsoft,,"Microsoft Windows"
,,,,,,,,,,,,,,,"Microsoft-Windows-Sysmon/Operational",,,,,,,,,WindowsTarget,,,"2024-12-04 21:24:22.000",,,,,,,,,,,,,,,"Microsoft-Windows-Sysmon/Operational",11,"<Data Name='RuleName'>DLL</Data><Data Name='UtcTime'>2024-12-12 22:04:40.111</Data><Data Name='ProcessGuid'>{8e02ef74-5df6-675b-8d08-000000002a00}</Data><Data Name='ProcessId'>6688</Data><Data Name='Image'>C:\Windows\system32\svchost.exe</Data><Data Name='TargetFilename'>C:\Windows\SoftwareDistribution\Download\34b9dd2a668deb5b86d2bc049e689260\Metadata\fvereseal.dll</Data><Data Name='CreationUtcTime'>2024-12-04 21:24:22.000</Data><Data Name='User'>NT AUTHORITY\SYSTEM</Data>",FileCreate,11,100022,,,,,,,,,,,"'{5770385f-c22a-43e0-bf4c-06f5698ffbd9}'",,,,,"C:\Windows\system32\svchost.exe",,,,,,,,0x8000000000000000,4,,,,,,,,,,,,,,,,,,,,"'Microsoft-Windows-Sysmon'",,,,,,,,,,,,,0,,,,,,,,,,,,,,"{8e02ef74-5df6-675b-8d08-000000002a00}","'3780'",6688,,,,,,,,,,100022,100022,,,,,DLL,,,,,"S-1-5-18",,,,,,,,,,,,,,,,,,,,,,"'2024-12-12T22:04:40.1122155Z'","<Provider Name='Microsoft-Windows-Sysmon' Guid='{5770385f-c22a-43e0-bf4c-06f5698ffbd9}'/><EventID>11</EventID><Version>2</Version><Level>4</Level><Task>11</Task><Opcode>0</Opcode><Keywords>0x8000000000000000</Keywords><TimeCreated SystemTime='2024-12-12T22:04:40.1122155Z'/><EventRecordID>100022</EventRecordID><Correlation/><Execution ProcessID='3780' ThreadID='5104'/><Channel>Microsoft-Windows-Sysmon/Operational</Channel><Computer>WindowsTarget</Computer><Security UserID='S-1-5-18'/>",,"C:\Windows\SoftwareDistribution\Download\34b9dd2a668deb5b86d2bc049e689260\Metadata\fvereseal.dll",,,,,,,,,,,,,,,11,"System Parameter Settings",,"'5104'","2024-12-12T22:04:40.1122155Z",,,,,"NT AUTHORITY\SYSTEM","'S-1-5-18'",,,,,,,,,,"2024-12-12 22:04:40.111",2,,,,,"<Event xmlns='http://schemas.microsoft.com/win/2004/08/events/event'><System><Provider Name='Microsoft-Windows-Sysmon' Guid='{5770385f-c22a-43e0-bf4c-06f5698ffbd9}'/><EventID>11</EventID><Version>2</Version><Level>4</Level><Task>11</Task><Opcode>0</Opcode><Keywords>0x8000000000000000</Keywords><TimeCreated SystemTime='2024-12-12T22:04:40.1122155Z'/><EventRecordID>100022</EventRecordID><Correlation/><Execution ProcessID='3780' ThreadID='5104'/><Channel>Microsoft-Windows-Sysmon/Operational</Channel><Computer>WindowsTarget</Computer><Security UserID='S-1-5-18'/></System><EventData><Data Name='RuleName'>DLL</Data><Data Name='UtcTime'>2024-12-12 22:04:40.111</Data><Data Name='ProcessGuid'>{8e02ef74-5df6-675b-8d08-000000002a00}</Data><Data Name='ProcessId'>6688</Data><Data Name='Image'>C:\Windows\system32\svchost.exe</Data><Data Name='TargetFilename'>C:\Windows\SoftwareDistribution\Download\34b9dd2a668deb5b86d2bc049e689260\Metadata\fvereseal.dll</Data><Data Name='CreationUtcTime'>2024-12-04 21:24:22.000</Data><Data Name='User'>NT AUTHORITY\SYSTEM</Data></EventData></Event>","2024-12-12T17:04:40.000-0500",modified,,,,,,,,,,,WindowsTarget,,,,,,,WindowsTarget,,WindowsTarget,100022,"endpoint_services_processes ms-sysmon-filemod windows_event_signature windows_ta_data",,"2024-12-04 21:24:22.000",,,"fvereseal.dll","C:\Windows\SoftwareDistribution\Download\34b9dd2a668deb5b86d2bc049e689260\Metadata\fvereseal.dll",,WindowsTarget,,,100022,main,1,,,,,,,,,,file,,,,,,,,,,,,,,,,"svchost.exe","{8e02ef74-5df6-675b-8d08-000000002a00}",,6688,,"svchost.exe","C:\Windows\system32\svchost.exe",,,,"<_='://../////'><><_='--'_='{----}'/><></><></><><",,,,,,,,,,,,,,,,,,,,,,informational,4,FileCreate,11,"XmlWinEventLog:Microsoft-Windows-Sysmon/Operational",XmlWinEventLog,FedoraThreatHunting,,,,,,,,,,,,,,,,,,,,,"endpoint
filesystem
track_event_signatures",,,,"endpoint
filesystem
track_event_signatures",filesystem,,,,,,,,SYSTEM,,,"'S-1-5-18'",,,,,"Microsoft Sysmon"
,,,,,,,,,,,,,,,"Microsoft-Windows-Sysmon/Operational",,,,,,,,,WindowsTarget,,,"2024-12-05 01:05:50.000",,,,,,,,,,,,,,,"Microsoft-Windows-Sysmon/Operational",11,"<Data Name='RuleName'>DLL</Data><Data Name='UtcTime'>2024-12-12 22:04:40.103</Data><Data Name='ProcessGuid'>{8e02ef74-5df6-675b-8d08-000000002a00}</Data><Data Name='ProcessId'>6688</Data><Data Name='Image'>C:\Windows\system32\svchost.exe</Data><Data Name='TargetFilename'>C:\Windows\SoftwareDistribution\Download\34b9dd2a668deb5b86d2bc049e689260\Metadata\WinREAgent.dll</Data><Data Name='CreationUtcTime'>2024-12-05 01:05:50.000</Data><Data Name='User'>NT AUTHORITY\SYSTEM</Data>",FileCreate,11,100021,,,,,,,,,,,"'{5770385f-c22a-43e0-bf4c-06f5698ffbd9}'",,,,,"C:\Windows\system32\svchost.exe",,,,,,,,0x8000000000000000,4,,,,,,,,,,,,,,,,,,,,"'Microsoft-Windows-Sysmon'",,,,,,,,,,,,,0,,,,,,,,,,,,,,"{8e02ef74-5df6-675b-8d08-000000002a00}","'3780'",6688,,,,,,,,,,100021,100021,,,,,DLL,,,,,"S-1-5-18",,,,,,,,,,,,,,,,,,,,,,"'2024-12-12T22:04:40.1047399Z'","<Provider Name='Microsoft-Windows-Sysmon' Guid='{5770385f-c22a-43e0-bf4c-06f5698ffbd9}'/><EventID>11</EventID><Version>2</Version><Level>4</Level><Task>11</Task><Opcode>0</Opcode><Keywords>0x8000000000000000</Keywords><TimeCreated SystemTime='2024-12-12T22:04:40.1047399Z'/><EventRecordID>100021</EventRecordID><Correlation/><Execution ProcessID='3780' ThreadID='5104'/><Channel>Microsoft-Windows-Sysmon/Operational</Channel><Computer>WindowsTarget</Computer><Security UserID='S-1-5-18'/>",,"C:\Windows\SoftwareDistribution\Download\34b9dd2a668deb5b86d2bc049e689260\Metadata\WinREAgent.dll",,,,,,,,,,,,,,,11,"System Parameter Settings",,"'5104'","2024-12-12T22:04:40.1047399Z",,,,,"NT AUTHORITY\SYSTEM","'S-1-5-18'",,,,,,,,,,"2024-12-12 22:04:40.103",2,,,,,"<Event xmlns='http://schemas.microsoft.com/win/2004/08/events/event'><System><Provider Name='Microsoft-Windows-Sysmon' Guid='{5770385f-c22a-43e0-bf4c-06f5698ffbd9}'/><EventID>11</EventID><Version>2</Version><Level>4</Level><Task>11</Task><Opcode>0</Opcode><Keywords>0x8000000000000000</Keywords><TimeCreated SystemTime='2024-12-12T22:04:40.1047399Z'/><EventRecordID>100021</EventRecordID><Correlation/><Execution ProcessID='3780' ThreadID='5104'/><Channel>Microsoft-Windows-Sysmon/Operational</Channel><Computer>WindowsTarget</Computer><Security UserID='S-1-5-18'/></System><EventData><Data Name='RuleName'>DLL</Data><Data Name='UtcTime'>2024-12-12 22:04:40.103</Data><Data Name='ProcessGuid'>{8e02ef74-5df6-675b-8d08-000000002a00}</Data><Data Name='ProcessId'>6688</Data><Data Name='Image'>C:\Windows\system32\svchost.exe</Data><Data Name='TargetFilename'>C:\Windows\SoftwareDistribution\Download\34b9dd2a668deb5b86d2bc049e689260\Metadata\WinREAgent.dll</Data><Data Name='CreationUtcTime'>2024-12-05 01:05:50.000</Data><Data Name='User'>NT AUTHORITY\SYSTEM</Data></EventData></Event>","2024-12-12T17:04:40.000-0500",modified,,,,,,,,,,,WindowsTarget,,,,,,,WindowsTarget,,WindowsTarget,100021,"endpoint_services_processes ms-sysmon-filemod windows_event_signature windows_ta_data",,"2024-12-05 01:05:50.000",,,"WinREAgent.dll","C:\Windows\SoftwareDistribution\Download\34b9dd2a668deb5b86d2bc049e689260\Metadata\WinREAgent.dll",,WindowsTarget,,,100021,main,1,,,,,,,,,,file,,,,,,,,,,,,,,,,"svchost.exe","{8e02ef74-5df6-675b-8d08-000000002a00}",,6688,,"svchost.exe","C:\Windows\system32\svchost.exe",,,,"<_='://../////'><><_='--'_='{----}'/><></><></><><",,,,,,,,,,,,,,,,,,,,,,informational,4,FileCreate,11,"XmlWinEventLog:Microsoft-Windows-Sysmon/Operational",XmlWinEventLog,FedoraThreatHunting,,,,,,,,,,,,,,,,,,,,,"endpoint
filesystem
track_event_signatures",,,,"endpoint
filesystem
track_event_signatures",filesystem,,,,,,,,SYSTEM,,,"'S-1-5-18'",,,,,"Microsoft Sysmon"
,,,,,,,,,,,,,,,"Microsoft-Windows-Sysmon/Operational",,,,,,,,,WindowsTarget,,,"2024-12-04 21:09:24.000",,,,,,,,,,,,,,,"Microsoft-Windows-Sysmon/Operational",11,"<Data Name='RuleName'>DLL</Data><Data Name='UtcTime'>2024-12-12 22:04:40.098</Data><Data Name='ProcessGuid'>{8e02ef74-5df6-675b-8d08-000000002a00}</Data><Data Name='ProcessId'>6688</Data><Data Name='Image'>C:\Windows\system32\svchost.exe</Data><Data Name='TargetFilename'>C:\Windows\SoftwareDistribution\Download\34b9dd2a668deb5b86d2bc049e689260\Metadata\ReserveManager.dll</Data><Data Name='CreationUtcTime'>2024-12-04 21:09:24.000</Data><Data Name='User'>NT AUTHORITY\SYSTEM</Data>",FileCreate,11,100020,,,,,,,,,,,"'{5770385f-c22a-43e0-bf4c-06f5698ffbd9}'",,,,,"C:\Windows\system32\svchost.exe",,,,,,,,0x8000000000000000,4,,,,,,,,,,,,,,,,,,,,"'Microsoft-Windows-Sysmon'",,,,,,,,,,,,,0,,,,,,,,,,,,,,"{8e02ef74-5df6-675b-8d08-000000002a00}","'3780'",6688,,,,,,,,,,100020,100020,,,,,DLL,,,,,"S-1-5-18",,,,,,,,,,,,,,,,,,,,,,"'2024-12-12T22:04:40.0997620Z'","<Provider Name='Microsoft-Windows-Sysmon' Guid='{5770385f-c22a-43e0-bf4c-06f5698ffbd9}'/><EventID>11</EventID><Version>2</Version><Level>4</Level><Task>11</Task><Opcode>0</Opcode><Keywords>0x8000000000000000</Keywords><TimeCreated SystemTime='2024-12-12T22:04:40.0997620Z'/><EventRecordID>100020</EventRecordID><Correlation/><Execution ProcessID='3780' ThreadID='5104'/><Channel>Microsoft-Windows-Sysmon/Operational</Channel><Computer>WindowsTarget</Computer><Security UserID='S-1-5-18'/>",,"C:\Windows\SoftwareDistribution\Download\34b9dd2a668deb5b86d2bc049e689260\Metadata\ReserveManager.dll",,,,,,,,,,,,,,,11,"System Parameter Settings",,"'5104'","2024-12-12T22:04:40.0997620Z",,,,,"NT AUTHORITY\SYSTEM","'S-1-5-18'",,,,,,,,,,"2024-12-12 22:04:40.098",2,,,,,"<Event xmlns='http://schemas.microsoft.com/win/2004/08/events/event'><System><Provider Name='Microsoft-Windows-Sysmon' Guid='{5770385f-c22a-43e0-bf4c-06f5698ffbd9}'/><EventID>11</EventID><Version>2</Version><Level>4</Level><Task>11</Task><Opcode>0</Opcode><Keywords>0x8000000000000000</Keywords><TimeCreated SystemTime='2024-12-12T22:04:40.0997620Z'/><EventRecordID>100020</EventRecordID><Correlation/><Execution ProcessID='3780' ThreadID='5104'/><Channel>Microsoft-Windows-Sysmon/Operational</Channel><Computer>WindowsTarget</Computer><Security UserID='S-1-5-18'/></System><EventData><Data Name='RuleName'>DLL</Data><Data Name='UtcTime'>2024-12-12 22:04:40.098</Data><Data Name='ProcessGuid'>{8e02ef74-5df6-675b-8d08-000000002a00}</Data><Data Name='ProcessId'>6688</Data><Data Name='Image'>C:\Windows\system32\svchost.exe</Data><Data Name='TargetFilename'>C:\Windows\SoftwareDistribution\Download\34b9dd2a668deb5b86d2bc049e689260\Metadata\ReserveManager.dll</Data><Data Name='CreationUtcTime'>2024-12-04 21:09:24.000</Data><Data Name='User'>NT AUTHORITY\SYSTEM</Data></EventData></Event>","2024-12-12T17:04:40.000-0500",modified,,,,,,,,,,,WindowsTarget,,,,,,,WindowsTarget,,WindowsTarget,100020,"endpoint_services_processes ms-sysmon-filemod windows_event_signature windows_ta_data",,"2024-12-04 21:09:24.000",,,"ReserveManager.dll","C:\Windows\SoftwareDistribution\Download\34b9dd2a668deb5b86d2bc049e689260\Metadata\ReserveManager.dll",,WindowsTarget,,,100020,main,1,,,,,,,,,,file,,,,,,,,,,,,,,,,"svchost.exe","{8e02ef74-5df6-675b-8d08-000000002a00}",,6688,,"svchost.exe","C:\Windows\system32\svchost.exe",,,,"<_='://../////'><><_='--'_='{----}'/><></><></><><",,,,,,,,,,,,,,,,,,,,,,informational,4,FileCreate,11,"XmlWinEventLog:Microsoft-Windows-Sysmon/Operational",XmlWinEventLog,FedoraThreatHunting,,,,,,,,,,,,,,,,,,,,,"endpoint
filesystem
track_event_signatures",,,,"endpoint
filesystem
track_event_signatures",filesystem,,,,,,,,SYSTEM,,,"'S-1-5-18'",,,,,"Microsoft Sysmon"
,,,,,,,,,,,,,,,"Microsoft-Windows-Sysmon/Operational",,,,,,,,,WindowsTarget,,,"2024-12-04 21:09:34.000",,,,,,,,,,,,,,,"Microsoft-Windows-Sysmon/Operational",11,"<Data Name='RuleName'>DLL</Data><Data Name='UtcTime'>2024-12-12 22:04:40.087</Data><Data Name='ProcessGuid'>{8e02ef74-5df6-675b-8d08-000000002a00}</Data><Data Name='ProcessId'>6688</Data><Data Name='Image'>C:\Windows\system32\svchost.exe</Data><Data Name='TargetFilename'>C:\Windows\SoftwareDistribution\Download\34b9dd2a668deb5b86d2bc049e689260\Metadata\TurboStack.dll</Data><Data Name='CreationUtcTime'>2024-12-04 21:09:34.000</Data><Data Name='User'>NT AUTHORITY\SYSTEM</Data>",FileCreate,11,100019,,,,,,,,,,,"'{5770385f-c22a-43e0-bf4c-06f5698ffbd9}'",,,,,"C:\Windows\system32\svchost.exe",,,,,,,,0x8000000000000000,4,,,,,,,,,,,,,,,,,,,,"'Microsoft-Windows-Sysmon'",,,,,,,,,,,,,0,,,,,,,,,,,,,,"{8e02ef74-5df6-675b-8d08-000000002a00}","'3780'",6688,,,,,,,,,,100019,100019,,,,,DLL,,,,,"S-1-5-18",,,,,,,,,,,,,,,,,,,,,,"'2024-12-12T22:04:40.0886158Z'","<Provider Name='Microsoft-Windows-Sysmon' Guid='{5770385f-c22a-43e0-bf4c-06f5698ffbd9}'/><EventID>11</EventID><Version>2</Version><Level>4</Level><Task>11</Task><Opcode>0</Opcode><Keywords>0x8000000000000000</Keywords><TimeCreated SystemTime='2024-12-12T22:04:40.0886158Z'/><EventRecordID>100019</EventRecordID><Correlation/><Execution ProcessID='3780' ThreadID='5104'/><Channel>Microsoft-Windows-Sysmon/Operational</Channel><Computer>WindowsTarget</Computer><Security UserID='S-1-5-18'/>",,"C:\Windows\SoftwareDistribution\Download\34b9dd2a668deb5b86d2bc049e689260\Metadata\TurboStack.dll",,,,,,,,,,,,,,,11,"System Parameter Settings",,"'5104'","2024-12-12T22:04:40.0886158Z",,,,,"NT AUTHORITY\SYSTEM","'S-1-5-18'",,,,,,,,,,"2024-12-12 22:04:40.087",2,,,,,"<Event xmlns='http://schemas.microsoft.com/win/2004/08/events/event'><System><Provider Name='Microsoft-Windows-Sysmon' Guid='{5770385f-c22a-43e0-bf4c-06f5698ffbd9}'/><EventID>11</EventID><Version>2</Version><Level>4</Level><Task>11</Task><Opcode>0</Opcode><Keywords>0x8000000000000000</Keywords><TimeCreated SystemTime='2024-12-12T22:04:40.0886158Z'/><EventRecordID>100019</EventRecordID><Correlation/><Execution ProcessID='3780' ThreadID='5104'/><Channel>Microsoft-Windows-Sysmon/Operational</Channel><Computer>WindowsTarget</Computer><Security UserID='S-1-5-18'/></System><EventData><Data Name='RuleName'>DLL</Data><Data Name='UtcTime'>2024-12-12 22:04:40.087</Data><Data Name='ProcessGuid'>{8e02ef74-5df6-675b-8d08-000000002a00}</Data><Data Name='ProcessId'>6688</Data><Data Name='Image'>C:\Windows\system32\svchost.exe</Data><Data Name='TargetFilename'>C:\Windows\SoftwareDistribution\Download\34b9dd2a668deb5b86d2bc049e689260\Metadata\TurboStack.dll</Data><Data Name='CreationUtcTime'>2024-12-04 21:09:34.000</Data><Data Name='User'>NT AUTHORITY\SYSTEM</Data></EventData></Event>","2024-12-12T17:04:40.000-0500",modified,,,,,,,,,,,WindowsTarget,,,,,,,WindowsTarget,,WindowsTarget,100019,"endpoint_services_processes ms-sysmon-filemod windows_event_signature windows_ta_data",,"2024-12-04 21:09:34.000",,,"TurboStack.dll","C:\Windows\SoftwareDistribution\Download\34b9dd2a668deb5b86d2bc049e689260\Metadata\TurboStack.dll",,WindowsTarget,,,100019,main,1,,,,,,,,,,file,,,,,,,,,,,,,,,,"svchost.exe","{8e02ef74-5df6-675b-8d08-000000002a00}",,6688,,"svchost.exe","C:\Windows\system32\svchost.exe",,,,"<_='://../////'><><_='--'_='{----}'/><></><></><><",,,,,,,,,,,,,,,,,,,,,,informational,4,FileCreate,11,"XmlWinEventLog:Microsoft-Windows-Sysmon/Operational",XmlWinEventLog,FedoraThreatHunting,,,,,,,,,,,,,,,,,,,,,"endpoint
filesystem
track_event_signatures",,,,"endpoint
filesystem
track_event_signatures",filesystem,,,,,,,,SYSTEM,,,"'S-1-5-18'",,,,,"Microsoft Sysmon"
,,,,,,,,,,,,,,,"Microsoft-Windows-Sysmon/Operational",,,,,,,,,WindowsTarget,,,"2024-12-04 21:09:24.000",,,,,,,,,,,,,,,"Microsoft-Windows-Sysmon/Operational",11,"<Data Name='RuleName'>DLL</Data><Data Name='UtcTime'>2024-12-12 22:04:40.044</Data><Data Name='ProcessGuid'>{8e02ef74-5df6-675b-8d08-000000002a00}</Data><Data Name='ProcessId'>6688</Data><Data Name='Image'>C:\Windows\system32\svchost.exe</Data><Data Name='TargetFilename'>C:\Windows\SoftwareDistribution\Download\34b9dd2a668deb5b86d2bc049e689260\Metadata\wcp.dll</Data><Data Name='CreationUtcTime'>2024-12-04 21:09:24.000</Data><Data Name='User'>NT AUTHORITY\SYSTEM</Data>",FileCreate,11,100018,,,,,,,,,,,"'{5770385f-c22a-43e0-bf4c-06f5698ffbd9}'",,,,,"C:\Windows\system32\svchost.exe",,,,,,,,0x8000000000000000,4,,,,,,,,,,,,,,,,,,,,"'Microsoft-Windows-Sysmon'",,,,,,,,,,,,,0,,,,,,,,,,,,,,"{8e02ef74-5df6-675b-8d08-000000002a00}","'3780'",6688,,,,,,,,,,100018,100018,,,,,DLL,,,,,"S-1-5-18",,,,,,,,,,,,,,,,,,,,,,"'2024-12-12T22:04:40.0450369Z'","<Provider Name='Microsoft-Windows-Sysmon' Guid='{5770385f-c22a-43e0-bf4c-06f5698ffbd9}'/><EventID>11</EventID><Version>2</Version><Level>4</Level><Task>11</Task><Opcode>0</Opcode><Keywords>0x8000000000000000</Keywords><TimeCreated SystemTime='2024-12-12T22:04:40.0450369Z'/><EventRecordID>100018</EventRecordID><Correlation/><Execution ProcessID='3780' ThreadID='5104'/><Channel>Microsoft-Windows-Sysmon/Operational</Channel><Computer>WindowsTarget</Computer><Security UserID='S-1-5-18'/>",,"C:\Windows\SoftwareDistribution\Download\34b9dd2a668deb5b86d2bc049e689260\Metadata\wcp.dll",,,,,,,,,,,,,,,11,"System Parameter Settings",,"'5104'","2024-12-12T22:04:40.0450369Z",,,,,"NT AUTHORITY\SYSTEM","'S-1-5-18'",,,,,,,,,,"2024-12-12 22:04:40.044",2,,,,,"<Event xmlns='http://schemas.microsoft.com/win/2004/08/events/event'><System><Provider Name='Microsoft-Windows-Sysmon' Guid='{5770385f-c22a-43e0-bf4c-06f5698ffbd9}'/><EventID>11</EventID><Version>2</Version><Level>4</Level><Task>11</Task><Opcode>0</Opcode><Keywords>0x8000000000000000</Keywords><TimeCreated SystemTime='2024-12-12T22:04:40.0450369Z'/><EventRecordID>100018</EventRecordID><Correlation/><Execution ProcessID='3780' ThreadID='5104'/><Channel>Microsoft-Windows-Sysmon/Operational</Channel><Computer>WindowsTarget</Computer><Security UserID='S-1-5-18'/></System><EventData><Data Name='RuleName'>DLL</Data><Data Name='UtcTime'>2024-12-12 22:04:40.044</Data><Data Name='ProcessGuid'>{8e02ef74-5df6-675b-8d08-000000002a00}</Data><Data Name='ProcessId'>6688</Data><Data Name='Image'>C:\Windows\system32\svchost.exe</Data><Data Name='TargetFilename'>C:\Windows\SoftwareDistribution\Download\34b9dd2a668deb5b86d2bc049e689260\Metadata\wcp.dll</Data><Data Name='CreationUtcTime'>2024-12-04 21:09:24.000</Data><Data Name='User'>NT AUTHORITY\SYSTEM</Data></EventData></Event>","2024-12-12T17:04:40.000-0500",modified,,,,,,,,,,,WindowsTarget,,,,,,,WindowsTarget,,WindowsTarget,100018,"endpoint_services_processes ms-sysmon-filemod windows_event_signature windows_ta_data",,"2024-12-04 21:09:24.000",,,"wcp.dll","C:\Windows\SoftwareDistribution\Download\34b9dd2a668deb5b86d2bc049e689260\Metadata\wcp.dll",,WindowsTarget,,,100018,main,1,,,,,,,,,,file,,,,,,,,,,,,,,,,"svchost.exe","{8e02ef74-5df6-675b-8d08-000000002a00}",,6688,,"svchost.exe","C:\Windows\system32\svchost.exe",,,,"<_='://../////'><><_='--'_='{----}'/><></><></><><",,,,,,,,,,,,,,,,,,,,,,informational,4,FileCreate,11,"XmlWinEventLog:Microsoft-Windows-Sysmon/Operational",XmlWinEventLog,FedoraThreatHunting,,,,,,,,,,,,,,,,,,,,,"endpoint
filesystem
track_event_signatures",,,,"endpoint
filesystem
track_event_signatures",filesystem,,,,,,,,SYSTEM,,,"'S-1-5-18'",,,,,"Microsoft Sysmon"
,,,,,,,,,,,,,,,"Microsoft-Windows-Sysmon/Operational",,,,,,,,,WindowsTarget,,,"2024-12-04 21:23:42.000",,,,,,,,,,,,,,,"Microsoft-Windows-Sysmon/Operational",11,"<Data Name='RuleName'>DLL</Data><Data Name='UtcTime'>2024-12-12 22:04:40.040</Data><Data Name='ProcessGuid'>{8e02ef74-5df6-675b-8d08-000000002a00}</Data><Data Name='ProcessId'>6688</Data><Data Name='Image'>C:\Windows\system32\svchost.exe</Data><Data Name='TargetFilename'>C:\Windows\SoftwareDistribution\Download\34b9dd2a668deb5b86d2bc049e689260\Metadata\UAOneSettings.dll</Data><Data Name='CreationUtcTime'>2024-12-04 21:23:42.000</Data><Data Name='User'>NT AUTHORITY\SYSTEM</Data>",FileCreate,11,100017,,,,,,,,,,,"'{5770385f-c22a-43e0-bf4c-06f5698ffbd9}'",,,,,"C:\Windows\system32\svchost.exe",,,,,,,,0x8000000000000000,4,,,,,,,,,,,,,,,,,,,,"'Microsoft-Windows-Sysmon'",,,,,,,,,,,,,0,,,,,,,,,,,,,,"{8e02ef74-5df6-675b-8d08-000000002a00}","'3780'",6688,,,,,,,,,,100017,100017,,,,,DLL,,,,,"S-1-5-18",,,,,,,,,,,,,,,,,,,,,,"'2024-12-12T22:04:40.0416605Z'","<Provider Name='Microsoft-Windows-Sysmon' Guid='{5770385f-c22a-43e0-bf4c-06f5698ffbd9}'/><EventID>11</EventID><Version>2</Version><Level>4</Level><Task>11</Task><Opcode>0</Opcode><Keywords>0x8000000000000000</Keywords><TimeCreated SystemTime='2024-12-12T22:04:40.0416605Z'/><EventRecordID>100017</EventRecordID><Correlation/><Execution ProcessID='3780' ThreadID='5104'/><Channel>Microsoft-Windows-Sysmon/Operational</Channel><Computer>WindowsTarget</Computer><Security UserID='S-1-5-18'/>",,"C:\Windows\SoftwareDistribution\Download\34b9dd2a668deb5b86d2bc049e689260\Metadata\UAOneSettings.dll",,,,,,,,,,,,,,,11,"System Parameter Settings",,"'5104'","2024-12-12T22:04:40.0416605Z",,,,,"NT AUTHORITY\SYSTEM","'S-1-5-18'",,,,,,,,,,"2024-12-12 22:04:40.040",2,,,,,"<Event xmlns='http://schemas.microsoft.com/win/2004/08/events/event'><System><Provider Name='Microsoft-Windows-Sysmon' Guid='{5770385f-c22a-43e0-bf4c-06f5698ffbd9}'/><EventID>11</EventID><Version>2</Version><Level>4</Level><Task>11</Task><Opcode>0</Opcode><Keywords>0x8000000000000000</Keywords><TimeCreated SystemTime='2024-12-12T22:04:40.0416605Z'/><EventRecordID>100017</EventRecordID><Correlation/><Execution ProcessID='3780' ThreadID='5104'/><Channel>Microsoft-Windows-Sysmon/Operational</Channel><Computer>WindowsTarget</Computer><Security UserID='S-1-5-18'/></System><EventData><Data Name='RuleName'>DLL</Data><Data Name='UtcTime'>2024-12-12 22:04:40.040</Data><Data Name='ProcessGuid'>{8e02ef74-5df6-675b-8d08-000000002a00}</Data><Data Name='ProcessId'>6688</Data><Data Name='Image'>C:\Windows\system32\svchost.exe</Data><Data Name='TargetFilename'>C:\Windows\SoftwareDistribution\Download\34b9dd2a668deb5b86d2bc049e689260\Metadata\UAOneSettings.dll</Data><Data Name='CreationUtcTime'>2024-12-04 21:23:42.000</Data><Data Name='User'>NT AUTHORITY\SYSTEM</Data></EventData></Event>","2024-