12-12T17:06:36.000-0500",allowed,,,,,,,,,,,WindowsTarget,,,,,,,WindowsTarget,,WindowsTarget,100055,"endpoint_services_processes ms-sysmon-process windows_event_signature windows_ta_data",,,,,,,,WindowsTarget,,,100055,main,1,,,,,,,,,,,,,"FileCoAuth.exe","Microsoft Windows","C:\Windows\system32\svchost.exe -k DcomLaunch -p","svchost.exe","{8e02ef74-3d4a-675b-0f00-000000002a00}",920,"svchost.exe","C:\Windows\System32\svchost.exe",,,,"""C:\Users\inf808\AppData\Local\Microsoft\OneDrive\24.226.1110.0004\FileCoAuth.exe"" -Embedding","C:\Windows\system32\","FileCoAuth.exe","{8e02ef74-5e6c-675b-a308-000000002a00}","MD5=6B7A2DDFAF19120270B23D4A83D65AB8,SHA256=13D9F5BEB09BC1FFCFFFB336DB16E624CB01180AEA483A2FC2BABDDD91575476,IMPHASH=E760F31395E6CB76299E1E7509628C6F",10424,High,"FileCoAuth.exe","C:\Users\inf808\AppData\Local\Microsoft\OneDrive\24.226.1110.0004\FileCoAuth.exe",,,,"<_='://../////'><><_='--'_='{----}'/><></><></><><",,,,,,,,,,,,,,,,,,,,,,informational,4,"Process creation",1,"XmlWinEventLog:Microsoft-Windows-Sysmon/Operational",XmlWinEventLog,FedoraThreatHunting,,,,,,,,,,,,,,,,,,,,,"process
report
track_event_signatures",,,,"process
report
track_event_signatures",,,,,,,,,inf808,,,"'S-1-5-18'",,,,,"Microsoft Sysmon"
,,,,,,,,,,,,,,,"Microsoft-Windows-Sysmon/Operational",,,,,,,,,WindowsTarget,,,,,,,,"-","104.18.38.233",false,80,http,,,,,,"Microsoft-Windows-Sysmon/Operational",3,"<Data Name='RuleName'>-</Data><Data Name='UtcTime'>2024-12-12 22:06:33.442</Data><Data Name='ProcessGuid'>{8e02ef74-5e4d-675b-9908-000000002a00}</Data><Data Name='ProcessId'>7096</Data><Data Name='Image'>C:\Windows\System32\WindowsPowerShell\v1.0\powershell.exe</Data><Data Name='User'>WindowsTarget\inf808</Data><Data Name='Protocol'>tcp</Data><Data Name='Initiated'>true</Data><Data Name='SourceIsIpv6'>false</Data><Data Name='SourceIp'>10.0.0.5</Data><Data Name='SourceHostname'>WindowsTarget.gwvavixz1yzuxgweuyqj3hytvf.ux.internal.cloudapp.net</Data><Data Name='SourcePort'>54704</Data><Data Name='SourcePortName'>-</Data><Data Name='DestinationIsIpv6'>false</Data><Data Name='DestinationIp'>104.18.38.233</Data><Data Name='DestinationHostname'>-</Data><Data Name='DestinationPort'>80</Data><Data Name='DestinationPortName'>http</Data>","Network connection",3,100054,,,,,,,,,,,"'{5770385f-c22a-43e0-bf4c-06f5698ffbd9}'",,,,,"C:\Windows\System32\WindowsPowerShell\v1.0\powershell.exe",,,true,,,,,0x8000000000000000,4,,,,,,,,,,,,,,,,,,,,"'Microsoft-Windows-Sysmon'",,,,,,,,,,,,,0,,,,,,,,,,,,,,"{8e02ef74-5e4d-675b-9908-000000002a00}","'3780'",7096,,,,,,tcp,,,,100054,100054,,,,,"-",,,,,"S-1-5-18",,"WindowsTarget.gwvavixz1yzuxgweuyqj3hytvf.ux.internal.cloudapp.net","10.0.0.5",false,,54704,"-",,,,,,,,,,,,,,,"'2024-12-12T22:06:35.0766030Z'","<Provider Name='Microsoft-Windows-Sysmon' Guid='{5770385f-c22a-43e0-bf4c-06f5698ffbd9}'/><EventID>3</EventID><Version>5</Version><Level>4</Level><Task>3</Task><Opcode>0</Opcode><Keywords>0x8000000000000000</Keywords><TimeCreated SystemTime='2024-12-12T22:06:35.0766030Z'/><EventRecordID>100054</EventRecordID><Correlation/><Execution ProcessID='3780' ThreadID='3880'/><Channel>Microsoft-Windows-Sysmon/Operational</Channel><Computer>WindowsTarget</Computer><Security UserID='S-1-5-18'/>",,,,,,,,,,,,,,,,,3,Printers,,"'3880'","2024-12-12T22:06:35.0766030Z",,,,,"WindowsTarget\inf808","'S-1-5-18'",,,,,,,,,,"2024-12-12 22:06:33.442",5,,,,,"<Event xmlns='http://schemas.microsoft.com/win/2004/08/events/event'><System><Provider Name='Microsoft-Windows-Sysmon' Guid='{5770385f-c22a-43e0-bf4c-06f5698ffbd9}'/><EventID>3</EventID><Version>5</Version><Level>4</Level><Task>3</Task><Opcode>0</Opcode><Keywords>0x8000000000000000</Keywords><TimeCreated SystemTime='2024-12-12T22:06:35.0766030Z'/><EventRecordID>100054</EventRecordID><Correlation/><Execution ProcessID='3780' ThreadID='3880'/><Channel>Microsoft-Windows-Sysmon/Operational</Channel><Computer>WindowsTarget</Computer><Security UserID='S-1-5-18'/></System><EventData><Data Name='RuleName'>-</Data><Data Name='UtcTime'>2024-12-12 22:06:33.442</Data><Data Name='ProcessGuid'>{8e02ef74-5e4d-675b-9908-000000002a00}</Data><Data Name='ProcessId'>7096</Data><Data Name='Image'>C:\Windows\System32\WindowsPowerShell\v1.0\powershell.exe</Data><Data Name='User'>WindowsTarget\inf808</Data><Data Name='Protocol'>tcp</Data><Data Name='Initiated'>true</Data><Data Name='SourceIsIpv6'>false</Data><Data Name='SourceIp'>10.0.0.5</Data><Data Name='SourceHostname'>WindowsTarget.gwvavixz1yzuxgweuyqj3hytvf.ux.internal.cloudapp.net</Data><Data Name='SourcePort'>54704</Data><Data Name='SourcePortName'>-</Data><Data Name='DestinationIsIpv6'>false</Data><Data Name='DestinationIp'>104.18.38.233</Data><Data Name='DestinationHostname'>-</Data><Data Name='DestinationPort'>80</Data><Data Name='DestinationPortName'>http</Data></EventData></Event>","2024-12-12T17:06:35.000-0500",allowed,,,"C:\Windows\System32\WindowsPowerShell\v1.0\powershell.exe",,,,,,"2024-12-12 22:06:33.442",,"104.18.38.233",,"104.18.38.233",,,80,outbound,WindowsTarget,"10.0.0.5",WindowsTarget,100054,"endpoint_services_processes ms-sysmon-network windows_event_signature windows_ta_data",,,,,,,,WindowsTarget,,,100054,main,1,,,,,,,,,,,,,,,,,,,,,,,,,,"powershell.exe","{8e02ef74-5e4d-675b-9908-000000002a00}",,7096,,"powershell.exe",,,ip,ipv4,"<_='://../////'><><_='--'_='{----}'/><></><></><><",,,,,,,,,,,,,,,,,,,,,,informational,4,"Network connection",3,"XmlWinEventLog:Microsoft-Windows-Sysmon/Operational",XmlWinEventLog,FedoraThreatHunting,,"WindowsTarget.gwvavixz1yzuxgweuyqj3hytvf.ux.internal.cloudapp.net",,,"WindowsTarget.gwvavixz1yzuxgweuyqj3hytvf.ux.internal.cloudapp.net","10.0.0.5",,,,54704,,,,,established,,,,,,"communicate
network
track_event_signatures",,,,"communicate
network
track_event_signatures",,,tcp,"tcp/80",,,,,inf808,,,"'S-1-5-18'",,,,,"Microsoft Sysmon"
,,,,,,,,,,,,,,,"Microsoft-Windows-Sysmon/Operational",,,,,,,,,WindowsTarget,,,,,,,,"-","172.64.149.23",false,80,http,,,,,,"Microsoft-Windows-Sysmon/Operational",3,"<Data Name='RuleName'>-</Data><Data Name='UtcTime'>2024-12-12 22:06:33.404</Data><Data Name='ProcessGuid'>{8e02ef74-5e4d-675b-9908-000000002a00}</Data><Data Name='ProcessId'>7096</Data><Data Name='Image'>C:\Windows\System32\WindowsPowerShell\v1.0\powershell.exe</Data><Data Name='User'>WindowsTarget\inf808</Data><Data Name='Protocol'>tcp</Data><Data Name='Initiated'>true</Data><Data Name='SourceIsIpv6'>false</Data><Data Name='SourceIp'>10.0.0.5</Data><Data Name='SourceHostname'>WindowsTarget.gwvavixz1yzuxgweuyqj3hytvf.ux.internal.cloudapp.net</Data><Data Name='SourcePort'>54703</Data><Data Name='SourcePortName'>-</Data><Data Name='DestinationIsIpv6'>false</Data><Data Name='DestinationIp'>172.64.149.23</Data><Data Name='DestinationHostname'>-</Data><Data Name='DestinationPort'>80</Data><Data Name='DestinationPortName'>http</Data>","Network connection",3,100053,,,,,,,,,,,"'{5770385f-c22a-43e0-bf4c-06f5698ffbd9}'",,,,,"C:\Windows\System32\WindowsPowerShell\v1.0\powershell.exe",,,true,,,,,0x8000000000000000,4,,,,,,,,,,,,,,,,,,,,"'Microsoft-Windows-Sysmon'",,,,,,,,,,,,,0,,,,,,,,,,,,,,"{8e02ef74-5e4d-675b-9908-000000002a00}","'3780'",7096,,,,,,tcp,,,,100053,100053,,,,,"-",,,,,"S-1-5-18",,"WindowsTarget.gwvavixz1yzuxgweuyqj3hytvf.ux.internal.cloudapp.net","10.0.0.5",false,,54703,"-",,,,,,,,,,,,,,,"'2024-12-12T22:06:34.5511740Z'","<Provider Name='Microsoft-Windows-Sysmon' Guid='{5770385f-c22a-43e0-bf4c-06f5698ffbd9}'/><EventID>3</EventID><Version>5</Version><Level>4</Level><Task>3</Task><Opcode>0</Opcode><Keywords>0x8000000000000000</Keywords><TimeCreated SystemTime='2024-12-12T22:06:34.5511740Z'/><EventRecordID>100053</EventRecordID><Correlation/><Execution ProcessID='3780' ThreadID='3880'/><Channel>Microsoft-Windows-Sysmon/Operational</Channel><Computer>WindowsTarget</Computer><Security UserID='S-1-5-18'/>",,,,,,,,,,,,,,,,,3,Printers,,"'3880'","2024-12-12T22:06:34.5511740Z",,,,,"WindowsTarget\inf808","'S-1-5-18'",,,,,,,,,,"2024-12-12 22:06:33.404",5,,,,,"<Event xmlns='http://schemas.microsoft.com/win/2004/08/events/event'><System><Provider Name='Microsoft-Windows-Sysmon' Guid='{5770385f-c22a-43e0-bf4c-06f5698ffbd9}'/><EventID>3</EventID><Version>5</Version><Level>4</Level><Task>3</Task><Opcode>0</Opcode><Keywords>0x8000000000000000</Keywords><TimeCreated SystemTime='2024-12-12T22:06:34.5511740Z'/><EventRecordID>100053</EventRecordID><Correlation/><Execution ProcessID='3780' ThreadID='3880'/><Channel>Microsoft-Windows-Sysmon/Operational</Channel><Computer>WindowsTarget</Computer><Security UserID='S-1-5-18'/></System><EventData><Data Name='RuleName'>-</Data><Data Name='UtcTime'>2024-12-12 22:06:33.404</Data><Data Name='ProcessGuid'>{8e02ef74-5e4d-675b-9908-000000002a00}</Data><Data Name='ProcessId'>7096</Data><Data Name='Image'>C:\Windows\System32\WindowsPowerShell\v1.0\powershell.exe</Data><Data Name='User'>WindowsTarget\inf808</Data><Data Name='Protocol'>tcp</Data><Data Name='Initiated'>true</Data><Data Name='SourceIsIpv6'>false</Data><Data Name='SourceIp'>10.0.0.5</Data><Data Name='SourceHostname'>WindowsTarget.gwvavixz1yzuxgweuyqj3hytvf.ux.internal.cloudapp.net</Data><Data Name='SourcePort'>54703</Data><Data Name='SourcePortName'>-</Data><Data Name='DestinationIsIpv6'>false</Data><Data Name='DestinationIp'>172.64.149.23</Data><Data Name='DestinationHostname'>-</Data><Data Name='DestinationPort'>80</Data><Data Name='DestinationPortName'>http</Data></EventData></Event>","2024-12-12T17:06:34.000-0500",allowed,,,"C:\Windows\System32\WindowsPowerShell\v1.0\powershell.exe",,,,,,"2024-12-12 22:06:33.404",,"172.64.149.23",,"172.64.149.23",,,80,outbound,WindowsTarget,"10.0.0.5",WindowsTarget,100053,"endpoint_services_processes ms-sysmon-network windows_event_signature windows_ta_data",,,,,,,,WindowsTarget,,,100053,main,1,,,,,,,,,,,,,,,,,,,,,,,,,,"powershell.exe","{8e02ef74-5e4d-675b-9908-000000002a00}",,7096,,"powershell.exe",,,ip,ipv4,"<_='://../////'><><_='--'_='{----}'/><></><></><><",,,,,,,,,,,,,,,,,,,,,,informational,4,"Network connection",3,"XmlWinEventLog:Microsoft-Windows-Sysmon/Operational",XmlWinEventLog,FedoraThreatHunting,,"WindowsTarget.gwvavixz1yzuxgweuyqj3hytvf.ux.internal.cloudapp.net",,,"WindowsTarget.gwvavixz1yzuxgweuyqj3hytvf.ux.internal.cloudapp.net","10.0.0.5",,,,54703,,,,,established,,,,,,"communicate
network
track_event_signatures",,,,"communicate
network
track_event_signatures",,,tcp,"tcp/80",,,,,inf808,,,"'S-1-5-18'",,,,,"Microsoft Sysmon"
,,,,,,,,,,,,,,,"Microsoft-Windows-Sysmon/Operational",,,,,,,,,WindowsTarget,,,,,,,,"cdn-185-199-111-154.github.com","185.199.111.154",false,443,https,,,,,,"Microsoft-Windows-Sysmon/Operational",3,"<Data Name='RuleName'>-</Data><Data Name='UtcTime'>2024-12-12 22:06:33.368</Data><Data Name='ProcessGuid'>{8e02ef74-5e4d-675b-9908-000000002a00}</Data><Data Name='ProcessId'>7096</Data><Data Name='Image'>C:\Windows\System32\WindowsPowerShell\v1.0\powershell.exe</Data><Data Name='User'>WindowsTarget\inf808</Data><Data Name='Protocol'>tcp</Data><Data Name='Initiated'>true</Data><Data Name='SourceIsIpv6'>false</Data><Data Name='SourceIp'>10.0.0.5</Data><Data Name='SourceHostname'>WindowsTarget.gwvavixz1yzuxgweuyqj3hytvf.ux.internal.cloudapp.net</Data><Data Name='SourcePort'>54701</Data><Data Name='SourcePortName'>-</Data><Data Name='DestinationIsIpv6'>false</Data><Data Name='DestinationIp'>185.199.111.154</Data><Data Name='DestinationHostname'>cdn-185-199-111-154.github.com</Data><Data Name='DestinationPort'>443</Data><Data Name='DestinationPortName'>https</Data>","Network connection",3,100052,,,,,,,,,,,"'{5770385f-c22a-43e0-bf4c-06f5698ffbd9}'",,,,,"C:\Windows\System32\WindowsPowerShell\v1.0\powershell.exe",,,true,,,,,0x8000000000000000,4,,,,,,,,,,,,,,,,,,,,"'Microsoft-Windows-Sysmon'",,,,,,,,,,,,,0,,,,,,,,,,,,,,"{8e02ef74-5e4d-675b-9908-000000002a00}","'3780'",7096,,,,,,tcp,,,,100052,100052,,,,,"-",,,,,"S-1-5-18",,"WindowsTarget.gwvavixz1yzuxgweuyqj3hytvf.ux.internal.cloudapp.net","10.0.0.5",false,,54701,"-",,,,,,,,,,,,,,,"'2024-12-12T22:06:34.5511391Z'","<Provider Name='Microsoft-Windows-Sysmon' Guid='{5770385f-c22a-43e0-bf4c-06f5698ffbd9}'/><EventID>3</EventID><Version>5</Version><Level>4</Level><Task>3</Task><Opcode>0</Opcode><Keywords>0x8000000000000000</Keywords><TimeCreated SystemTime='2024-12-12T22:06:34.5511391Z'/><EventRecordID>100052</EventRecordID><Correlation/><Execution ProcessID='3780' ThreadID='3880'/><Channel>Microsoft-Windows-Sysmon/Operational</Channel><Computer>WindowsTarget</Computer><Security UserID='S-1-5-18'/>",,,,,,,,,,,,,,,,,3,Printers,,"'3880'","2024-12-12T22:06:34.5511391Z",,,,,"WindowsTarget\inf808","'S-1-5-18'",,,,,,,,,,"2024-12-12 22:06:33.368",5,,,,,"<Event xmlns='http://schemas.microsoft.com/win/2004/08/events/event'><System><Provider Name='Microsoft-Windows-Sysmon' Guid='{5770385f-c22a-43e0-bf4c-06f5698ffbd9}'/><EventID>3</EventID><Version>5</Version><Level>4</Level><Task>3</Task><Opcode>0</Opcode><Keywords>0x8000000000000000</Keywords><TimeCreated SystemTime='2024-12-12T22:06:34.5511391Z'/><EventRecordID>100052</EventRecordID><Correlation/><Execution ProcessID='3780' ThreadID='3880'/><Channel>Microsoft-Windows-Sysmon/Operational</Channel><Computer>WindowsTarget</Computer><Security UserID='S-1-5-18'/></System><EventData><Data Name='RuleName'>-</Data><Data Name='UtcTime'>2024-12-12 22:06:33.368</Data><Data Name='ProcessGuid'>{8e02ef74-5e4d-675b-9908-000000002a00}</Data><Data Name='ProcessId'>7096</Data><Data Name='Image'>C:\Windows\System32\WindowsPowerShell\v1.0\powershell.exe</Data><Data Name='User'>WindowsTarget\inf808</Data><Data Name='Protocol'>tcp</Data><Data Name='Initiated'>true</Data><Data Name='SourceIsIpv6'>false</Data><Data Name='SourceIp'>10.0.0.5</Data><Data Name='SourceHostname'>WindowsTarget.gwvavixz1yzuxgweuyqj3hytvf.ux.internal.cloudapp.net</Data><Data Name='SourcePort'>54701</Data><Data Name='SourcePortName'>-</Data><Data Name='DestinationIsIpv6'>false</Data><Data Name='DestinationIp'>185.199.111.154</Data><Data Name='DestinationHostname'>cdn-185-199-111-154.github.com</Data><Data Name='DestinationPort'>443</Data><Data Name='DestinationPortName'>https</Data></EventData></Event>","2024-12-12T17:06:34.000-0500",allowed,,,"C:\Windows\System32\WindowsPowerShell\v1.0\powershell.exe",,,,,,"2024-12-12 22:06:33.368",,"cdn-185-199-111-154.github.com","cdn-185-199-111-154.github.com","185.199.111.154",,,443,outbound,WindowsTarget,"10.0.0.5",WindowsTarget,100052,"endpoint_services_processes ms-sysmon-network windows_event_signature windows_ta_data",,,,,,,,WindowsTarget,,,100052,main,1,,,,,,,,,,,,,,,,,,,,,,,,,,"powershell.exe","{8e02ef74-5e4d-675b-9908-000000002a00}",,7096,,"powershell.exe",,,ip,ipv4,"<_='://../////'><><_='--'_='{----}'/><></><></><><",,,,,,,,,,,,,,,,,,,,,,informational,4,"Network connection",3,"XmlWinEventLog:Microsoft-Windows-Sysmon/Operational",XmlWinEventLog,FedoraThreatHunting,,"WindowsTarget.gwvavixz1yzuxgweuyqj3hytvf.ux.internal.cloudapp.net",,,"WindowsTarget.gwvavixz1yzuxgweuyqj3hytvf.ux.internal.cloudapp.net","10.0.0.5",,,,54701,,,,,established,,,,,,"communicate
network
track_event_signatures",,,,"communicate
network
track_event_signatures",,,tcp,"tcp/443",,,,,inf808,,,"'S-1-5-18'",,,,,"Microsoft Sysmon"
,,,,,,,,,,,,,,,"Microsoft-Windows-Sysmon/Operational",,,,,,,,,WindowsTarget,,,,,,,,"cdn-185-199-111-154.github.com","185.199.111.154",false,443,https,,,,,,"Microsoft-Windows-Sysmon/Operational",3,"<Data Name='RuleName'>-</Data><Data Name='UtcTime'>2024-12-12 22:06:33.368</Data><Data Name='ProcessGuid'>{8e02ef74-5e4d-675b-9908-000000002a00}</Data><Data Name='ProcessId'>7096</Data><Data Name='Image'>C:\Windows\System32\WindowsPowerShell\v1.0\powershell.exe</Data><Data Name='User'>WindowsTarget\inf808</Data><Data Name='Protocol'>tcp</Data><Data Name='Initiated'>true</Data><Data Name='SourceIsIpv6'>false</Data><Data Name='SourceIp'>10.0.0.5</Data><Data Name='SourceHostname'>WindowsTarget.gwvavixz1yzuxgweuyqj3hytvf.ux.internal.cloudapp.net</Data><Data Name='SourcePort'>54702</Data><Data Name='SourcePortName'>-</Data><Data Name='DestinationIsIpv6'>false</Data><Data Name='DestinationIp'>185.199.111.154</Data><Data Name='DestinationHostname'>cdn-185-199-111-154.github.com</Data><Data Name='DestinationPort'>443</Data><Data Name='DestinationPortName'>https</Data>","Network connection",3,100051,,,,,,,,,,,"'{5770385f-c22a-43e0-bf4c-06f5698ffbd9}'",,,,,"C:\Windows\System32\WindowsPowerShell\v1.0\powershell.exe",,,true,,,,,0x8000000000000000,4,,,,,,,,,,,,,,,,,,,,"'Microsoft-Windows-Sysmon'",,,,,,,,,,,,,0,,,,,,,,,,,,,,"{8e02ef74-5e4d-675b-9908-000000002a00}","'3780'",7096,,,,,,tcp,,,,100051,100051,,,,,"-",,,,,"S-1-5-18",,"WindowsTarget.gwvavixz1yzuxgweuyqj3hytvf.ux.internal.cloudapp.net","10.0.0.5",false,,54702,"-",,,,,,,,,,,,,,,"'2024-12-12T22:06:34.5511181Z'","<Provider Name='Microsoft-Windows-Sysmon' Guid='{5770385f-c22a-43e0-bf4c-06f5698ffbd9}'/><EventID>3</EventID><Version>5</Version><Level>4</Level><Task>3</Task><Opcode>0</Opcode><Keywords>0x8000000000000000</Keywords><TimeCreated SystemTime='2024-12-12T22:06:34.5511181Z'/><EventRecordID>100051</EventRecordID><Correlation/><Execution ProcessID='3780' ThreadID='3880'/><Channel>Microsoft-Windows-Sysmon/Operational</Channel><Computer>WindowsTarget</Computer><Security UserID='S-1-5-18'/>",,,,,,,,,,,,,,,,,3,Printers,,"'3880'","2024-12-12T22:06:34.5511181Z",,,,,"WindowsTarget\inf808","'S-1-5-18'",,,,,,,,,,"2024-12-12 22:06:33.368",5,,,,,"<Event xmlns='http://schemas.microsoft.com/win/2004/08/events/event'><System><Provider Name='Microsoft-Windows-Sysmon' Guid='{5770385f-c22a-43e0-bf4c-06f5698ffbd9}'/><EventID>3</EventID><Version>5</Version><Level>4</Level><Task>3</Task><Opcode>0</Opcode><Keywords>0x8000000000000000</Keywords><TimeCreated SystemTime='2024-12-12T22:06:34.5511181Z'/><EventRecordID>100051</EventRecordID><Correlation/><Execution ProcessID='3780' ThreadID='3880'/><Channel>Microsoft-Windows-Sysmon/Operational</Channel><Computer>WindowsTarget</Computer><Security UserID='S-1-5-18'/></System><EventData><Data Name='RuleName'>-</Data><Data Name='UtcTime'>2024-12-12 22:06:33.368</Data><Data Name='ProcessGuid'>{8e02ef74-5e4d-675b-9908-000000002a00}</Data><Data Name='ProcessId'>7096</Data><Data Name='Image'>C:\Windows\System32\WindowsPowerShell\v1.0\powershell.exe</Data><Data Name='User'>WindowsTarget\inf808</Data><Data Name='Protocol'>tcp</Data><Data Name='Initiated'>true</Data><Data Name='SourceIsIpv6'>false</Data><Data Name='SourceIp'>10.0.0.5</Data><Data Name='SourceHostname'>WindowsTarget.gwvavixz1yzuxgweuyqj3hytvf.ux.internal.cloudapp.net</Data><Data Name='SourcePort'>54702</Data><Data Name='SourcePortName'>-</Data><Data Name='DestinationIsIpv6'>false</Data><Data Name='DestinationIp'>185.199.111.154</Data><Data Name='DestinationHostname'>cdn-185-199-111-154.github.com</Data><Data Name='DestinationPort'>443</Data><Data Name='DestinationPortName'>https</Data></EventData></Event>","2024-12-12T17:06:34.000-0500",allowed,,,"C:\Windows\System32\WindowsPowerShell\v1.0\powershell.exe",,,,,,"2024-12-12 22:06:33.368",,"cdn-185-199-111-154.github.com","cdn-185-199-111-154.github.com","185.199.111.154",,,443,outbound,WindowsTarget,"10.0.0.5",WindowsTarget,100051,"endpoint_services_processes ms-sysmon-network windows_event_signature windows_ta_data",,,,,,,,WindowsTarget,,,100051,main,1,,,,,,,,,,,,,,,,,,,,,,,,,,"powershell.exe","{8e02ef74-5e4d-675b-9908-000000002a00}",,7096,,"powershell.exe",,,ip,ipv4,"<_='://../////'><><_='--'_='{----}'/><></><></><><",,,,,,,,,,,,,,,,,,,,,,informational,4,"Network connection",3,"XmlWinEventLog:Microsoft-Windows-Sysmon/Operational",XmlWinEventLog,FedoraThreatHunting,,"WindowsTarget.gwvavixz1yzuxgweuyqj3hytvf.ux.internal.cloudapp.net",,,"WindowsTarget.gwvavixz1yzuxgweuyqj3hytvf.ux.internal.cloudapp.net","10.0.0.5",,,,54702,,,,,established,,,,,,"communicate
network
track_event_signatures",,,,"communicate
network
track_event_signatures",,,tcp,"tcp/443",,,,,inf808,,,"'S-1-5-18'",,,,,"Microsoft Sysmon"
,,,,,,,,,,,,,,,"Microsoft-Windows-Sysmon/Operational",,,,,,,,,WindowsTarget,,,,,,,,,,,,,,,,,,"Microsoft-Windows-Sysmon/Operational",22,"<Data Name='RuleName'>-</Data><Data Name='UtcTime'>2024-12-12 22:06:33.368</Data><Data Name='ProcessGuid'>{8e02ef74-5e4d-675b-9908-000000002a00}</Data><Data Name='ProcessId'>7096</Data><Data Name='QueryName'>github.githubassets.com</Data><Data Name='QueryStatus'>0</Data><Data Name='QueryResults'>::ffff:185.199.111.154;::ffff:185.199.109.154;::ffff:185.199.108.154;::ffff:185.199.110.154;</Data><Data Name='Image'>C:\Windows\System32\WindowsPowerShell\v1.0\powershell.exe</Data><Data Name='User'>WindowsTarget\inf808</Data>","DNSEvent (DNS query)",22,100050,,,,,,,,,,,"'{5770385f-c22a-43e0-bf4c-06f5698ffbd9}'",,,,,"C:\Windows\System32\WindowsPowerShell\v1.0\powershell.exe",,,,,,,,0x8000000000000000,4,,,,,,,,,,,,,,,,,,,,"'Microsoft-Windows-Sysmon'",,,,,,,,,,,,,0,,,,,,,,,,,,,,"{8e02ef74-5e4d-675b-9908-000000002a00}","'3780'",7096,,,,,,,"github.githubassets.com","::ffff:185.199.111.154;::ffff:185.199.109.154;::ffff:185.199.108.154;::ffff:185.199.110.154;",0,100050,100050,,,,,"-",,,,,"S-1-5-18",,,,,,,,,,,,,,,,,,,,,,"'2024-12-12T22:06:34.3786687Z'","<Provider Name='Microsoft-Windows-Sysmon' Guid='{5770385f-c22a-43e0-bf4c-06f5698ffbd9}'/><EventID>22</EventID><Version>5</Version><Level>4</Level><Task>22</Task><Opcode>0</Opcode><Keywords>0x8000000000000000</Keywords><TimeCreated SystemTime='2024-12-12T22:06:34.3786687Z'/><EventRecordID>100050</EventRecordID><Correlation/><Execution ProcessID='3780' ThreadID='11920'/><Channel>Microsoft-Windows-Sysmon/Operational</Channel><Computer>WindowsTarget</Computer><Security UserID='S-1-5-18'/>",,,,,,,,,,,,,,,,,22,,,"'11920'","2024-12-12T22:06:34.3786687Z",,,,,"WindowsTarget\inf808","'S-1-5-18'",,,,,,,,,,"2024-12-12 22:06:33.368",5,,,,,"<Event xmlns='http://schemas.microsoft.com/win/2004/08/events/event'><System><Provider Name='Microsoft-Windows-Sysmon' Guid='{5770385f-c22a-43e0-bf4c-06f5698ffbd9}'/><EventID>22</EventID><Version>5</Version><Level>4</Level><Task>22</Task><Opcode>0</Opcode><Keywords>0x8000000000000000</Keywords><TimeCreated SystemTime='2024-12-12T22:06:34.3786687Z'/><EventRecordID>100050</EventRecordID><Correlation/><Execution ProcessID='3780' ThreadID='11920'/><Channel>Microsoft-Windows-Sysmon/Operational</Channel><Computer>WindowsTarget</Computer><Security UserID='S-1-5-18'/></System><EventData><Data Name='RuleName'>-</Data><Data Name='UtcTime'>2024-12-12 22:06:33.368</Data><Data Name='ProcessGuid'>{8e02ef74-5e4d-675b-9908-000000002a00}</Data><Data Name='ProcessId'>7096</Data><Data Name='QueryName'>github.githubassets.com</Data><Data Name='QueryStatus'>0</Data><Data Name='QueryResults'>::ffff:185.199.111.154;::ffff:185.199.109.154;::ffff:185.199.108.154;::ffff:185.199.110.154;</Data><Data Name='Image'>C:\Windows\System32\WindowsPowerShell\v1.0\powershell.exe</Data><Data Name='User'>WindowsTarget\inf808</Data></EventData></Event>","2024-12-12T17:06:34.000-0500",,"::ffff:185.199.111.154
::ffff:185.199.109.154
::ffff:185.199.108.154
::ffff:185.199.110.154",4,,,,,,,,,,,,,,,,WindowsTarget,,WindowsTarget,100050,"endpoint_services_processes ms-sysmon-dns windows_event_signature windows_ta_data",,,,,,,,WindowsTarget,,,100050,main,1,,,,,,,,,,,,,,,,,,,,,,,,,,"powershell.exe","{8e02ef74-5e4d-675b-9908-000000002a00}",,,,"powershell.exe",,,,,"<_='://../////'><><_='--'_='{----}'/><></><></><><","github.githubassets.com",1,,,,,,,,,0,,,,,,,,,,,informational,4,"DNSEvent (DNS query)",22,"XmlWinEventLog:Microsoft-Windows-Sysmon/Operational",XmlWinEventLog,FedoraThreatHunting,,WindowsTarget,,,,,,,,,,,,,,,,,,,"dns
network
resolution
track_event_signatures",,,,"dns
network
resolution
track_event_signatures",,,,,,,,,inf808,,,"'S-1-5-18'",,,,,"Microsoft Sysmon"
,,,,,,,,,,,,,,,"Microsoft-Windows-Sysmon/Operational",,,,,,,,,WindowsTarget,,,,,,,,"lb-140-82-112-4-iad.github.com","140.82.112.4",false,443,https,,,,,,"Microsoft-Windows-Sysmon/Operational",3,"<Data Name='RuleName'>-</Data><Data Name='UtcTime'>2024-12-12 22:06:33.040</Data><Data Name='ProcessGuid'>{8e02ef74-5e4d-675b-9908-000000002a00}</Data><Data Name='ProcessId'>7096</Data><Data Name='Image'>C:\Windows\System32\WindowsPowerShell\v1.0\powershell.exe</Data><Data Name='User'>WindowsTarget\inf808</Data><Data Name='Protocol'>tcp</Data><Data Name='Initiated'>true</Data><Data Name='SourceIsIpv6'>false</Data><Data Name='SourceIp'>10.0.0.5</Data><Data Name='SourceHostname'>WindowsTarget.gwvavixz1yzuxgweuyqj3hytvf.ux.internal.cloudapp.net</Data><Data Name='SourcePort'>54700</Data><Data Name='SourcePortName'>-</Data><Data Name='DestinationIsIpv6'>false</Data><Data Name='DestinationIp'>140.82.112.4</Data><Data Name='DestinationHostname'>lb-140-82-112-4-iad.github.com</Data><Data Name='DestinationPort'>443</Data><Data Name='DestinationPortName'>https</Data>","Network connection",3,100049,,,,,,,,,,,"'{5770385f-c22a-43e0-bf4c-06f5698ffbd9}'",,,,,"C:\Windows\System32\WindowsPowerShell\v1.0\powershell.exe",,,true,,,,,0x8000000000000000,4,,,,,,,,,,,,,,,,,,,,"'Microsoft-Windows-Sysmon'",,,,,,,,,,,,,0,,,,,,,,,,,,,,"{8e02ef74-5e4d-675b-9908-000000002a00}","'3780'",7096,,,,,,tcp,,,,100049,100049,,,,,"-",,,,,"S-1-5-18",,"WindowsTarget.gwvavixz1yzuxgweuyqj3hytvf.ux.internal.cloudapp.net","10.0.0.5",false,,54700,"-",,,,,,,,,,,,,,,"'2024-12-12T22:06:34.2855630Z'","<Provider Name='Microsoft-Windows-Sysmon' Guid='{5770385f-c22a-43e0-bf4c-06f5698ffbd9}'/><EventID>3</EventID><Version>5</Version><Level>4</Level><Task>3</Task><Opcode>0</Opcode><Keywords>0x8000000000000000</Keywords><TimeCreated SystemTime='2024-12-12T22:06:34.2855630Z'/><EventRecordID>100049</EventRecordID><Correlation/><Execution ProcessID='3780' ThreadID='3880'/><Channel>Microsoft-Windows-Sysmon/Operational</Channel><Computer>WindowsTarget</Computer><Security UserID='S-1-5-18'/>",,,,,,,,,,,,,,,,,3,Printers,,"'3880'","2024-12-12T22:06:34.2855630Z",,,,,"WindowsTarget\inf808","'S-1-5-18'",,,,,,,,,,"2024-12-12 22:06:33.040",5,,,,,"<Event xmlns='http://schemas.microsoft.com/win/2004/08/events/event'><System><Provider Name='Microsoft-Windows-Sysmon' Guid='{5770385f-c22a-43e0-bf4c-06f5698ffbd9}'/><EventID>3</EventID><Version>5</Version><Level>4</Level><Task>3</Task><Opcode>0</Opcode><Keywords>0x8000000000000000</Keywords><TimeCreated SystemTime='2024-12-12T22:06:34.2855630Z'/><EventRecordID>100049</EventRecordID><Correlation/><Execution ProcessID='3780' ThreadID='3880'/><Channel>Microsoft-Windows-Sysmon/Operational</Channel><Computer>WindowsTarget</Computer><Security UserID='S-1-5-18'/></System><EventData><Data Name='RuleName'>-</Data><Data Name='UtcTime'>2024-12-12 22:06:33.040</Data><Data Name='ProcessGuid'>{8e02ef74-5e4d-675b-9908-000000002a00}</Data><Data Name='ProcessId'>7096</Data><Data Name='Image'>C:\Windows\System32\WindowsPowerShell\v1.0\powershell.exe</Data><Data Name='User'>WindowsTarget\inf808</Data><Data Name='Protocol'>tcp</Data><Data Name='Initiated'>true</Data><Data Name='SourceIsIpv6'>false</Data><Data Name='SourceIp'>10.0.0.5</Data><Data Name='SourceHostname'>WindowsTarget.gwvavixz1yzuxgweuyqj3hytvf.ux.internal.cloudapp.net</Data><Data Name='SourcePort'>54700</Data><Data Name='SourcePortName'>-</Data><Data Name='DestinationIsIpv6'>false</Data><Data Name='DestinationIp'>140.82.112.4</Data><Data Name='DestinationHostname'>lb-140-82-112-4-iad.github.com</Data><Data Name='DestinationPort'>443</Data><Data Name='DestinationPortName'>https</Data></EventData></Event>","2024-12-12T17:06:34.000-0500",allowed,,,"C:\Windows\System32\WindowsPowerShell\v1.0\powershell.exe",,,,,,"2024-12-12 22:06:33.040",,"lb-140-82-112-4-iad.github.com","lb-140-82-112-4-iad.github.com","140.82.112.4",,,443,outbound,WindowsTarget,"10.0.0.5",WindowsTarget,100049,"endpoint_services_processes ms-sysmon-network windows_event_signature windows_ta_data",,,,,,,,WindowsTarget,,,100049,main,1,,,,,,,,,,,,,,,,,,,,,,,,,,"powershell.exe","{8e02ef74-5e4d-675b-9908-000000002a00}",,7096,,"powershell.exe",,,ip,ipv4,"<_='://../////'><><_='--'_='{----}'/><></><></><><",,,,,,,,,,,,,,,,,,,,,,informational,4,"Network connection",3,"XmlWinEventLog:Microsoft-Windows-Sysmon/Operational",XmlWinEventLog,FedoraThreatHunting,,"WindowsTarget.gwvavixz1yzuxgweuyqj3hytvf.ux.internal.cloudapp.net",,,"WindowsTarget.gwvavixz1yzuxgweuyqj3hytvf.ux.internal.cloudapp.net","10.0.0.5",,,,54700,,,,,established,,,,,,"communicate
network
track_event_signatures",,,,"communicate
network
track_event_signatures",,,tcp,"tcp/443",,,,,inf808,,,"'S-1-5-18'",,,,,"Microsoft Sysmon"
,,,,,,,,,,,,,,,"Microsoft-Windows-Sysmon/Operational",,,,,,,,,WindowsTarget,,,,,,,,"-","192.168.1.4",false,9001,"-",,,,,,"Microsoft-Windows-Sysmon/Operational",3,"<Data Name='RuleName'>Tor</Data><Data Name='UtcTime'>2024-12-12 22:06:29.554</Data><Data Name='ProcessGuid'>{8e02ef74-5344-675b-2706-000000002a00}</Data><Data Name='ProcessId'>9752</Data><Data Name='Image'>C:\Program Files\SplunkUniversalForwarder\bin\splunkd.exe</Data><Data Name='User'>NT AUTHORITY\SYSTEM</Data><Data Name='Protocol'>tcp</Data><Data Name='Initiated'>true</Data><Data Name='SourceIsIpv6'>false</Data><Data Name='SourceIp'>10.0.0.5</Data><Data Name='SourceHostname'>WindowsTarget.gwvavixz1yzuxgweuyqj3hytvf.ux.internal.cloudapp.net</Data><Data Name='SourcePort'>54699</Data><Data Name='SourcePortName'>-</Data><Data Name='DestinationIsIpv6'>false</Data><Data Name='DestinationIp'>192.168.1.4</Data><Data Name='DestinationHostname'>-</Data><Data Name='DestinationPort'>9001</Data><Data Name='DestinationPortName'>-</Data>","Network connection",3,100048,,,,,,,,,,,"'{5770385f-c22a-43e0-bf4c-06f5698ffbd9}'",,,,,"C:\Program Files\SplunkUniversalForwarder\bin\splunkd.exe",,,true,,,,,0x8000000000000000,4,,,,,,,,,,,,,,,,,,,,"'Microsoft-Windows-Sysmon'",,,,,,,,,,,,,0,,,,,,,,,,,,,,"{8e02ef74-5344-675b-2706-000000002a00}","'3780'",9752,,,,,,tcp,,,,100048,100048,,,,,Tor,,,,,"S-1-5-18",,"WindowsTarget.gwvavixz1yzuxgweuyqj3hytvf.ux.internal.cloudapp.net","10.0.0.5",false,,54699,"-",,,,,,,,,,,,,,,"'2024-12-12T22:06:31.2143854Z'","<Provider Name='Microsoft-Windows-Sysmon' Guid='{5770385f-c22a-43e0-bf4c-06f5698ffbd9}'/><EventID>3</EventID><Version>5</Version><Level>4</Level><Task>3</Task><Opcode>0</Opcode><Keywords>0x8000000000000000</Keywords><TimeCreated SystemTime='2024-12-12T22:06:31.2143854Z'/><EventRecordID>100048</EventRecordID><Correlation/><Execution ProcessID='3780' ThreadID='3880'/><Channel>Microsoft-Windows-Sysmon/Operational</Channel><Computer>WindowsTarget</Computer><Security UserID='S-1-5-18'/>",,,,,,,,,,,,,,,,,3,Printers,,"'3880'","2024-12-12T22:06:31.2143854Z",,,,,"NT AUTHORITY\SYSTEM","'S-1-5-18'",,,,,,,,,,"2024-12-12 22:06:29.554",5,,,,,"<Event xmlns='http://schemas.microsoft.com/win/2004/08/events/event'><System><Provider Name='Microsoft-Windows-Sysmon' Guid='{5770385f-c22a-43e0-bf4c-06f5698ffbd9}'/><EventID>3</EventID><Version>5</Version><Level>4</Level><Task>3</Task><Opcode>0</Opcode><Keywords>0x8000000000000000</Keywords><TimeCreated SystemTime='2024-12-12T22:06:31.2143854Z'/><EventRecordID>100048</EventRecordID><Correlation/><Execution ProcessID='3780' ThreadID='3880'/><Channel>Microsoft-Windows-Sysmon/Operational</Channel><Computer>WindowsTarget</Computer><Security UserID='S-1-5-18'/></System><EventData><Data Name='RuleName'>Tor</Data><Data Name='UtcTime'>2024-12-12 22:06:29.554</Data><Data Name='ProcessGuid'>{8e02ef74-5344-675b-2706-000000002a00}</Data><Data Name='ProcessId'>9752</Data><Data Name='Image'>C:\Program Files\SplunkUniversalForwarder\bin\splunkd.exe</Data><Data Name='User'>NT AUTHORITY\SYSTEM</Data><Data Name='Protocol'>tcp</Data><Data Name='Initiated'>true</Data><Data Name='SourceIsIpv6'>false</Data><Data Name='SourceIp'>10.0.0.5</Data><Data Name='SourceHostname'>WindowsTarget.gwvavixz1yzuxgweuyqj3hytvf.ux.internal.cloudapp.net</Data><Data Name='SourcePort'>54699</Data><Data Name='SourcePortName'>-</Data><Data Name='DestinationIsIpv6'>false</Data><Data Name='DestinationIp'>192.168.1.4</Data><Data Name='DestinationHostname'>-</Data><Data Name='DestinationPort'>9001</Data><Data Name='DestinationPortName'>-</Data></EventData></Event>","2024-12-12T17:06:31.000-0500",allowed,,,"C:\Program Files\SplunkUniversalForwarder\bin\splunkd.exe",,,,,,"2024-12-12 22:06:29.554",,"192.168.1.4",,"192.168.1.4",,,9001,outbound,WindowsTarget,"10.0.0.5",WindowsTarget,100048,"endpoint_services_processes ms-sysmon-network windows_event_signature windows_ta_data",,,,,,,,WindowsTarget,,,100048,main,1,,,,,,,,,,,,,,,,,,,,,,,,,,"splunkd.exe","{8e02ef74-5344-675b-2706-000000002a00}",,9752,,"splunkd.exe",,,ip,ipv4,"<_='://../////'><><_='--'_='{----}'/><></><></><><",,,,,,,,,,,,,Tor,,,,,,,,,informational,4,"Network connection",3,"XmlWinEventLog:Microsoft-Windows-Sysmon/Operational",XmlWinEventLog,FedoraThreatHunting,,"WindowsTarget.gwvavixz1yzuxgweuyqj3hytvf.ux.internal.cloudapp.net",,,"WindowsTarget.gwvavixz1yzuxgweuyqj3hytvf.ux.internal.cloudapp.net","10.0.0.5",,,,54699,,,,,established,,,,,,"communicate
network
track_event_signatures",,,,"communicate
network
track_event_signatures",,,tcp,"tcp/9001",,,,,SYSTEM,,,"'S-1-5-18'",,,,,"Microsoft Sysmon"
,,,,,,,,,,,,,,,"Microsoft-Windows-Sysmon/Operational",,,,,,,,,WindowsTarget,,,,,,,,,,,,,,,,,,"Microsoft-Windows-Sysmon/Operational",22,"<Data Name='RuleName'>-</Data><Data Name='UtcTime'>2024-12-12 22:06:21.717</Data><Data Name='ProcessGuid'>{8e02ef74-5e4d-675b-9908-000000002a00}</Data><Data Name='ProcessId'>7096</Data><Data Name='QueryName'>github.com</Data><Data Name='QueryStatus'>0</Data><Data Name='QueryResults'>::ffff:140.82.112.4;</Data><Data Name='Image'>C:\Windows\System32\WindowsPowerShell\v1.0\powershell.exe</Data><Data Name='User'>WindowsTarget\inf808</Data>","DNSEvent (DNS query)",22,100047,,,,,,,,,,,"'{5770385f-c22a-43e0-bf4c-06f5698ffbd9}'",,,,,"C:\Windows\System32\WindowsPowerShell\v1.0\powershell.exe",,,,,,,,0x8000000000000000,4,,,,,,,,,,,,,,,,,,,,"'Microsoft-Windows-Sysmon'",,,,,,,,,,,,,0,,,,,,,,,,,,,,"{8e02ef74-5e4d-675b-9908-000000002a00}","'3780'",7096,,,,,,,"github.com","::ffff:140.82.112.4;",0,100047,100047,,,,,"-",,,,,"S-1-5-18",,,,,,,,,,,,,,,,,,,,,,"'2024-12-12T22:06:23.7482834Z'","<Provider Name='Microsoft-Windows-Sysmon' Guid='{5770385f-c22a-43e0-bf4c-06f5698ffbd9}'/><EventID>22</EventID><Version>5</Version><Level>4</Level><Task>22</Task><Opcode>0</Opcode><Keywords>0x8000000000000000</Keywords><TimeCreated SystemTime='2024-12-12T22:06:23.7482834Z'/><EventRecordID>100047</EventRecordID><Correlation/><Execution ProcessID='3780' ThreadID='11920'/><Channel>Microsoft-Windows-Sysmon/Operational</Channel><Computer>WindowsTarget</Computer><Security UserID='S-1-5-18'/>",,,,,,,,,,,,,,,,,22,,,"'11920'","2024-12-12T22:06:23.7482834Z",,,,,"WindowsTarget\inf808","'S-1-5-18'",,,,,,,,,,"2024-12-12 22:06:21.717",5,,,,,"<Event xmlns='http://schemas.microsoft.com/win/2004/08/events/event'><System><Provider Name='Microsoft-Windows-Sysmon' Guid='{5770385f-c22a-43e0-bf4c-06f5698ffbd9}'/><EventID>22</EventID><Version>5</Version><Level>4</Level><Task>22</Task><Opcode>0</Opcode><Keywords>0x8000000000000000</Keywords><TimeCreated SystemTime='2024-12-12T22:06:23.7482834Z'/><EventRecordID>100047</EventRecordID><Correlation/><Execution ProcessID='3780' ThreadID='11920'/><Channel>Microsoft-Windows-Sysmon/Operational</Channel><Computer>WindowsTarget</Computer><Security UserID='S-1-5-18'/></System><EventData><Data Name='RuleName'>-</Data><Data Name='UtcTime'>2024-12-12 22:06:21.717</Data><Data Name='ProcessGuid'>{8e02ef74-5e4d-675b-9908-000000002a00}</Data><Data Name='ProcessId'>7096</Data><Data Name='QueryName'>github.com</Data><Data Name='QueryStatus'>0</Data><Data Name='QueryResults'>::ffff:140.82.112.4;</Data><Data Name='Image'>C:\Windows\System32\WindowsPowerShell\v1.0\powershell.exe</Data><Data Name='User'>WindowsTarget\inf808</Data></EventData></Event>","2024-12-12T17:06:23.000-0500",,"::ffff:140.82.112.4",1,,,,,,,,,,,,,,,,WindowsTarget,,WindowsTarget,100047,"endpoint_services_processes ms-sysmon-dns windows_event_signature windows_ta_data",,,,,,,,WindowsTarget,,,100047,main,1,,,,,,,,,,,,,,,,,,,,,,,,,,"powershell.exe","{8e02ef74-5e4d-675b-9908-000000002a00}",,,,"powershell.exe",,,,,"<_='://../////'><><_='--'_='{----}'/><></><></><><","github.com",1,,,,,,,,,0,,,,,,,,,,,informational,4,"DNSEvent (DNS query)",22,"XmlWinEventLog:Microsoft-Windows-Sysmon/Operational",XmlWinEventLog,FedoraThreatHunting,,WindowsTarget,,,,,,,,,,,,,,,,,,,"dns
network
resolution
track_event_signatures",,,,"dns
network
resolution
track_event_signatures",,,,,,,,,inf808,,,"'S-1-5-18'",,,,,"Microsoft Sysmon"
,,,,,,,,,,,,,,,"Microsoft-Windows-Sysmon/Operational",,,,,,,,,WindowsTarget,,,,,,,,"lb-140-82-112-4-iad.github.com","140.82.112.4",false,443,https,,,,,,"Microsoft-Windows-Sysmon/Operational",3,"<Data Name='RuleName'>-</Data><Data Name='UtcTime'>2024-12-12 22:06:21.735</Data><Data Name='ProcessGuid'>{8e02ef74-5e4d-675b-9908-000000002a00}</Data><Data Name='ProcessId'>7096</Data><Data Name='Image'>C:\Windows\System32\WindowsPowerShell\v1.0\powershell.exe</Data><Data Name='User'>WindowsTarget\inf808</Data><Data Name='Protocol'>tcp</Data><Data Name='Initiated'>true</Data><Data Name='SourceIsIpv6'>false</Data><Data Name='SourceIp'>10.0.0.5</Data><Data Name='SourceHostname'>WindowsTarget.gwvavixz1yzuxgweuyqj3hytvf.ux.internal.cloudapp.net</Data><Data Name='SourcePort'>54697</Data><Data Name='SourcePortName'>-</Data><Data Name='DestinationIsIpv6'>false</Data><Data Name='DestinationIp'>140.82.112.4</Data><Data Name='DestinationHostname'>lb-140-82-112-4-iad.github.com</Data><Data Name='DestinationPort'>443</Data><Data Name='DestinationPortName'>https</Data>","Network connection",3,100046,,,,,,,,,,,"'{5770385f-c22a-43e0-bf4c-06f5698ffbd9}'",,,,,"C:\Windows\System32\WindowsPowerShell\v1.0\powershell.exe",,,true,,,,,0x8000000000000000,4,,,,,,,,,,,,,,,,,,,,"'Microsoft-Windows-Sysmon'",,,,,,,,,,,,,0,,,,,,,,,,,,,,"{8e02ef74-5e4d-675b-9908-000000002a00}","'3780'",7096,,,,,,tcp,,,,100046,100046,,,,,"-",,,,,"S-1-5-18",,"WindowsTarget.gwvavixz1yzuxgweuyqj3hytvf.ux.internal.cloudapp.net","10.0.0.5",false,,54697,"-",,,,,,,,,,,,,,,"'2024-12-12T22:06:22.9910648Z'","<Provider Name='Microsoft-Windows-Sysmon' Guid='{5770385f-c22a-43e0-bf4c-06f5698ffbd9}'/><EventID>3</EventID><Version>5</Version><Level>4</Level><Task>3</Task><Opcode>0</Opcode><Keywords>0x8000000000000000</Keywords><TimeCreated SystemTime='2024-12-12T22:06:22.9910648Z'/><EventRecordID>100046</EventRecordID><Correlation/><Execution ProcessID='3780' ThreadID='3880'/><Channel>Microsoft-Windows-Sysmon/Operational</Channel><Computer>WindowsTarget</Computer><Security UserID='S-1-5-18'/>",,,,,,,,,,,,,,,,,3,Printers,,"'3880'","2024-12-12T22:06:22.9910648Z",,,,,"WindowsTarget\inf808","'S-1-5-18'",,,,,,,,,,"2024-12-12 22:06:21.735",5,,,,,"<Event xmlns='http://schemas.microsoft.com/win/2004/08/events/event'><System><Provider Name='Microsoft-Windows-Sysmon' Guid='{5770385f-c22a-43e0-bf4c-06f5698ffbd9}'/><EventID>3</EventID><Version>5</Version><Level>4</Level><Task>3</Task><Opcode>0</Opcode><Keywords>0x8000000000000000</Keywords><TimeCreated SystemTime='2024-12-12T22:06:22.9910648Z'/><EventRecordID>100046</EventRecordID><Correlation/><Execution ProcessID='3780' ThreadID='3880'/><Channel>Microsoft-Windows-Sysmon/Operational</Channel><Computer>WindowsTarget</Computer><Security UserID='S-1-5-18'/></System><EventData><Data Name='RuleName'>-</Data><Data Name='UtcTime'>2024-12-12 22:06:21.735</Data><Data Name='ProcessGuid'>{8e02ef74-5e4d-675b-9908-000000002a00}</Data><Data Name='ProcessId'>7096</Data><Data Name='Image'>C:\Windows\System32\WindowsPowerShell\v1.0\powershell.exe</Data><Data Name='User'>WindowsTarget\inf808</Data><Data Name='Protocol'>tcp</Data><Data Name='Initiated'>true</Data><Data Name='SourceIsIpv6'>false</Data><Data Name='SourceIp'>10.0.0.5</Data><Data Name='SourceHostname'>WindowsTarget.gwvavixz1yzuxgweuyqj3hytvf.ux.internal.cloudapp.net</Data><Data Name='SourcePort'>54697</Data><Data Name='SourcePortName'>-</Data><Data Name='DestinationIsIpv6'>false</Data><Data Name='DestinationIp'>140.82.112.4</Data><Data Name='DestinationHostname'>lb-140-82-112-4-iad.github.com</Data><Data Name='DestinationPort'>443</Data><Data Name='DestinationPortName'>https</Data></EventData></Event>","2024-12-12T17:06:22.000-0500",allowed,,,"C:\Windows\System32\WindowsPowerShell\v1.0\powershell.exe",,,,,,"2024-12-12 22:06:21.735",,"lb-140-82-112-4-iad.github.com","lb-140-82-112-4-iad.github.com","140.82.112.4",,,443,outbound,WindowsTarget,"10.0.0.5",WindowsTarget,100046,"endpoint_services_processes ms-sysmon-network windows_event_signature windows_ta_data",,,,,,,,WindowsTarget,,,100046,main,1,,,,,,,,,,,,,,,,,,,,,,,,,,"powershell.exe","{8e02ef74-5e4d-675b-9908-000000002a00}",,7096,,"powershell.exe",,,ip,ipv4,"<_='://../////'><><_='--'_='{----}'/><></><></><><",,,,,,,,,,,,,,,,,,,,,,informational,4,"Network connection",3,"XmlWinEventLog:Microsoft-Windows-Sysmon/Operational",XmlWinEventLog,FedoraThreatHunting,,"WindowsTarget.gwvavixz1yzuxgweuyqj3hytvf.ux.internal.cloudapp.net",,,"WindowsTarget.gwvavixz1yzuxgweuyqj3hytvf.ux.internal.cloudapp.net","10.0.0.5",,,,54697,,,,,established,,,,,,"communicate
network
track_event_signatures",,,,"communicate
network
track_event_signatures",,,tcp,"tcp/443",,,,,inf808,,,"'S-1-5-18'",,,,,"Microsoft Sysmon"
,,,,,,,,,,,,,,,"Microsoft-Windows-Sysmon/Operational",,,,,,,"""C:\Program Files\SplunkUniversalForwarder\bin\splunk-regmon.exe""","Splunk Inc.",WindowsTarget,,,,,"C:\Windows\system32\","Registry monitor",,,,,,,,,,,,"Microsoft-Windows-Sysmon/Operational",1,"<Data Name='RuleName'>-</Data><Data Name='UtcTime'>2024-12-12 22:06:16.948</Data><Data Name='ProcessGuid'>{8e02ef74-5e58-675b-a208-000000002a00}</Data><Data Name='ProcessId'>8272</Data><Data Name='Image'>C:\Program Files\SplunkUniversalForwarder\bin\splunk-regmon.exe</Data><Data Name='FileVersion'>9.3.2</Data><Data Name='Description'>Registry monitor</Data><Data Name='Product'>splunk Application</Data><Data Name='Company'>Splunk Inc.</Data><Data Name='OriginalFileName'>splunk-regmon.exe</Data><Data Name='CommandLine'>""C:\Program Files\SplunkUniversalForwarder\bin\splunk-regmon.exe""</Data><Data Name='CurrentDirectory'>C:\Windows\system32\</Data><Data Name='User'>NT AUTHORITY\SYSTEM</Data><Data Name='LogonGuid'>{8e02ef74-3d4a-675b-e703-000000000000}</Data><Data Name='LogonId'>0x3e7</Data><Data Name='TerminalSessionId'>0</Data><Data Name='IntegrityLevel'>System</Data><Data Name='Hashes'>MD5=E7432FD0BE0FB381CA5F91DC60C988B3,SHA256=5A9F508CFC1B938EB7368C2CC8264202EE5F02A2B5F938A47351823B384F19BC,IMPHASH=49E336D7B9A7A129F5B660D2C45C636B</Data><Data Name='ParentProcessGuid'>{8e02ef74-5344-675b-2706-000000002a00}</Data><Data Name='ParentProcessId'>9752</Data><Data Name='ParentImage'>C:\Program Files\SplunkUniversalForwarder\bin\splunkd.exe</Data><Data Name='ParentCommandLine'>""C:\Program Files\SplunkUniversalForwarder\bin\splunkd.exe"" service</Data><Data Name='ParentUser'>NT AUTHORITY\SYSTEM</Data>","Process creation",1,100045,,,"9.3.2",,,,,,,,"'{5770385f-c22a-43e0-bf4c-06f5698ffbd9}'","MD5=E7432FD0BE0FB381CA5F91DC60C988B3,SHA256=5A9F508CFC1B938EB7368C2CC8264202EE5F02A2B5F938A47351823B384F19BC,IMPHASH=49E336D7B9A7A129F5B660D2C45C636B",,,49E336D7B9A7A129F5B660D2C45C636B,"C:\Program Files\SplunkUniversalForwarder\bin\splunk-regmon.exe",,,,System,,,,0x8000000000000000,4,,,"{8e02ef74-3d4a-675b-e703-000000000000}",0x3e7,,,,,,,,,E7432FD0BE0FB381CA5F91DC60C988B3,,,,,,,"'Microsoft-Windows-Sysmon'",,,,,,,,,,,,,0,"splunk-regmon.exe",,"""C:\Program Files\SplunkUniversalForwarder\bin\splunkd.exe"" service","C:\Program Files\SplunkUniversalForwarder\bin\splunkd.exe","{8e02ef74-5344-675b-2706-000000002a00}",9752,"NT AUTHORITY\SYSTEM",,,,,,,"{8e02ef74-5e58-675b-a208-000000002a00}","'3780'",8272,,,,"splunk Application",,,,,,100045,100045,,,,,"-",,5A9F508CFC1B938EB7368C2CC8264202EE5F02A2B5F938A47351823B384F19BC,,,"S-1-5-18",,,,,,,,,,,,,,,,,,,,,,"'2024-12-12T22:06:16.9518425Z'","<Provider Name='Microsoft-Windows-Sysmon' Guid='{5770385f-c22a-43e0-bf4c-06f5698ffbd9}'/><EventID>1</EventID><Version>5</Version><Level>4</Level><Task>1</Task><Opcode>0</Opcode><Keywords>0x8000000000000000</Keywords><TimeCreated SystemTime='2024-12-12T22:06:16.9518425Z'/><EventRecordID>100045</EventRecordID><Correlation/><Execution ProcessID='3780' ThreadID='5104'/><Channel>Microsoft-Windows-Sysmon/Operational</Channel><Computer>WindowsTarget</Computer><Security UserID='S-1-5-18'/>",,,,,,,,,,,,,,,,,1,Devices,0,"'5104'","2024-12-12T22:06:16.9518425Z",,,,,"NT AUTHORITY\SYSTEM","'S-1-5-18'",,,,,,,,,,"2024-12-12 22:06:16.948",5,,,,,"<Event xmlns='http://schemas.microsoft.com/win/2004/08/events/event'><System><Provider Name='Microsoft-Windows-Sysmon' Guid='{5770385f-c22a-43e0-bf4c-06f5698ffbd9}'/><EventID>1</EventID><Version>5</Version><Level>4</Level><Task>1</Task><Opcode>0</Opcode><Keywords>0x8000000000000000</Keywords><TimeCreated SystemTime='2024-12-12T22:06:16.9518425Z'/><EventRecordID>100045</EventRecordID><Correlation/><Execution ProcessID='3780' ThreadID='5104'/><Channel>Microsoft-Windows-Sysmon/Operational</Channel><Computer>WindowsTarget</Computer><Security UserID='S-1-5-18'/></System><EventData><Data Name='RuleName'>-</Data><Data Name='UtcTime'>2024-12-12 22:06:16.948</Data><Data Name='ProcessGuid'>{8e02ef74-5e58-675b-a208-000000002a00}</Data><Data Name='ProcessId'>8272</Data><Data Name='Image'>C:\Program Files\SplunkUniversalForwarder\bin\splunk-regmon.exe</Data><Data Name='FileVersion'>9.3.2</Data><Data Name='Description'>Registry monitor</Data><Data Name='Product'>splunk Application</Data><Data Name='Company'>Splunk Inc.</Data><Data Name='OriginalFileName'>splunk-regmon.exe</Data><Data Name='CommandLine'>""C:\Program Files\SplunkUniversalForwarder\bin\splunk-regmon.exe""</Data><Data Name='CurrentDirectory'>C:\Windows\system32\</Data><Data Name='User'>NT AUTHORITY\SYSTEM</Data><Data Name='LogonGuid'>{8e02ef74-3d4a-675b-e703-000000000000}</Data><Data Name='LogonId'>0x3e7</Data><Data Name='TerminalSessionId'>0</Data><Data Name='IntegrityLevel'>System</Data><Data Name='Hashes'>MD5=E7432FD0BE0FB381CA5F91DC60C988B3,SHA256=5A9F508CFC1B938EB7368C2CC8264202EE5F02A2B5F938A47351823B384F19BC,IMPHASH=49E336D7B9A7A129F5B660D2C45C636B</Data><Data Name='ParentProcessGuid'>{8e02ef74-5344-675b-2706-000000002a00}</Data><Data Name='ParentProcessId'>9752</Data><Data Name='ParentImage'>C:\Program Files\SplunkUniversalForwarder\bin\splunkd.exe</Data><Data Name='ParentCommandLine'>""C:\Program Files\SplunkUniversalForwarder\bin\splunkd.exe"" service</Data><Data Name='ParentUser'>NT AUTHORITY\SYSTEM</Data></EventData></Event>","2024-