12-12T17:11:53.000-0500",allowed,,,,,,,,,,,WindowsTarget,,,,,,,WindowsTarget,,WindowsTarget,100142,"endpoint_services_processes ms-sysmon-process windows_event_signature windows_ta_data",,,,,,,,WindowsTarget,,,100142,main,1,,,,,,,,,,,,,"msedge.exe","Microsoft Windows","""C:\Program Files (x86)\Microsoft\Edge\Application\msedge.exe"" --no-startup-window","msedge.exe","{8e02ef74-5ef4-675b-c708-000000002a00}",10488,"msedge.exe","C:\Program Files (x86)\Microsoft\Edge\Application\msedge.exe",,,,"""C:\Program Files (x86)\Microsoft\Edge\Application\msedge.exe"" --type=utility --utility-sub-type=asset_store.mojom.AssetStoreService --lang=en-US --service-sandbox-type=asset_store_service --string-annotations=is-enterprise-managed=no --field-trial-handle=4100,i,11742802175148006748,15501685171872471667,262144 --variations-seed-version --mojo-platform-channel-handle=4080 /prefetch:8","C:\Program Files (x86)\Microsoft\Edge\Application\131.0.2903.86\","msedge.exe","{8e02ef74-5fa9-675b-fb08-000000002a00}","MD5=9E8261F700AB10E29D91A9D5CE52A3F8,SHA256=4AC3F1AEA9916995ED14C05FB71701FA616C419111494626CAB0CE61CD11E1B7,IMPHASH=AD7F9FF385F2AC79D492ABBEE0B86CD6",8124,Low,"msedge.exe","C:\Program Files (x86)\Microsoft\Edge\Application\msedge.exe",,,,"<_='://../////'><><_='--'_='{----}'/><></><></><><",,,,,,,,,,,,,,,,,,,,,,informational,4,"Process creation",1,"XmlWinEventLog:Microsoft-Windows-Sysmon/Operational",XmlWinEventLog,FedoraThreatHunting,,,,,,,,,,,,,,,,,,,,,"process
report
track_event_signatures",,,,"process
report
track_event_signatures",,,,,,,,,inf808,,,"'S-1-5-18'",,,,,"Microsoft Sysmon"
,,,,,,,,,,,,,,,"Microsoft-Windows-Sysmon/Operational",,,,,,,,,WindowsTarget,,,,,,,,"-","192.168.1.4",false,9001,"-",,,,,,"Microsoft-Windows-Sysmon/Operational",3,"<Data Name='RuleName'>Tor</Data><Data Name='UtcTime'>2024-12-12 22:11:28.378</Data><Data Name='ProcessGuid'>{8e02ef74-5344-675b-2706-000000002a00}</Data><Data Name='ProcessId'>9752</Data><Data Name='Image'>C:\Program Files\SplunkUniversalForwarder\bin\splunkd.exe</Data><Data Name='User'>NT AUTHORITY\SYSTEM</Data><Data Name='Protocol'>tcp</Data><Data Name='Initiated'>true</Data><Data Name='SourceIsIpv6'>false</Data><Data Name='SourceIp'>10.0.0.5</Data><Data Name='SourceHostname'>WindowsTarget.gwvavixz1yzuxgweuyqj3hytvf.ux.internal.cloudapp.net</Data><Data Name='SourcePort'>54908</Data><Data Name='SourcePortName'>-</Data><Data Name='DestinationIsIpv6'>false</Data><Data Name='DestinationIp'>192.168.1.4</Data><Data Name='DestinationHostname'>-</Data><Data Name='DestinationPort'>9001</Data><Data Name='DestinationPortName'>-</Data>","Network connection",3,100141,,,,,,,,,,,"'{5770385f-c22a-43e0-bf4c-06f5698ffbd9}'",,,,,"C:\Program Files\SplunkUniversalForwarder\bin\splunkd.exe",,,true,,,,,0x8000000000000000,4,,,,,,,,,,,,,,,,,,,,"'Microsoft-Windows-Sysmon'",,,,,,,,,,,,,0,,,,,,,,,,,,,,"{8e02ef74-5344-675b-2706-000000002a00}","'3780'",9752,,,,,,tcp,,,,100141,100141,,,,,Tor,,,,,"S-1-5-18",,"WindowsTarget.gwvavixz1yzuxgweuyqj3hytvf.ux.internal.cloudapp.net","10.0.0.5",false,,54908,"-",,,,,,,,,,,,,,,"'2024-12-12T22:11:29.9544574Z'","<Provider Name='Microsoft-Windows-Sysmon' Guid='{5770385f-c22a-43e0-bf4c-06f5698ffbd9}'/><EventID>3</EventID><Version>5</Version><Level>4</Level><Task>3</Task><Opcode>0</Opcode><Keywords>0x8000000000000000</Keywords><TimeCreated SystemTime='2024-12-12T22:11:29.9544574Z'/><EventRecordID>100141</EventRecordID><Correlation/><Execution ProcessID='3780' ThreadID='3880'/><Channel>Microsoft-Windows-Sysmon/Operational</Channel><Computer>WindowsTarget</Computer><Security UserID='S-1-5-18'/>",,,,,,,,,,,,,,,,,3,Printers,,"'3880'","2024-12-12T22:11:29.9544574Z",,,,,"NT AUTHORITY\SYSTEM","'S-1-5-18'",,,,,,,,,,"2024-12-12 22:11:28.378",5,,,,,"<Event xmlns='http://schemas.microsoft.com/win/2004/08/events/event'><System><Provider Name='Microsoft-Windows-Sysmon' Guid='{5770385f-c22a-43e0-bf4c-06f5698ffbd9}'/><EventID>3</EventID><Version>5</Version><Level>4</Level><Task>3</Task><Opcode>0</Opcode><Keywords>0x8000000000000000</Keywords><TimeCreated SystemTime='2024-12-12T22:11:29.9544574Z'/><EventRecordID>100141</EventRecordID><Correlation/><Execution ProcessID='3780' ThreadID='3880'/><Channel>Microsoft-Windows-Sysmon/Operational</Channel><Computer>WindowsTarget</Computer><Security UserID='S-1-5-18'/></System><EventData><Data Name='RuleName'>Tor</Data><Data Name='UtcTime'>2024-12-12 22:11:28.378</Data><Data Name='ProcessGuid'>{8e02ef74-5344-675b-2706-000000002a00}</Data><Data Name='ProcessId'>9752</Data><Data Name='Image'>C:\Program Files\SplunkUniversalForwarder\bin\splunkd.exe</Data><Data Name='User'>NT AUTHORITY\SYSTEM</Data><Data Name='Protocol'>tcp</Data><Data Name='Initiated'>true</Data><Data Name='SourceIsIpv6'>false</Data><Data Name='SourceIp'>10.0.0.5</Data><Data Name='SourceHostname'>WindowsTarget.gwvavixz1yzuxgweuyqj3hytvf.ux.internal.cloudapp.net</Data><Data Name='SourcePort'>54908</Data><Data Name='SourcePortName'>-</Data><Data Name='DestinationIsIpv6'>false</Data><Data Name='DestinationIp'>192.168.1.4</Data><Data Name='DestinationHostname'>-</Data><Data Name='DestinationPort'>9001</Data><Data Name='DestinationPortName'>-</Data></EventData></Event>","2024-12-12T17:11:29.000-0500",allowed,,,"C:\Program Files\SplunkUniversalForwarder\bin\splunkd.exe",,,,,,"2024-12-12 22:11:28.378",,"192.168.1.4",,"192.168.1.4",,,9001,outbound,WindowsTarget,"10.0.0.5",WindowsTarget,100141,"endpoint_services_processes ms-sysmon-network windows_event_signature windows_ta_data",,,,,,,,WindowsTarget,,,100141,main,1,,,,,,,,,,,,,,,,,,,,,,,,,,"splunkd.exe","{8e02ef74-5344-675b-2706-000000002a00}",,9752,,"splunkd.exe",,,ip,ipv4,"<_='://../////'><><_='--'_='{----}'/><></><></><><",,,,,,,,,,,,,Tor,,,,,,,,,informational,4,"Network connection",3,"XmlWinEventLog:Microsoft-Windows-Sysmon/Operational",XmlWinEventLog,FedoraThreatHunting,,"WindowsTarget.gwvavixz1yzuxgweuyqj3hytvf.ux.internal.cloudapp.net",,,"WindowsTarget.gwvavixz1yzuxgweuyqj3hytvf.ux.internal.cloudapp.net","10.0.0.5",,,,54908,,,,,established,,,,,,"communicate
network
track_event_signatures",,,,"communicate
network
track_event_signatures",,,tcp,"tcp/9001",,,,,SYSTEM,,,"'S-1-5-18'",,,,,"Microsoft Sysmon"
,,,,,,,,,,,,,,,"Microsoft-Windows-Sysmon/Operational",,,,,,,"""C:\Program Files\SplunkUniversalForwarder\bin\splunk-powershell.exe"" --ps2","-",WindowsTarget,,,,,"C:\Windows\system32\","-",,,,,,,,,,,,"Microsoft-Windows-Sysmon/Operational",1,"<Data Name='RuleName'>-</Data><Data Name='UtcTime'>2024-12-12 22:11:17.557</Data><Data Name='ProcessGuid'>{8e02ef74-5f85-675b-fa08-000000002a00}</Data><Data Name='ProcessId'>11328</Data><Data Name='Image'>C:\Program Files\SplunkUniversalForwarder\bin\splunk-powershell.exe</Data><Data Name='FileVersion'>-</Data><Data Name='Description'>-</Data><Data Name='Product'>-</Data><Data Name='Company'>-</Data><Data Name='OriginalFileName'>-</Data><Data Name='CommandLine'>""C:\Program Files\SplunkUniversalForwarder\bin\splunk-powershell.exe"" --ps2</Data><Data Name='CurrentDirectory'>C:\Windows\system32\</Data><Data Name='User'>NT AUTHORITY\SYSTEM</Data><Data Name='LogonGuid'>{8e02ef74-3d4a-675b-e703-000000000000}</Data><Data Name='LogonId'>0x3e7</Data><Data Name='TerminalSessionId'>0</Data><Data Name='IntegrityLevel'>System</Data><Data Name='Hashes'>MD5=D925619A15C4DB19DBDBA44C5322F8F8,SHA256=849A77400227F8B844EF38A3D11BBD558DBC2FE4D5AAB5DCA82ADE4DA040AFBD,IMPHASH=CF14D28467DD4FEF75398156A8E6A19A</Data><Data Name='ParentProcessGuid'>{8e02ef74-5344-675b-2706-000000002a00}</Data><Data Name='ParentProcessId'>9752</Data><Data Name='ParentImage'>C:\Program Files\SplunkUniversalForwarder\bin\splunkd.exe</Data><Data Name='ParentCommandLine'>""C:\Program Files\SplunkUniversalForwarder\bin\splunkd.exe"" service</Data><Data Name='ParentUser'>NT AUTHORITY\SYSTEM</Data>","Process creation",1,100140,,,"-",,,,,,,,"'{5770385f-c22a-43e0-bf4c-06f5698ffbd9}'","MD5=D925619A15C4DB19DBDBA44C5322F8F8,SHA256=849A77400227F8B844EF38A3D11BBD558DBC2FE4D5AAB5DCA82ADE4DA040AFBD,IMPHASH=CF14D28467DD4FEF75398156A8E6A19A",,,CF14D28467DD4FEF75398156A8E6A19A,"C:\Program Files\SplunkUniversalForwarder\bin\splunk-powershell.exe",,,,System,,,,0x8000000000000000,4,,,"{8e02ef74-3d4a-675b-e703-000000000000}",0x3e7,,,,,,,,,D925619A15C4DB19DBDBA44C5322F8F8,,,,,,,"'Microsoft-Windows-Sysmon'",,,,,,,,,,,,,0,"-",,"""C:\Program Files\SplunkUniversalForwarder\bin\splunkd.exe"" service","C:\Program Files\SplunkUniversalForwarder\bin\splunkd.exe","{8e02ef74-5344-675b-2706-000000002a00}",9752,"NT AUTHORITY\SYSTEM",,,,,,,"{8e02ef74-5f85-675b-fa08-000000002a00}","'3780'",11328,,,,"-",,,,,,100140,100140,,,,,"-",,849A77400227F8B844EF38A3D11BBD558DBC2FE4D5AAB5DCA82ADE4DA040AFBD,,,"S-1-5-18",,,,,,,,,,,,,,,,,,,,,,"'2024-12-12T22:11:17.5592021Z'","<Provider Name='Microsoft-Windows-Sysmon' Guid='{5770385f-c22a-43e0-bf4c-06f5698ffbd9}'/><EventID>1</EventID><Version>5</Version><Level>4</Level><Task>1</Task><Opcode>0</Opcode><Keywords>0x8000000000000000</Keywords><TimeCreated SystemTime='2024-12-12T22:11:17.5592021Z'/><EventRecordID>100140</EventRecordID><Correlation/><Execution ProcessID='3780' ThreadID='5104'/><Channel>Microsoft-Windows-Sysmon/Operational</Channel><Computer>WindowsTarget</Computer><Security UserID='S-1-5-18'/>",,,,,,,,,,,,,,,,,1,Devices,0,"'5104'","2024-12-12T22:11:17.5592021Z",,,,,"NT AUTHORITY\SYSTEM","'S-1-5-18'",,,,,,,,,,"2024-12-12 22:11:17.557",5,,,,,"<Event xmlns='http://schemas.microsoft.com/win/2004/08/events/event'><System><Provider Name='Microsoft-Windows-Sysmon' Guid='{5770385f-c22a-43e0-bf4c-06f5698ffbd9}'/><EventID>1</EventID><Version>5</Version><Level>4</Level><Task>1</Task><Opcode>0</Opcode><Keywords>0x8000000000000000</Keywords><TimeCreated SystemTime='2024-12-12T22:11:17.5592021Z'/><EventRecordID>100140</EventRecordID><Correlation/><Execution ProcessID='3780' ThreadID='5104'/><Channel>Microsoft-Windows-Sysmon/Operational</Channel><Computer>WindowsTarget</Computer><Security UserID='S-1-5-18'/></System><EventData><Data Name='RuleName'>-</Data><Data Name='UtcTime'>2024-12-12 22:11:17.557</Data><Data Name='ProcessGuid'>{8e02ef74-5f85-675b-fa08-000000002a00}</Data><Data Name='ProcessId'>11328</Data><Data Name='Image'>C:\Program Files\SplunkUniversalForwarder\bin\splunk-powershell.exe</Data><Data Name='FileVersion'>-</Data><Data Name='Description'>-</Data><Data Name='Product'>-</Data><Data Name='Company'>-</Data><Data Name='OriginalFileName'>-</Data><Data Name='CommandLine'>""C:\Program Files\SplunkUniversalForwarder\bin\splunk-powershell.exe"" --ps2</Data><Data Name='CurrentDirectory'>C:\Windows\system32\</Data><Data Name='User'>NT AUTHORITY\SYSTEM</Data><Data Name='LogonGuid'>{8e02ef74-3d4a-675b-e703-000000000000}</Data><Data Name='LogonId'>0x3e7</Data><Data Name='TerminalSessionId'>0</Data><Data Name='IntegrityLevel'>System</Data><Data Name='Hashes'>MD5=D925619A15C4DB19DBDBA44C5322F8F8,SHA256=849A77400227F8B844EF38A3D11BBD558DBC2FE4D5AAB5DCA82ADE4DA040AFBD,IMPHASH=CF14D28467DD4FEF75398156A8E6A19A</Data><Data Name='ParentProcessGuid'>{8e02ef74-5344-675b-2706-000000002a00}</Data><Data Name='ParentProcessId'>9752</Data><Data Name='ParentImage'>C:\Program Files\SplunkUniversalForwarder\bin\splunkd.exe</Data><Data Name='ParentCommandLine'>""C:\Program Files\SplunkUniversalForwarder\bin\splunkd.exe"" service</Data><Data Name='ParentUser'>NT AUTHORITY\SYSTEM</Data></EventData></Event>","2024-12-12T17:11:17.000-0500",allowed,,,,,,,,,,,WindowsTarget,,,,,,,WindowsTarget,,WindowsTarget,100140,"endpoint_services_processes ms-sysmon-process windows_event_signature windows_ta_data",,,,,,,,WindowsTarget,,,100140,main,1,,,,,,,,,,,,,,"Microsoft Windows","""C:\Program Files\SplunkUniversalForwarder\bin\splunkd.exe"" service","splunkd.exe","{8e02ef74-5344-675b-2706-000000002a00}",9752,"splunkd.exe","C:\Program Files\SplunkUniversalForwarder\bin\splunkd.exe",,,,"""C:\Program Files\SplunkUniversalForwarder\bin\splunk-powershell.exe"" --ps2","C:\Windows\system32\","splunk-powershell.exe","{8e02ef74-5f85-675b-fa08-000000002a00}","MD5=D925619A15C4DB19DBDBA44C5322F8F8,SHA256=849A77400227F8B844EF38A3D11BBD558DBC2FE4D5AAB5DCA82ADE4DA040AFBD,IMPHASH=CF14D28467DD4FEF75398156A8E6A19A",11328,System,"splunk-powershell.exe","C:\Program Files\SplunkUniversalForwarder\bin\splunk-powershell.exe",,,,"<_='://../////'><><_='--'_='{----}'/><></><></><><",,,,,,,,,,,,,,,,,,,,,,informational,4,"Process creation",1,"XmlWinEventLog:Microsoft-Windows-Sysmon/Operational",XmlWinEventLog,FedoraThreatHunting,,,,,,,,,,,,,,,,,,,,,"process
report
track_event_signatures",,,,"process
report
track_event_signatures",,,,,,,,,SYSTEM,,,"'S-1-5-18'",,,,,"Microsoft Sysmon"
,,,,,,,,,,,,,,,"Microsoft-Windows-Sysmon/Operational",,,,,,,"""C:\Program Files\SplunkUniversalForwarder\bin\splunk-regmon.exe""","Splunk Inc.",WindowsTarget,,,,,"C:\Windows\system32\","Registry monitor",,,,,,,,,,,,"Microsoft-Windows-Sysmon/Operational",1,"<Data Name='RuleName'>-</Data><Data Name='UtcTime'>2024-12-12 22:11:16.797</Data><Data Name='ProcessGuid'>{8e02ef74-5f84-675b-f908-000000002a00}</Data><Data Name='ProcessId'>4952</Data><Data Name='Image'>C:\Program Files\SplunkUniversalForwarder\bin\splunk-regmon.exe</Data><Data Name='FileVersion'>9.3.2</Data><Data Name='Description'>Registry monitor</Data><Data Name='Product'>splunk Application</Data><Data Name='Company'>Splunk Inc.</Data><Data Name='OriginalFileName'>splunk-regmon.exe</Data><Data Name='CommandLine'>""C:\Program Files\SplunkUniversalForwarder\bin\splunk-regmon.exe""</Data><Data Name='CurrentDirectory'>C:\Windows\system32\</Data><Data Name='User'>NT AUTHORITY\SYSTEM</Data><Data Name='LogonGuid'>{8e02ef74-3d4a-675b-e703-000000000000}</Data><Data Name='LogonId'>0x3e7</Data><Data Name='TerminalSessionId'>0</Data><Data Name='IntegrityLevel'>System</Data><Data Name='Hashes'>MD5=E7432FD0BE0FB381CA5F91DC60C988B3,SHA256=5A9F508CFC1B938EB7368C2CC8264202EE5F02A2B5F938A47351823B384F19BC,IMPHASH=49E336D7B9A7A129F5B660D2C45C636B</Data><Data Name='ParentProcessGuid'>{8e02ef74-5344-675b-2706-000000002a00}</Data><Data Name='ParentProcessId'>9752</Data><Data Name='ParentImage'>C:\Program Files\SplunkUniversalForwarder\bin\splunkd.exe</Data><Data Name='ParentCommandLine'>""C:\Program Files\SplunkUniversalForwarder\bin\splunkd.exe"" service</Data><Data Name='ParentUser'>NT AUTHORITY\SYSTEM</Data>","Process creation",1,100139,,,"9.3.2",,,,,,,,"'{5770385f-c22a-43e0-bf4c-06f5698ffbd9}'","MD5=E7432FD0BE0FB381CA5F91DC60C988B3,SHA256=5A9F508CFC1B938EB7368C2CC8264202EE5F02A2B5F938A47351823B384F19BC,IMPHASH=49E336D7B9A7A129F5B660D2C45C636B",,,49E336D7B9A7A129F5B660D2C45C636B,"C:\Program Files\SplunkUniversalForwarder\bin\splunk-regmon.exe",,,,System,,,,0x8000000000000000,4,,,"{8e02ef74-3d4a-675b-e703-000000000000}",0x3e7,,,,,,,,,E7432FD0BE0FB381CA5F91DC60C988B3,,,,,,,"'Microsoft-Windows-Sysmon'",,,,,,,,,,,,,0,"splunk-regmon.exe",,"""C:\Program Files\SplunkUniversalForwarder\bin\splunkd.exe"" service","C:\Program Files\SplunkUniversalForwarder\bin\splunkd.exe","{8e02ef74-5344-675b-2706-000000002a00}",9752,"NT AUTHORITY\SYSTEM",,,,,,,"{8e02ef74-5f84-675b-f908-000000002a00}","'3780'",4952,,,,"splunk Application",,,,,,100139,100139,,,,,"-",,5A9F508CFC1B938EB7368C2CC8264202EE5F02A2B5F938A47351823B384F19BC,,,"S-1-5-18",,,,,,,,,,,,,,,,,,,,,,"'2024-12-12T22:11:16.7987587Z'","<Provider Name='Microsoft-Windows-Sysmon' Guid='{5770385f-c22a-43e0-bf4c-06f5698ffbd9}'/><EventID>1</EventID><Version>5</Version><Level>4</Level><Task>1</Task><Opcode>0</Opcode><Keywords>0x8000000000000000</Keywords><TimeCreated SystemTime='2024-12-12T22:11:16.7987587Z'/><EventRecordID>100139</EventRecordID><Correlation/><Execution ProcessID='3780' ThreadID='5104'/><Channel>Microsoft-Windows-Sysmon/Operational</Channel><Computer>WindowsTarget</Computer><Security UserID='S-1-5-18'/>",,,,,,,,,,,,,,,,,1,Devices,0,"'5104'","2024-12-12T22:11:16.7987587Z",,,,,"NT AUTHORITY\SYSTEM","'S-1-5-18'",,,,,,,,,,"2024-12-12 22:11:16.797",5,,,,,"<Event xmlns='http://schemas.microsoft.com/win/2004/08/events/event'><System><Provider Name='Microsoft-Windows-Sysmon' Guid='{5770385f-c22a-43e0-bf4c-06f5698ffbd9}'/><EventID>1</EventID><Version>5</Version><Level>4</Level><Task>1</Task><Opcode>0</Opcode><Keywords>0x8000000000000000</Keywords><TimeCreated SystemTime='2024-12-12T22:11:16.7987587Z'/><EventRecordID>100139</EventRecordID><Correlation/><Execution ProcessID='3780' ThreadID='5104'/><Channel>Microsoft-Windows-Sysmon/Operational</Channel><Computer>WindowsTarget</Computer><Security UserID='S-1-5-18'/></System><EventData><Data Name='RuleName'>-</Data><Data Name='UtcTime'>2024-12-12 22:11:16.797</Data><Data Name='ProcessGuid'>{8e02ef74-5f84-675b-f908-000000002a00}</Data><Data Name='ProcessId'>4952</Data><Data Name='Image'>C:\Program Files\SplunkUniversalForwarder\bin\splunk-regmon.exe</Data><Data Name='FileVersion'>9.3.2</Data><Data Name='Description'>Registry monitor</Data><Data Name='Product'>splunk Application</Data><Data Name='Company'>Splunk Inc.</Data><Data Name='OriginalFileName'>splunk-regmon.exe</Data><Data Name='CommandLine'>""C:\Program Files\SplunkUniversalForwarder\bin\splunk-regmon.exe""</Data><Data Name='CurrentDirectory'>C:\Windows\system32\</Data><Data Name='User'>NT AUTHORITY\SYSTEM</Data><Data Name='LogonGuid'>{8e02ef74-3d4a-675b-e703-000000000000}</Data><Data Name='LogonId'>0x3e7</Data><Data Name='TerminalSessionId'>0</Data><Data Name='IntegrityLevel'>System</Data><Data Name='Hashes'>MD5=E7432FD0BE0FB381CA5F91DC60C988B3,SHA256=5A9F508CFC1B938EB7368C2CC8264202EE5F02A2B5F938A47351823B384F19BC,IMPHASH=49E336D7B9A7A129F5B660D2C45C636B</Data><Data Name='ParentProcessGuid'>{8e02ef74-5344-675b-2706-000000002a00}</Data><Data Name='ParentProcessId'>9752</Data><Data Name='ParentImage'>C:\Program Files\SplunkUniversalForwarder\bin\splunkd.exe</Data><Data Name='ParentCommandLine'>""C:\Program Files\SplunkUniversalForwarder\bin\splunkd.exe"" service</Data><Data Name='ParentUser'>NT AUTHORITY\SYSTEM</Data></EventData></Event>","2024-12-12T17:11:16.000-0500",allowed,,,,,,,,,,,WindowsTarget,,,,,,,WindowsTarget,,WindowsTarget,100139,"endpoint_services_processes ms-sysmon-process windows_event_signature windows_ta_data",,,,,,,,WindowsTarget,,,100139,main,1,,,,,,,,,,,,,"splunk-regmon.exe","Microsoft Windows","""C:\Program Files\SplunkUniversalForwarder\bin\splunkd.exe"" service","splunkd.exe","{8e02ef74-5344-675b-2706-000000002a00}",9752,"splunkd.exe","C:\Program Files\SplunkUniversalForwarder\bin\splunkd.exe",,,,"""C:\Program Files\SplunkUniversalForwarder\bin\splunk-regmon.exe""","C:\Windows\system32\","splunk-regmon.exe","{8e02ef74-5f84-675b-f908-000000002a00}","MD5=E7432FD0BE0FB381CA5F91DC60C988B3,SHA256=5A9F508CFC1B938EB7368C2CC8264202EE5F02A2B5F938A47351823B384F19BC,IMPHASH=49E336D7B9A7A129F5B660D2C45C636B",4952,System,"splunk-regmon.exe","C:\Program Files\SplunkUniversalForwarder\bin\splunk-regmon.exe",,,,"<_='://../////'><><_='--'_='{----}'/><></><></><><",,,,,,,,,,,,,,,,,,,,,,informational,4,"Process creation",1,"XmlWinEventLog:Microsoft-Windows-Sysmon/Operational",XmlWinEventLog,FedoraThreatHunting,,,,,,,,,,,,,,,,,,,,,"process
report
track_event_signatures",,,,"process
report
track_event_signatures",,,,,,,,,SYSTEM,,,"'S-1-5-18'",,,,,"Microsoft Sysmon"
,,,,,,,,,,,,,,,"Microsoft-Windows-Sysmon/Operational",,,,,,,"""C:\Program Files\SplunkUniversalForwarder\bin\splunk-powershell.exe""","-",WindowsTarget,,,,,"C:\Windows\system32\","-",,,,,,,,,,,,"Microsoft-Windows-Sysmon/Operational",1,"<Data Name='RuleName'>-</Data><Data Name='UtcTime'>2024-12-12 22:11:16.102</Data><Data Name='ProcessGuid'>{8e02ef74-5f84-675b-f808-000000002a00}</Data><Data Name='ProcessId'>10220</Data><Data Name='Image'>C:\Program Files\SplunkUniversalForwarder\bin\splunk-powershell.exe</Data><Data Name='FileVersion'>-</Data><Data Name='Description'>-</Data><Data Name='Product'>-</Data><Data Name='Company'>-</Data><Data Name='OriginalFileName'>-</Data><Data Name='CommandLine'>""C:\Program Files\SplunkUniversalForwarder\bin\splunk-powershell.exe""</Data><Data Name='CurrentDirectory'>C:\Windows\system32\</Data><Data Name='User'>NT AUTHORITY\SYSTEM</Data><Data Name='LogonGuid'>{8e02ef74-3d4a-675b-e703-000000000000}</Data><Data Name='LogonId'>0x3e7</Data><Data Name='TerminalSessionId'>0</Data><Data Name='IntegrityLevel'>System</Data><Data Name='Hashes'>MD5=D925619A15C4DB19DBDBA44C5322F8F8,SHA256=849A77400227F8B844EF38A3D11BBD558DBC2FE4D5AAB5DCA82ADE4DA040AFBD,IMPHASH=CF14D28467DD4FEF75398156A8E6A19A</Data><Data Name='ParentProcessGuid'>{8e02ef74-5344-675b-2706-000000002a00}</Data><Data Name='ParentProcessId'>9752</Data><Data Name='ParentImage'>C:\Program Files\SplunkUniversalForwarder\bin\splunkd.exe</Data><Data Name='ParentCommandLine'>""C:\Program Files\SplunkUniversalForwarder\bin\splunkd.exe"" service</Data><Data Name='ParentUser'>NT AUTHORITY\SYSTEM</Data>","Process creation",1,100138,,,"-",,,,,,,,"'{5770385f-c22a-43e0-bf4c-06f5698ffbd9}'","MD5=D925619A15C4DB19DBDBA44C5322F8F8,SHA256=849A77400227F8B844EF38A3D11BBD558DBC2FE4D5AAB5DCA82ADE4DA040AFBD,IMPHASH=CF14D28467DD4FEF75398156A8E6A19A",,,CF14D28467DD4FEF75398156A8E6A19A,"C:\Program Files\SplunkUniversalForwarder\bin\splunk-powershell.exe",,,,System,,,,0x8000000000000000,4,,,"{8e02ef74-3d4a-675b-e703-000000000000}",0x3e7,,,,,,,,,D925619A15C4DB19DBDBA44C5322F8F8,,,,,,,"'Microsoft-Windows-Sysmon'",,,,,,,,,,,,,0,"-",,"""C:\Program Files\SplunkUniversalForwarder\bin\splunkd.exe"" service","C:\Program Files\SplunkUniversalForwarder\bin\splunkd.exe","{8e02ef74-5344-675b-2706-000000002a00}",9752,"NT AUTHORITY\SYSTEM",,,,,,,"{8e02ef74-5f84-675b-f808-000000002a00}","'3780'",10220,,,,"-",,,,,,100138,100138,,,,,"-",,849A77400227F8B844EF38A3D11BBD558DBC2FE4D5AAB5DCA82ADE4DA040AFBD,,,"S-1-5-18",,,,,,,,,,,,,,,,,,,,,,"'2024-12-12T22:11:16.1042501Z'","<Provider Name='Microsoft-Windows-Sysmon' Guid='{5770385f-c22a-43e0-bf4c-06f5698ffbd9}'/><EventID>1</EventID><Version>5</Version><Level>4</Level><Task>1</Task><Opcode>0</Opcode><Keywords>0x8000000000000000</Keywords><TimeCreated SystemTime='2024-12-12T22:11:16.1042501Z'/><EventRecordID>100138</EventRecordID><Correlation/><Execution ProcessID='3780' ThreadID='5104'/><Channel>Microsoft-Windows-Sysmon/Operational</Channel><Computer>WindowsTarget</Computer><Security UserID='S-1-5-18'/>",,,,,,,,,,,,,,,,,1,Devices,0,"'5104'","2024-12-12T22:11:16.1042501Z",,,,,"NT AUTHORITY\SYSTEM","'S-1-5-18'",,,,,,,,,,"2024-12-12 22:11:16.102",5,,,,,"<Event xmlns='http://schemas.microsoft.com/win/2004/08/events/event'><System><Provider Name='Microsoft-Windows-Sysmon' Guid='{5770385f-c22a-43e0-bf4c-06f5698ffbd9}'/><EventID>1</EventID><Version>5</Version><Level>4</Level><Task>1</Task><Opcode>0</Opcode><Keywords>0x8000000000000000</Keywords><TimeCreated SystemTime='2024-12-12T22:11:16.1042501Z'/><EventRecordID>100138</EventRecordID><Correlation/><Execution ProcessID='3780' ThreadID='5104'/><Channel>Microsoft-Windows-Sysmon/Operational</Channel><Computer>WindowsTarget</Computer><Security UserID='S-1-5-18'/></System><EventData><Data Name='RuleName'>-</Data><Data Name='UtcTime'>2024-12-12 22:11:16.102</Data><Data Name='ProcessGuid'>{8e02ef74-5f84-675b-f808-000000002a00}</Data><Data Name='ProcessId'>10220</Data><Data Name='Image'>C:\Program Files\SplunkUniversalForwarder\bin\splunk-powershell.exe</Data><Data Name='FileVersion'>-</Data><Data Name='Description'>-</Data><Data Name='Product'>-</Data><Data Name='Company'>-</Data><Data Name='OriginalFileName'>-</Data><Data Name='CommandLine'>""C:\Program Files\SplunkUniversalForwarder\bin\splunk-powershell.exe""</Data><Data Name='CurrentDirectory'>C:\Windows\system32\</Data><Data Name='User'>NT AUTHORITY\SYSTEM</Data><Data Name='LogonGuid'>{8e02ef74-3d4a-675b-e703-000000000000}</Data><Data Name='LogonId'>0x3e7</Data><Data Name='TerminalSessionId'>0</Data><Data Name='IntegrityLevel'>System</Data><Data Name='Hashes'>MD5=D925619A15C4DB19DBDBA44C5322F8F8,SHA256=849A77400227F8B844EF38A3D11BBD558DBC2FE4D5AAB5DCA82ADE4DA040AFBD,IMPHASH=CF14D28467DD4FEF75398156A8E6A19A</Data><Data Name='ParentProcessGuid'>{8e02ef74-5344-675b-2706-000000002a00}</Data><Data Name='ParentProcessId'>9752</Data><Data Name='ParentImage'>C:\Program Files\SplunkUniversalForwarder\bin\splunkd.exe</Data><Data Name='ParentCommandLine'>""C:\Program Files\SplunkUniversalForwarder\bin\splunkd.exe"" service</Data><Data Name='ParentUser'>NT AUTHORITY\SYSTEM</Data></EventData></Event>","2024-12-12T17:11:16.000-0500",allowed,,,,,,,,,,,WindowsTarget,,,,,,,WindowsTarget,,WindowsTarget,100138,"endpoint_services_processes ms-sysmon-process windows_event_signature windows_ta_data",,,,,,,,WindowsTarget,,,100138,main,1,,,,,,,,,,,,,,"Microsoft Windows","""C:\Program Files\SplunkUniversalForwarder\bin\splunkd.exe"" service","splunkd.exe","{8e02ef74-5344-675b-2706-000000002a00}",9752,"splunkd.exe","C:\Program Files\SplunkUniversalForwarder\bin\splunkd.exe",,,,"""C:\Program Files\SplunkUniversalForwarder\bin\splunk-powershell.exe""","C:\Windows\system32\","splunk-powershell.exe","{8e02ef74-5f84-675b-f808-000000002a00}","MD5=D925619A15C4DB19DBDBA44C5322F8F8,SHA256=849A77400227F8B844EF38A3D11BBD558DBC2FE4D5AAB5DCA82ADE4DA040AFBD,IMPHASH=CF14D28467DD4FEF75398156A8E6A19A",10220,System,"splunk-powershell.exe","C:\Program Files\SplunkUniversalForwarder\bin\splunk-powershell.exe",,,,"<_='://../////'><><_='--'_='{----}'/><></><></><><",,,,,,,,,,,,,,,,,,,,,,informational,4,"Process creation",1,"XmlWinEventLog:Microsoft-Windows-Sysmon/Operational",XmlWinEventLog,FedoraThreatHunting,,,,,,,,,,,,,,,,,,,,,"process
report
track_event_signatures",,,,"process
report
track_event_signatures",,,,,,,,,SYSTEM,,,"'S-1-5-18'",,,,,"Microsoft Sysmon"
,,,,,,,,,,,,,,,"Microsoft-Windows-Sysmon/Operational",,,,,,,"""C:\Program Files\SplunkUniversalForwarder\bin\splunk-netmon.exe""","Splunk Inc.",WindowsTarget,,,,,"C:\Windows\system32\","Network monitor",,,,,,,,,,,,"Microsoft-Windows-Sysmon/Operational",1,"<Data Name='RuleName'>-</Data><Data Name='UtcTime'>2024-12-12 22:11:13.427</Data><Data Name='ProcessGuid'>{8e02ef74-5f81-675b-f708-000000002a00}</Data><Data Name='ProcessId'>5508</Data><Data Name='Image'>C:\Program Files\SplunkUniversalForwarder\bin\splunk-netmon.exe</Data><Data Name='FileVersion'>9.3.2</Data><Data Name='Description'>Network monitor</Data><Data Name='Product'>Splunk Application</Data><Data Name='Company'>Splunk Inc.</Data><Data Name='OriginalFileName'>splunk-netmon.exe</Data><Data Name='CommandLine'>""C:\Program Files\SplunkUniversalForwarder\bin\splunk-netmon.exe""</Data><Data Name='CurrentDirectory'>C:\Windows\system32\</Data><Data Name='User'>NT AUTHORITY\SYSTEM</Data><Data Name='LogonGuid'>{8e02ef74-3d4a-675b-e703-000000000000}</Data><Data Name='LogonId'>0x3e7</Data><Data Name='TerminalSessionId'>0</Data><Data Name='IntegrityLevel'>System</Data><Data Name='Hashes'>MD5=756110565070D47561719347DCA1DCC3,SHA256=06E3FE75815AEBB30EFAC1A85BCB41C37660B8CFE052544AA694DD569E5AF2D0,IMPHASH=089EDE8293334E8B52F638440313FE63</Data><Data Name='ParentProcessGuid'>{8e02ef74-5344-675b-2706-000000002a00}</Data><Data Name='ParentProcessId'>9752</Data><Data Name='ParentImage'>C:\Program Files\SplunkUniversalForwarder\bin\splunkd.exe</Data><Data Name='ParentCommandLine'>""C:\Program Files\SplunkUniversalForwarder\bin\splunkd.exe"" service</Data><Data Name='ParentUser'>NT AUTHORITY\SYSTEM</Data>","Process creation",1,100137,,,"9.3.2",,,,,,,,"'{5770385f-c22a-43e0-bf4c-06f5698ffbd9}'","MD5=756110565070D47561719347DCA1DCC3,SHA256=06E3FE75815AEBB30EFAC1A85BCB41C37660B8CFE052544AA694DD569E5AF2D0,IMPHASH=089EDE8293334E8B52F638440313FE63",,,089EDE8293334E8B52F638440313FE63,"C:\Program Files\SplunkUniversalForwarder\bin\splunk-netmon.exe",,,,System,,,,0x8000000000000000,4,,,"{8e02ef74-3d4a-675b-e703-000000000000}",0x3e7,,,,,,,,,756110565070D47561719347DCA1DCC3,,,,,,,"'Microsoft-Windows-Sysmon'",,,,,,,,,,,,,0,"splunk-netmon.exe",,"""C:\Program Files\SplunkUniversalForwarder\bin\splunkd.exe"" service","C:\Program Files\SplunkUniversalForwarder\bin\splunkd.exe","{8e02ef74-5344-675b-2706-000000002a00}",9752,"NT AUTHORITY\SYSTEM",,,,,,,"{8e02ef74-5f81-675b-f708-000000002a00}","'3780'",5508,,,,"Splunk Application",,,,,,100137,100137,,,,,"-",,06E3FE75815AEBB30EFAC1A85BCB41C37660B8CFE052544AA694DD569E5AF2D0,,,"S-1-5-18",,,,,,,,,,,,,,,,,,,,,,"'2024-12-12T22:11:13.4294605Z'","<Provider Name='Microsoft-Windows-Sysmon' Guid='{5770385f-c22a-43e0-bf4c-06f5698ffbd9}'/><EventID>1</EventID><Version>5</Version><Level>4</Level><Task>1</Task><Opcode>0</Opcode><Keywords>0x8000000000000000</Keywords><TimeCreated SystemTime='2024-12-12T22:11:13.4294605Z'/><EventRecordID>100137</EventRecordID><Correlation/><Execution ProcessID='3780' ThreadID='5104'/><Channel>Microsoft-Windows-Sysmon/Operational</Channel><Computer>WindowsTarget</Computer><Security UserID='S-1-5-18'/>",,,,,,,,,,,,,,,,,1,Devices,0,"'5104'","2024-12-12T22:11:13.4294605Z",,,,,"NT AUTHORITY\SYSTEM","'S-1-5-18'",,,,,,,,,,"2024-12-12 22:11:13.427",5,,,,,"<Event xmlns='http://schemas.microsoft.com/win/2004/08/events/event'><System><Provider Name='Microsoft-Windows-Sysmon' Guid='{5770385f-c22a-43e0-bf4c-06f5698ffbd9}'/><EventID>1</EventID><Version>5</Version><Level>4</Level><Task>1</Task><Opcode>0</Opcode><Keywords>0x8000000000000000</Keywords><TimeCreated SystemTime='2024-12-12T22:11:13.4294605Z'/><EventRecordID>100137</EventRecordID><Correlation/><Execution ProcessID='3780' ThreadID='5104'/><Channel>Microsoft-Windows-Sysmon/Operational</Channel><Computer>WindowsTarget</Computer><Security UserID='S-1-5-18'/></System><EventData><Data Name='RuleName'>-</Data><Data Name='UtcTime'>2024-12-12 22:11:13.427</Data><Data Name='ProcessGuid'>{8e02ef74-5f81-675b-f708-000000002a00}</Data><Data Name='ProcessId'>5508</Data><Data Name='Image'>C:\Program Files\SplunkUniversalForwarder\bin\splunk-netmon.exe</Data><Data Name='FileVersion'>9.3.2</Data><Data Name='Description'>Network monitor</Data><Data Name='Product'>Splunk Application</Data><Data Name='Company'>Splunk Inc.</Data><Data Name='OriginalFileName'>splunk-netmon.exe</Data><Data Name='CommandLine'>""C:\Program Files\SplunkUniversalForwarder\bin\splunk-netmon.exe""</Data><Data Name='CurrentDirectory'>C:\Windows\system32\</Data><Data Name='User'>NT AUTHORITY\SYSTEM</Data><Data Name='LogonGuid'>{8e02ef74-3d4a-675b-e703-000000000000}</Data><Data Name='LogonId'>0x3e7</Data><Data Name='TerminalSessionId'>0</Data><Data Name='IntegrityLevel'>System</Data><Data Name='Hashes'>MD5=756110565070D47561719347DCA1DCC3,SHA256=06E3FE75815AEBB30EFAC1A85BCB41C37660B8CFE052544AA694DD569E5AF2D0,IMPHASH=089EDE8293334E8B52F638440313FE63</Data><Data Name='ParentProcessGuid'>{8e02ef74-5344-675b-2706-000000002a00}</Data><Data Name='ParentProcessId'>9752</Data><Data Name='ParentImage'>C:\Program Files\SplunkUniversalForwarder\bin\splunkd.exe</Data><Data Name='ParentCommandLine'>""C:\Program Files\SplunkUniversalForwarder\bin\splunkd.exe"" service</Data><Data Name='ParentUser'>NT AUTHORITY\SYSTEM</Data></EventData></Event>","2024-12-12T17:11:13.000-0500",allowed,,,,,,,,,,,WindowsTarget,,,,,,,WindowsTarget,,WindowsTarget,100137,"endpoint_services_processes ms-sysmon-process windows_event_signature windows_ta_data",,,,,,,,WindowsTarget,,,100137,main,1,,,,,,,,,,,,,"splunk-netmon.exe","Microsoft Windows","""C:\Program Files\SplunkUniversalForwarder\bin\splunkd.exe"" service","splunkd.exe","{8e02ef74-5344-675b-2706-000000002a00}",9752,"splunkd.exe","C:\Program Files\SplunkUniversalForwarder\bin\splunkd.exe",,,,"""C:\Program Files\SplunkUniversalForwarder\bin\splunk-netmon.exe""","C:\Windows\system32\","splunk-netmon.exe","{8e02ef74-5f81-675b-f708-000000002a00}","MD5=756110565070D47561719347DCA1DCC3,SHA256=06E3FE75815AEBB30EFAC1A85BCB41C37660B8CFE052544AA694DD569E5AF2D0,IMPHASH=089EDE8293334E8B52F638440313FE63",5508,System,"splunk-netmon.exe","C:\Program Files\SplunkUniversalForwarder\bin\splunk-netmon.exe",,,,"<_='://../////'><><_='--'_='{----}'/><></><></><><",,,,,,,,,,,,,,,,,,,,,,informational,4,"Process creation",1,"XmlWinEventLog:Microsoft-Windows-Sysmon/Operational",XmlWinEventLog,FedoraThreatHunting,,,,,,,,,,,,,,,,,,,,,"process
report
track_event_signatures",,,,"process
report
track_event_signatures",,,,,,,,,SYSTEM,,,"'S-1-5-18'",,,,,"Microsoft Sysmon"
,,,,,,,,,,,,,,,"Microsoft-Windows-Sysmon/Operational",,,,,,,"""C:\Program Files\SplunkUniversalForwarder\bin\splunk-MonitorNoHandle.exe""","Windows (R) Win 7 DDK provider",WindowsTarget,,,,,"C:\Windows\system32\","SplunkMonNoHandle Control Program",,,,,,,,,,,,"Microsoft-Windows-Sysmon/Operational",1,"<Data Name='RuleName'>-</Data><Data Name='UtcTime'>2024-12-12 22:11:12.812</Data><Data Name='ProcessGuid'>{8e02ef74-5f80-675b-f608-000000002a00}</Data><Data Name='ProcessId'>8956</Data><Data Name='Image'>C:\Program Files\SplunkUniversalForwarder\bin\splunk-MonitorNoHandle.exe</Data><Data Name='FileVersion'>10.0.10011.16384</Data><Data Name='Description'>SplunkMonNoHandle Control Program</Data><Data Name='Product'>Windows (R) Win 7 DDK driver</Data><Data Name='Company'>Windows (R) Win 7 DDK provider</Data><Data Name='OriginalFileName'>SplunkMonNoHandle.exe</Data><Data Name='CommandLine'>""C:\Program Files\SplunkUniversalForwarder\bin\splunk-MonitorNoHandle.exe""</Data><Data Name='CurrentDirectory'>C:\Windows\system32\</Data><Data Name='User'>NT AUTHORITY\SYSTEM</Data><Data Name='LogonGuid'>{8e02ef74-3d4a-675b-e703-000000000000}</Data><Data Name='LogonId'>0x3e7</Data><Data Name='TerminalSessionId'>0</Data><Data Name='IntegrityLevel'>System</Data><Data Name='Hashes'>MD5=B6C7EE9D75B2CC2B9A92D862B91E1943,SHA256=3FADA20382E33E6E270311B68BBAFFEAFF8F4C9367ABC255914C0D3CC542885F,IMPHASH=2EAA996E48B92C5E3FBBCC0A72683CB6</Data><Data Name='ParentProcessGuid'>{8e02ef74-5344-675b-2706-000000002a00}</Data><Data Name='ParentProcessId'>9752</Data><Data Name='ParentImage'>C:\Program Files\SplunkUniversalForwarder\bin\splunkd.exe</Data><Data Name='ParentCommandLine'>""C:\Program Files\SplunkUniversalForwarder\bin\splunkd.exe"" service</Data><Data Name='ParentUser'>NT AUTHORITY\SYSTEM</Data>","Process creation",1,100136,,,"10.0.10011.16384",,,,,,,,"'{5770385f-c22a-43e0-bf4c-06f5698ffbd9}'","MD5=B6C7EE9D75B2CC2B9A92D862B91E1943,SHA256=3FADA20382E33E6E270311B68BBAFFEAFF8F4C9367ABC255914C0D3CC542885F,IMPHASH=2EAA996E48B92C5E3FBBCC0A72683CB6",,,2EAA996E48B92C5E3FBBCC0A72683CB6,"C:\Program Files\SplunkUniversalForwarder\bin\splunk-MonitorNoHandle.exe",,,,System,,,,0x8000000000000000,4,,,"{8e02ef74-3d4a-675b-e703-000000000000}",0x3e7,,,,,,,,,B6C7EE9D75B2CC2B9A92D862B91E1943,,,,,,,"'Microsoft-Windows-Sysmon'",,,,,,,,,,,,,0,"SplunkMonNoHandle.exe",,"""C:\Program Files\SplunkUniversalForwarder\bin\splunkd.exe"" service","C:\Program Files\SplunkUniversalForwarder\bin\splunkd.exe","{8e02ef74-5344-675b-2706-000000002a00}",9752,"NT AUTHORITY\SYSTEM",,,,,,,"{8e02ef74-5f80-675b-f608-000000002a00}","'3780'",8956,,,,"Windows (R) Win 7 DDK driver",,,,,,100136,100136,,,,,"-",,3FADA20382E33E6E270311B68BBAFFEAFF8F4C9367ABC255914C0D3CC542885F,,,"S-1-5-18",,,,,,,,,,,,,,,,,,,,,,"'2024-12-12T22:11:12.8139837Z'","<Provider Name='Microsoft-Windows-Sysmon' Guid='{5770385f-c22a-43e0-bf4c-06f5698ffbd9}'/><EventID>1</EventID><Version>5</Version><Level>4</Level><Task>1</Task><Opcode>0</Opcode><Keywords>0x8000000000000000</Keywords><TimeCreated SystemTime='2024-12-12T22:11:12.8139837Z'/><EventRecordID>100136</EventRecordID><Correlation/><Execution ProcessID='3780' ThreadID='5104'/><Channel>Microsoft-Windows-Sysmon/Operational</Channel><Computer>WindowsTarget</Computer><Security UserID='S-1-5-18'/>",,,,,,,,,,,,,,,,,1,Devices,0,"'5104'","2024-12-12T22:11:12.8139837Z",,,,,"NT AUTHORITY\SYSTEM","'S-1-5-18'",,,,,,,,,,"2024-12-12 22:11:12.812",5,,,,,"<Event xmlns='http://schemas.microsoft.com/win/2004/08/events/event'><System><Provider Name='Microsoft-Windows-Sysmon' Guid='{5770385f-c22a-43e0-bf4c-06f5698ffbd9}'/><EventID>1</EventID><Version>5</Version><Level>4</Level><Task>1</Task><Opcode>0</Opcode><Keywords>0x8000000000000000</Keywords><TimeCreated SystemTime='2024-12-12T22:11:12.8139837Z'/><EventRecordID>100136</EventRecordID><Correlation/><Execution ProcessID='3780' ThreadID='5104'/><Channel>Microsoft-Windows-Sysmon/Operational</Channel><Computer>WindowsTarget</Computer><Security UserID='S-1-5-18'/></System><EventData><Data Name='RuleName'>-</Data><Data Name='UtcTime'>2024-12-12 22:11:12.812</Data><Data Name='ProcessGuid'>{8e02ef74-5f80-675b-f608-000000002a00}</Data><Data Name='ProcessId'>8956</Data><Data Name='Image'>C:\Program Files\SplunkUniversalForwarder\bin\splunk-MonitorNoHandle.exe</Data><Data Name='FileVersion'>10.0.10011.16384</Data><Data Name='Description'>SplunkMonNoHandle Control Program</Data><Data Name='Product'>Windows (R) Win 7 DDK driver</Data><Data Name='Company'>Windows (R) Win 7 DDK provider</Data><Data Name='OriginalFileName'>SplunkMonNoHandle.exe</Data><Data Name='CommandLine'>""C:\Program Files\SplunkUniversalForwarder\bin\splunk-MonitorNoHandle.exe""</Data><Data Name='CurrentDirectory'>C:\Windows\system32\</Data><Data Name='User'>NT AUTHORITY\SYSTEM</Data><Data Name='LogonGuid'>{8e02ef74-3d4a-675b-e703-000000000000}</Data><Data Name='LogonId'>0x3e7</Data><Data Name='TerminalSessionId'>0</Data><Data Name='IntegrityLevel'>System</Data><Data Name='Hashes'>MD5=B6C7EE9D75B2CC2B9A92D862B91E1943,SHA256=3FADA20382E33E6E270311B68BBAFFEAFF8F4C9367ABC255914C0D3CC542885F,IMPHASH=2EAA996E48B92C5E3FBBCC0A72683CB6</Data><Data Name='ParentProcessGuid'>{8e02ef74-5344-675b-2706-000000002a00}</Data><Data Name='ParentProcessId'>9752</Data><Data Name='ParentImage'>C:\Program Files\SplunkUniversalForwarder\bin\splunkd.exe</Data><Data Name='ParentCommandLine'>""C:\Program Files\SplunkUniversalForwarder\bin\splunkd.exe"" service</Data><Data Name='ParentUser'>NT AUTHORITY\SYSTEM</Data></EventData></Event>","2024-12-12T17:11:12.000-0500",allowed,,,,,,,,,,,WindowsTarget,,,,,,,WindowsTarget,,WindowsTarget,100136,"endpoint_services_processes ms-sysmon-process windows_event_signature windows_ta_data",,,,,,,,WindowsTarget,,,100136,main,1,,,,,,,,,,,,,"SplunkMonNoHandle.exe","Microsoft Windows","""C:\Program Files\SplunkUniversalForwarder\bin\splunkd.exe"" service","splunkd.exe","{8e02ef74-5344-675b-2706-000000002a00}",9752,"splunkd.exe","C:\Program Files\SplunkUniversalForwarder\bin\splunkd.exe",,,,"""C:\Program Files\SplunkUniversalForwarder\bin\splunk-MonitorNoHandle.exe""","C:\Windows\system32\","splunk-MonitorNoHandle.exe","{8e02ef74-5f80-675b-f608-000000002a00}","MD5=B6C7EE9D75B2CC2B9A92D862B91E1943,SHA256=3FADA20382E33E6E270311B68BBAFFEAFF8F4C9367ABC255914C0D3CC542885F,IMPHASH=2EAA996E48B92C5E3FBBCC0A72683CB6",8956,System,"splunk-MonitorNoHandle.exe","C:\Program Files\SplunkUniversalForwarder\bin\splunk-MonitorNoHandle.exe",,,,"<_='://../////'><><_='--'_='{----}'/><></><></><><",,,,,,,,,,,,,,,,,,,,,,informational,4,"Process creation",1,"XmlWinEventLog:Microsoft-Windows-Sysmon/Operational",XmlWinEventLog,FedoraThreatHunting,,,,,,,,,,,,,,,,,,,,,"process
report
track_event_signatures",,,,"process
report
track_event_signatures",,,,,,,,,SYSTEM,,,"'S-1-5-18'",,,,,"Microsoft Sysmon"
,,,,,,,,,,,,,,,"Microsoft-Windows-Sysmon/Operational",,,,,,,"""C:\Program Files\SplunkUniversalForwarder\bin\splunk-admon.exe""","Splunk Inc.",WindowsTarget,,,,,"C:\Windows\system32\","Active Directory monitor",,,,,,,,,,,,"Microsoft-Windows-Sysmon/Operational",1,"<Data Name='RuleName'>-</Data><Data Name='UtcTime'>2024-12-12 22:11:12.048</Data><Data Name='ProcessGuid'>{8e02ef74-5f80-675b-f508-000000002a00}</Data><Data Name='ProcessId'>12044</Data><Data Name='Image'>C:\Program Files\SplunkUniversalForwarder\bin\splunk-admon.exe</Data><Data Name='FileVersion'>9.3.2</Data><Data Name='Description'>Active Directory monitor</Data><Data Name='Product'>splunk Application</Data><Data Name='Company'>Splunk Inc.</Data><Data Name='OriginalFileName'>splunk-admon.exe</Data><Data Name='CommandLine'>""C:\Program Files\SplunkUniversalForwarder\bin\splunk-admon.exe""</Data><Data Name='CurrentDirectory'>C:\Windows\system32\</Data><Data Name='User'>NT AUTHORITY\SYSTEM</Data><Data Name='LogonGuid'>{8e02ef74-3d4a-675b-e703-000000000000}</Data><Data Name='LogonId'>0x3e7</Data><Data Name='TerminalSessionId'>0</Data><Data Name='IntegrityLevel'>System</Data><Data Name='Hashes'>MD5=A836DF719BC5FB4821031DEA6C5322AA,SHA256=BD54D780B1BAB2CFF649EC25152AA4D9DEC7308A19F6C314FBFB5F4D14E1C868,IMPHASH=7B2E714E806DF6D24F76D65BEACA3A28</Data><Data Name='ParentProcessGuid'>{8e02ef74-5344-675b-2706-000000002a00}</Data><Data Name='ParentProcessId'>9752</Data><Data Name='ParentImage'>C:\Program Files\SplunkUniversalForwarder\bin\splunkd.exe</Data><Data Name='ParentCommandLine'>""C:\Program Files\SplunkUniversalForwarder\bin\splunkd.exe"" service</Data><Data Name='ParentUser'>NT AUTHORITY\SYSTEM</Data>","Process creation",1,100135,,,"9.3.2",,,,,,,,"'{5770385f-c22a-43e0-bf4c-06f5698ffbd9}'","MD5=A836DF719BC5FB4821031DEA6C5322AA,SHA256=BD54D780B1BAB2CFF649EC25152AA4D9DEC7308A19F6C314FBFB5F4D14E1C868,IMPHASH=7B2E714E806DF6D24F76D65BEACA3A28",,,7B2E714E806DF6D24F76D65BEACA3A28,"C:\Program Files\SplunkUniversalForwarder\bin\splunk-admon.exe",,,,System,,,,0x8000000000000000,4,,,"{8e02ef74-3d4a-675b-e703-000000000000}",0x3e7,,,,,,,,,A836DF719BC5FB4821031DEA6C5322AA,,,,,,,"'Microsoft-Windows-Sysmon'",,,,,,,,,,,,,0,"splunk-admon.exe",,"""C:\Program Files\SplunkUniversalForwarder\bin\splunkd.exe"" service","C:\Program Files\SplunkUniversalForwarder\bin\splunkd.exe","{8e02ef74-5344-675b-2706-000000002a00}",9752,"NT AUTHORITY\SYSTEM",,,,,,,"{8e02ef74-5f80-675b-f508-000000002a00}","'3780'",12044,,,,"splunk Application",,,,,,100135,100135,,,,,"-",,BD54D780B1BAB2CFF649EC25152AA4D9DEC7308A19F6C314FBFB5F4D14E1C868,,,"S-1-5-18",,,,,,,,,,,,,,,,,,,,,,"'2024-12-12T22:11:12.0497125Z'","<Provider Name='Microsoft-Windows-Sysmon' Guid='{5770385f-c22a-43e0-bf4c-06f5698ffbd9}'/><EventID>1</EventID><Version>5</Version><Level>4</Level><Task>1</Task><Opcode>0</Opcode><Keywords>0x8000000000000000</Keywords><TimeCreated SystemTime='2024-12-12T22:11:12.0497125Z'/><EventRecordID>100135</EventRecordID><Correlation/><Execution ProcessID='3780' ThreadID='5104'/><Channel>Microsoft-Windows-Sysmon/Operational</Channel><Computer>WindowsTarget</Computer><Security UserID='S-1-5-18'/>",,,,,,,,,,,,,,,,,1,Devices,0,"'5104'","2024-12-12T22:11:12.0497125Z",,,,,"NT AUTHORITY\SYSTEM","'S-1-5-18'",,,,,,,,,,"2024-12-12 22:11:12.048",5,,,,,"<Event xmlns='http://schemas.microsoft.com/win/2004/08/events/event'><System><Provider Name='Microsoft-Windows-Sysmon' Guid='{5770385f-c22a-43e0-bf4c-06f5698ffbd9}'/><EventID>1</EventID><Version>5</Version><Level>4</Level><Task>1</Task><Opcode>0</Opcode><Keywords>0x8000000000000000</Keywords><TimeCreated SystemTime='2024-12-12T22:11:12.0497125Z'/><EventRecordID>100135</EventRecordID><Correlation/><Execution ProcessID='3780' ThreadID='5104'/><Channel>Microsoft-Windows-Sysmon/Operational</Channel><Computer>WindowsTarget</Computer><Security UserID='S-1-5-18'/></System><EventData><Data Name='RuleName'>-</Data><Data Name='UtcTime'>2024-12-12 22:11:12.048</Data><Data Name='ProcessGuid'>{8e02ef74-5f80-675b-f508-000000002a00}</Data><Data Name='ProcessId'>12044</Data><Data Name='Image'>C:\Program Files\SplunkUniversalForwarder\bin\splunk-admon.exe</Data><Data Name='FileVersion'>9.3.2</Data><Data Name='Description'>Active Directory monitor</Data><Data Name='Product'>splunk Application</Data><Data Name='Company'>Splunk Inc.</Data><Data Name='OriginalFileName'>splunk-admon.exe</Data><Data Name='CommandLine'>""C:\Program Files\SplunkUniversalForwarder\bin\splunk-admon.exe""</Data><Data Name='CurrentDirectory'>C:\Windows\system32\</Data><Data Name='User'>NT AUTHORITY\SYSTEM</Data><Data Name='LogonGuid'>{8e02ef74-3d4a-675b-e703-000000000000}</Data><Data Name='LogonId'>0x3e7</Data><Data Name='TerminalSessionId'>0</Data><Data Name='IntegrityLevel'>System</Data><Data Name='Hashes'>MD5=A836DF719BC5FB4821031DEA6C5322AA,SHA256=BD54D780B1BAB2CFF649EC25152AA4D9DEC7308A19F6C314FBFB5F4D14E1C868,IMPHASH=7B2E714E806DF6D24F76D65BEACA3A28</Data><Data Name='ParentProcessGuid'>{8e02ef74-5344-675b-2706-000000002a00}</Data><Data Name='ParentProcessId'>9752</Data><Data Name='ParentImage'>C:\Program Files\SplunkUniversalForwarder\bin\splunkd.exe</Data><Data Name='ParentCommandLine'>""C:\Program Files\SplunkUniversalForwarder\bin\splunkd.exe"" service</Data><Data Name='ParentUser'>NT AUTHORITY\SYSTEM</Data></EventData></Event>","2024-12-12T17:11:12.000-0500",allowed,,,,,,,,,,,WindowsTarget,,,,,,,WindowsTarget,,WindowsTarget,100135,"endpoint_services_processes ms-sysmon-process windows_event_signature windows_ta_data",,,,,,,,WindowsTarget,,,100135,main,1,,,,,,,,,,,,,"splunk-admon.exe","Microsoft Windows","""C:\Program Files\SplunkUniversalForwarder\bin\splunkd.exe"" service","splunkd.exe","{8e02ef74-5344-675b-2706-000000002a00}",9752,"splunkd.exe","C:\Program Files\SplunkUniversalForwarder\bin\splunkd.exe",,,,"""C:\Program Files\SplunkUniversalForwarder\bin\splunk-admon.exe""","C:\Windows\system32\","splunk-admon.exe","{8e02ef74-5f80-675b-f508-000000002a00}","MD5=A836DF719BC5FB4821031DEA6C5322AA,SHA256=BD54D780B1BAB2CFF649EC25152AA4D9DEC7308A19F6C314FBFB5F4D14E1C868,IMPHASH=7B2E714E806DF6D24F76D65BEACA3A28",12044,System,"splunk-admon.exe","C:\Program Files\SplunkUniversalForwarder\bin\splunk-admon.exe",,,,"<_='://../////'><><_='--'_='{----}'/><></><></><><",,,,,,,,,,,,,,,,,,,,,,informational,4,"Process creation",1,"XmlWinEventLog:Microsoft-Windows-Sysmon/Operational",XmlWinEventLog,FedoraThreatHunting,,,,,,,,,,,,,,,,,,,,,"process
report
track_event_signatures",,,,"process
report
track_event_signatures",,,,,,,,,SYSTEM,,,"'S-1-5-18'",,,,,"Microsoft Sysmon"
,,,,,,,,,,,,,,,"Microsoft-Windows-Sysmon/Operational",,,,,,,,,WindowsTarget,,,,,,,,"WindowsTarget.gwvavixz1yzuxgweuyqj3hytvf.ux.internal.cloudapp.net","10.0.0.5",false,3389,"ms-wbt-server",,,,,,"Microsoft-Windows-Sysmon/Operational",3,"<Data Name='RuleName'>RDP</Data><Data Name='UtcTime'>2024-12-12 22:10:59.184</Data><Data Name='ProcessGuid'>{8e02ef74-3d4b-675b-1200-000000002a00}</Data><Data Name='ProcessId'>792</Data><Data Name='Image'>C:\Windows\System32\svchost.exe</Data><Data Name='User'>NT AUTHORITY\NETWORK SERVICE</Data><Data Name='Protocol'>tcp</Data><Data Name='Initiated'>false</Data><Data Name='SourceIsIpv6'>false</Data><Data Name='SourceIp'>206.189.152.52</Data><Data Name='SourceHostname'>-</Data><Data Name='SourcePort'>59935</Data><Data Name='SourcePortName'>-</Data><Data Name='DestinationIsIpv6'>false</Data><Data Name='DestinationIp'>10.0.0.5</Data><Data Name='DestinationHostname'>WindowsTarget.gwvavixz1yzuxgweuyqj3hytvf.ux.internal.cloudapp.net</Data><Data Name='DestinationPort'>3389</Data><Data Name='DestinationPortName'>ms-wbt-server</Data>","Network connection",3,100134,,,,,,,,,,,"'{5770385f-c22a-43e0-bf4c-06f5698ffbd9}'",,,,,"C:\Windows\System32\svchost.exe",,,false,,,,,0x8000000000000000,4,,,,,,,,,,,,,,,,,,,,"'Microsoft-Windows-Sysmon'",,,,,,,,,,,,,0,,,,,,,,,,,,,,"{8e02ef74-3d4b-675b-1200-000000002a00}","'3780'",792,,,,,,tcp,,,,100134,100134,,,,,RDP,,,,,"S-1-5-18",,"-","206.189.152.52",false,,59935,"-",,,,,,,,,,,,,,,"'2024-12-12T22:11:01.2653941Z'","<Provider Name='Microsoft-Windows-Sysmon' Guid='{5770385f-c22a-43e0-bf4c-06f5698ffbd9}'/><EventID>3</EventID><Version>5</Version><Level>4</Level><Task>3</Task><Opcode>0</Opcode><Keywords>0x8000000000000000</Keywords><TimeCreated SystemTime='2024-12-12T22:11:01.2653941Z'/><EventRecordID>100134</EventRecordID><Correlation/><Execution ProcessID='3780' ThreadID='3880'/><Channel>Microsoft-Windows-Sysmon/Operational</Channel><Computer>WindowsTarget</Computer><Security UserID='S-1-5-18'/>",,,,,,,,,,,,,,,,,3,Printers,,"'3880'","2024-12-12T22:11:01.2653941Z",,,,,"NT AUTHORITY\NETWORK SERVICE","'S-1-5-18'",,,,,,,,,,"2024-12-12 22:10:59.184",5,,,,,"<Event xmlns='http://schemas.microsoft.com/win/2004/08/events/event'><System><Provider Name='Microsoft-Windows-Sysmon' Guid='{5770385f-c22a-43e0-bf4c-06f5698ffbd9}'/><EventID>3</EventID><Version>5</Version><Level>4</Level><Task>3</Task><Opcode>0</Opcode><Keywords>0x8000000000000000</Keywords><TimeCreated SystemTime='2024-12-12T22:11:01.2653941Z'/><EventRecordID>100134</EventRecordID><Correlation/><Execution ProcessID='3780' ThreadID='3880'/><Channel>Microsoft-Windows-Sysmon/Operational</Channel><Computer>WindowsTarget</Computer><Security UserID='S-1-5-18'/></System><EventData><Data Name='RuleName'>RDP</Data><Data Name='UtcTime'>2024-12-12 22:10:59.184</Data><Data Name='ProcessGuid'>{8e02ef74-3d4b-675b-1200-000000002a00}</Data><Data Name='ProcessId'>792</Data><Data Name='Image'>C:\Windows\System32\svchost.exe</Data><Data Name='User'>NT AUTHORITY\NETWORK SERVICE</Data><Data Name='Protocol'>tcp</Data><Data Name='Initiated'>false</Data><Data Name='SourceIsIpv6'>false</Data><Data Name='SourceIp'>206.189.152.52</Data><Data Name='SourceHostname'>-</Data><Data Name='SourcePort'>59935</Data><Data Name='SourcePortName'>-</Data><Data Name='DestinationIsIpv6'>false</Data><Data Name='DestinationIp'>10.0.0.5</Data><Data Name='DestinationHostname'>WindowsTarget.gwvavixz1yzuxgweuyqj3hytvf.ux.internal.cloudapp.net</Data><Data Name='DestinationPort'>3389</Data><Data Name='DestinationPortName'>ms-wbt-server</Data></EventData></Event>","2024-