12-12T16:59:59.000-0500",created,,,,,,,,,,,WindowsTarget,,,,,,,WindowsTarget,,WindowsTarget,99915,"endpoint_services_processes ms-sysmon-filemod windows_event_signature windows_ta_data",,"2024-12-12 21:59:59.155",,,"api-ms-win-core-string-l1-1-0.dll","C:\Users\inf808\AppData\Local\Temp\_MEI35082\api-ms-win-core-string-l1-1-0.dll",,WindowsTarget,,,99915,main,1,,,,,,,,,,file,,,,,,,,,,,,,,,,"LaZagne.exe","{8e02ef74-5cde-675b-5708-000000002a00}",,3508,,"LaZagne.exe","C:\Users\inf808\AppData\Local\inf808\LaZagne.exe",,,,"<_='://../////'><><_='--'_='{----}'/><></><></><><",,,,,,,,,,,,,,,,,,,,,,informational,4,FileCreate,11,"XmlWinEventLog:Microsoft-Windows-Sysmon/Operational",XmlWinEventLog,FedoraThreatHunting,,,,,,,,,,,,,,,,,,,,,"endpoint
filesystem
track_event_signatures",,,,"endpoint
filesystem
track_event_signatures",filesystem,,,,,,,,inf808,,,"'S-1-5-18'",,,,,"Microsoft Sysmon"
,,,,,,,,,,,,,,,"Microsoft-Windows-Sysmon/Operational",,,,,,,,,WindowsTarget,,,"2024-12-12 21:59:59.153",,,,,,,,,,,,,,,"Microsoft-Windows-Sysmon/Operational",11,"<Data Name='RuleName'>DLL</Data><Data Name='UtcTime'>2024-12-12 21:59:59.153</Data><Data Name='ProcessGuid'>{8e02ef74-5cde-675b-5708-000000002a00}</Data><Data Name='ProcessId'>3508</Data><Data Name='Image'>C:\Users\inf808\AppData\Local\inf808\LaZagne.exe</Data><Data Name='TargetFilename'>C:\Users\inf808\AppData\Local\Temp\_MEI35082\api-ms-win-core-rtlsupport-l1-1-0.dll</Data><Data Name='CreationUtcTime'>2024-12-12 21:59:59.153</Data><Data Name='User'>WindowsTarget\inf808</Data>",FileCreate,11,99914,,,,,,,,,,,"'{5770385f-c22a-43e0-bf4c-06f5698ffbd9}'",,,,,"C:\Users\inf808\AppData\Local\inf808\LaZagne.exe",,,,,,,,0x8000000000000000,4,,,,,,,,,,,,,,,,,,,,"'Microsoft-Windows-Sysmon'",,,,,,,,,,,,,0,,,,,,,,,,,,,,"{8e02ef74-5cde-675b-5708-000000002a00}","'3780'",3508,,,,,,,,,,99914,99914,,,,,DLL,,,,,"S-1-5-18",,,,,,,,,,,,,,,,,,,,,,"'2024-12-12T21:59:59.1544685Z'","<Provider Name='Microsoft-Windows-Sysmon' Guid='{5770385f-c22a-43e0-bf4c-06f5698ffbd9}'/><EventID>11</EventID><Version>2</Version><Level>4</Level><Task>11</Task><Opcode>0</Opcode><Keywords>0x8000000000000000</Keywords><TimeCreated SystemTime='2024-12-12T21:59:59.1544685Z'/><EventRecordID>99914</EventRecordID><Correlation/><Execution ProcessID='3780' ThreadID='5104'/><Channel>Microsoft-Windows-Sysmon/Operational</Channel><Computer>WindowsTarget</Computer><Security UserID='S-1-5-18'/>",,"C:\Users\inf808\AppData\Local\Temp\_MEI35082\api-ms-win-core-rtlsupport-l1-1-0.dll",,,,,,,,,,,,,,,11,"System Parameter Settings",,"'5104'","2024-12-12T21:59:59.1544685Z",,,,,"WindowsTarget\inf808","'S-1-5-18'",,,,,,,,,,"2024-12-12 21:59:59.153",2,,,,,"<Event xmlns='http://schemas.microsoft.com/win/2004/08/events/event'><System><Provider Name='Microsoft-Windows-Sysmon' Guid='{5770385f-c22a-43e0-bf4c-06f5698ffbd9}'/><EventID>11</EventID><Version>2</Version><Level>4</Level><Task>11</Task><Opcode>0</Opcode><Keywords>0x8000000000000000</Keywords><TimeCreated SystemTime='2024-12-12T21:59:59.1544685Z'/><EventRecordID>99914</EventRecordID><Correlation/><Execution ProcessID='3780' ThreadID='5104'/><Channel>Microsoft-Windows-Sysmon/Operational</Channel><Computer>WindowsTarget</Computer><Security UserID='S-1-5-18'/></System><EventData><Data Name='RuleName'>DLL</Data><Data Name='UtcTime'>2024-12-12 21:59:59.153</Data><Data Name='ProcessGuid'>{8e02ef74-5cde-675b-5708-000000002a00}</Data><Data Name='ProcessId'>3508</Data><Data Name='Image'>C:\Users\inf808\AppData\Local\inf808\LaZagne.exe</Data><Data Name='TargetFilename'>C:\Users\inf808\AppData\Local\Temp\_MEI35082\api-ms-win-core-rtlsupport-l1-1-0.dll</Data><Data Name='CreationUtcTime'>2024-12-12 21:59:59.153</Data><Data Name='User'>WindowsTarget\inf808</Data></EventData></Event>","2024-12-12T16:59:59.000-0500",created,,,,,,,,,,,WindowsTarget,,,,,,,WindowsTarget,,WindowsTarget,99914,"endpoint_services_processes ms-sysmon-filemod windows_event_signature windows_ta_data",,"2024-12-12 21:59:59.153",,,"api-ms-win-core-rtlsupport-l1-1-0.dll","C:\Users\inf808\AppData\Local\Temp\_MEI35082\api-ms-win-core-rtlsupport-l1-1-0.dll",,WindowsTarget,,,99914,main,1,,,,,,,,,,file,,,,,,,,,,,,,,,,"LaZagne.exe","{8e02ef74-5cde-675b-5708-000000002a00}",,3508,,"LaZagne.exe","C:\Users\inf808\AppData\Local\inf808\LaZagne.exe",,,,"<_='://../////'><><_='--'_='{----}'/><></><></><><",,,,,,,,,,,,,,,,,,,,,,informational,4,FileCreate,11,"XmlWinEventLog:Microsoft-Windows-Sysmon/Operational",XmlWinEventLog,FedoraThreatHunting,,,,,,,,,,,,,,,,,,,,,"endpoint
filesystem
track_event_signatures",,,,"endpoint
filesystem
track_event_signatures",filesystem,,,,,,,,inf808,,,"'S-1-5-18'",,,,,"Microsoft Sysmon"
,,,,,,,,,,,,,,,"Microsoft-Windows-Sysmon/Operational",,,,,,,,,WindowsTarget,,,"2024-12-12 21:59:59.152",,,,,,,,,,,,,,,"Microsoft-Windows-Sysmon/Operational",11,"<Data Name='RuleName'>DLL</Data><Data Name='UtcTime'>2024-12-12 21:59:59.152</Data><Data Name='ProcessGuid'>{8e02ef74-5cde-675b-5708-000000002a00}</Data><Data Name='ProcessId'>3508</Data><Data Name='Image'>C:\Users\inf808\AppData\Local\inf808\LaZagne.exe</Data><Data Name='TargetFilename'>C:\Users\inf808\AppData\Local\Temp\_MEI35082\api-ms-win-core-profile-l1-1-0.dll</Data><Data Name='CreationUtcTime'>2024-12-12 21:59:59.152</Data><Data Name='User'>WindowsTarget\inf808</Data>",FileCreate,11,99913,,,,,,,,,,,"'{5770385f-c22a-43e0-bf4c-06f5698ffbd9}'",,,,,"C:\Users\inf808\AppData\Local\inf808\LaZagne.exe",,,,,,,,0x8000000000000000,4,,,,,,,,,,,,,,,,,,,,"'Microsoft-Windows-Sysmon'",,,,,,,,,,,,,0,,,,,,,,,,,,,,"{8e02ef74-5cde-675b-5708-000000002a00}","'3780'",3508,,,,,,,,,,99913,99913,,,,,DLL,,,,,"S-1-5-18",,,,,,,,,,,,,,,,,,,,,,"'2024-12-12T21:59:59.1531516Z'","<Provider Name='Microsoft-Windows-Sysmon' Guid='{5770385f-c22a-43e0-bf4c-06f5698ffbd9}'/><EventID>11</EventID><Version>2</Version><Level>4</Level><Task>11</Task><Opcode>0</Opcode><Keywords>0x8000000000000000</Keywords><TimeCreated SystemTime='2024-12-12T21:59:59.1531516Z'/><EventRecordID>99913</EventRecordID><Correlation/><Execution ProcessID='3780' ThreadID='5104'/><Channel>Microsoft-Windows-Sysmon/Operational</Channel><Computer>WindowsTarget</Computer><Security UserID='S-1-5-18'/>",,"C:\Users\inf808\AppData\Local\Temp\_MEI35082\api-ms-win-core-profile-l1-1-0.dll",,,,,,,,,,,,,,,11,"System Parameter Settings",,"'5104'","2024-12-12T21:59:59.1531516Z",,,,,"WindowsTarget\inf808","'S-1-5-18'",,,,,,,,,,"2024-12-12 21:59:59.152",2,,,,,"<Event xmlns='http://schemas.microsoft.com/win/2004/08/events/event'><System><Provider Name='Microsoft-Windows-Sysmon' Guid='{5770385f-c22a-43e0-bf4c-06f5698ffbd9}'/><EventID>11</EventID><Version>2</Version><Level>4</Level><Task>11</Task><Opcode>0</Opcode><Keywords>0x8000000000000000</Keywords><TimeCreated SystemTime='2024-12-12T21:59:59.1531516Z'/><EventRecordID>99913</EventRecordID><Correlation/><Execution ProcessID='3780' ThreadID='5104'/><Channel>Microsoft-Windows-Sysmon/Operational</Channel><Computer>WindowsTarget</Computer><Security UserID='S-1-5-18'/></System><EventData><Data Name='RuleName'>DLL</Data><Data Name='UtcTime'>2024-12-12 21:59:59.152</Data><Data Name='ProcessGuid'>{8e02ef74-5cde-675b-5708-000000002a00}</Data><Data Name='ProcessId'>3508</Data><Data Name='Image'>C:\Users\inf808\AppData\Local\inf808\LaZagne.exe</Data><Data Name='TargetFilename'>C:\Users\inf808\AppData\Local\Temp\_MEI35082\api-ms-win-core-profile-l1-1-0.dll</Data><Data Name='CreationUtcTime'>2024-12-12 21:59:59.152</Data><Data Name='User'>WindowsTarget\inf808</Data></EventData></Event>","2024-12-12T16:59:59.000-0500",created,,,,,,,,,,,WindowsTarget,,,,,,,WindowsTarget,,WindowsTarget,99913,"endpoint_services_processes ms-sysmon-filemod windows_event_signature windows_ta_data",,"2024-12-12 21:59:59.152",,,"api-ms-win-core-profile-l1-1-0.dll","C:\Users\inf808\AppData\Local\Temp\_MEI35082\api-ms-win-core-profile-l1-1-0.dll",,WindowsTarget,,,99913,main,1,,,,,,,,,,file,,,,,,,,,,,,,,,,"LaZagne.exe","{8e02ef74-5cde-675b-5708-000000002a00}",,3508,,"LaZagne.exe","C:\Users\inf808\AppData\Local\inf808\LaZagne.exe",,,,"<_='://../////'><><_='--'_='{----}'/><></><></><><",,,,,,,,,,,,,,,,,,,,,,informational,4,FileCreate,11,"XmlWinEventLog:Microsoft-Windows-Sysmon/Operational",XmlWinEventLog,FedoraThreatHunting,,,,,,,,,,,,,,,,,,,,,"endpoint
filesystem
track_event_signatures",,,,"endpoint
filesystem
track_event_signatures",filesystem,,,,,,,,inf808,,,"'S-1-5-18'",,,,,"Microsoft Sysmon"
,,,,,,,,,,,,,,,"Microsoft-Windows-Sysmon/Operational",,,,,,,,,WindowsTarget,,,"2024-12-12 21:59:59.151",,,,,,,,,,,,,,,"Microsoft-Windows-Sysmon/Operational",11,"<Data Name='RuleName'>DLL</Data><Data Name='UtcTime'>2024-12-12 21:59:59.151</Data><Data Name='ProcessGuid'>{8e02ef74-5cde-675b-5708-000000002a00}</Data><Data Name='ProcessId'>3508</Data><Data Name='Image'>C:\Users\inf808\AppData\Local\inf808\LaZagne.exe</Data><Data Name='TargetFilename'>C:\Users\inf808\AppData\Local\Temp\_MEI35082\api-ms-win-core-processthreads-l1-1-1.dll</Data><Data Name='CreationUtcTime'>2024-12-12 21:59:59.151</Data><Data Name='User'>WindowsTarget\inf808</Data>",FileCreate,11,99912,,,,,,,,,,,"'{5770385f-c22a-43e0-bf4c-06f5698ffbd9}'",,,,,"C:\Users\inf808\AppData\Local\inf808\LaZagne.exe",,,,,,,,0x8000000000000000,4,,,,,,,,,,,,,,,,,,,,"'Microsoft-Windows-Sysmon'",,,,,,,,,,,,,0,,,,,,,,,,,,,,"{8e02ef74-5cde-675b-5708-000000002a00}","'3780'",3508,,,,,,,,,,99912,99912,,,,,DLL,,,,,"S-1-5-18",,,,,,,,,,,,,,,,,,,,,,"'2024-12-12T21:59:59.1520207Z'","<Provider Name='Microsoft-Windows-Sysmon' Guid='{5770385f-c22a-43e0-bf4c-06f5698ffbd9}'/><EventID>11</EventID><Version>2</Version><Level>4</Level><Task>11</Task><Opcode>0</Opcode><Keywords>0x8000000000000000</Keywords><TimeCreated SystemTime='2024-12-12T21:59:59.1520207Z'/><EventRecordID>99912</EventRecordID><Correlation/><Execution ProcessID='3780' ThreadID='5104'/><Channel>Microsoft-Windows-Sysmon/Operational</Channel><Computer>WindowsTarget</Computer><Security UserID='S-1-5-18'/>",,"C:\Users\inf808\AppData\Local\Temp\_MEI35082\api-ms-win-core-processthreads-l1-1-1.dll",,,,,,,,,,,,,,,11,"System Parameter Settings",,"'5104'","2024-12-12T21:59:59.1520207Z",,,,,"WindowsTarget\inf808","'S-1-5-18'",,,,,,,,,,"2024-12-12 21:59:59.151",2,,,,,"<Event xmlns='http://schemas.microsoft.com/win/2004/08/events/event'><System><Provider Name='Microsoft-Windows-Sysmon' Guid='{5770385f-c22a-43e0-bf4c-06f5698ffbd9}'/><EventID>11</EventID><Version>2</Version><Level>4</Level><Task>11</Task><Opcode>0</Opcode><Keywords>0x8000000000000000</Keywords><TimeCreated SystemTime='2024-12-12T21:59:59.1520207Z'/><EventRecordID>99912</EventRecordID><Correlation/><Execution ProcessID='3780' ThreadID='5104'/><Channel>Microsoft-Windows-Sysmon/Operational</Channel><Computer>WindowsTarget</Computer><Security UserID='S-1-5-18'/></System><EventData><Data Name='RuleName'>DLL</Data><Data Name='UtcTime'>2024-12-12 21:59:59.151</Data><Data Name='ProcessGuid'>{8e02ef74-5cde-675b-5708-000000002a00}</Data><Data Name='ProcessId'>3508</Data><Data Name='Image'>C:\Users\inf808\AppData\Local\inf808\LaZagne.exe</Data><Data Name='TargetFilename'>C:\Users\inf808\AppData\Local\Temp\_MEI35082\api-ms-win-core-processthreads-l1-1-1.dll</Data><Data Name='CreationUtcTime'>2024-12-12 21:59:59.151</Data><Data Name='User'>WindowsTarget\inf808</Data></EventData></Event>","2024-12-12T16:59:59.000-0500",created,,,,,,,,,,,WindowsTarget,,,,,,,WindowsTarget,,WindowsTarget,99912,"endpoint_services_processes ms-sysmon-filemod windows_event_signature windows_ta_data",,"2024-12-12 21:59:59.151",,,"api-ms-win-core-processthreads-l1-1-1.dll","C:\Users\inf808\AppData\Local\Temp\_MEI35082\api-ms-win-core-processthreads-l1-1-1.dll",,WindowsTarget,,,99912,main,1,,,,,,,,,,file,,,,,,,,,,,,,,,,"LaZagne.exe","{8e02ef74-5cde-675b-5708-000000002a00}",,3508,,"LaZagne.exe","C:\Users\inf808\AppData\Local\inf808\LaZagne.exe",,,,"<_='://../////'><><_='--'_='{----}'/><></><></><><",,,,,,,,,,,,,,,,,,,,,,informational,4,FileCreate,11,"XmlWinEventLog:Microsoft-Windows-Sysmon/Operational",XmlWinEventLog,FedoraThreatHunting,,,,,,,,,,,,,,,,,,,,,"endpoint
filesystem
track_event_signatures",,,,"endpoint
filesystem
track_event_signatures",filesystem,,,,,,,,inf808,,,"'S-1-5-18'",,,,,"Microsoft Sysmon"
,,,,,,,,,,,,,,,"Microsoft-Windows-Sysmon/Operational",,,,,,,,,WindowsTarget,,,"2024-12-12 21:59:59.149",,,,,,,,,,,,,,,"Microsoft-Windows-Sysmon/Operational",11,"<Data Name='RuleName'>DLL</Data><Data Name='UtcTime'>2024-12-12 21:59:59.150</Data><Data Name='ProcessGuid'>{8e02ef74-5cde-675b-5708-000000002a00}</Data><Data Name='ProcessId'>3508</Data><Data Name='Image'>C:\Users\inf808\AppData\Local\inf808\LaZagne.exe</Data><Data Name='TargetFilename'>C:\Users\inf808\AppData\Local\Temp\_MEI35082\api-ms-win-core-processthreads-l1-1-0.dll</Data><Data Name='CreationUtcTime'>2024-12-12 21:59:59.149</Data><Data Name='User'>WindowsTarget\inf808</Data>",FileCreate,11,99911,,,,,,,,,,,"'{5770385f-c22a-43e0-bf4c-06f5698ffbd9}'",,,,,"C:\Users\inf808\AppData\Local\inf808\LaZagne.exe",,,,,,,,0x8000000000000000,4,,,,,,,,,,,,,,,,,,,,"'Microsoft-Windows-Sysmon'",,,,,,,,,,,,,0,,,,,,,,,,,,,,"{8e02ef74-5cde-675b-5708-000000002a00}","'3780'",3508,,,,,,,,,,99911,99911,,,,,DLL,,,,,"S-1-5-18",,,,,,,,,,,,,,,,,,,,,,"'2024-12-12T21:59:59.1507875Z'","<Provider Name='Microsoft-Windows-Sysmon' Guid='{5770385f-c22a-43e0-bf4c-06f5698ffbd9}'/><EventID>11</EventID><Version>2</Version><Level>4</Level><Task>11</Task><Opcode>0</Opcode><Keywords>0x8000000000000000</Keywords><TimeCreated SystemTime='2024-12-12T21:59:59.1507875Z'/><EventRecordID>99911</EventRecordID><Correlation/><Execution ProcessID='3780' ThreadID='5104'/><Channel>Microsoft-Windows-Sysmon/Operational</Channel><Computer>WindowsTarget</Computer><Security UserID='S-1-5-18'/>",,"C:\Users\inf808\AppData\Local\Temp\_MEI35082\api-ms-win-core-processthreads-l1-1-0.dll",,,,,,,,,,,,,,,11,"System Parameter Settings",,"'5104'","2024-12-12T21:59:59.1507875Z",,,,,"WindowsTarget\inf808","'S-1-5-18'",,,,,,,,,,"2024-12-12 21:59:59.150",2,,,,,"<Event xmlns='http://schemas.microsoft.com/win/2004/08/events/event'><System><Provider Name='Microsoft-Windows-Sysmon' Guid='{5770385f-c22a-43e0-bf4c-06f5698ffbd9}'/><EventID>11</EventID><Version>2</Version><Level>4</Level><Task>11</Task><Opcode>0</Opcode><Keywords>0x8000000000000000</Keywords><TimeCreated SystemTime='2024-12-12T21:59:59.1507875Z'/><EventRecordID>99911</EventRecordID><Correlation/><Execution ProcessID='3780' ThreadID='5104'/><Channel>Microsoft-Windows-Sysmon/Operational</Channel><Computer>WindowsTarget</Computer><Security UserID='S-1-5-18'/></System><EventData><Data Name='RuleName'>DLL</Data><Data Name='UtcTime'>2024-12-12 21:59:59.150</Data><Data Name='ProcessGuid'>{8e02ef74-5cde-675b-5708-000000002a00}</Data><Data Name='ProcessId'>3508</Data><Data Name='Image'>C:\Users\inf808\AppData\Local\inf808\LaZagne.exe</Data><Data Name='TargetFilename'>C:\Users\inf808\AppData\Local\Temp\_MEI35082\api-ms-win-core-processthreads-l1-1-0.dll</Data><Data Name='CreationUtcTime'>2024-12-12 21:59:59.149</Data><Data Name='User'>WindowsTarget\inf808</Data></EventData></Event>","2024-12-12T16:59:59.000-0500",modified,,,,,,,,,,,WindowsTarget,,,,,,,WindowsTarget,,WindowsTarget,99911,"endpoint_services_processes ms-sysmon-filemod windows_event_signature windows_ta_data",,"2024-12-12 21:59:59.149",,,"api-ms-win-core-processthreads-l1-1-0.dll","C:\Users\inf808\AppData\Local\Temp\_MEI35082\api-ms-win-core-processthreads-l1-1-0.dll",,WindowsTarget,,,99911,main,1,,,,,,,,,,file,,,,,,,,,,,,,,,,"LaZagne.exe","{8e02ef74-5cde-675b-5708-000000002a00}",,3508,,"LaZagne.exe","C:\Users\inf808\AppData\Local\inf808\LaZagne.exe",,,,"<_='://../////'><><_='--'_='{----}'/><></><></><><",,,,,,,,,,,,,,,,,,,,,,informational,4,FileCreate,11,"XmlWinEventLog:Microsoft-Windows-Sysmon/Operational",XmlWinEventLog,FedoraThreatHunting,,,,,,,,,,,,,,,,,,,,,"endpoint
filesystem
track_event_signatures",,,,"endpoint
filesystem
track_event_signatures",filesystem,,,,,,,,inf808,,,"'S-1-5-18'",,,,,"Microsoft Sysmon"
,,,,,,,,,,,,,,,"Microsoft-Windows-Sysmon/Operational",,,,,,,,,WindowsTarget,,,"2024-12-12 21:59:59.148",,,,,,,,,,,,,,,"Microsoft-Windows-Sysmon/Operational",11,"<Data Name='RuleName'>DLL</Data><Data Name='UtcTime'>2024-12-12 21:59:59.148</Data><Data Name='ProcessGuid'>{8e02ef74-5cde-675b-5708-000000002a00}</Data><Data Name='ProcessId'>3508</Data><Data Name='Image'>C:\Users\inf808\AppData\Local\inf808\LaZagne.exe</Data><Data Name='TargetFilename'>C:\Users\inf808\AppData\Local\Temp\_MEI35082\api-ms-win-core-processenvironment-l1-1-0.dll</Data><Data Name='CreationUtcTime'>2024-12-12 21:59:59.148</Data><Data Name='User'>WindowsTarget\inf808</Data>",FileCreate,11,99910,,,,,,,,,,,"'{5770385f-c22a-43e0-bf4c-06f5698ffbd9}'",,,,,"C:\Users\inf808\AppData\Local\inf808\LaZagne.exe",,,,,,,,0x8000000000000000,4,,,,,,,,,,,,,,,,,,,,"'Microsoft-Windows-Sysmon'",,,,,,,,,,,,,0,,,,,,,,,,,,,,"{8e02ef74-5cde-675b-5708-000000002a00}","'3780'",3508,,,,,,,,,,99910,99910,,,,,DLL,,,,,"S-1-5-18",,,,,,,,,,,,,,,,,,,,,,"'2024-12-12T21:59:59.1490197Z'","<Provider Name='Microsoft-Windows-Sysmon' Guid='{5770385f-c22a-43e0-bf4c-06f5698ffbd9}'/><EventID>11</EventID><Version>2</Version><Level>4</Level><Task>11</Task><Opcode>0</Opcode><Keywords>0x8000000000000000</Keywords><TimeCreated SystemTime='2024-12-12T21:59:59.1490197Z'/><EventRecordID>99910</EventRecordID><Correlation/><Execution ProcessID='3780' ThreadID='5104'/><Channel>Microsoft-Windows-Sysmon/Operational</Channel><Computer>WindowsTarget</Computer><Security UserID='S-1-5-18'/>",,"C:\Users\inf808\AppData\Local\Temp\_MEI35082\api-ms-win-core-processenvironment-l1-1-0.dll",,,,,,,,,,,,,,,11,"System Parameter Settings",,"'5104'","2024-12-12T21:59:59.1490197Z",,,,,"WindowsTarget\inf808","'S-1-5-18'",,,,,,,,,,"2024-12-12 21:59:59.148",2,,,,,"<Event xmlns='http://schemas.microsoft.com/win/2004/08/events/event'><System><Provider Name='Microsoft-Windows-Sysmon' Guid='{5770385f-c22a-43e0-bf4c-06f5698ffbd9}'/><EventID>11</EventID><Version>2</Version><Level>4</Level><Task>11</Task><Opcode>0</Opcode><Keywords>0x8000000000000000</Keywords><TimeCreated SystemTime='2024-12-12T21:59:59.1490197Z'/><EventRecordID>99910</EventRecordID><Correlation/><Execution ProcessID='3780' ThreadID='5104'/><Channel>Microsoft-Windows-Sysmon/Operational</Channel><Computer>WindowsTarget</Computer><Security UserID='S-1-5-18'/></System><EventData><Data Name='RuleName'>DLL</Data><Data Name='UtcTime'>2024-12-12 21:59:59.148</Data><Data Name='ProcessGuid'>{8e02ef74-5cde-675b-5708-000000002a00}</Data><Data Name='ProcessId'>3508</Data><Data Name='Image'>C:\Users\inf808\AppData\Local\inf808\LaZagne.exe</Data><Data Name='TargetFilename'>C:\Users\inf808\AppData\Local\Temp\_MEI35082\api-ms-win-core-processenvironment-l1-1-0.dll</Data><Data Name='CreationUtcTime'>2024-12-12 21:59:59.148</Data><Data Name='User'>WindowsTarget\inf808</Data></EventData></Event>","2024-12-12T16:59:59.000-0500",created,,,,,,,,,,,WindowsTarget,,,,,,,WindowsTarget,,WindowsTarget,99910,"endpoint_services_processes ms-sysmon-filemod windows_event_signature windows_ta_data",,"2024-12-12 21:59:59.148",,,"api-ms-win-core-processenvironment-l1-1-0.dll","C:\Users\inf808\AppData\Local\Temp\_MEI35082\api-ms-win-core-processenvironment-l1-1-0.dll",,WindowsTarget,,,99910,main,1,,,,,,,,,,file,,,,,,,,,,,,,,,,"LaZagne.exe","{8e02ef74-5cde-675b-5708-000000002a00}",,3508,,"LaZagne.exe","C:\Users\inf808\AppData\Local\inf808\LaZagne.exe",,,,"<_='://../////'><><_='--'_='{----}'/><></><></><><",,,,,,,,,,,,,,,,,,,,,,informational,4,FileCreate,11,"XmlWinEventLog:Microsoft-Windows-Sysmon/Operational",XmlWinEventLog,FedoraThreatHunting,,,,,,,,,,,,,,,,,,,,,"endpoint
filesystem
track_event_signatures",,,,"endpoint
filesystem
track_event_signatures",filesystem,,,,,,,,inf808,,,"'S-1-5-18'",,,,,"Microsoft Sysmon"
,,,,,,,,,,,,,,,"Microsoft-Windows-Sysmon/Operational",,,,,,,,,WindowsTarget,,,"2024-12-12 21:59:59.147",,,,,,,,,,,,,,,"Microsoft-Windows-Sysmon/Operational",11,"<Data Name='RuleName'>DLL</Data><Data Name='UtcTime'>2024-12-12 21:59:59.147</Data><Data Name='ProcessGuid'>{8e02ef74-5cde-675b-5708-000000002a00}</Data><Data Name='ProcessId'>3508</Data><Data Name='Image'>C:\Users\inf808\AppData\Local\inf808\LaZagne.exe</Data><Data Name='TargetFilename'>C:\Users\inf808\AppData\Local\Temp\_MEI35082\api-ms-win-core-namedpipe-l1-1-0.dll</Data><Data Name='CreationUtcTime'>2024-12-12 21:59:59.147</Data><Data Name='User'>WindowsTarget\inf808</Data>",FileCreate,11,99909,,,,,,,,,,,"'{5770385f-c22a-43e0-bf4c-06f5698ffbd9}'",,,,,"C:\Users\inf808\AppData\Local\inf808\LaZagne.exe",,,,,,,,0x8000000000000000,4,,,,,,,,,,,,,,,,,,,,"'Microsoft-Windows-Sysmon'",,,,,,,,,,,,,0,,,,,,,,,,,,,,"{8e02ef74-5cde-675b-5708-000000002a00}","'3780'",3508,,,,,,,,,,99909,99909,,,,,DLL,,,,,"S-1-5-18",,,,,,,,,,,,,,,,,,,,,,"'2024-12-12T21:59:59.1477404Z'","<Provider Name='Microsoft-Windows-Sysmon' Guid='{5770385f-c22a-43e0-bf4c-06f5698ffbd9}'/><EventID>11</EventID><Version>2</Version><Level>4</Level><Task>11</Task><Opcode>0</Opcode><Keywords>0x8000000000000000</Keywords><TimeCreated SystemTime='2024-12-12T21:59:59.1477404Z'/><EventRecordID>99909</EventRecordID><Correlation/><Execution ProcessID='3780' ThreadID='5104'/><Channel>Microsoft-Windows-Sysmon/Operational</Channel><Computer>WindowsTarget</Computer><Security UserID='S-1-5-18'/>",,"C:\Users\inf808\AppData\Local\Temp\_MEI35082\api-ms-win-core-namedpipe-l1-1-0.dll",,,,,,,,,,,,,,,11,"System Parameter Settings",,"'5104'","2024-12-12T21:59:59.1477404Z",,,,,"WindowsTarget\inf808","'S-1-5-18'",,,,,,,,,,"2024-12-12 21:59:59.147",2,,,,,"<Event xmlns='http://schemas.microsoft.com/win/2004/08/events/event'><System><Provider Name='Microsoft-Windows-Sysmon' Guid='{5770385f-c22a-43e0-bf4c-06f5698ffbd9}'/><EventID>11</EventID><Version>2</Version><Level>4</Level><Task>11</Task><Opcode>0</Opcode><Keywords>0x8000000000000000</Keywords><TimeCreated SystemTime='2024-12-12T21:59:59.1477404Z'/><EventRecordID>99909</EventRecordID><Correlation/><Execution ProcessID='3780' ThreadID='5104'/><Channel>Microsoft-Windows-Sysmon/Operational</Channel><Computer>WindowsTarget</Computer><Security UserID='S-1-5-18'/></System><EventData><Data Name='RuleName'>DLL</Data><Data Name='UtcTime'>2024-12-12 21:59:59.147</Data><Data Name='ProcessGuid'>{8e02ef74-5cde-675b-5708-000000002a00}</Data><Data Name='ProcessId'>3508</Data><Data Name='Image'>C:\Users\inf808\AppData\Local\inf808\LaZagne.exe</Data><Data Name='TargetFilename'>C:\Users\inf808\AppData\Local\Temp\_MEI35082\api-ms-win-core-namedpipe-l1-1-0.dll</Data><Data Name='CreationUtcTime'>2024-12-12 21:59:59.147</Data><Data Name='User'>WindowsTarget\inf808</Data></EventData></Event>","2024-12-12T16:59:59.000-0500",created,,,,,,,,,,,WindowsTarget,,,,,,,WindowsTarget,,WindowsTarget,99909,"endpoint_services_processes ms-sysmon-filemod windows_event_signature windows_ta_data",,"2024-12-12 21:59:59.147",,,"api-ms-win-core-namedpipe-l1-1-0.dll","C:\Users\inf808\AppData\Local\Temp\_MEI35082\api-ms-win-core-namedpipe-l1-1-0.dll",,WindowsTarget,,,99909,main,1,,,,,,,,,,file,,,,,,,,,,,,,,,,"LaZagne.exe","{8e02ef74-5cde-675b-5708-000000002a00}",,3508,,"LaZagne.exe","C:\Users\inf808\AppData\Local\inf808\LaZagne.exe",,,,"<_='://../////'><><_='--'_='{----}'/><></><></><><",,,,,,,,,,,,,,,,,,,,,,informational,4,FileCreate,11,"XmlWinEventLog:Microsoft-Windows-Sysmon/Operational",XmlWinEventLog,FedoraThreatHunting,,,,,,,,,,,,,,,,,,,,,"endpoint
filesystem
track_event_signatures",,,,"endpoint
filesystem
track_event_signatures",filesystem,,,,,,,,inf808,,,"'S-1-5-18'",,,,,"Microsoft Sysmon"
,,,,,,,,,,,,,,,"Microsoft-Windows-Sysmon/Operational",,,,,,,,,WindowsTarget,,,"2024-12-12 21:59:59.145",,,,,,,,,,,,,,,"Microsoft-Windows-Sysmon/Operational",11,"<Data Name='RuleName'>DLL</Data><Data Name='UtcTime'>2024-12-12 21:59:59.145</Data><Data Name='ProcessGuid'>{8e02ef74-5cde-675b-5708-000000002a00}</Data><Data Name='ProcessId'>3508</Data><Data Name='Image'>C:\Users\inf808\AppData\Local\inf808\LaZagne.exe</Data><Data Name='TargetFilename'>C:\Users\inf808\AppData\Local\Temp\_MEI35082\api-ms-win-core-memory-l1-1-0.dll</Data><Data Name='CreationUtcTime'>2024-12-12 21:59:59.145</Data><Data Name='User'>WindowsTarget\inf808</Data>",FileCreate,11,99908,,,,,,,,,,,"'{5770385f-c22a-43e0-bf4c-06f5698ffbd9}'",,,,,"C:\Users\inf808\AppData\Local\inf808\LaZagne.exe",,,,,,,,0x8000000000000000,4,,,,,,,,,,,,,,,,,,,,"'Microsoft-Windows-Sysmon'",,,,,,,,,,,,,0,,,,,,,,,,,,,,"{8e02ef74-5cde-675b-5708-000000002a00}","'3780'",3508,,,,,,,,,,99908,99908,,,,,DLL,,,,,"S-1-5-18",,,,,,,,,,,,,,,,,,,,,,"'2024-12-12T21:59:59.1462663Z'","<Provider Name='Microsoft-Windows-Sysmon' Guid='{5770385f-c22a-43e0-bf4c-06f5698ffbd9}'/><EventID>11</EventID><Version>2</Version><Level>4</Level><Task>11</Task><Opcode>0</Opcode><Keywords>0x8000000000000000</Keywords><TimeCreated SystemTime='2024-12-12T21:59:59.1462663Z'/><EventRecordID>99908</EventRecordID><Correlation/><Execution ProcessID='3780' ThreadID='5104'/><Channel>Microsoft-Windows-Sysmon/Operational</Channel><Computer>WindowsTarget</Computer><Security UserID='S-1-5-18'/>",,"C:\Users\inf808\AppData\Local\Temp\_MEI35082\api-ms-win-core-memory-l1-1-0.dll",,,,,,,,,,,,,,,11,"System Parameter Settings",,"'5104'","2024-12-12T21:59:59.1462663Z",,,,,"WindowsTarget\inf808","'S-1-5-18'",,,,,,,,,,"2024-12-12 21:59:59.145",2,,,,,"<Event xmlns='http://schemas.microsoft.com/win/2004/08/events/event'><System><Provider Name='Microsoft-Windows-Sysmon' Guid='{5770385f-c22a-43e0-bf4c-06f5698ffbd9}'/><EventID>11</EventID><Version>2</Version><Level>4</Level><Task>11</Task><Opcode>0</Opcode><Keywords>0x8000000000000000</Keywords><TimeCreated SystemTime='2024-12-12T21:59:59.1462663Z'/><EventRecordID>99908</EventRecordID><Correlation/><Execution ProcessID='3780' ThreadID='5104'/><Channel>Microsoft-Windows-Sysmon/Operational</Channel><Computer>WindowsTarget</Computer><Security UserID='S-1-5-18'/></System><EventData><Data Name='RuleName'>DLL</Data><Data Name='UtcTime'>2024-12-12 21:59:59.145</Data><Data Name='ProcessGuid'>{8e02ef74-5cde-675b-5708-000000002a00}</Data><Data Name='ProcessId'>3508</Data><Data Name='Image'>C:\Users\inf808\AppData\Local\inf808\LaZagne.exe</Data><Data Name='TargetFilename'>C:\Users\inf808\AppData\Local\Temp\_MEI35082\api-ms-win-core-memory-l1-1-0.dll</Data><Data Name='CreationUtcTime'>2024-12-12 21:59:59.145</Data><Data Name='User'>WindowsTarget\inf808</Data></EventData></Event>","2024-12-12T16:59:59.000-0500",created,,,,,,,,,,,WindowsTarget,,,,,,,WindowsTarget,,WindowsTarget,99908,"endpoint_services_processes ms-sysmon-filemod windows_event_signature windows_ta_data",,"2024-12-12 21:59:59.145",,,"api-ms-win-core-memory-l1-1-0.dll","C:\Users\inf808\AppData\Local\Temp\_MEI35082\api-ms-win-core-memory-l1-1-0.dll",,WindowsTarget,,,99908,main,1,,,,,,,,,,file,,,,,,,,,,,,,,,,"LaZagne.exe","{8e02ef74-5cde-675b-5708-000000002a00}",,3508,,"LaZagne.exe","C:\Users\inf808\AppData\Local\inf808\LaZagne.exe",,,,"<_='://../////'><><_='--'_='{----}'/><></><></><><",,,,,,,,,,,,,,,,,,,,,,informational,4,FileCreate,11,"XmlWinEventLog:Microsoft-Windows-Sysmon/Operational",XmlWinEventLog,FedoraThreatHunting,,,,,,,,,,,,,,,,,,,,,"endpoint
filesystem
track_event_signatures",,,,"endpoint
filesystem
track_event_signatures",filesystem,,,,,,,,inf808,,,"'S-1-5-18'",,,,,"Microsoft Sysmon"
,,,,,,,,,,,,,,,"Microsoft-Windows-Sysmon/Operational",,,,,,,,,WindowsTarget,,,"2024-12-12 21:59:59.144",,,,,,,,,,,,,,,"Microsoft-Windows-Sysmon/Operational",11,"<Data Name='RuleName'>DLL</Data><Data Name='UtcTime'>2024-12-12 21:59:59.144</Data><Data Name='ProcessGuid'>{8e02ef74-5cde-675b-5708-000000002a00}</Data><Data Name='ProcessId'>3508</Data><Data Name='Image'>C:\Users\inf808\AppData\Local\inf808\LaZagne.exe</Data><Data Name='TargetFilename'>C:\Users\inf808\AppData\Local\Temp\_MEI35082\api-ms-win-core-localization-l1-2-0.dll</Data><Data Name='CreationUtcTime'>2024-12-12 21:59:59.144</Data><Data Name='User'>WindowsTarget\inf808</Data>",FileCreate,11,99907,,,,,,,,,,,"'{5770385f-c22a-43e0-bf4c-06f5698ffbd9}'",,,,,"C:\Users\inf808\AppData\Local\inf808\LaZagne.exe",,,,,,,,0x8000000000000000,4,,,,,,,,,,,,,,,,,,,,"'Microsoft-Windows-Sysmon'",,,,,,,,,,,,,0,,,,,,,,,,,,,,"{8e02ef74-5cde-675b-5708-000000002a00}","'3780'",3508,,,,,,,,,,99907,99907,,,,,DLL,,,,,"S-1-5-18",,,,,,,,,,,,,,,,,,,,,,"'2024-12-12T21:59:59.1448761Z'","<Provider Name='Microsoft-Windows-Sysmon' Guid='{5770385f-c22a-43e0-bf4c-06f5698ffbd9}'/><EventID>11</EventID><Version>2</Version><Level>4</Level><Task>11</Task><Opcode>0</Opcode><Keywords>0x8000000000000000</Keywords><TimeCreated SystemTime='2024-12-12T21:59:59.1448761Z'/><EventRecordID>99907</EventRecordID><Correlation/><Execution ProcessID='3780' ThreadID='5104'/><Channel>Microsoft-Windows-Sysmon/Operational</Channel><Computer>WindowsTarget</Computer><Security UserID='S-1-5-18'/>",,"C:\Users\inf808\AppData\Local\Temp\_MEI35082\api-ms-win-core-localization-l1-2-0.dll",,,,,,,,,,,,,,,11,"System Parameter Settings",,"'5104'","2024-12-12T21:59:59.1448761Z",,,,,"WindowsTarget\inf808","'S-1-5-18'",,,,,,,,,,"2024-12-12 21:59:59.144",2,,,,,"<Event xmlns='http://schemas.microsoft.com/win/2004/08/events/event'><System><Provider Name='Microsoft-Windows-Sysmon' Guid='{5770385f-c22a-43e0-bf4c-06f5698ffbd9}'/><EventID>11</EventID><Version>2</Version><Level>4</Level><Task>11</Task><Opcode>0</Opcode><Keywords>0x8000000000000000</Keywords><TimeCreated SystemTime='2024-12-12T21:59:59.1448761Z'/><EventRecordID>99907</EventRecordID><Correlation/><Execution ProcessID='3780' ThreadID='5104'/><Channel>Microsoft-Windows-Sysmon/Operational</Channel><Computer>WindowsTarget</Computer><Security UserID='S-1-5-18'/></System><EventData><Data Name='RuleName'>DLL</Data><Data Name='UtcTime'>2024-12-12 21:59:59.144</Data><Data Name='ProcessGuid'>{8e02ef74-5cde-675b-5708-000000002a00}</Data><Data Name='ProcessId'>3508</Data><Data Name='Image'>C:\Users\inf808\AppData\Local\inf808\LaZagne.exe</Data><Data Name='TargetFilename'>C:\Users\inf808\AppData\Local\Temp\_MEI35082\api-ms-win-core-localization-l1-2-0.dll</Data><Data Name='CreationUtcTime'>2024-12-12 21:59:59.144</Data><Data Name='User'>WindowsTarget\inf808</Data></EventData></Event>","2024-12-12T16:59:59.000-0500",created,,,,,,,,,,,WindowsTarget,,,,,,,WindowsTarget,,WindowsTarget,99907,"endpoint_services_processes ms-sysmon-filemod windows_event_signature windows_ta_data",,"2024-12-12 21:59:59.144",,,"api-ms-win-core-localization-l1-2-0.dll","C:\Users\inf808\AppData\Local\Temp\_MEI35082\api-ms-win-core-localization-l1-2-0.dll",,WindowsTarget,,,99907,main,1,,,,,,,,,,file,,,,,,,,,,,,,,,,"LaZagne.exe","{8e02ef74-5cde-675b-5708-000000002a00}",,3508,,"LaZagne.exe","C:\Users\inf808\AppData\Local\inf808\LaZagne.exe",,,,"<_='://../////'><><_='--'_='{----}'/><></><></><><",,,,,,,,,,,,,,,,,,,,,,informational,4,FileCreate,11,"XmlWinEventLog:Microsoft-Windows-Sysmon/Operational",XmlWinEventLog,FedoraThreatHunting,,,,,,,,,,,,,,,,,,,,,"endpoint
filesystem
track_event_signatures",,,,"endpoint
filesystem
track_event_signatures",filesystem,,,,,,,,inf808,,,"'S-1-5-18'",,,,,"Microsoft Sysmon"
,,,,,,,,,,,,,,,"Microsoft-Windows-Sysmon/Operational",,,,,,,,,WindowsTarget,,,"2024-12-12 21:59:59.143",,,,,,,,,,,,,,,"Microsoft-Windows-Sysmon/Operational",11,"<Data Name='RuleName'>DLL</Data><Data Name='UtcTime'>2024-12-12 21:59:59.143</Data><Data Name='ProcessGuid'>{8e02ef74-5cde-675b-5708-000000002a00}</Data><Data Name='ProcessId'>3508</Data><Data Name='Image'>C:\Users\inf808\AppData\Local\inf808\LaZagne.exe</Data><Data Name='TargetFilename'>C:\Users\inf808\AppData\Local\Temp\_MEI35082\api-ms-win-core-libraryloader-l1-1-0.dll</Data><Data Name='CreationUtcTime'>2024-12-12 21:59:59.143</Data><Data Name='User'>WindowsTarget\inf808</Data>",FileCreate,11,99906,,,,,,,,,,,"'{5770385f-c22a-43e0-bf4c-06f5698ffbd9}'",,,,,"C:\Users\inf808\AppData\Local\inf808\LaZagne.exe",,,,,,,,0x8000000000000000,4,,,,,,,,,,,,,,,,,,,,"'Microsoft-Windows-Sysmon'",,,,,,,,,,,,,0,,,,,,,,,,,,,,"{8e02ef74-5cde-675b-5708-000000002a00}","'3780'",3508,,,,,,,,,,99906,99906,,,,,DLL,,,,,"S-1-5-18",,,,,,,,,,,,,,,,,,,,,,"'2024-12-12T21:59:59.1437548Z'","<Provider Name='Microsoft-Windows-Sysmon' Guid='{5770385f-c22a-43e0-bf4c-06f5698ffbd9}'/><EventID>11</EventID><Version>2</Version><Level>4</Level><Task>11</Task><Opcode>0</Opcode><Keywords>0x8000000000000000</Keywords><TimeCreated SystemTime='2024-12-12T21:59:59.1437548Z'/><EventRecordID>99906</EventRecordID><Correlation/><Execution ProcessID='3780' ThreadID='5104'/><Channel>Microsoft-Windows-Sysmon/Operational</Channel><Computer>WindowsTarget</Computer><Security UserID='S-1-5-18'/>",,"C:\Users\inf808\AppData\Local\Temp\_MEI35082\api-ms-win-core-libraryloader-l1-1-0.dll",,,,,,,,,,,,,,,11,"System Parameter Settings",,"'5104'","2024-12-12T21:59:59.1437548Z",,,,,"WindowsTarget\inf808","'S-1-5-18'",,,,,,,,,,"2024-12-12 21:59:59.143",2,,,,,"<Event xmlns='http://schemas.microsoft.com/win/2004/08/events/event'><System><Provider Name='Microsoft-Windows-Sysmon' Guid='{5770385f-c22a-43e0-bf4c-06f5698ffbd9}'/><EventID>11</EventID><Version>2</Version><Level>4</Level><Task>11</Task><Opcode>0</Opcode><Keywords>0x8000000000000000</Keywords><TimeCreated SystemTime='2024-12-12T21:59:59.1437548Z'/><EventRecordID>99906</EventRecordID><Correlation/><Execution ProcessID='3780' ThreadID='5104'/><Channel>Microsoft-Windows-Sysmon/Operational</Channel><Computer>WindowsTarget</Computer><Security UserID='S-1-5-18'/></System><EventData><Data Name='RuleName'>DLL</Data><Data Name='UtcTime'>2024-12-12 21:59:59.143</Data><Data Name='ProcessGuid'>{8e02ef74-5cde-675b-5708-000000002a00}</Data><Data Name='ProcessId'>3508</Data><Data Name='Image'>C:\Users\inf808\AppData\Local\inf808\LaZagne.exe</Data><Data Name='TargetFilename'>C:\Users\inf808\AppData\Local\Temp\_MEI35082\api-ms-win-core-libraryloader-l1-1-0.dll</Data><Data Name='CreationUtcTime'>2024-12-12 21:59:59.143</Data><Data Name='User'>WindowsTarget\inf808</Data></EventData></Event>","2024-12-12T16:59:59.000-0500",created,,,,,,,,,,,WindowsTarget,,,,,,,WindowsTarget,,WindowsTarget,99906,"endpoint_services_processes ms-sysmon-filemod windows_event_signature windows_ta_data",,"2024-12-12 21:59:59.143",,,"api-ms-win-core-libraryloader-l1-1-0.dll","C:\Users\inf808\AppData\Local\Temp\_MEI35082\api-ms-win-core-libraryloader-l1-1-0.dll",,WindowsTarget,,,99906,main,1,,,,,,,,,,file,,,,,,,,,,,,,,,,"LaZagne.exe","{8e02ef74-5cde-675b-5708-000000002a00}",,3508,,"LaZagne.exe","C:\Users\inf808\AppData\Local\inf808\LaZagne.exe",,,,"<_='://../////'><><_='--'_='{----}'/><></><></><><",,,,,,,,,,,,,,,,,,,,,,informational,4,FileCreate,11,"XmlWinEventLog:Microsoft-Windows-Sysmon/Operational",XmlWinEventLog,FedoraThreatHunting,,,,,,,,,,,,,,,,,,,,,"endpoint
filesystem
track_event_signatures",,,,"endpoint
filesystem
track_event_signatures",filesystem,,,,,,,,inf808,,,"'S-1-5-18'",,,,,"Microsoft Sysmon"
,,,,,,,,,,,,,,,"Microsoft-Windows-Sysmon/Operational",,,,,,,,,WindowsTarget,,,"2024-12-12 21:59:59.141",,,,,,,,,,,,,,,"Microsoft-Windows-Sysmon/Operational",11,"<Data Name='RuleName'>DLL</Data><Data Name='UtcTime'>2024-12-12 21:59:59.142</Data><Data Name='ProcessGuid'>{8e02ef74-5cde-675b-5708-000000002a00}</Data><Data Name='ProcessId'>3508</Data><Data Name='Image'>C:\Users\inf808\AppData\Local\inf808\LaZagne.exe</Data><Data Name='TargetFilename'>C:\Users\inf808\AppData\Local\Temp\_MEI35082\api-ms-win-core-interlocked-l1-1-0.dll</Data><Data Name='CreationUtcTime'>2024-12-12 21:59:59.141</Data><Data Name='User'>WindowsTarget\inf808</Data>",FileCreate,11,99905,,,,,,,,,,,"'{5770385f-c22a-43e0-bf4c-06f5698ffbd9}'",,,,,"C:\Users\inf808\AppData\Local\inf808\LaZagne.exe",,,,,,,,0x8000000000000000,4,,,,,,,,,,,,,,,,,,,,"'Microsoft-Windows-Sysmon'",,,,,,,,,,,,,0,,,,,,,,,,,,,,"{8e02ef74-5cde-675b-5708-000000002a00}","'3780'",3508,,,,,,,,,,99905,99905,,,,,DLL,,,,,"S-1-5-18",,,,,,,,,,,,,,,,,,,,,,"'2024-12-12T21:59:59.1426055Z'","<Provider Name='Microsoft-Windows-Sysmon' Guid='{5770385f-c22a-43e0-bf4c-06f5698ffbd9}'/><EventID>11</EventID><Version>2</Version><Level>4</Level><Task>11</Task><Opcode>0</Opcode><Keywords>0x8000000000000000</Keywords><TimeCreated SystemTime='2024-12-12T21:59:59.1426055Z'/><EventRecordID>99905</EventRecordID><Correlation/><Execution ProcessID='3780' ThreadID='5104'/><Channel>Microsoft-Windows-Sysmon/Operational</Channel><Computer>WindowsTarget</Computer><Security UserID='S-1-5-18'/>",,"C:\Users\inf808\AppData\Local\Temp\_MEI35082\api-ms-win-core-interlocked-l1-1-0.dll",,,,,,,,,,,,,,,11,"System Parameter Settings",,"'5104'","2024-12-12T21:59:59.1426055Z",,,,,"WindowsTarget\inf808","'S-1-5-18'",,,,,,,,,,"2024-12-12 21:59:59.142",2,,,,,"<Event xmlns='http://schemas.microsoft.com/win/2004/08/events/event'><System><Provider Name='Microsoft-Windows-Sysmon' Guid='{5770385f-c22a-43e0-bf4c-06f5698ffbd9}'/><EventID>11</EventID><Version>2</Version><Level>4</Level><Task>11</Task><Opcode>0</Opcode><Keywords>0x8000000000000000</Keywords><TimeCreated SystemTime='2024-12-12T21:59:59.1426055Z'/><EventRecordID>99905</EventRecordID><Correlation/><Execution ProcessID='3780' ThreadID='5104'/><Channel>Microsoft-Windows-Sysmon/Operational</Channel><Computer>WindowsTarget</Computer><Security UserID='S-1-5-18'/></System><EventData><Data Name='RuleName'>DLL</Data><Data Name='UtcTime'>2024-12-12 21:59:59.142</Data><Data Name='ProcessGuid'>{8e02ef74-5cde-675b-5708-000000002a00}</Data><Data Name='ProcessId'>3508</Data><Data Name='Image'>C:\Users\inf808\AppData\Local\inf808\LaZagne.exe</Data><Data Name='TargetFilename'>C:\Users\inf808\AppData\Local\Temp\_MEI35082\api-ms-win-core-interlocked-l1-1-0.dll</Data><Data Name='CreationUtcTime'>2024-12-12 21:59:59.141</Data><Data Name='User'>WindowsTarget\inf808</Data></EventData></Event>","2024-12-12T16:59:59.000-0500",modified,,,,,,,,,,,WindowsTarget,,,,,,,WindowsTarget,,WindowsTarget,99905,"endpoint_services_processes ms-sysmon-filemod windows_event_signature windows_ta_data",,"2024-12-12 21:59:59.141",,,"api-ms-win-core-interlocked-l1-1-0.dll","C:\Users\inf808\AppData\Local\Temp\_MEI35082\api-ms-win-core-interlocked-l1-1-0.dll",,WindowsTarget,,,99905,main,1,,,,,,,,,,file,,,,,,,,,,,,,,,,"LaZagne.exe","{8e02ef74-5cde-675b-5708-000000002a00}",,3508,,"LaZagne.exe","C:\Users\inf808\AppData\Local\inf808\LaZagne.exe",,,,"<_='://../////'><><_='--'_='{----}'/><></><></><><",,,,,,,,,,,,,,,,,,,,,,informational,4,FileCreate,11,"XmlWinEventLog:Microsoft-Windows-Sysmon/Operational",XmlWinEventLog,FedoraThreatHunting,,,,,,,,,,,,,,,,,,,,,"endpoint
filesystem
track_event_signatures",,,,"endpoint
filesystem
track_event_signatures",filesystem,,,,,,,,inf808,,,"'S-1-5-18'",,,,,"Microsoft Sysmon"
,,,,,,,,,,,,,,,"Microsoft-Windows-Sysmon/Operational",,,,,,,,,WindowsTarget,,,"2024-12-12 21:59:59.140",,,,,,,,,,,,,,,"Microsoft-Windows-Sysmon/Operational",11,"<Data Name='RuleName'>DLL</Data><Data Name='UtcTime'>2024-12-12 21:59:59.140</Data><Data Name='ProcessGuid'>{8e02ef74-5cde-675b-5708-000000002a00}</Data><Data Name='ProcessId'>3508</Data><Data Name='Image'>C:\Users\inf808\AppData\Local\inf808\LaZagne.exe</Data><Data Name='TargetFilename'>C:\Users\inf808\AppData\Local\Temp\_MEI35082\api-ms-win-core-heap-l1-1-0.dll</Data><Data Name='CreationUtcTime'>2024-12-12 21:59:59.140</Data><Data Name='User'>WindowsTarget\inf808</Data>",FileCreate,11,99904,,,,,,,,,,,"'{5770385f-c22a-43e0-bf4c-06f5698ffbd9}'",,,,,"C:\Users\inf808\AppData\Local\inf808\LaZagne.exe",,,,,,,,0x8000000000000000,4,,,,,,,,,,,,,,,,,,,,"'Microsoft-Windows-Sysmon'",,,,,,,,,,,,,0,,,,,,,,,,,,,,"{8e02ef74-5cde-675b-5708-000000002a00}","'3780'",3508,,,,,,,,,,99904,99904,,,,,DLL,,,,,"S-1-5-18",,,,,,,,,,,,,,,,,,,,,,"'2024-12-12T21:59:59.1414636Z'","<Provider Name='Microsoft-Windows-Sysmon' Guid='{5770385f-c22a-43e0-bf4c-06f5698ffbd9}'/><EventID>11</EventID><Version>2</Version><Level>4</Level><Task>11</Task><Opcode>0</Opcode><Keywords>0x8000000000000000</Keywords><TimeCreated SystemTime='2024-12-12T21:59:59.1414636Z'/><EventRecordID>99904</EventRecordID><Correlation/><Execution ProcessID='3780' ThreadID='5104'/><Channel>Microsoft-Windows-Sysmon/Operational</Channel><Computer>WindowsTarget</Computer><Security UserID='S-1-5-18'/>",,"C:\Users\inf808\AppData\Local\Temp\_MEI35082\api-ms-win-core-heap-l1-1-0.dll",,,,,,,,,,,,,,,11,"System Parameter Settings",,"'5104'","2024-12-12T21:59:59.1414636Z",,,,,"WindowsTarget\inf808","'S-1-5-18'",,,,,,,,,,"2024-12-12 21:59:59.140",2,,,,,"<Event xmlns='http://schemas.microsoft.com/win/2004/08/events/event'><System><Provider Name='Microsoft-Windows-Sysmon' Guid='{5770385f-c22a-43e0-bf4c-06f5698ffbd9}'/><EventID>11</EventID><Version>2</Version><Level>4</Level><Task>11</Task><Opcode>0</Opcode><Keywords>0x8000000000000000</Keywords><TimeCreated SystemTime='2024-12-12T21:59:59.1414636Z'/><EventRecordID>99904</EventRecordID><Correlation/><Execution ProcessID='3780' ThreadID='5104'/><Channel>Microsoft-Windows-Sysmon/Operational</Channel><Computer>WindowsTarget</Computer><Security UserID='S-1-5-18'/></System><EventData><Data Name='RuleName'>DLL</Data><Data Name='UtcTime'>2024-12-12 21:59:59.140</Data><Data Name='ProcessGuid'>{8e02ef74-5cde-675b-5708-000000002a00}</Data><Data Name='ProcessId'>3508</Data><Data Name='Image'>C:\Users\inf808\AppData\Local\inf808\LaZagne.exe</Data><Data Name='TargetFilename'>C:\Users\inf808\AppData\Local\Temp\_MEI35082\api-ms-win-core-heap-l1-1-0.dll</Data><Data Name='CreationUtcTime'>2024-12-12 21:59:59.140</Data><Data Name='User'>WindowsTarget\inf808</Data></EventData></Event>","2024-12-12T16:59:59.000-0500",created,,,,,,,,,,,WindowsTarget,,,,,,,WindowsTarget,,WindowsTarget,99904,"endpoint_services_processes ms-sysmon-filemod windows_event_signature windows_ta_data",,"2024-12-12 21:59:59.140",,,"api-ms-win-core-heap-l1-1-0.dll","C:\Users\inf808\AppData\Local\Temp\_MEI35082\api-ms-win-core-heap-l1-1-0.dll",,WindowsTarget,,,99904,main,1,,,,,,,,,,file,,,,,,,,,,,,,,,,"LaZagne.exe","{8e02ef74-5cde-675b-5708-000000002a00}",,3508,,"LaZagne.exe","C:\Users\inf808\AppData\Local\inf808\LaZagne.exe",,,,"<_='://../////'><><_='--'_='{----}'/><></><></><><",,,,,,,,,,,,,,,,,,,,,,informational,4,FileCreate,11,"XmlWinEventLog:Microsoft-Windows-Sysmon/Operational",XmlWinEventLog,FedoraThreatHunting,,,,,,,,,,,,,,,,,,,,,"endpoint
filesystem
track_event_signatures",,,,"endpoint
filesystem
track_event_signatures",filesystem,,,,,,,,inf808,,,"'S-1-5-18'",,,,,"Microsoft Sysmon"
,,,,,,,,,,,,,,,"Microsoft-Windows-Sysmon/Operational",,,,,,,,,WindowsTarget,,,"2024-12-12 21:59:59.139",,,,,,,,,,,,,,,"Microsoft-Windows-Sysmon/Operational",11,"<Data Name='RuleName'>DLL</Data><Data Name='UtcTime'>2024-12-12 21:59:59.139</Data><Data Name='ProcessGuid'>{8e02ef74-5cde-675b-5708-000000002a00}</Data><Data Name='ProcessId'>3508</Data><Data Name='Image'>C:\Users\inf808\AppData\Local\inf808\LaZagne.exe</Data><Data Name='TargetFilename'>C:\Users\inf808\AppData\Local\Temp\_MEI35082\api-ms-win-core-handle-l1-1-0.dll</Data><Data Name='CreationUtcTime'>2024-12-12 21:59:59.139</Data><Data Name='User'>WindowsTarget\inf808</Data>",FileCreate,11,99903,,,,,,,,,,,"'{5770385f-c22a-43e0-bf4c-06f5698ffbd9}'",,,,,"C:\Users\inf808\AppData\Local\inf808\LaZagne.exe",,,,,,,,0x8000000000000000,4,,,,,,,,,,,,,,,,,,,,"'Microsoft-Windows-Sysmon'",,,,,,,,,,,,,0,,,,,,,,,,,,,,"{8e02ef74-5cde-675b-5708-000000002a00}","'3780'",3508,,,,,,,,,,99903,99903,,,,,DLL,,,,,"S-1-5-18",,,,,,,,,,,,,,,,,,,,,,"'2024-12-12T21:59:59.1403101Z'","<Provider Name='Microsoft-Windows-Sysmon' Guid='{5770385f-c22a-43e0-bf4c-06f5698ffbd9}'/><EventID>11</EventID><Version>2</Version><Level>4</Level><Task>11</Task><Opcode>0</Opcode><Keywords>0x8000000000000000</Keywords><TimeCreated SystemTime='2024-12-12T21:59:59.1403101Z'/><EventRecordID>99903</EventRecordID><Correlation/><Execution ProcessID='3780' ThreadID='5104'/><Channel>Microsoft-Windows-Sysmon/Operational</Channel><Computer>WindowsTarget</Computer><Security UserID='S-1-5-18'/>",,"C:\Users\inf808\AppData\Local\Temp\_MEI35082\api-ms-win-core-handle-l1-1-0.dll",,,,,,,,,,,,,,,11,"System Parameter Settings",,"'5104'","2024-12-12T21:59:59.1403101Z",,,,,"WindowsTarget\inf808","'S-1-5-18'",,,,,,,,,,"2024-12-12 21:59:59.139",2,,,,,"<Event xmlns='http://schemas.microsoft.com/win/2004/08/events/event'><System><Provider Name='Microsoft-Windows-Sysmon' Guid='{5770385f-c22a-43e0-bf4c-06f5698ffbd9}'/><EventID>11</EventID><Version>2</Version><Level>4</Level><Task>11</Task><Opcode>0</Opcode><Keywords>0x8000000000000000</Keywords><TimeCreated SystemTime='2024-12-12T21:59:59.1403101Z'/><EventRecordID>99903</EventRecordID><Correlation/><Execution ProcessID='3780' ThreadID='5104'/><Channel>Microsoft-Windows-Sysmon/Operational</Channel><Computer>WindowsTarget</Computer><Security UserID='S-1-5-18'/></System><EventData><Data Name='RuleName'>DLL</Data><Data Name='UtcTime'>2024-12-12 21:59:59.139</Data><Data Name='ProcessGuid'>{8e02ef74-5cde-675b-5708-000000002a00}</Data><Data Name='ProcessId'>3508</Data><Data Name='Image'>C:\Users\inf808\AppData\Local\inf808\LaZagne.exe</Data><Data Name='TargetFilename'>C:\Users\inf808\AppData\Local\Temp\_MEI35082\api-ms-win-core-handle-l1-1-0.dll</Data><Data Name='CreationUtcTime'>2024-12-12 21:59:59.139</Data><Data Name='User'>WindowsTarget\inf808</Data></EventData></Event>","2024-12-12T16:59:59.000-0500",created,,,,,,,,,,,WindowsTarget,,,,,,,WindowsTarget,,WindowsTarget,99903,"endpoint_services_processes ms-sysmon-filemod windows_event_signature windows_ta_data",,"2024-12-12 21:59:59.139",,,"api-ms-win-core-handle-l1-1-0.dll","C:\Users\inf808\AppData\Local\Temp\_MEI35082\api-ms-win-core-handle-l1-1-0.dll",,WindowsTarget,,,99903,main,1,,,,,,,,,,file,,,,,,,,,,,,,,,,"LaZagne.exe","{8e02ef74-5cde-675b-5708-000000002a00}",,3508,,"LaZagne.exe","C:\Users\inf808\AppData\Local\inf808\LaZagne.exe",,,,"<_='://../////'><><_='--'_='{----}'/><></><></><><",,,,,,,,,,,,,,,,,,,,,,informational,4,FileCreate,11,"XmlWinEventLog:Microsoft-Windows-Sysmon/Operational",XmlWinEventLog,FedoraThreatHunting,,,,,,,,,,,,,,,,,,,,,"endpoint
filesystem
track_event_signatures",,,,"endpoint
filesystem
track_event_signatures",filesystem,,,,,,,,inf808,,,"'S-1-5-18'",,,,,"Microsoft Sysmon"
,,,,,,,,,,,,,,,"Microsoft-Windows-Sysmon/Operational",,,,,,,,,WindowsTarget,,,"2024-12-12 21:59:59.138",,,,,,,,,,,,,,,"Microsoft-Windows-Sysmon/Operational",11,"<Data Name='RuleName'>DLL</Data><Data Name='UtcTime'>2024-12-12 21:59:59.138</Data><Data Name='ProcessGuid'>{8e02ef74-5cde-675b-5708-000000002a00}</Data><Data Name='ProcessId'>3508</Data><Data Name='Image'>C:\Users\inf808\AppData\Local\inf808\LaZagne.exe</Data><Data Name='TargetFilename'>C:\Users\inf808\AppData\Local\Temp\_MEI35082\api-ms-win-core-file-l2-1-0.dll</Data><Data Name='CreationUtcTime'>2024-12-12 21:59:59.138</Data><Data Name='User'>WindowsTarget\inf808</Data>",FileCreate,11,99902,,,,,,,,,,,"'{5770385f-c22a-43e0-bf4c-06f5698ffbd9}'",,,,,"C:\Users\inf808\AppData\Local\inf808\LaZagne.exe",,,,,,,,0x8000000000000000,4,,,,,,,,,,,,,,,,,,,,"'Microsoft-Windows-Sysmon'",,,,,,,,,,,,,0,,,,,,,,,,,,,,"{8e02ef74-5cde-675b-5708-000000002a00}","'3780'",3508,,,,,,,,,,99902,99902,,,,,DLL,,,,,"S-1-5-18",,,,,,,,,,,,,,,,,,,,,,"'2024-12-12T21:59:59.1387414Z'","<Provider Name='Microsoft-Windows-Sysmon' Guid='{5770385f-c22a-43e0-bf4c-06f5698ffbd9}'/><EventID>11</EventID><Version>2</Version><Level>4</Level><Task>11</Task><Opcode>0</Opcode><Keywords>0x8000000000000000</Keywords><TimeCreated SystemTime='2024-12-12T21:59:59.1387414Z'/><EventRecordID>99902</EventRecordID><Correlation/><Execution ProcessID='3780' ThreadID='5104'/><Channel>Microsoft-Windows-Sysmon/Operational</Channel><Computer>WindowsTarget</Computer><Security UserID='S-1-5-18'/>",,"C:\Users\inf808\AppData\Local\Temp\_MEI35082\api-ms-win-core-file-l2-1-0.dll",,,,,,,,,,,,,,,11,"System Parameter Settings",,"'5104'","2024-12-12T21:59:59.1387414Z",,,,,"WindowsTarget\inf808","'S-1-5-18'",,,,,,,,,,"2024-12-12 21:59:59.138",2,,,,,"<Event xmlns='http://schemas.microsoft.com/win/2004/08/events/event'><System><Provider Name='Microsoft-Windows-Sysmon' Guid='{5770385f-c22a-43e0-bf4c-06f5698ffbd9}'/><EventID>11</EventID><Version>2</Version><Level>4</Level><Task>11</Task><Opcode>0</Opcode><Keywords>0x8000000000000000</Keywords><TimeCreated SystemTime='2024-12-12T21:59:59.1387414Z'/><EventRecordID>99902</EventRecordID><Correlation/><Execution ProcessID='3780' ThreadID='5104'/><Channel>Microsoft-Windows-Sysmon/Operational</Channel><Computer>WindowsTarget</Computer><Security UserID='S-1-5-18'/></System><EventData><Data Name='RuleName'>DLL</Data><Data Name='UtcTime'>2024-12-12 21:59:59.138</Data><Data Name='ProcessGuid'>{8e02ef74-5cde-675b-5708-000000002a00}</Data><Data Name='ProcessId'>3508</Data><Data Name='Image'>C:\Users\inf808\AppData\Local\inf808\LaZagne.exe</Data><Data Name='TargetFilename'>C:\Users\inf808\AppData\Local\Temp\_MEI35082\api-ms-win-core-file-l2-1-0.dll</Data><Data Name='CreationUtcTime'>2024-12-12 21:59:59.138</Data><Data Name='User'>WindowsTarget\inf808</Data></EventData></Event>","2024-