12-12T17:09:53.000-0500",allowed,,,,,,,,,,,WindowsTarget,,,,,,,WindowsTarget,,WindowsTarget,100108,"endpoint_services_processes ms-sysmon-process windows_event_signature windows_ta_data",,,,,,,,WindowsTarget,,,100108,main,1,,,,,,,,,,,,,"msedge.exe","Microsoft Windows","""C:\Program Files (x86)\Microsoft\Edge\Application\msedge.exe"" --no-startup-window","msedge.exe","{8e02ef74-5ef4-675b-c708-000000002a00}",10488,"msedge.exe","C:\Program Files (x86)\Microsoft\Edge\Application\msedge.exe",,,,"""C:\Program Files (x86)\Microsoft\Edge\Application\msedge.exe"" --type=utility --utility-sub-type=data_decoder.mojom.DataDecoderService --lang=en-US --service-sandbox-type=service --string-annotations=is-enterprise-managed=no --field-trial-handle=5552,i,11742802175148006748,15501685171872471667,262144 --variations-seed-version --mojo-platform-channel-handle=5172 /prefetch:8","C:\Program Files (x86)\Microsoft\Edge\Application\131.0.2903.86\","msedge.exe","{8e02ef74-5f31-675b-e208-000000002a00}","MD5=9E8261F700AB10E29D91A9D5CE52A3F8,SHA256=4AC3F1AEA9916995ED14C05FB71701FA616C419111494626CAB0CE61CD11E1B7,IMPHASH=AD7F9FF385F2AC79D492ABBEE0B86CD6",12248,Low,"msedge.exe","C:\Program Files (x86)\Microsoft\Edge\Application\msedge.exe",,,,"<_='://../////'><><_='--'_='{----}'/><></><></><><",,,,,,,,,,,,,,,,,,,,,,informational,4,"Process creation",1,"XmlWinEventLog:Microsoft-Windows-Sysmon/Operational",XmlWinEventLog,FedoraThreatHunting,,,,,,,,,,,,,,,,,,,,,"process
report
track_event_signatures",,,,"process
report
track_event_signatures",,,,,,,,,inf808,,,"'S-1-5-18'",,,,,"Microsoft Sysmon"
"NT AUTHORITY",,SYSTEM,,,,,,,,,,,,,,,,,,,,,,,WindowsTarget,,,,,,,,,,,,,,,,"-",,4672,,,,,0,,,,,,,,,,,,,,,,,,,,,,,"Audit Success",,,Security,,,,,,,0x3E7,,,,,,,,,,"Special privileges assigned to new logon.

Subject:
	Security ID:		S-1-5-18
	Account Name:		SYSTEM
	Account Domain:		NT AUTHORITY
	Logon ID:		0x3E7

Privileges:		SeAssignPrimaryTokenPrivilege
			SeTcbPrivilege
			SeSecurityPrivilege
			SeTakeOwnershipPrivilege
			SeLoadDriverPrivilege
			SeBackupPrivilege
			SeRestorePrivilege
			SeDebugPrivilege
			SeAuditPrivilege
			SeSystemEnvironmentPrivilege
			SeImpersonatePrivilege
			SeDelegateSessionUserImpersonatePrivilege",,,,,,,,,,,,,Info,,,,,,,,,,,,,,SeAssignPrimaryTokenPrivilege,,,,,,,,,,,,,,42818,,,,,,,,,,,"S-1-5-18",,,,"Microsoft Windows security auditing.",,,,,,,,,,,,"NT AUTHORITY",SYSTEM,0x3E7,"S-1-5-18",,,,,,,,,,,,,,,,,,,,,"Special Logon",,,,,,,Information,,,,,,,,,,,,,,,,,,"12/12/2024 10:09:53 PM
LogName=Security
EventCode=4672
EventType=0
ComputerName=WindowsTarget
SourceName=Microsoft Windows security auditing.
Type=Information
RecordNumber=42818
Keywords=Audit Success
TaskCategory=Special Logon
OpCode=Info
Message=Special privileges assigned to new logon.

Subject:
	Security ID:		S-1-5-18
	Account Name:		SYSTEM
	Account Domain:		NT AUTHORITY
	Logon ID:		0x3E7

Privileges:		SeAssignPrimaryTokenPrivilege
			SeTcbPrivilege
			SeSecurityPrivilege
			SeTakeOwnershipPrivilege
			SeLoadDriverPrivilege
			SeBackupPrivilege
			SeRestorePrivilege
			SeDebugPrivilege
			SeAuditPrivilege
			SeSystemEnvironmentPrivilege
			SeImpersonatePrivilege
			SeDelegateSessionUserImpersonatePrivilege","2024-12-12T17:09:53.000-0500",success,,,"win:unknown",,"Special privileges assigned to new logon.

Subject:
	Security ID:		S-1-5-18
	Account Name:		SYSTEM
	Account Domain:		NT AUTHORITY
	Logon ID:		0x3E7

Privileges:		SeAssignPrimaryTokenPrivilege
			SeTcbPrivilege
			SeSecurityPrivilege
			SeTakeOwnershipPrivilege
			SeLoadDriverPrivilege
			SeBackupPrivilege
			SeRestorePrivilege
			SeDebugPrivilege
			SeAuditPrivilege
			SeSystemEnvironmentPrivilege
			SeImpersonatePrivilege
			SeDelegateSessionUserImpersonatePrivilege","Special Logon",,,,,WindowsTarget,,,"NT AUTHORITY",WindowsTarget,,,WindowsTarget,,WindowsTarget,42818,"endpoint_services_processes windows_event_signature windows_security_authentication windows_special_privileges windows_ta_data wineventlog_security wineventlog_windows winsec",,,,,,,,WindowsTarget,,,42818,main,31,,,SYSTEM,"S-1-5-18",,,"Special privileges assigned to new logon",,,,,,,,,,,,,,,"Replace a process level token
Act as part of the operating system
Manage auditing and security log
Take ownership of files or other objects
Load and unload device drivers
Back up files and directories
Restore files and directories
Debug programs
Generate security audits
Modify firmware environment values
Impersonate a Client After Authentication","SeAssignPrimaryTokenPrivilege
SeTcbPrivilege
SeSecurityPrivilege
SeTakeOwnershipPrivilege
SeLoadDriverPrivilege
SeBackupPrivilege
SeRestorePrivilege
SeDebugPrivilege
SeAuditPrivilege
SeSystemEnvironmentPrivilege
SeImpersonatePrivilege
SeDelegateSessionUserImpersonatePrivilege",,,,,,,,,,Windows,,,"//_::_=====___.===_=_==_____.\r\r:\rt_:tt---\rt_:tt\rt_",,,,,,,,,,,,,,,,,,,,,0x3E7,informational,0,"Special privileges assigned to new logon",4672,"WinEventLog:Security",WinEventLog,FedoraThreatHunting,,"S-1-5-18",,,,,,"NT AUTHORITY",,,"S-1-5-18",SYSTEM,"S-1-5-18",,,success,"Special privileges assigned to new logon",failure,,,"audit
authentication
os
privileged
security
success
track_event_signatures
windows",,success,,"authentication
os
privileged
security
track_event_signatures
windows",,audit,,,,,,,SYSTEM,,,"S-1-5-18",,,Microsoft,"SeAssignPrimaryTokenPrivilege
			SeTcbPrivilege
			SeSecurityPrivilege
			SeTakeOwnershipPrivilege
			SeLoadDriverPrivilege
			SeBackupPrivilege
			SeRestorePrivilege
			SeDebugPrivilege
			SeAuditPrivilege
			SeSystemEnvironmentPrivilege
			SeImpersonatePrivilege
			SeDelegateSessionUserImpersonatePrivilege","Microsoft Windows"
"WORKGROUP
NT AUTHORITY",,"WindowsTarget$
SYSTEM",,,Negotiate,,,,,,,,,,,,,,,,,,,,WindowsTarget,,,,,,,,,,,,,,,Yes,"-",,4624,,,,,0,,,,,,,,,,,,,,,,,Impersonation,,,,,0,"Audit Success",,0x0,Security,,,,,"{00000000-0000-0000-0000-000000000000}",,"0x3E7
0x3E7",Advapi,5,,,,,,,,"An account was successfully logged on.

Subject:
	Security ID:		S-1-5-18
	Account Name:		WindowsTarget$
	Account Domain:		WORKGROUP
	Logon ID:		0x3E7

Logon Information:
	Logon Type:		5
	Restricted Admin Mode:	-
	Virtual Account:		No
	Elevated Token:		Yes

Impersonation Level:		Impersonation

New Logon:
	Security ID:		S-1-5-18
	Account Name:		SYSTEM
	Account Domain:		NT AUTHORITY
	Logon ID:		0x3E7
	Linked Logon ID:		0x0
	Network Account Name:	-
	Network Account Domain:	-
	Logon GUID:		{00000000-0000-0000-0000-000000000000}

Process Information:
	Process ID:		0x31c
	Process Name:		C:\Windows\System32\services.exe

Network Information:
	Workstation Name:	-
	Source Network Address:	-
	Source Port:		-

Detailed Authentication Information:
	Logon Process:		Advapi  
	Authentication Package:	Negotiate
	Transited Services:	-
	Package Name (NTLM only):	-
	Key Length:		0

This event is generated when a logon session is created. It is generated on the computer that was accessed.

The subject fields indicate the account on the local system which requested the logon. This is most commonly a service such as the Server service, or a local process such as Winlogon.exe or Services.exe.

The logon type field indicates the kind of logon that occurred. The most common types are 2 (interactive) and 3 (network).

The New Logon fields indicate the account for whom the new logon was created, i.e. the account that was logged on.

The network fields indicate where a remote logon request originated. Workstation name is not always available and may be left blank in some cases.

The impersonation level field indicates the extent to which a process in the logon session can impersonate.

The authentication information fields provide detailed information about this specific logon request.
	- Logon GUID is a unique identifier that can be used to correlate this event with a KDC event.
	- Transited services indicate which intermediate services have participated in this logon request.
	- Package name indicates which sub-protocol was used among the NTLM protocols.
	- Key length indicates the length of the generated session key. This will be 0 if no session key was requested.",,"-","-",,,,,,,,,,Info,,,"-",,,,,,,,,,,,,,,,0x31c,"C:\Windows\System32\services.exe",,,,,,,,42817,,,,"-",,,,,,,"S-1-5-18
S-1-5-18",,,,"Microsoft Windows security auditing.",,,"-","-",,,,,,,,WORKGROUP,"WindowsTarget$",0x3E7,"S-1-5-18",,,,,,,,,,,,,,,,,,,,,Logon,,,,,,"-",Information,,,,,,,,,,,,,,No,,,"-","12/12/2024 10:09:53 PM
LogName=Security
EventCode=4624
EventType=0
ComputerName=WindowsTarget
SourceName=Microsoft Windows security auditing.
Type=Information
RecordNumber=42817
Keywords=Audit Success
TaskCategory=Logon
OpCode=Info
Message=An account was successfully logged on.

Subject:
	Security ID:		S-1-5-18
	Account Name:		WindowsTarget$
	Account Domain:		WORKGROUP
	Logon ID:		0x3E7

Logon Information:
	Logon Type:		5
	Restricted Admin Mode:	-
	Virtual Account:		No
	Elevated Token:		Yes

Impersonation Level:		Impersonation

New Logon:
	Security ID:		S-1-5-18
	Account Name:		SYSTEM
	Account Domain:		NT AUTHORITY
	Logon ID:		0x3E7
	Linked Logon ID:		0x0
	Network Account Name:	-
	Network Account Domain:	-
	Logon GUID:		{00000000-0000-0000-0000-000000000000}

Process Information:
	Process ID:		0x31c
	Process Name:		C:\Windows\System32\services.exe

Network Information:
	Workstation Name:	-
	Source Network Address:	-
	Source Port:		-

Detailed Authentication Information:
	Logon Process:		Advapi  
	Authentication Package:	Negotiate
	Transited Services:	-
	Package Name (NTLM only):	-
	Key Length:		0

This event is generated when a logon session is created. It is generated on the computer that was accessed.

The subject fields indicate the account on the local system which requested the logon. This is most commonly a service such as the Server service, or a local process such as Winlogon.exe or Services.exe.

The logon type field indicates the kind of logon that occurred. The most common types are 2 (interactive) and 3 (network).

The New Logon fields indicate the account for whom the new logon was created, i.e. the account that was logged on.

The network fields indicate where a remote logon request originated. Workstation name is not always available and may be left blank in some cases.

The impersonation level field indicates the extent to which a process in the logon session can impersonate.

The authentication information fields provide detailed information about this specific logon request.
	- Logon GUID is a unique identifier that can be used to correlate this event with a KDC event.
	- Transited services indicate which intermediate services have participated in this logon request.
	- Package name indicates which sub-protocol was used among the NTLM protocols.
	- Key length indicates the length of the generated session key. This will be 0 if no session key was requested.","2024-12-12T17:09:53.000-0500",success,,,"win:local",Negotiate,"An account was successfully logged on.

Subject:
	Security ID:		S-1-5-18
	Account Name:		WindowsTarget$
	Account Domain:		WORKGROUP
	Logon ID:		0x3E7

Logon Information:
	Logon Type:		5
	Restricted Admin Mode:	-
	Virtual Account:		No
	Elevated Token:		Yes

Impersonation Level:		Impersonation

New Logon:
	Security ID:		S-1-5-18
	Account Name:		SYSTEM
	Account Domain:		NT AUTHORITY
	Logon ID:		0x3E7
	Linked Logon ID:		0x0
	Network Account Name:	-
	Network Account Domain:	-
	Logon GUID:		{00000000-0000-0000-0000-000000000000}

Process Information:
	Process ID:		0x31c
	Process Name:		C:\Windows\System32\services.exe

Network Information:
	Workstation Name:	-
	Source Network Address:	-
	Source Port:		-

Detailed Authentication Information:
	Logon Process:		Advapi  
	Authentication Package:	Negotiate
	Transited Services:	-
	Package Name (NTLM only):	-
	Key Length:		0

This event is generated when a logon session is created. It is generated on the computer that was accessed.

The subject fields indicate the account on the local system which requested the logon. This is most commonly a service such as the Server service, or a local process such as Winlogon.exe or Services.exe.

The logon type field indicates the kind of logon that occurred. The most common types are 2 (interactive) and 3 (network).

The New Logon fields indicate the account for whom the new logon was created, i.e. the account that was logged on.

The network fields indicate where a remote logon request originated. Workstation name is not always available and may be left blank in some cases.

The impersonation level field indicates the extent to which a process in the logon session can impersonate.

The authentication information fields provide detailed information about this specific logon request.
	- Logon GUID is a unique identifier that can be used to correlate this event with a KDC event.
	- Transited services indicate which intermediate services have participated in this logon request.
	- Package name indicates which sub-protocol was used among the NTLM protocols.
	- Key length indicates the length of the generated session key. This will be 0 if no session key was requested.",Logon,,"services.exe",,,WindowsTarget,,,"NT AUTHORITY",WindowsTarget,,,WindowsTarget,,WindowsTarget,42817,"endpoint_services_processes windows_event_signature windows_logon_success windows_security_authentication windows_ta_data wineventlog_security wineventlog_windows winsec",,,,,,,,WindowsTarget,,,42817,main,70,,,"WindowsTarget$
SYSTEM","S-1-5-18
S-1-5-18",,,"An account was successfully logged on",,,,,,,,,,,,,,,,,"C:\Windows\System32\services.exe",,,,,0x31c,,"C:\Windows\System32\services.exe",,Windows,,,"//_::_=====___.===_===_____.\r\r:\rt_:tt---\rt_:tt$\rt_",,,,,,,,,,,,,,,,,,,,,0x3E7,informational,0,"An account was successfully logged on",4624,"WinEventLog:Security",WinEventLog,FedoraThreatHunting,,,,,,,,WORKGROUP,,"-","S-1-5-18","WindowsTarget$",,,,success,"An account was successfully logged on",failure,,,"authentication
local
os
security
success
track_event_signatures
windows",,success,local,"authentication
os
security
track_event_signatures
windows",,,,,,,,,SYSTEM,,,,,,Microsoft,,"Microsoft Windows"
,,,,,,,,,,,,,,,"Microsoft-Windows-Sysmon/Operational",,,,,,,,,WindowsTarget,,,,,,,,"WindowsTarget.gwvavixz1yzuxgweuyqj3hytvf.ux.internal.cloudapp.net","10.0.0.5",false,3389,"ms-wbt-server",,,,,,"Microsoft-Windows-Sysmon/Operational",3,"<Data Name='RuleName'>RDP</Data><Data Name='UtcTime'>2024-12-12 22:09:30.218</Data><Data Name='ProcessGuid'>{8e02ef74-3d4b-675b-1200-000000002a00}</Data><Data Name='ProcessId'>792</Data><Data Name='Image'>C:\Windows\System32\svchost.exe</Data><Data Name='User'>NT AUTHORITY\NETWORK SERVICE</Data><Data Name='Protocol'>tcp</Data><Data Name='Initiated'>false</Data><Data Name='SourceIsIpv6'>false</Data><Data Name='SourceIp'>157.245.155.140</Data><Data Name='SourceHostname'>-</Data><Data Name='SourcePort'>52195</Data><Data Name='SourcePortName'>-</Data><Data Name='DestinationIsIpv6'>false</Data><Data Name='DestinationIp'>10.0.0.5</Data><Data Name='DestinationHostname'>WindowsTarget.gwvavixz1yzuxgweuyqj3hytvf.ux.internal.cloudapp.net</Data><Data Name='DestinationPort'>3389</Data><Data Name='DestinationPortName'>ms-wbt-server</Data>","Network connection",3,100107,,,,,,,,,,,"'{5770385f-c22a-43e0-bf4c-06f5698ffbd9}'",,,,,"C:\Windows\System32\svchost.exe",,,false,,,,,0x8000000000000000,4,,,,,,,,,,,,,,,,,,,,"'Microsoft-Windows-Sysmon'",,,,,,,,,,,,,0,,,,,,,,,,,,,,"{8e02ef74-3d4b-675b-1200-000000002a00}","'3780'",792,,,,,,tcp,,,,100107,100107,,,,,RDP,,,,,"S-1-5-18",,"-","157.245.155.140",false,,52195,"-",,,,,,,,,,,,,,,"'2024-12-12T22:09:31.9776609Z'","<Provider Name='Microsoft-Windows-Sysmon' Guid='{5770385f-c22a-43e0-bf4c-06f5698ffbd9}'/><EventID>3</EventID><Version>5</Version><Level>4</Level><Task>3</Task><Opcode>0</Opcode><Keywords>0x8000000000000000</Keywords><TimeCreated SystemTime='2024-12-12T22:09:31.9776609Z'/><EventRecordID>100107</EventRecordID><Correlation/><Execution ProcessID='3780' ThreadID='3880'/><Channel>Microsoft-Windows-Sysmon/Operational</Channel><Computer>WindowsTarget</Computer><Security UserID='S-1-5-18'/>",,,,,,,,,,,,,,,,,3,Printers,,"'3880'","2024-12-12T22:09:31.9776609Z",,,,,"NT AUTHORITY\NETWORK SERVICE","'S-1-5-18'",,,,,,,,,,"2024-12-12 22:09:30.218",5,,,,,"<Event xmlns='http://schemas.microsoft.com/win/2004/08/events/event'><System><Provider Name='Microsoft-Windows-Sysmon' Guid='{5770385f-c22a-43e0-bf4c-06f5698ffbd9}'/><EventID>3</EventID><Version>5</Version><Level>4</Level><Task>3</Task><Opcode>0</Opcode><Keywords>0x8000000000000000</Keywords><TimeCreated SystemTime='2024-12-12T22:09:31.9776609Z'/><EventRecordID>100107</EventRecordID><Correlation/><Execution ProcessID='3780' ThreadID='3880'/><Channel>Microsoft-Windows-Sysmon/Operational</Channel><Computer>WindowsTarget</Computer><Security UserID='S-1-5-18'/></System><EventData><Data Name='RuleName'>RDP</Data><Data Name='UtcTime'>2024-12-12 22:09:30.218</Data><Data Name='ProcessGuid'>{8e02ef74-3d4b-675b-1200-000000002a00}</Data><Data Name='ProcessId'>792</Data><Data Name='Image'>C:\Windows\System32\svchost.exe</Data><Data Name='User'>NT AUTHORITY\NETWORK SERVICE</Data><Data Name='Protocol'>tcp</Data><Data Name='Initiated'>false</Data><Data Name='SourceIsIpv6'>false</Data><Data Name='SourceIp'>157.245.155.140</Data><Data Name='SourceHostname'>-</Data><Data Name='SourcePort'>52195</Data><Data Name='SourcePortName'>-</Data><Data Name='DestinationIsIpv6'>false</Data><Data Name='DestinationIp'>10.0.0.5</Data><Data Name='DestinationHostname'>WindowsTarget.gwvavixz1yzuxgweuyqj3hytvf.ux.internal.cloudapp.net</Data><Data Name='DestinationPort'>3389</Data><Data Name='DestinationPortName'>ms-wbt-server</Data></EventData></Event>","2024-12-12T17:09:31.000-0500",allowed,,,"C:\Windows\System32\svchost.exe",,,,,,"2024-12-12 22:09:30.218",,"WindowsTarget.gwvavixz1yzuxgweuyqj3hytvf.ux.internal.cloudapp.net","WindowsTarget.gwvavixz1yzuxgweuyqj3hytvf.ux.internal.cloudapp.net","10.0.0.5",,,3389,inbound,WindowsTarget,"157.245.155.140",WindowsTarget,100107,"endpoint_services_processes ms-sysmon-network windows_event_signature windows_ta_data",,,,,,,,WindowsTarget,,,100107,main,1,,,,,,,,,,,,,,,,,,,,,,,,,,"svchost.exe","{8e02ef74-3d4b-675b-1200-000000002a00}",,792,,"svchost.exe",,,ip,ipv4,"<_='://../////'><><_='--'_='{----}'/><></><></><><",,,,,,,,,,,,,RDP,,,,,,,,,informational,4,"Network connection",3,"XmlWinEventLog:Microsoft-Windows-Sysmon/Operational",XmlWinEventLog,FedoraThreatHunting,,"157.245.155.140",,,,"157.245.155.140",,,,52195,,,,,established,,,,,,"communicate
network
track_event_signatures",,,,"communicate
network
track_event_signatures",,,tcp,"tcp/3389",,,,,"NETWORK SERVICE",,,"'S-1-5-18'",,,,,"Microsoft Sysmon"
"-",,"-
administrator",,,NTLM,,,,,0x0,"-",,,,,,,,,,,,,,WindowsTarget,,,,,,,,,,,,,,,,0xC000006D,,4625,,,,,0,"Unknown user name or bad password.",,,,,,,,,,,,,,,,,,,,,0,"Audit Failure",,,Security,,,,,,,0x0,NtLmSsp,3,,,,,,,,"An account failed to log on.

Subject:
	Security ID:		S-1-0-0
	Account Name:		-
	Account Domain:		-
	Logon ID:		0x0

Logon Type:			3

Account For Which Logon Failed:
	Security ID:		S-1-0-0
	Account Name:		administrator
	Account Domain:		

Failure Information:
	Failure Reason:		Unknown user name or bad password.
	Status:			0xC000006D
	Sub Status:		0xC0000064

Process Information:
	Caller Process ID:	0x0
	Caller Process Name:	-

Network Information:
	Workstation Name:	workstation
	Source Network Address:	157.245.155.140
	Source Port:		0

Detailed Authentication Information:
	Logon Process:		NtLmSsp 
	Authentication Package:	NTLM
	Transited Services:	-
	Package Name (NTLM only):	-
	Key Length:		0

This event is generated when a logon request fails. It is generated on the computer where access was attempted.

The Subject fields indicate the account on the local system which requested the logon. This is most commonly a service such as the Server service, or a local process such as Winlogon.exe or Services.exe.

The Logon Type field indicates the kind of logon that was requested. The most common types are 2 (interactive) and 3 (network).

The Process Information fields indicate which account and process on the system requested the logon.

The Network Information fields indicate where a remote logon request originated. Workstation name is not always available and may be left blank in some cases.

The authentication information fields provide detailed information about this specific logon request.
	- Transited services indicate which intermediate services have participated in this logon request.
	- Package name indicates which sub-protocol was used among the NTLM protocols.
	- Key length indicates the length of the generated session key. This will be 0 if no session key was requested.",,,,,,,,,,,,,Info,,,"-",,,,,,,,,,,,,,,,,,,,,,,,,42816,,,,,,,,,,,"S-1-0-0
S-1-0-0",,,,"Microsoft Windows security auditing.",,,"157.245.155.140",0,,0xC000006D,,0xC0000064,,,,"-","-",0x0,"S-1-0-0",,,,,,,,,,,,,,,,,,,,,Logon,,,,,,"-",Information,,,,,,,,,,,,,,,,,workstation,"12/12/2024 10:09:31 PM
LogName=Security
EventCode=4625
EventType=0
ComputerName=WindowsTarget
SourceName=Microsoft Windows security auditing.
Type=Information
RecordNumber=42816
Keywords=Audit Failure
TaskCategory=Logon
OpCode=Info
Message=An account failed to log on.

Subject:
	Security ID:		S-1-0-0
	Account Name:		-
	Account Domain:		-
	Logon ID:		0x0

Logon Type:			3

Account For Which Logon Failed:
	Security ID:		S-1-0-0
	Account Name:		administrator
	Account Domain:		

Failure Information:
	Failure Reason:		Unknown user name or bad password.
	Status:			0xC000006D
	Sub Status:		0xC0000064

Process Information:
	Caller Process ID:	0x0
	Caller Process Name:	-

Network Information:
	Workstation Name:	workstation
	Source Network Address:	157.245.155.140
	Source Port:		0

Detailed Authentication Information:
	Logon Process:		NtLmSsp 
	Authentication Package:	NTLM
	Transited Services:	-
	Package Name (NTLM only):	-
	Key Length:		0

This event is generated when a logon request fails. It is generated on the computer where access was attempted.

The Subject fields indicate the account on the local system which requested the logon. This is most commonly a service such as the Server service, or a local process such as Winlogon.exe or Services.exe.

The Logon Type field indicates the kind of logon that was requested. The most common types are 2 (interactive) and 3 (network).

The Process Information fields indicate which account and process on the system requested the logon.

The Network Information fields indicate where a remote logon request originated. Workstation name is not always available and may be left blank in some cases.

The authentication information fields provide detailed information about this specific logon request.
	- Transited services indicate which intermediate services have participated in this logon request.
	- Package name indicates which sub-protocol was used among the NTLM protocols.
	- Key length indicates the length of the generated session key. This will be 0 if no session key was requested.","2024-12-12T17:09:31.000-0500",failure,,,"win:remote",NTLM,"An account failed to log on.

Subject:
	Security ID:		S-1-0-0
	Account Name:		-
	Account Domain:		-
	Logon ID:		0x0

Logon Type:			3

Account For Which Logon Failed:
	Security ID:		S-1-0-0
	Account Name:		administrator
	Account Domain:		

Failure Information:
	Failure Reason:		Unknown user name or bad password.
	Status:			0xC000006D
	Sub Status:		0xC0000064

Process Information:
	Caller Process ID:	0x0
	Caller Process Name:	-

Network Information:
	Workstation Name:	workstation
	Source Network Address:	157.245.155.140
	Source Port:		0

Detailed Authentication Information:
	Logon Process:		NtLmSsp 
	Authentication Package:	NTLM
	Transited Services:	-
	Package Name (NTLM only):	-
	Key Length:		0

This event is generated when a logon request fails. It is generated on the computer where access was attempted.

The Subject fields indicate the account on the local system which requested the logon. This is most commonly a service such as the Server service, or a local process such as Winlogon.exe or Services.exe.

The Logon Type field indicates the kind of logon that was requested. The most common types are 2 (interactive) and 3 (network).

The Process Information fields indicate which account and process on the system requested the logon.

The Network Information fields indicate where a remote logon request originated. Workstation name is not always available and may be left blank in some cases.

The authentication information fields provide detailed information about this specific logon request.
	- Transited services indicate which intermediate services have participated in this logon request.
	- Package name indicates which sub-protocol was used among the NTLM protocols.
	- Key length indicates the length of the generated session key. This will be 0 if no session key was requested.",Logon,,,,,WindowsTarget,,,,WindowsTarget,,,WindowsTarget,,WindowsTarget,42816,"endpoint_services_processes err0r windows_event_signature windows_logon_failure windows_security_authentication windows_ta_data wineventlog_security wineventlog_windows winsec",,,,,,,,WindowsTarget,,,42816,main,61,,,"-
administrator","S-1-0-0
S-1-0-0",,,"User logon with misspelled or bad user account",,,,,,,,,,,,,,,,,,,,,,0x0,,,,Windows,,,"//_::_=====___.===_===_____.\r\r:\rt_:tt---\rt_:tt-\rt_",,,,,,,,,,,,,,,,,,,,,0x0,informational,0,"User logon with misspelled or bad user account",4625,"WinEventLog:Security",WinEventLog,FedoraThreatHunting,,workstation,,,,"157.245.155.140",,"S-1-0-0",workstation,0,"S-1-0-0",,,,,failure,"User logon with misspelled or bad user account",failure,,0xC000006D,"authentication
error
failure
os
remote
security
track_event_signatures
windows",,failure,remote,"authentication
error
os
security
track_event_signatures
windows",,,,,,,,,administrator,,,,,,Microsoft,,"Microsoft Windows"
,,,,,,,,,,,,,,,"Microsoft-Windows-Sysmon/Operational",,,,,,,,,WindowsTarget,,,,,,,,"-","192.168.1.4",false,9001,"-",,,,,,"Microsoft-Windows-Sysmon/Operational",3,"<Data Name='RuleName'>Tor</Data><Data Name='UtcTime'>2024-12-12 22:09:28.835</Data><Data Name='ProcessGuid'>{8e02ef74-5344-675b-2706-000000002a00}</Data><Data Name='ProcessId'>9752</Data><Data Name='Image'>C:\Program Files\SplunkUniversalForwarder\bin\splunkd.exe</Data><Data Name='User'>NT AUTHORITY\SYSTEM</Data><Data Name='Protocol'>tcp</Data><Data Name='Initiated'>true</Data><Data Name='SourceIsIpv6'>false</Data><Data Name='SourceIp'>10.0.0.5</Data><Data Name='SourceHostname'>WindowsTarget.gwvavixz1yzuxgweuyqj3hytvf.ux.internal.cloudapp.net</Data><Data Name='SourcePort'>54833</Data><Data Name='SourcePortName'>-</Data><Data Name='DestinationIsIpv6'>false</Data><Data Name='DestinationIp'>192.168.1.4</Data><Data Name='DestinationHostname'>-</Data><Data Name='DestinationPort'>9001</Data><Data Name='DestinationPortName'>-</Data>","Network connection",3,100106,,,,,,,,,,,"'{5770385f-c22a-43e0-bf4c-06f5698ffbd9}'",,,,,"C:\Program Files\SplunkUniversalForwarder\bin\splunkd.exe",,,true,,,,,0x8000000000000000,4,,,,,,,,,,,,,,,,,,,,"'Microsoft-Windows-Sysmon'",,,,,,,,,,,,,0,,,,,,,,,,,,,,"{8e02ef74-5344-675b-2706-000000002a00}","'3780'",9752,,,,,,tcp,,,,100106,100106,,,,,Tor,,,,,"S-1-5-18",,"WindowsTarget.gwvavixz1yzuxgweuyqj3hytvf.ux.internal.cloudapp.net","10.0.0.5",false,,54833,"-",,,,,,,,,,,,,,,"'2024-12-12T22:09:30.9419800Z'","<Provider Name='Microsoft-Windows-Sysmon' Guid='{5770385f-c22a-43e0-bf4c-06f5698ffbd9}'/><EventID>3</EventID><Version>5</Version><Level>4</Level><Task>3</Task><Opcode>0</Opcode><Keywords>0x8000000000000000</Keywords><TimeCreated SystemTime='2024-12-12T22:09:30.9419800Z'/><EventRecordID>100106</EventRecordID><Correlation/><Execution ProcessID='3780' ThreadID='3880'/><Channel>Microsoft-Windows-Sysmon/Operational</Channel><Computer>WindowsTarget</Computer><Security UserID='S-1-5-18'/>",,,,,,,,,,,,,,,,,3,Printers,,"'3880'","2024-12-12T22:09:30.9419800Z",,,,,"NT AUTHORITY\SYSTEM","'S-1-5-18'",,,,,,,,,,"2024-12-12 22:09:28.835",5,,,,,"<Event xmlns='http://schemas.microsoft.com/win/2004/08/events/event'><System><Provider Name='Microsoft-Windows-Sysmon' Guid='{5770385f-c22a-43e0-bf4c-06f5698ffbd9}'/><EventID>3</EventID><Version>5</Version><Level>4</Level><Task>3</Task><Opcode>0</Opcode><Keywords>0x8000000000000000</Keywords><TimeCreated SystemTime='2024-12-12T22:09:30.9419800Z'/><EventRecordID>100106</EventRecordID><Correlation/><Execution ProcessID='3780' ThreadID='3880'/><Channel>Microsoft-Windows-Sysmon/Operational</Channel><Computer>WindowsTarget</Computer><Security UserID='S-1-5-18'/></System><EventData><Data Name='RuleName'>Tor</Data><Data Name='UtcTime'>2024-12-12 22:09:28.835</Data><Data Name='ProcessGuid'>{8e02ef74-5344-675b-2706-000000002a00}</Data><Data Name='ProcessId'>9752</Data><Data Name='Image'>C:\Program Files\SplunkUniversalForwarder\bin\splunkd.exe</Data><Data Name='User'>NT AUTHORITY\SYSTEM</Data><Data Name='Protocol'>tcp</Data><Data Name='Initiated'>true</Data><Data Name='SourceIsIpv6'>false</Data><Data Name='SourceIp'>10.0.0.5</Data><Data Name='SourceHostname'>WindowsTarget.gwvavixz1yzuxgweuyqj3hytvf.ux.internal.cloudapp.net</Data><Data Name='SourcePort'>54833</Data><Data Name='SourcePortName'>-</Data><Data Name='DestinationIsIpv6'>false</Data><Data Name='DestinationIp'>192.168.1.4</Data><Data Name='DestinationHostname'>-</Data><Data Name='DestinationPort'>9001</Data><Data Name='DestinationPortName'>-</Data></EventData></Event>","2024-12-12T17:09:30.000-0500",allowed,,,"C:\Program Files\SplunkUniversalForwarder\bin\splunkd.exe",,,,,,"2024-12-12 22:09:28.835",,"192.168.1.4",,"192.168.1.4",,,9001,outbound,WindowsTarget,"10.0.0.5",WindowsTarget,100106,"endpoint_services_processes ms-sysmon-network windows_event_signature windows_ta_data",,,,,,,,WindowsTarget,,,100106,main,1,,,,,,,,,,,,,,,,,,,,,,,,,,"splunkd.exe","{8e02ef74-5344-675b-2706-000000002a00}",,9752,,"splunkd.exe",,,ip,ipv4,"<_='://../////'><><_='--'_='{----}'/><></><></><><",,,,,,,,,,,,,Tor,,,,,,,,,informational,4,"Network connection",3,"XmlWinEventLog:Microsoft-Windows-Sysmon/Operational",XmlWinEventLog,FedoraThreatHunting,,"WindowsTarget.gwvavixz1yzuxgweuyqj3hytvf.ux.internal.cloudapp.net",,,"WindowsTarget.gwvavixz1yzuxgweuyqj3hytvf.ux.internal.cloudapp.net","10.0.0.5",,,,54833,,,,,established,,,,,,"communicate
network
track_event_signatures",,,,"communicate
network
track_event_signatures",,,tcp,"tcp/9001",,,,,SYSTEM,,,"'S-1-5-18'",,,,,"Microsoft Sysmon"
,,,,,,,,,,,,,,,"Microsoft-Windows-Sysmon/Operational",,,,,,,"""C:\Program Files (x86)\Microsoft\Edge\Application\msedge.exe"" --type=utility --utility-sub-type=chrome.mojom.UtilWin --lang=en-US --service-sandbox-type=none --string-annotations=is-enterprise-managed=no --field-trial-handle=6124,i,11742802175148006748,15501685171872471667,262144 --variations-seed-version --mojo-platform-channel-handle=6048 /prefetch:8","Microsoft Corporation",WindowsTarget,,,,,"C:\Program Files (x86)\Microsoft\Edge\Application\131.0.2903.86\","Microsoft Edge",,,,,,,,,,,,"Microsoft-Windows-Sysmon/Operational",1,"<Data Name='RuleName'>-</Data><Data Name='UtcTime'>2024-12-12 22:09:23.140</Data><Data Name='ProcessGuid'>{8e02ef74-5f13-675b-e008-000000002a00}</Data><Data Name='ProcessId'>9272</Data><Data Name='Image'>C:\Program Files (x86)\Microsoft\Edge\Application\msedge.exe</Data><Data Name='FileVersion'>131.0.2903.86</Data><Data Name='Description'>Microsoft Edge</Data><Data Name='Product'>Microsoft Edge</Data><Data Name='Company'>Microsoft Corporation</Data><Data Name='OriginalFileName'>msedge.exe</Data><Data Name='CommandLine'>""C:\Program Files (x86)\Microsoft\Edge\Application\msedge.exe"" --type=utility --utility-sub-type=chrome.mojom.UtilWin --lang=en-US --service-sandbox-type=none --string-annotations=is-enterprise-managed=no --field-trial-handle=6124,i,11742802175148006748,15501685171872471667,262144 --variations-seed-version --mojo-platform-channel-handle=6048 /prefetch:8</Data><Data Name='CurrentDirectory'>C:\Program Files (x86)\Microsoft\Edge\Application\131.0.2903.86\</Data><Data Name='User'>WindowsTarget\inf808</Data><Data Name='LogonGuid'>{8e02ef74-4233-675b-e1fd-1f0000000000}</Data><Data Name='LogonId'>0x1ffde1</Data><Data Name='TerminalSessionId'>2</Data><Data Name='IntegrityLevel'>High</Data><Data Name='Hashes'>MD5=9E8261F700AB10E29D91A9D5CE52A3F8,SHA256=4AC3F1AEA9916995ED14C05FB71701FA616C419111494626CAB0CE61CD11E1B7,IMPHASH=AD7F9FF385F2AC79D492ABBEE0B86CD6</Data><Data Name='ParentProcessGuid'>{8e02ef74-5ef4-675b-c708-000000002a00}</Data><Data Name='ParentProcessId'>10488</Data><Data Name='ParentImage'>C:\Program Files (x86)\Microsoft\Edge\Application\msedge.exe</Data><Data Name='ParentCommandLine'>""C:\Program Files (x86)\Microsoft\Edge\Application\msedge.exe"" --no-startup-window</Data><Data Name='ParentUser'>WindowsTarget\inf808</Data>","Process creation",1,100105,,,"131.0.2903.86",,,,,,,,"'{5770385f-c22a-43e0-bf4c-06f5698ffbd9}'","MD5=9E8261F700AB10E29D91A9D5CE52A3F8,SHA256=4AC3F1AEA9916995ED14C05FB71701FA616C419111494626CAB0CE61CD11E1B7,IMPHASH=AD7F9FF385F2AC79D492ABBEE0B86CD6",,,AD7F9FF385F2AC79D492ABBEE0B86CD6,"C:\Program Files (x86)\Microsoft\Edge\Application\msedge.exe",,,,High,,,,0x8000000000000000,4,,,"{8e02ef74-4233-675b-e1fd-1f0000000000}",0x1ffde1,,,,,,,,,9E8261F700AB10E29D91A9D5CE52A3F8,,,,,,,"'Microsoft-Windows-Sysmon'",,,,,,,,,,,,,0,"msedge.exe",,"""C:\Program Files (x86)\Microsoft\Edge\Application\msedge.exe"" --no-startup-window","C:\Program Files (x86)\Microsoft\Edge\Application\msedge.exe","{8e02ef74-5ef4-675b-c708-000000002a00}",10488,"WindowsTarget\inf808",,,,,,,"{8e02ef74-5f13-675b-e008-000000002a00}","'3780'",9272,,,,"Microsoft Edge",,,,,,100105,100105,,,,,"-",,4AC3F1AEA9916995ED14C05FB71701FA616C419111494626CAB0CE61CD11E1B7,,,"S-1-5-18",,,,,,,,,,,,,,,,,,,,,,"'2024-12-12T22:09:23.1452119Z'","<Provider Name='Microsoft-Windows-Sysmon' Guid='{5770385f-c22a-43e0-bf4c-06f5698ffbd9}'/><EventID>1</EventID><Version>5</Version><Level>4</Level><Task>1</Task><Opcode>0</Opcode><Keywords>0x8000000000000000</Keywords><TimeCreated SystemTime='2024-12-12T22:09:23.1452119Z'/><EventRecordID>100105</EventRecordID><Correlation/><Execution ProcessID='3780' ThreadID='5104'/><Channel>Microsoft-Windows-Sysmon/Operational</Channel><Computer>WindowsTarget</Computer><Security UserID='S-1-5-18'/>",,,,,,,,,,,,,,,,,1,Devices,2,"'5104'","2024-12-12T22:09:23.1452119Z",,,,,"WindowsTarget\inf808","'S-1-5-18'",,,,,,,,,,"2024-12-12 22:09:23.140",5,,,,,"<Event xmlns='http://schemas.microsoft.com/win/2004/08/events/event'><System><Provider Name='Microsoft-Windows-Sysmon' Guid='{5770385f-c22a-43e0-bf4c-06f5698ffbd9}'/><EventID>1</EventID><Version>5</Version><Level>4</Level><Task>1</Task><Opcode>0</Opcode><Keywords>0x8000000000000000</Keywords><TimeCreated SystemTime='2024-12-12T22:09:23.1452119Z'/><EventRecordID>100105</EventRecordID><Correlation/><Execution ProcessID='3780' ThreadID='5104'/><Channel>Microsoft-Windows-Sysmon/Operational</Channel><Computer>WindowsTarget</Computer><Security UserID='S-1-5-18'/></System><EventData><Data Name='RuleName'>-</Data><Data Name='UtcTime'>2024-12-12 22:09:23.140</Data><Data Name='ProcessGuid'>{8e02ef74-5f13-675b-e008-000000002a00}</Data><Data Name='ProcessId'>9272</Data><Data Name='Image'>C:\Program Files (x86)\Microsoft\Edge\Application\msedge.exe</Data><Data Name='FileVersion'>131.0.2903.86</Data><Data Name='Description'>Microsoft Edge</Data><Data Name='Product'>Microsoft Edge</Data><Data Name='Company'>Microsoft Corporation</Data><Data Name='OriginalFileName'>msedge.exe</Data><Data Name='CommandLine'>""C:\Program Files (x86)\Microsoft\Edge\Application\msedge.exe"" --type=utility --utility-sub-type=chrome.mojom.UtilWin --lang=en-US --service-sandbox-type=none --string-annotations=is-enterprise-managed=no --field-trial-handle=6124,i,11742802175148006748,15501685171872471667,262144 --variations-seed-version --mojo-platform-channel-handle=6048 /prefetch:8</Data><Data Name='CurrentDirectory'>C:\Program Files (x86)\Microsoft\Edge\Application\131.0.2903.86\</Data><Data Name='User'>WindowsTarget\inf808</Data><Data Name='LogonGuid'>{8e02ef74-4233-675b-e1fd-1f0000000000}</Data><Data Name='LogonId'>0x1ffde1</Data><Data Name='TerminalSessionId'>2</Data><Data Name='IntegrityLevel'>High</Data><Data Name='Hashes'>MD5=9E8261F700AB10E29D91A9D5CE52A3F8,SHA256=4AC3F1AEA9916995ED14C05FB71701FA616C419111494626CAB0CE61CD11E1B7,IMPHASH=AD7F9FF385F2AC79D492ABBEE0B86CD6</Data><Data Name='ParentProcessGuid'>{8e02ef74-5ef4-675b-c708-000000002a00}</Data><Data Name='ParentProcessId'>10488</Data><Data Name='ParentImage'>C:\Program Files (x86)\Microsoft\Edge\Application\msedge.exe</Data><Data Name='ParentCommandLine'>""C:\Program Files (x86)\Microsoft\Edge\Application\msedge.exe"" --no-startup-window</Data><Data Name='ParentUser'>WindowsTarget\inf808</Data></EventData></Event>","2024-12-12T17:09:23.000-0500",allowed,,,,,,,,,,,WindowsTarget,,,,,,,WindowsTarget,,WindowsTarget,100105,"endpoint_services_processes ms-sysmon-process windows_event_signature windows_ta_data",,,,,,,,WindowsTarget,,,100105,main,1,,,,,,,,,,,,,"msedge.exe","Microsoft Windows","""C:\Program Files (x86)\Microsoft\Edge\Application\msedge.exe"" --no-startup-window","msedge.exe","{8e02ef74-5ef4-675b-c708-000000002a00}",10488,"msedge.exe","C:\Program Files (x86)\Microsoft\Edge\Application\msedge.exe",,,,"""C:\Program Files (x86)\Microsoft\Edge\Application\msedge.exe"" --type=utility --utility-sub-type=chrome.mojom.UtilWin --lang=en-US --service-sandbox-type=none --string-annotations=is-enterprise-managed=no --field-trial-handle=6124,i,11742802175148006748,15501685171872471667,262144 --variations-seed-version --mojo-platform-channel-handle=6048 /prefetch:8","C:\Program Files (x86)\Microsoft\Edge\Application\131.0.2903.86\","msedge.exe","{8e02ef74-5f13-675b-e008-000000002a00}","MD5=9E8261F700AB10E29D91A9D5CE52A3F8,SHA256=4AC3F1AEA9916995ED14C05FB71701FA616C419111494626CAB0CE61CD11E1B7,IMPHASH=AD7F9FF385F2AC79D492ABBEE0B86CD6",9272,High,"msedge.exe","C:\Program Files (x86)\Microsoft\Edge\Application\msedge.exe",,,,"<_='://../////'><><_='--'_='{----}'/><></><></><><",,,,,,,,,,,,,,,,,,,,,,informational,4,"Process creation",1,"XmlWinEventLog:Microsoft-Windows-Sysmon/Operational",XmlWinEventLog,FedoraThreatHunting,,,,,,,,,,,,,,,,,,,,,"process
report
track_event_signatures",,,,"process
report
track_event_signatures",,,,,,,,,inf808,,,"'S-1-5-18'",,,,,"Microsoft Sysmon"
,,,,,,,,,,,,,,,"Microsoft-Windows-Sysmon/Operational",,,,,,,"""C:\Program Files (x86)\Microsoft\Edge\Application\msedge.exe"" --type=utility --utility-sub-type=chrome.mojom.UtilWin --lang=en-US --service-sandbox-type=none --string-annotations=is-enterprise-managed=no --field-trial-handle=4436,i,11742802175148006748,15501685171872471667,262144 --variations-seed-version --mojo-platform-channel-handle=6092 /prefetch:8","Microsoft Corporation",WindowsTarget,,,,,"C:\Program Files (x86)\Microsoft\Edge\Application\131.0.2903.86\","Microsoft Edge",,,,,,,,,,,,"Microsoft-Windows-Sysmon/Operational",1,"<Data Name='RuleName'>-</Data><Data Name='UtcTime'>2024-12-12 22:09:23.137</Data><Data Name='ProcessGuid'>{8e02ef74-5f13-675b-df08-000000002a00}</Data><Data Name='ProcessId'>3172</Data><Data Name='Image'>C:\Program Files (x86)\Microsoft\Edge\Application\msedge.exe</Data><Data Name='FileVersion'>131.0.2903.86</Data><Data Name='Description'>Microsoft Edge</Data><Data Name='Product'>Microsoft Edge</Data><Data Name='Company'>Microsoft Corporation</Data><Data Name='OriginalFileName'>msedge.exe</Data><Data Name='CommandLine'>""C:\Program Files (x86)\Microsoft\Edge\Application\msedge.exe"" --type=utility --utility-sub-type=chrome.mojom.UtilWin --lang=en-US --service-sandbox-type=none --string-annotations=is-enterprise-managed=no --field-trial-handle=4436,i,11742802175148006748,15501685171872471667,262144 --variations-seed-version --mojo-platform-channel-handle=6092 /prefetch:8</Data><Data Name='CurrentDirectory'>C:\Program Files (x86)\Microsoft\Edge\Application\131.0.2903.86\</Data><Data Name='User'>WindowsTarget\inf808</Data><Data Name='LogonGuid'>{8e02ef74-4233-675b-e1fd-1f0000000000}</Data><Data Name='LogonId'>0x1ffde1</Data><Data Name='TerminalSessionId'>2</Data><Data Name='IntegrityLevel'>High</Data><Data Name='Hashes'>MD5=9E8261F700AB10E29D91A9D5CE52A3F8,SHA256=4AC3F1AEA9916995ED14C05FB71701FA616C419111494626CAB0CE61CD11E1B7,IMPHASH=AD7F9FF385F2AC79D492ABBEE0B86CD6</Data><Data Name='ParentProcessGuid'>{8e02ef74-5ef4-675b-c708-000000002a00}</Data><Data Name='ParentProcessId'>10488</Data><Data Name='ParentImage'>C:\Program Files (x86)\Microsoft\Edge\Application\msedge.exe</Data><Data Name='ParentCommandLine'>""C:\Program Files (x86)\Microsoft\Edge\Application\msedge.exe"" --no-startup-window</Data><Data Name='ParentUser'>WindowsTarget\inf808</Data>","Process creation",1,100104,,,"131.0.2903.86",,,,,,,,"'{5770385f-c22a-43e0-bf4c-06f5698ffbd9}'","MD5=9E8261F700AB10E29D91A9D5CE52A3F8,SHA256=4AC3F1AEA9916995ED14C05FB71701FA616C419111494626CAB0CE61CD11E1B7,IMPHASH=AD7F9FF385F2AC79D492ABBEE0B86CD6",,,AD7F9FF385F2AC79D492ABBEE0B86CD6,"C:\Program Files (x86)\Microsoft\Edge\Application\msedge.exe",,,,High,,,,0x8000000000000000,4,,,"{8e02ef74-4233-675b-e1fd-1f0000000000}",0x1ffde1,,,,,,,,,9E8261F700AB10E29D91A9D5CE52A3F8,,,,,,,"'Microsoft-Windows-Sysmon'",,,,,,,,,,,,,0,"msedge.exe",,"""C:\Program Files (x86)\Microsoft\Edge\Application\msedge.exe"" --no-startup-window","C:\Program Files (x86)\Microsoft\Edge\Application\msedge.exe","{8e02ef74-5ef4-675b-c708-000000002a00}",10488,"WindowsTarget\inf808",,,,,,,"{8e02ef74-5f13-675b-df08-000000002a00}","'3780'",3172,,,,"Microsoft Edge",,,,,,100104,100104,,,,,"-",,4AC3F1AEA9916995ED14C05FB71701FA616C419111494626CAB0CE61CD11E1B7,,,"S-1-5-18",,,,,,,,,,,,,,,,,,,,,,"'2024-12-12T22:09:23.1391795Z'","<Provider Name='Microsoft-Windows-Sysmon' Guid='{5770385f-c22a-43e0-bf4c-06f5698ffbd9}'/><EventID>1</EventID><Version>5</Version><Level>4</Level><Task>1</Task><Opcode>0</Opcode><Keywords>0x8000000000000000</Keywords><TimeCreated SystemTime='2024-12-12T22:09:23.1391795Z'/><EventRecordID>100104</EventRecordID><Correlation/><Execution ProcessID='3780' ThreadID='5104'/><Channel>Microsoft-Windows-Sysmon/Operational</Channel><Computer>WindowsTarget</Computer><Security UserID='S-1-5-18'/>",,,,,,,,,,,,,,,,,1,Devices,2,"'5104'","2024-12-12T22:09:23.1391795Z",,,,,"WindowsTarget\inf808","'S-1-5-18'",,,,,,,,,,"2024-12-12 22:09:23.137",5,,,,,"<Event xmlns='http://schemas.microsoft.com/win/2004/08/events/event'><System><Provider Name='Microsoft-Windows-Sysmon' Guid='{5770385f-c22a-43e0-bf4c-06f5698ffbd9}'/><EventID>1</EventID><Version>5</Version><Level>4</Level><Task>1</Task><Opcode>0</Opcode><Keywords>0x8000000000000000</Keywords><TimeCreated SystemTime='2024-12-12T22:09:23.1391795Z'/><EventRecordID>100104</EventRecordID><Correlation/><Execution ProcessID='3780' ThreadID='5104'/><Channel>Microsoft-Windows-Sysmon/Operational</Channel><Computer>WindowsTarget</Computer><Security UserID='S-1-5-18'/></System><EventData><Data Name='RuleName'>-</Data><Data Name='UtcTime'>2024-12-12 22:09:23.137</Data><Data Name='ProcessGuid'>{8e02ef74-5f13-675b-df08-000000002a00}</Data><Data Name='ProcessId'>3172</Data><Data Name='Image'>C:\Program Files (x86)\Microsoft\Edge\Application\msedge.exe</Data><Data Name='FileVersion'>131.0.2903.86</Data><Data Name='Description'>Microsoft Edge</Data><Data Name='Product'>Microsoft Edge</Data><Data Name='Company'>Microsoft Corporation</Data><Data Name='OriginalFileName'>msedge.exe</Data><Data Name='CommandLine'>""C:\Program Files (x86)\Microsoft\Edge\Application\msedge.exe"" --type=utility --utility-sub-type=chrome.mojom.UtilWin --lang=en-US --service-sandbox-type=none --string-annotations=is-enterprise-managed=no --field-trial-handle=4436,i,11742802175148006748,15501685171872471667,262144 --variations-seed-version --mojo-platform-channel-handle=6092 /prefetch:8</Data><Data Name='CurrentDirectory'>C:\Program Files (x86)\Microsoft\Edge\Application\131.0.2903.86\</Data><Data Name='User'>WindowsTarget\inf808</Data><Data Name='LogonGuid'>{8e02ef74-4233-675b-e1fd-1f0000000000}</Data><Data Name='LogonId'>0x1ffde1</Data><Data Name='TerminalSessionId'>2</Data><Data Name='IntegrityLevel'>High</Data><Data Name='Hashes'>MD5=9E8261F700AB10E29D91A9D5CE52A3F8,SHA256=4AC3F1AEA9916995ED14C05FB71701FA616C419111494626CAB0CE61CD11E1B7,IMPHASH=AD7F9FF385F2AC79D492ABBEE0B86CD6</Data><Data Name='ParentProcessGuid'>{8e02ef74-5ef4-675b-c708-000000002a00}</Data><Data Name='ParentProcessId'>10488</Data><Data Name='ParentImage'>C:\Program Files (x86)\Microsoft\Edge\Application\msedge.exe</Data><Data Name='ParentCommandLine'>""C:\Program Files (x86)\Microsoft\Edge\Application\msedge.exe"" --no-startup-window</Data><Data Name='ParentUser'>WindowsTarget\inf808</Data></EventData></Event>","2024-