12-12T17:14:16.000-0500",allowed,,,,,,,,,,,WindowsTarget,,,,,,,WindowsTarget,,WindowsTarget,100171,"endpoint_services_processes ms-sysmon-process windows_event_signature windows_ta_data",,,,,,,,WindowsTarget,,,100171,main,1,,,,,,,,,,,,,,"Microsoft Windows","""C:\Program Files\SplunkUniversalForwarder\bin\splunkd.exe"" service","splunkd.exe","{8e02ef74-5344-675b-2706-000000002a00}",9752,"splunkd.exe","C:\Program Files\SplunkUniversalForwarder\bin\splunkd.exe",,,,"""C:\Program Files\SplunkUniversalForwarder\bin\splunk-powershell.exe"" --ps2","C:\Windows\system32\","splunk-powershell.exe","{8e02ef74-6038-675b-1209-000000002a00}","MD5=D925619A15C4DB19DBDBA44C5322F8F8,SHA256=849A77400227F8B844EF38A3D11BBD558DBC2FE4D5AAB5DCA82ADE4DA040AFBD,IMPHASH=CF14D28467DD4FEF75398156A8E6A19A",10752,System,"splunk-powershell.exe","C:\Program Files\SplunkUniversalForwarder\bin\splunk-powershell.exe",,,,"<_='://../////'><><_='--'_='{----}'/><></><></><><",,,,,,,,,,,,,,,,,,,,,,informational,4,"Process creation",1,"XmlWinEventLog:Microsoft-Windows-Sysmon/Operational",XmlWinEventLog,FedoraThreatHunting,,,,,,,,,,,,,,,,,,,,,"process
report
track_event_signatures",,,,"process
report
track_event_signatures",,,,,,,,,SYSTEM,,,"'S-1-5-18'",,,,,"Microsoft Sysmon"
,,,,,,,,,,,,,,,"Microsoft-Windows-Sysmon/Operational",,,,,,,"""C:\Program Files\SplunkUniversalForwarder\bin\splunk-powershell.exe""","-",WindowsTarget,,,,,"C:\Windows\system32\","-",,,,,,,,,,,,"Microsoft-Windows-Sysmon/Operational",1,"<Data Name='RuleName'>-</Data><Data Name='UtcTime'>2024-12-12 22:14:16.126</Data><Data Name='ProcessGuid'>{8e02ef74-6038-675b-1109-000000002a00}</Data><Data Name='ProcessId'>12040</Data><Data Name='Image'>C:\Program Files\SplunkUniversalForwarder\bin\splunk-powershell.exe</Data><Data Name='FileVersion'>-</Data><Data Name='Description'>-</Data><Data Name='Product'>-</Data><Data Name='Company'>-</Data><Data Name='OriginalFileName'>-</Data><Data Name='CommandLine'>""C:\Program Files\SplunkUniversalForwarder\bin\splunk-powershell.exe""</Data><Data Name='CurrentDirectory'>C:\Windows\system32\</Data><Data Name='User'>NT AUTHORITY\SYSTEM</Data><Data Name='LogonGuid'>{8e02ef74-3d4a-675b-e703-000000000000}</Data><Data Name='LogonId'>0x3e7</Data><Data Name='TerminalSessionId'>0</Data><Data Name='IntegrityLevel'>System</Data><Data Name='Hashes'>MD5=D925619A15C4DB19DBDBA44C5322F8F8,SHA256=849A77400227F8B844EF38A3D11BBD558DBC2FE4D5AAB5DCA82ADE4DA040AFBD,IMPHASH=CF14D28467DD4FEF75398156A8E6A19A</Data><Data Name='ParentProcessGuid'>{8e02ef74-5344-675b-2706-000000002a00}</Data><Data Name='ParentProcessId'>9752</Data><Data Name='ParentImage'>C:\Program Files\SplunkUniversalForwarder\bin\splunkd.exe</Data><Data Name='ParentCommandLine'>""C:\Program Files\SplunkUniversalForwarder\bin\splunkd.exe"" service</Data><Data Name='ParentUser'>NT AUTHORITY\SYSTEM</Data>","Process creation",1,100170,,,"-",,,,,,,,"'{5770385f-c22a-43e0-bf4c-06f5698ffbd9}'","MD5=D925619A15C4DB19DBDBA44C5322F8F8,SHA256=849A77400227F8B844EF38A3D11BBD558DBC2FE4D5AAB5DCA82ADE4DA040AFBD,IMPHASH=CF14D28467DD4FEF75398156A8E6A19A",,,CF14D28467DD4FEF75398156A8E6A19A,"C:\Program Files\SplunkUniversalForwarder\bin\splunk-powershell.exe",,,,System,,,,0x8000000000000000,4,,,"{8e02ef74-3d4a-675b-e703-000000000000}",0x3e7,,,,,,,,,D925619A15C4DB19DBDBA44C5322F8F8,,,,,,,"'Microsoft-Windows-Sysmon'",,,,,,,,,,,,,0,"-",,"""C:\Program Files\SplunkUniversalForwarder\bin\splunkd.exe"" service","C:\Program Files\SplunkUniversalForwarder\bin\splunkd.exe","{8e02ef74-5344-675b-2706-000000002a00}",9752,"NT AUTHORITY\SYSTEM",,,,,,,"{8e02ef74-6038-675b-1109-000000002a00}","'3780'",12040,,,,"-",,,,,,100170,100170,,,,,"-",,849A77400227F8B844EF38A3D11BBD558DBC2FE4D5AAB5DCA82ADE4DA040AFBD,,,"S-1-5-18",,,,,,,,,,,,,,,,,,,,,,"'2024-12-12T22:14:16.1275310Z'","<Provider Name='Microsoft-Windows-Sysmon' Guid='{5770385f-c22a-43e0-bf4c-06f5698ffbd9}'/><EventID>1</EventID><Version>5</Version><Level>4</Level><Task>1</Task><Opcode>0</Opcode><Keywords>0x8000000000000000</Keywords><TimeCreated SystemTime='2024-12-12T22:14:16.1275310Z'/><EventRecordID>100170</EventRecordID><Correlation/><Execution ProcessID='3780' ThreadID='5104'/><Channel>Microsoft-Windows-Sysmon/Operational</Channel><Computer>WindowsTarget</Computer><Security UserID='S-1-5-18'/>",,,,,,,,,,,,,,,,,1,Devices,0,"'5104'","2024-12-12T22:14:16.1275310Z",,,,,"NT AUTHORITY\SYSTEM","'S-1-5-18'",,,,,,,,,,"2024-12-12 22:14:16.126",5,,,,,"<Event xmlns='http://schemas.microsoft.com/win/2004/08/events/event'><System><Provider Name='Microsoft-Windows-Sysmon' Guid='{5770385f-c22a-43e0-bf4c-06f5698ffbd9}'/><EventID>1</EventID><Version>5</Version><Level>4</Level><Task>1</Task><Opcode>0</Opcode><Keywords>0x8000000000000000</Keywords><TimeCreated SystemTime='2024-12-12T22:14:16.1275310Z'/><EventRecordID>100170</EventRecordID><Correlation/><Execution ProcessID='3780' ThreadID='5104'/><Channel>Microsoft-Windows-Sysmon/Operational</Channel><Computer>WindowsTarget</Computer><Security UserID='S-1-5-18'/></System><EventData><Data Name='RuleName'>-</Data><Data Name='UtcTime'>2024-12-12 22:14:16.126</Data><Data Name='ProcessGuid'>{8e02ef74-6038-675b-1109-000000002a00}</Data><Data Name='ProcessId'>12040</Data><Data Name='Image'>C:\Program Files\SplunkUniversalForwarder\bin\splunk-powershell.exe</Data><Data Name='FileVersion'>-</Data><Data Name='Description'>-</Data><Data Name='Product'>-</Data><Data Name='Company'>-</Data><Data Name='OriginalFileName'>-</Data><Data Name='CommandLine'>""C:\Program Files\SplunkUniversalForwarder\bin\splunk-powershell.exe""</Data><Data Name='CurrentDirectory'>C:\Windows\system32\</Data><Data Name='User'>NT AUTHORITY\SYSTEM</Data><Data Name='LogonGuid'>{8e02ef74-3d4a-675b-e703-000000000000}</Data><Data Name='LogonId'>0x3e7</Data><Data Name='TerminalSessionId'>0</Data><Data Name='IntegrityLevel'>System</Data><Data Name='Hashes'>MD5=D925619A15C4DB19DBDBA44C5322F8F8,SHA256=849A77400227F8B844EF38A3D11BBD558DBC2FE4D5AAB5DCA82ADE4DA040AFBD,IMPHASH=CF14D28467DD4FEF75398156A8E6A19A</Data><Data Name='ParentProcessGuid'>{8e02ef74-5344-675b-2706-000000002a00}</Data><Data Name='ParentProcessId'>9752</Data><Data Name='ParentImage'>C:\Program Files\SplunkUniversalForwarder\bin\splunkd.exe</Data><Data Name='ParentCommandLine'>""C:\Program Files\SplunkUniversalForwarder\bin\splunkd.exe"" service</Data><Data Name='ParentUser'>NT AUTHORITY\SYSTEM</Data></EventData></Event>","2024-12-12T17:14:16.000-0500",allowed,,,,,,,,,,,WindowsTarget,,,,,,,WindowsTarget,,WindowsTarget,100170,"endpoint_services_processes ms-sysmon-process windows_event_signature windows_ta_data",,,,,,,,WindowsTarget,,,100170,main,1,,,,,,,,,,,,,,"Microsoft Windows","""C:\Program Files\SplunkUniversalForwarder\bin\splunkd.exe"" service","splunkd.exe","{8e02ef74-5344-675b-2706-000000002a00}",9752,"splunkd.exe","C:\Program Files\SplunkUniversalForwarder\bin\splunkd.exe",,,,"""C:\Program Files\SplunkUniversalForwarder\bin\splunk-powershell.exe""","C:\Windows\system32\","splunk-powershell.exe","{8e02ef74-6038-675b-1109-000000002a00}","MD5=D925619A15C4DB19DBDBA44C5322F8F8,SHA256=849A77400227F8B844EF38A3D11BBD558DBC2FE4D5AAB5DCA82ADE4DA040AFBD,IMPHASH=CF14D28467DD4FEF75398156A8E6A19A",12040,System,"splunk-powershell.exe","C:\Program Files\SplunkUniversalForwarder\bin\splunk-powershell.exe",,,,"<_='://../////'><><_='--'_='{----}'/><></><></><><",,,,,,,,,,,,,,,,,,,,,,informational,4,"Process creation",1,"XmlWinEventLog:Microsoft-Windows-Sysmon/Operational",XmlWinEventLog,FedoraThreatHunting,,,,,,,,,,,,,,,,,,,,,"process
report
track_event_signatures",,,,"process
report
track_event_signatures",,,,,,,,,SYSTEM,,,"'S-1-5-18'",,,,,"Microsoft Sysmon"
,,,,,,,,,,,,,,,"Microsoft-Windows-Sysmon/Operational",,,,,,,"""C:\Program Files\SplunkUniversalForwarder\bin\splunk-netmon.exe""","Splunk Inc.",WindowsTarget,,,,,"C:\Windows\system32\","Network monitor",,,,,,,,,,,,"Microsoft-Windows-Sysmon/Operational",1,"<Data Name='RuleName'>-</Data><Data Name='UtcTime'>2024-12-12 22:14:13.573</Data><Data Name='ProcessGuid'>{8e02ef74-6035-675b-1009-000000002a00}</Data><Data Name='ProcessId'>7528</Data><Data Name='Image'>C:\Program Files\SplunkUniversalForwarder\bin\splunk-netmon.exe</Data><Data Name='FileVersion'>9.3.2</Data><Data Name='Description'>Network monitor</Data><Data Name='Product'>Splunk Application</Data><Data Name='Company'>Splunk Inc.</Data><Data Name='OriginalFileName'>splunk-netmon.exe</Data><Data Name='CommandLine'>""C:\Program Files\SplunkUniversalForwarder\bin\splunk-netmon.exe""</Data><Data Name='CurrentDirectory'>C:\Windows\system32\</Data><Data Name='User'>NT AUTHORITY\SYSTEM</Data><Data Name='LogonGuid'>{8e02ef74-3d4a-675b-e703-000000000000}</Data><Data Name='LogonId'>0x3e7</Data><Data Name='TerminalSessionId'>0</Data><Data Name='IntegrityLevel'>System</Data><Data Name='Hashes'>MD5=756110565070D47561719347DCA1DCC3,SHA256=06E3FE75815AEBB30EFAC1A85BCB41C37660B8CFE052544AA694DD569E5AF2D0,IMPHASH=089EDE8293334E8B52F638440313FE63</Data><Data Name='ParentProcessGuid'>{8e02ef74-5344-675b-2706-000000002a00}</Data><Data Name='ParentProcessId'>9752</Data><Data Name='ParentImage'>C:\Program Files\SplunkUniversalForwarder\bin\splunkd.exe</Data><Data Name='ParentCommandLine'>""C:\Program Files\SplunkUniversalForwarder\bin\splunkd.exe"" service</Data><Data Name='ParentUser'>NT AUTHORITY\SYSTEM</Data>","Process creation",1,100169,,,"9.3.2",,,,,,,,"'{5770385f-c22a-43e0-bf4c-06f5698ffbd9}'","MD5=756110565070D47561719347DCA1DCC3,SHA256=06E3FE75815AEBB30EFAC1A85BCB41C37660B8CFE052544AA694DD569E5AF2D0,IMPHASH=089EDE8293334E8B52F638440313FE63",,,089EDE8293334E8B52F638440313FE63,"C:\Program Files\SplunkUniversalForwarder\bin\splunk-netmon.exe",,,,System,,,,0x8000000000000000,4,,,"{8e02ef74-3d4a-675b-e703-000000000000}",0x3e7,,,,,,,,,756110565070D47561719347DCA1DCC3,,,,,,,"'Microsoft-Windows-Sysmon'",,,,,,,,,,,,,0,"splunk-netmon.exe",,"""C:\Program Files\SplunkUniversalForwarder\bin\splunkd.exe"" service","C:\Program Files\SplunkUniversalForwarder\bin\splunkd.exe","{8e02ef74-5344-675b-2706-000000002a00}",9752,"NT AUTHORITY\SYSTEM",,,,,,,"{8e02ef74-6035-675b-1009-000000002a00}","'3780'",7528,,,,"Splunk Application",,,,,,100169,100169,,,,,"-",,06E3FE75815AEBB30EFAC1A85BCB41C37660B8CFE052544AA694DD569E5AF2D0,,,"S-1-5-18",,,,,,,,,,,,,,,,,,,,,,"'2024-12-12T22:14:13.5746808Z'","<Provider Name='Microsoft-Windows-Sysmon' Guid='{5770385f-c22a-43e0-bf4c-06f5698ffbd9}'/><EventID>1</EventID><Version>5</Version><Level>4</Level><Task>1</Task><Opcode>0</Opcode><Keywords>0x8000000000000000</Keywords><TimeCreated SystemTime='2024-12-12T22:14:13.5746808Z'/><EventRecordID>100169</EventRecordID><Correlation/><Execution ProcessID='3780' ThreadID='5104'/><Channel>Microsoft-Windows-Sysmon/Operational</Channel><Computer>WindowsTarget</Computer><Security UserID='S-1-5-18'/>",,,,,,,,,,,,,,,,,1,Devices,0,"'5104'","2024-12-12T22:14:13.5746808Z",,,,,"NT AUTHORITY\SYSTEM","'S-1-5-18'",,,,,,,,,,"2024-12-12 22:14:13.573",5,,,,,"<Event xmlns='http://schemas.microsoft.com/win/2004/08/events/event'><System><Provider Name='Microsoft-Windows-Sysmon' Guid='{5770385f-c22a-43e0-bf4c-06f5698ffbd9}'/><EventID>1</EventID><Version>5</Version><Level>4</Level><Task>1</Task><Opcode>0</Opcode><Keywords>0x8000000000000000</Keywords><TimeCreated SystemTime='2024-12-12T22:14:13.5746808Z'/><EventRecordID>100169</EventRecordID><Correlation/><Execution ProcessID='3780' ThreadID='5104'/><Channel>Microsoft-Windows-Sysmon/Operational</Channel><Computer>WindowsTarget</Computer><Security UserID='S-1-5-18'/></System><EventData><Data Name='RuleName'>-</Data><Data Name='UtcTime'>2024-12-12 22:14:13.573</Data><Data Name='ProcessGuid'>{8e02ef74-6035-675b-1009-000000002a00}</Data><Data Name='ProcessId'>7528</Data><Data Name='Image'>C:\Program Files\SplunkUniversalForwarder\bin\splunk-netmon.exe</Data><Data Name='FileVersion'>9.3.2</Data><Data Name='Description'>Network monitor</Data><Data Name='Product'>Splunk Application</Data><Data Name='Company'>Splunk Inc.</Data><Data Name='OriginalFileName'>splunk-netmon.exe</Data><Data Name='CommandLine'>""C:\Program Files\SplunkUniversalForwarder\bin\splunk-netmon.exe""</Data><Data Name='CurrentDirectory'>C:\Windows\system32\</Data><Data Name='User'>NT AUTHORITY\SYSTEM</Data><Data Name='LogonGuid'>{8e02ef74-3d4a-675b-e703-000000000000}</Data><Data Name='LogonId'>0x3e7</Data><Data Name='TerminalSessionId'>0</Data><Data Name='IntegrityLevel'>System</Data><Data Name='Hashes'>MD5=756110565070D47561719347DCA1DCC3,SHA256=06E3FE75815AEBB30EFAC1A85BCB41C37660B8CFE052544AA694DD569E5AF2D0,IMPHASH=089EDE8293334E8B52F638440313FE63</Data><Data Name='ParentProcessGuid'>{8e02ef74-5344-675b-2706-000000002a00}</Data><Data Name='ParentProcessId'>9752</Data><Data Name='ParentImage'>C:\Program Files\SplunkUniversalForwarder\bin\splunkd.exe</Data><Data Name='ParentCommandLine'>""C:\Program Files\SplunkUniversalForwarder\bin\splunkd.exe"" service</Data><Data Name='ParentUser'>NT AUTHORITY\SYSTEM</Data></EventData></Event>","2024-12-12T17:14:13.000-0500",allowed,,,,,,,,,,,WindowsTarget,,,,,,,WindowsTarget,,WindowsTarget,100169,"endpoint_services_processes ms-sysmon-process windows_event_signature windows_ta_data",,,,,,,,WindowsTarget,,,100169,main,1,,,,,,,,,,,,,"splunk-netmon.exe","Microsoft Windows","""C:\Program Files\SplunkUniversalForwarder\bin\splunkd.exe"" service","splunkd.exe","{8e02ef74-5344-675b-2706-000000002a00}",9752,"splunkd.exe","C:\Program Files\SplunkUniversalForwarder\bin\splunkd.exe",,,,"""C:\Program Files\SplunkUniversalForwarder\bin\splunk-netmon.exe""","C:\Windows\system32\","splunk-netmon.exe","{8e02ef74-6035-675b-1009-000000002a00}","MD5=756110565070D47561719347DCA1DCC3,SHA256=06E3FE75815AEBB30EFAC1A85BCB41C37660B8CFE052544AA694DD569E5AF2D0,IMPHASH=089EDE8293334E8B52F638440313FE63",7528,System,"splunk-netmon.exe","C:\Program Files\SplunkUniversalForwarder\bin\splunk-netmon.exe",,,,"<_='://../////'><><_='--'_='{----}'/><></><></><><",,,,,,,,,,,,,,,,,,,,,,informational,4,"Process creation",1,"XmlWinEventLog:Microsoft-Windows-Sysmon/Operational",XmlWinEventLog,FedoraThreatHunting,,,,,,,,,,,,,,,,,,,,,"process
report
track_event_signatures",,,,"process
report
track_event_signatures",,,,,,,,,SYSTEM,,,"'S-1-5-18'",,,,,"Microsoft Sysmon"
,,,,,,,,,,,,,,,"Microsoft-Windows-Sysmon/Operational",,,,,,,"""C:\Program Files\SplunkUniversalForwarder\bin\splunk-admon.exe""","Splunk Inc.",WindowsTarget,,,,,"C:\Windows\system32\","Active Directory monitor",,,,,,,,,,,,"Microsoft-Windows-Sysmon/Operational",1,"<Data Name='RuleName'>-</Data><Data Name='UtcTime'>2024-12-12 22:14:12.833</Data><Data Name='ProcessGuid'>{8e02ef74-6034-675b-0f09-000000002a00}</Data><Data Name='ProcessId'>6940</Data><Data Name='Image'>C:\Program Files\SplunkUniversalForwarder\bin\splunk-admon.exe</Data><Data Name='FileVersion'>9.3.2</Data><Data Name='Description'>Active Directory monitor</Data><Data Name='Product'>splunk Application</Data><Data Name='Company'>Splunk Inc.</Data><Data Name='OriginalFileName'>splunk-admon.exe</Data><Data Name='CommandLine'>""C:\Program Files\SplunkUniversalForwarder\bin\splunk-admon.exe""</Data><Data Name='CurrentDirectory'>C:\Windows\system32\</Data><Data Name='User'>NT AUTHORITY\SYSTEM</Data><Data Name='LogonGuid'>{8e02ef74-3d4a-675b-e703-000000000000}</Data><Data Name='LogonId'>0x3e7</Data><Data Name='TerminalSessionId'>0</Data><Data Name='IntegrityLevel'>System</Data><Data Name='Hashes'>MD5=A836DF719BC5FB4821031DEA6C5322AA,SHA256=BD54D780B1BAB2CFF649EC25152AA4D9DEC7308A19F6C314FBFB5F4D14E1C868,IMPHASH=7B2E714E806DF6D24F76D65BEACA3A28</Data><Data Name='ParentProcessGuid'>{8e02ef74-5344-675b-2706-000000002a00}</Data><Data Name='ParentProcessId'>9752</Data><Data Name='ParentImage'>C:\Program Files\SplunkUniversalForwarder\bin\splunkd.exe</Data><Data Name='ParentCommandLine'>""C:\Program Files\SplunkUniversalForwarder\bin\splunkd.exe"" service</Data><Data Name='ParentUser'>NT AUTHORITY\SYSTEM</Data>","Process creation",1,100168,,,"9.3.2",,,,,,,,"'{5770385f-c22a-43e0-bf4c-06f5698ffbd9}'","MD5=A836DF719BC5FB4821031DEA6C5322AA,SHA256=BD54D780B1BAB2CFF649EC25152AA4D9DEC7308A19F6C314FBFB5F4D14E1C868,IMPHASH=7B2E714E806DF6D24F76D65BEACA3A28",,,7B2E714E806DF6D24F76D65BEACA3A28,"C:\Program Files\SplunkUniversalForwarder\bin\splunk-admon.exe",,,,System,,,,0x8000000000000000,4,,,"{8e02ef74-3d4a-675b-e703-000000000000}",0x3e7,,,,,,,,,A836DF719BC5FB4821031DEA6C5322AA,,,,,,,"'Microsoft-Windows-Sysmon'",,,,,,,,,,,,,0,"splunk-admon.exe",,"""C:\Program Files\SplunkUniversalForwarder\bin\splunkd.exe"" service","C:\Program Files\SplunkUniversalForwarder\bin\splunkd.exe","{8e02ef74-5344-675b-2706-000000002a00}",9752,"NT AUTHORITY\SYSTEM",,,,,,,"{8e02ef74-6034-675b-0f09-000000002a00}","'3780'",6940,,,,"splunk Application",,,,,,100168,100168,,,,,"-",,BD54D780B1BAB2CFF649EC25152AA4D9DEC7308A19F6C314FBFB5F4D14E1C868,,,"S-1-5-18",,,,,,,,,,,,,,,,,,,,,,"'2024-12-12T22:14:12.8346053Z'","<Provider Name='Microsoft-Windows-Sysmon' Guid='{5770385f-c22a-43e0-bf4c-06f5698ffbd9}'/><EventID>1</EventID><Version>5</Version><Level>4</Level><Task>1</Task><Opcode>0</Opcode><Keywords>0x8000000000000000</Keywords><TimeCreated SystemTime='2024-12-12T22:14:12.8346053Z'/><EventRecordID>100168</EventRecordID><Correlation/><Execution ProcessID='3780' ThreadID='5104'/><Channel>Microsoft-Windows-Sysmon/Operational</Channel><Computer>WindowsTarget</Computer><Security UserID='S-1-5-18'/>",,,,,,,,,,,,,,,,,1,Devices,0,"'5104'","2024-12-12T22:14:12.8346053Z",,,,,"NT AUTHORITY\SYSTEM","'S-1-5-18'",,,,,,,,,,"2024-12-12 22:14:12.833",5,,,,,"<Event xmlns='http://schemas.microsoft.com/win/2004/08/events/event'><System><Provider Name='Microsoft-Windows-Sysmon' Guid='{5770385f-c22a-43e0-bf4c-06f5698ffbd9}'/><EventID>1</EventID><Version>5</Version><Level>4</Level><Task>1</Task><Opcode>0</Opcode><Keywords>0x8000000000000000</Keywords><TimeCreated SystemTime='2024-12-12T22:14:12.8346053Z'/><EventRecordID>100168</EventRecordID><Correlation/><Execution ProcessID='3780' ThreadID='5104'/><Channel>Microsoft-Windows-Sysmon/Operational</Channel><Computer>WindowsTarget</Computer><Security UserID='S-1-5-18'/></System><EventData><Data Name='RuleName'>-</Data><Data Name='UtcTime'>2024-12-12 22:14:12.833</Data><Data Name='ProcessGuid'>{8e02ef74-6034-675b-0f09-000000002a00}</Data><Data Name='ProcessId'>6940</Data><Data Name='Image'>C:\Program Files\SplunkUniversalForwarder\bin\splunk-admon.exe</Data><Data Name='FileVersion'>9.3.2</Data><Data Name='Description'>Active Directory monitor</Data><Data Name='Product'>splunk Application</Data><Data Name='Company'>Splunk Inc.</Data><Data Name='OriginalFileName'>splunk-admon.exe</Data><Data Name='CommandLine'>""C:\Program Files\SplunkUniversalForwarder\bin\splunk-admon.exe""</Data><Data Name='CurrentDirectory'>C:\Windows\system32\</Data><Data Name='User'>NT AUTHORITY\SYSTEM</Data><Data Name='LogonGuid'>{8e02ef74-3d4a-675b-e703-000000000000}</Data><Data Name='LogonId'>0x3e7</Data><Data Name='TerminalSessionId'>0</Data><Data Name='IntegrityLevel'>System</Data><Data Name='Hashes'>MD5=A836DF719BC5FB4821031DEA6C5322AA,SHA256=BD54D780B1BAB2CFF649EC25152AA4D9DEC7308A19F6C314FBFB5F4D14E1C868,IMPHASH=7B2E714E806DF6D24F76D65BEACA3A28</Data><Data Name='ParentProcessGuid'>{8e02ef74-5344-675b-2706-000000002a00}</Data><Data Name='ParentProcessId'>9752</Data><Data Name='ParentImage'>C:\Program Files\SplunkUniversalForwarder\bin\splunkd.exe</Data><Data Name='ParentCommandLine'>""C:\Program Files\SplunkUniversalForwarder\bin\splunkd.exe"" service</Data><Data Name='ParentUser'>NT AUTHORITY\SYSTEM</Data></EventData></Event>","2024-12-12T17:14:12.000-0500",allowed,,,,,,,,,,,WindowsTarget,,,,,,,WindowsTarget,,WindowsTarget,100168,"endpoint_services_processes ms-sysmon-process windows_event_signature windows_ta_data",,,,,,,,WindowsTarget,,,100168,main,1,,,,,,,,,,,,,"splunk-admon.exe","Microsoft Windows","""C:\Program Files\SplunkUniversalForwarder\bin\splunkd.exe"" service","splunkd.exe","{8e02ef74-5344-675b-2706-000000002a00}",9752,"splunkd.exe","C:\Program Files\SplunkUniversalForwarder\bin\splunkd.exe",,,,"""C:\Program Files\SplunkUniversalForwarder\bin\splunk-admon.exe""","C:\Windows\system32\","splunk-admon.exe","{8e02ef74-6034-675b-0f09-000000002a00}","MD5=A836DF719BC5FB4821031DEA6C5322AA,SHA256=BD54D780B1BAB2CFF649EC25152AA4D9DEC7308A19F6C314FBFB5F4D14E1C868,IMPHASH=7B2E714E806DF6D24F76D65BEACA3A28",6940,System,"splunk-admon.exe","C:\Program Files\SplunkUniversalForwarder\bin\splunk-admon.exe",,,,"<_='://../////'><><_='--'_='{----}'/><></><></><><",,,,,,,,,,,,,,,,,,,,,,informational,4,"Process creation",1,"XmlWinEventLog:Microsoft-Windows-Sysmon/Operational",XmlWinEventLog,FedoraThreatHunting,,,,,,,,,,,,,,,,,,,,,"process
report
track_event_signatures",,,,"process
report
track_event_signatures",,,,,,,,,SYSTEM,,,"'S-1-5-18'",,,,,"Microsoft Sysmon"
,,,,,,,,,,,,,,,"Microsoft-Windows-Sysmon/Operational",,,,,,,"""C:\Program Files\SplunkUniversalForwarder\bin\splunk-MonitorNoHandle.exe""","Windows (R) Win 7 DDK provider",WindowsTarget,,,,,"C:\Windows\system32\","SplunkMonNoHandle Control Program",,,,,,,,,,,,"Microsoft-Windows-Sysmon/Operational",1,"<Data Name='RuleName'>-</Data><Data Name='UtcTime'>2024-12-12 22:14:12.065</Data><Data Name='ProcessGuid'>{8e02ef74-6034-675b-0e09-000000002a00}</Data><Data Name='ProcessId'>9136</Data><Data Name='Image'>C:\Program Files\SplunkUniversalForwarder\bin\splunk-MonitorNoHandle.exe</Data><Data Name='FileVersion'>10.0.10011.16384</Data><Data Name='Description'>SplunkMonNoHandle Control Program</Data><Data Name='Product'>Windows (R) Win 7 DDK driver</Data><Data Name='Company'>Windows (R) Win 7 DDK provider</Data><Data Name='OriginalFileName'>SplunkMonNoHandle.exe</Data><Data Name='CommandLine'>""C:\Program Files\SplunkUniversalForwarder\bin\splunk-MonitorNoHandle.exe""</Data><Data Name='CurrentDirectory'>C:\Windows\system32\</Data><Data Name='User'>NT AUTHORITY\SYSTEM</Data><Data Name='LogonGuid'>{8e02ef74-3d4a-675b-e703-000000000000}</Data><Data Name='LogonId'>0x3e7</Data><Data Name='TerminalSessionId'>0</Data><Data Name='IntegrityLevel'>System</Data><Data Name='Hashes'>MD5=B6C7EE9D75B2CC2B9A92D862B91E1943,SHA256=3FADA20382E33E6E270311B68BBAFFEAFF8F4C9367ABC255914C0D3CC542885F,IMPHASH=2EAA996E48B92C5E3FBBCC0A72683CB6</Data><Data Name='ParentProcessGuid'>{8e02ef74-5344-675b-2706-000000002a00}</Data><Data Name='ParentProcessId'>9752</Data><Data Name='ParentImage'>C:\Program Files\SplunkUniversalForwarder\bin\splunkd.exe</Data><Data Name='ParentCommandLine'>""C:\Program Files\SplunkUniversalForwarder\bin\splunkd.exe"" service</Data><Data Name='ParentUser'>NT AUTHORITY\SYSTEM</Data>","Process creation",1,100167,,,"10.0.10011.16384",,,,,,,,"'{5770385f-c22a-43e0-bf4c-06f5698ffbd9}'","MD5=B6C7EE9D75B2CC2B9A92D862B91E1943,SHA256=3FADA20382E33E6E270311B68BBAFFEAFF8F4C9367ABC255914C0D3CC542885F,IMPHASH=2EAA996E48B92C5E3FBBCC0A72683CB6",,,2EAA996E48B92C5E3FBBCC0A72683CB6,"C:\Program Files\SplunkUniversalForwarder\bin\splunk-MonitorNoHandle.exe",,,,System,,,,0x8000000000000000,4,,,"{8e02ef74-3d4a-675b-e703-000000000000}",0x3e7,,,,,,,,,B6C7EE9D75B2CC2B9A92D862B91E1943,,,,,,,"'Microsoft-Windows-Sysmon'",,,,,,,,,,,,,0,"SplunkMonNoHandle.exe",,"""C:\Program Files\SplunkUniversalForwarder\bin\splunkd.exe"" service","C:\Program Files\SplunkUniversalForwarder\bin\splunkd.exe","{8e02ef74-5344-675b-2706-000000002a00}",9752,"NT AUTHORITY\SYSTEM",,,,,,,"{8e02ef74-6034-675b-0e09-000000002a00}","'3780'",9136,,,,"Windows (R) Win 7 DDK driver",,,,,,100167,100167,,,,,"-",,3FADA20382E33E6E270311B68BBAFFEAFF8F4C9367ABC255914C0D3CC542885F,,,"S-1-5-18",,,,,,,,,,,,,,,,,,,,,,"'2024-12-12T22:14:12.0667614Z'","<Provider Name='Microsoft-Windows-Sysmon' Guid='{5770385f-c22a-43e0-bf4c-06f5698ffbd9}'/><EventID>1</EventID><Version>5</Version><Level>4</Level><Task>1</Task><Opcode>0</Opcode><Keywords>0x8000000000000000</Keywords><TimeCreated SystemTime='2024-12-12T22:14:12.0667614Z'/><EventRecordID>100167</EventRecordID><Correlation/><Execution ProcessID='3780' ThreadID='5104'/><Channel>Microsoft-Windows-Sysmon/Operational</Channel><Computer>WindowsTarget</Computer><Security UserID='S-1-5-18'/>",,,,,,,,,,,,,,,,,1,Devices,0,"'5104'","2024-12-12T22:14:12.0667614Z",,,,,"NT AUTHORITY\SYSTEM","'S-1-5-18'",,,,,,,,,,"2024-12-12 22:14:12.065",5,,,,,"<Event xmlns='http://schemas.microsoft.com/win/2004/08/events/event'><System><Provider Name='Microsoft-Windows-Sysmon' Guid='{5770385f-c22a-43e0-bf4c-06f5698ffbd9}'/><EventID>1</EventID><Version>5</Version><Level>4</Level><Task>1</Task><Opcode>0</Opcode><Keywords>0x8000000000000000</Keywords><TimeCreated SystemTime='2024-12-12T22:14:12.0667614Z'/><EventRecordID>100167</EventRecordID><Correlation/><Execution ProcessID='3780' ThreadID='5104'/><Channel>Microsoft-Windows-Sysmon/Operational</Channel><Computer>WindowsTarget</Computer><Security UserID='S-1-5-18'/></System><EventData><Data Name='RuleName'>-</Data><Data Name='UtcTime'>2024-12-12 22:14:12.065</Data><Data Name='ProcessGuid'>{8e02ef74-6034-675b-0e09-000000002a00}</Data><Data Name='ProcessId'>9136</Data><Data Name='Image'>C:\Program Files\SplunkUniversalForwarder\bin\splunk-MonitorNoHandle.exe</Data><Data Name='FileVersion'>10.0.10011.16384</Data><Data Name='Description'>SplunkMonNoHandle Control Program</Data><Data Name='Product'>Windows (R) Win 7 DDK driver</Data><Data Name='Company'>Windows (R) Win 7 DDK provider</Data><Data Name='OriginalFileName'>SplunkMonNoHandle.exe</Data><Data Name='CommandLine'>""C:\Program Files\SplunkUniversalForwarder\bin\splunk-MonitorNoHandle.exe""</Data><Data Name='CurrentDirectory'>C:\Windows\system32\</Data><Data Name='User'>NT AUTHORITY\SYSTEM</Data><Data Name='LogonGuid'>{8e02ef74-3d4a-675b-e703-000000000000}</Data><Data Name='LogonId'>0x3e7</Data><Data Name='TerminalSessionId'>0</Data><Data Name='IntegrityLevel'>System</Data><Data Name='Hashes'>MD5=B6C7EE9D75B2CC2B9A92D862B91E1943,SHA256=3FADA20382E33E6E270311B68BBAFFEAFF8F4C9367ABC255914C0D3CC542885F,IMPHASH=2EAA996E48B92C5E3FBBCC0A72683CB6</Data><Data Name='ParentProcessGuid'>{8e02ef74-5344-675b-2706-000000002a00}</Data><Data Name='ParentProcessId'>9752</Data><Data Name='ParentImage'>C:\Program Files\SplunkUniversalForwarder\bin\splunkd.exe</Data><Data Name='ParentCommandLine'>""C:\Program Files\SplunkUniversalForwarder\bin\splunkd.exe"" service</Data><Data Name='ParentUser'>NT AUTHORITY\SYSTEM</Data></EventData></Event>","2024-12-12T17:14:12.000-0500",allowed,,,,,,,,,,,WindowsTarget,,,,,,,WindowsTarget,,WindowsTarget,100167,"endpoint_services_processes ms-sysmon-process windows_event_signature windows_ta_data",,,,,,,,WindowsTarget,,,100167,main,1,,,,,,,,,,,,,"SplunkMonNoHandle.exe","Microsoft Windows","""C:\Program Files\SplunkUniversalForwarder\bin\splunkd.exe"" service","splunkd.exe","{8e02ef74-5344-675b-2706-000000002a00}",9752,"splunkd.exe","C:\Program Files\SplunkUniversalForwarder\bin\splunkd.exe",,,,"""C:\Program Files\SplunkUniversalForwarder\bin\splunk-MonitorNoHandle.exe""","C:\Windows\system32\","splunk-MonitorNoHandle.exe","{8e02ef74-6034-675b-0e09-000000002a00}","MD5=B6C7EE9D75B2CC2B9A92D862B91E1943,SHA256=3FADA20382E33E6E270311B68BBAFFEAFF8F4C9367ABC255914C0D3CC542885F,IMPHASH=2EAA996E48B92C5E3FBBCC0A72683CB6",9136,System,"splunk-MonitorNoHandle.exe","C:\Program Files\SplunkUniversalForwarder\bin\splunk-MonitorNoHandle.exe",,,,"<_='://../////'><><_='--'_='{----}'/><></><></><><",,,,,,,,,,,,,,,,,,,,,,informational,4,"Process creation",1,"XmlWinEventLog:Microsoft-Windows-Sysmon/Operational",XmlWinEventLog,FedoraThreatHunting,,,,,,,,,,,,,,,,,,,,,"process
report
track_event_signatures",,,,"process
report
track_event_signatures",,,,,,,,,SYSTEM,,,"'S-1-5-18'",,,,,"Microsoft Sysmon"
,,,,,,,,,,,,,,,"Microsoft-Windows-Sysmon/Operational",,,,,,,,,WindowsTarget,,,,,,,,"-","192.168.1.4",false,9001,"-",,,,,,"Microsoft-Windows-Sysmon/Operational",3,"<Data Name='RuleName'>Tor</Data><Data Name='UtcTime'>2024-12-12 22:13:57.784</Data><Data Name='ProcessGuid'>{8e02ef74-5344-675b-2706-000000002a00}</Data><Data Name='ProcessId'>9752</Data><Data Name='Image'>C:\Program Files\SplunkUniversalForwarder\bin\splunkd.exe</Data><Data Name='User'>NT AUTHORITY\SYSTEM</Data><Data Name='Protocol'>tcp</Data><Data Name='Initiated'>true</Data><Data Name='SourceIsIpv6'>false</Data><Data Name='SourceIp'>10.0.0.5</Data><Data Name='SourceHostname'>WindowsTarget.gwvavixz1yzuxgweuyqj3hytvf.ux.internal.cloudapp.net</Data><Data Name='SourcePort'>54980</Data><Data Name='SourcePortName'>-</Data><Data Name='DestinationIsIpv6'>false</Data><Data Name='DestinationIp'>192.168.1.4</Data><Data Name='DestinationHostname'>-</Data><Data Name='DestinationPort'>9001</Data><Data Name='DestinationPortName'>-</Data>","Network connection",3,100166,,,,,,,,,,,"'{5770385f-c22a-43e0-bf4c-06f5698ffbd9}'",,,,,"C:\Program Files\SplunkUniversalForwarder\bin\splunkd.exe",,,true,,,,,0x8000000000000000,4,,,,,,,,,,,,,,,,,,,,"'Microsoft-Windows-Sysmon'",,,,,,,,,,,,,0,,,,,,,,,,,,,,"{8e02ef74-5344-675b-2706-000000002a00}","'3780'",9752,,,,,,tcp,,,,100166,100166,,,,,Tor,,,,,"S-1-5-18",,"WindowsTarget.gwvavixz1yzuxgweuyqj3hytvf.ux.internal.cloudapp.net","10.0.0.5",false,,54980,"-",,,,,,,,,,,,,,,"'2024-12-12T22:13:59.0296037Z'","<Provider Name='Microsoft-Windows-Sysmon' Guid='{5770385f-c22a-43e0-bf4c-06f5698ffbd9}'/><EventID>3</EventID><Version>5</Version><Level>4</Level><Task>3</Task><Opcode>0</Opcode><Keywords>0x8000000000000000</Keywords><TimeCreated SystemTime='2024-12-12T22:13:59.0296037Z'/><EventRecordID>100166</EventRecordID><Correlation/><Execution ProcessID='3780' ThreadID='3880'/><Channel>Microsoft-Windows-Sysmon/Operational</Channel><Computer>WindowsTarget</Computer><Security UserID='S-1-5-18'/>",,,,,,,,,,,,,,,,,3,Printers,,"'3880'","2024-12-12T22:13:59.0296037Z",,,,,"NT AUTHORITY\SYSTEM","'S-1-5-18'",,,,,,,,,,"2024-12-12 22:13:57.784",5,,,,,"<Event xmlns='http://schemas.microsoft.com/win/2004/08/events/event'><System><Provider Name='Microsoft-Windows-Sysmon' Guid='{5770385f-c22a-43e0-bf4c-06f5698ffbd9}'/><EventID>3</EventID><Version>5</Version><Level>4</Level><Task>3</Task><Opcode>0</Opcode><Keywords>0x8000000000000000</Keywords><TimeCreated SystemTime='2024-12-12T22:13:59.0296037Z'/><EventRecordID>100166</EventRecordID><Correlation/><Execution ProcessID='3780' ThreadID='3880'/><Channel>Microsoft-Windows-Sysmon/Operational</Channel><Computer>WindowsTarget</Computer><Security UserID='S-1-5-18'/></System><EventData><Data Name='RuleName'>Tor</Data><Data Name='UtcTime'>2024-12-12 22:13:57.784</Data><Data Name='ProcessGuid'>{8e02ef74-5344-675b-2706-000000002a00}</Data><Data Name='ProcessId'>9752</Data><Data Name='Image'>C:\Program Files\SplunkUniversalForwarder\bin\splunkd.exe</Data><Data Name='User'>NT AUTHORITY\SYSTEM</Data><Data Name='Protocol'>tcp</Data><Data Name='Initiated'>true</Data><Data Name='SourceIsIpv6'>false</Data><Data Name='SourceIp'>10.0.0.5</Data><Data Name='SourceHostname'>WindowsTarget.gwvavixz1yzuxgweuyqj3hytvf.ux.internal.cloudapp.net</Data><Data Name='SourcePort'>54980</Data><Data Name='SourcePortName'>-</Data><Data Name='DestinationIsIpv6'>false</Data><Data Name='DestinationIp'>192.168.1.4</Data><Data Name='DestinationHostname'>-</Data><Data Name='DestinationPort'>9001</Data><Data Name='DestinationPortName'>-</Data></EventData></Event>","2024-12-12T17:13:59.000-0500",allowed,,,"C:\Program Files\SplunkUniversalForwarder\bin\splunkd.exe",,,,,,"2024-12-12 22:13:57.784",,"192.168.1.4",,"192.168.1.4",,,9001,outbound,WindowsTarget,"10.0.0.5",WindowsTarget,100166,"endpoint_services_processes ms-sysmon-network windows_event_signature windows_ta_data",,,,,,,,WindowsTarget,,,100166,main,1,,,,,,,,,,,,,,,,,,,,,,,,,,"splunkd.exe","{8e02ef74-5344-675b-2706-000000002a00}",,9752,,"splunkd.exe",,,ip,ipv4,"<_='://../////'><><_='--'_='{----}'/><></><></><><",,,,,,,,,,,,,Tor,,,,,,,,,informational,4,"Network connection",3,"XmlWinEventLog:Microsoft-Windows-Sysmon/Operational",XmlWinEventLog,FedoraThreatHunting,,"WindowsTarget.gwvavixz1yzuxgweuyqj3hytvf.ux.internal.cloudapp.net",,,"WindowsTarget.gwvavixz1yzuxgweuyqj3hytvf.ux.internal.cloudapp.net","10.0.0.5",,,,54980,,,,,established,,,,,,"communicate
network
track_event_signatures",,,,"communicate
network
track_event_signatures",,,tcp,"tcp/9001",,,,,SYSTEM,,,"'S-1-5-18'",,,,,"Microsoft Sysmon"
,,,,,,,,,,,,,,,"Microsoft-Windows-Sysmon/Operational",,,,,,,"""C:\Program Files (x86)\Microsoft\Edge\Application\msedge.exe"" --type=utility --utility-sub-type=asset_store.mojom.AssetStoreService --lang=en-US --service-sandbox-type=asset_store_service --string-annotations=is-enterprise-managed=no --field-trial-handle=5480,i,11742802175148006748,15501685171872471667,262144 --variations-seed-version --mojo-platform-channel-handle=4000 /prefetch:8","Microsoft Corporation",WindowsTarget,,,,,"C:\Program Files (x86)\Microsoft\Edge\Application\131.0.2903.86\","Microsoft Edge",,,,,,,,,,,,"Microsoft-Windows-Sysmon/Operational",1,"<Data Name='RuleName'>-</Data><Data Name='UtcTime'>2024-12-12 22:13:53.322</Data><Data Name='ProcessGuid'>{8e02ef74-6021-675b-0d09-000000002a00}</Data><Data Name='ProcessId'>6376</Data><Data Name='Image'>C:\Program Files (x86)\Microsoft\Edge\Application\msedge.exe</Data><Data Name='FileVersion'>131.0.2903.86</Data><Data Name='Description'>Microsoft Edge</Data><Data Name='Product'>Microsoft Edge</Data><Data Name='Company'>Microsoft Corporation</Data><Data Name='OriginalFileName'>msedge.exe</Data><Data Name='CommandLine'>""C:\Program Files (x86)\Microsoft\Edge\Application\msedge.exe"" --type=utility --utility-sub-type=asset_store.mojom.AssetStoreService --lang=en-US --service-sandbox-type=asset_store_service --string-annotations=is-enterprise-managed=no --field-trial-handle=5480,i,11742802175148006748,15501685171872471667,262144 --variations-seed-version --mojo-platform-channel-handle=4000 /prefetch:8</Data><Data Name='CurrentDirectory'>C:\Program Files (x86)\Microsoft\Edge\Application\131.0.2903.86\</Data><Data Name='User'>WindowsTarget\inf808</Data><Data Name='LogonGuid'>{8e02ef74-4233-675b-e1fd-1f0000000000}</Data><Data Name='LogonId'>0x1ffde1</Data><Data Name='TerminalSessionId'>2</Data><Data Name='IntegrityLevel'>Low</Data><Data Name='Hashes'>MD5=9E8261F700AB10E29D91A9D5CE52A3F8,SHA256=4AC3F1AEA9916995ED14C05FB71701FA616C419111494626CAB0CE61CD11E1B7,IMPHASH=AD7F9FF385F2AC79D492ABBEE0B86CD6</Data><Data Name='ParentProcessGuid'>{8e02ef74-5ef4-675b-c708-000000002a00}</Data><Data Name='ParentProcessId'>10488</Data><Data Name='ParentImage'>C:\Program Files (x86)\Microsoft\Edge\Application\msedge.exe</Data><Data Name='ParentCommandLine'>""C:\Program Files (x86)\Microsoft\Edge\Application\msedge.exe"" --no-startup-window</Data><Data Name='ParentUser'>WindowsTarget\inf808</Data>","Process creation",1,100165,,,"131.0.2903.86",,,,,,,,"'{5770385f-c22a-43e0-bf4c-06f5698ffbd9}'","MD5=9E8261F700AB10E29D91A9D5CE52A3F8,SHA256=4AC3F1AEA9916995ED14C05FB71701FA616C419111494626CAB0CE61CD11E1B7,IMPHASH=AD7F9FF385F2AC79D492ABBEE0B86CD6",,,AD7F9FF385F2AC79D492ABBEE0B86CD6,"C:\Program Files (x86)\Microsoft\Edge\Application\msedge.exe",,,,Low,,,,0x8000000000000000,4,,,"{8e02ef74-4233-675b-e1fd-1f0000000000}",0x1ffde1,,,,,,,,,9E8261F700AB10E29D91A9D5CE52A3F8,,,,,,,"'Microsoft-Windows-Sysmon'",,,,,,,,,,,,,0,"msedge.exe",,"""C:\Program Files (x86)\Microsoft\Edge\Application\msedge.exe"" --no-startup-window","C:\Program Files (x86)\Microsoft\Edge\Application\msedge.exe","{8e02ef74-5ef4-675b-c708-000000002a00}",10488,"WindowsTarget\inf808",,,,,,,"{8e02ef74-6021-675b-0d09-000000002a00}","'3780'",6376,,,,"Microsoft Edge",,,,,,100165,100165,,,,,"-",,4AC3F1AEA9916995ED14C05FB71701FA616C419111494626CAB0CE61CD11E1B7,,,"S-1-5-18",,,,,,,,,,,,,,,,,,,,,,"'2024-12-12T22:13:53.3238930Z'","<Provider Name='Microsoft-Windows-Sysmon' Guid='{5770385f-c22a-43e0-bf4c-06f5698ffbd9}'/><EventID>1</EventID><Version>5</Version><Level>4</Level><Task>1</Task><Opcode>0</Opcode><Keywords>0x8000000000000000</Keywords><TimeCreated SystemTime='2024-12-12T22:13:53.3238930Z'/><EventRecordID>100165</EventRecordID><Correlation/><Execution ProcessID='3780' ThreadID='5104'/><Channel>Microsoft-Windows-Sysmon/Operational</Channel><Computer>WindowsTarget</Computer><Security UserID='S-1-5-18'/>",,,,,,,,,,,,,,,,,1,Devices,2,"'5104'","2024-12-12T22:13:53.3238930Z",,,,,"WindowsTarget\inf808","'S-1-5-18'",,,,,,,,,,"2024-12-12 22:13:53.322",5,,,,,"<Event xmlns='http://schemas.microsoft.com/win/2004/08/events/event'><System><Provider Name='Microsoft-Windows-Sysmon' Guid='{5770385f-c22a-43e0-bf4c-06f5698ffbd9}'/><EventID>1</EventID><Version>5</Version><Level>4</Level><Task>1</Task><Opcode>0</Opcode><Keywords>0x8000000000000000</Keywords><TimeCreated SystemTime='2024-12-12T22:13:53.3238930Z'/><EventRecordID>100165</EventRecordID><Correlation/><Execution ProcessID='3780' ThreadID='5104'/><Channel>Microsoft-Windows-Sysmon/Operational</Channel><Computer>WindowsTarget</Computer><Security UserID='S-1-5-18'/></System><EventData><Data Name='RuleName'>-</Data><Data Name='UtcTime'>2024-12-12 22:13:53.322</Data><Data Name='ProcessGuid'>{8e02ef74-6021-675b-0d09-000000002a00}</Data><Data Name='ProcessId'>6376</Data><Data Name='Image'>C:\Program Files (x86)\Microsoft\Edge\Application\msedge.exe</Data><Data Name='FileVersion'>131.0.2903.86</Data><Data Name='Description'>Microsoft Edge</Data><Data Name='Product'>Microsoft Edge</Data><Data Name='Company'>Microsoft Corporation</Data><Data Name='OriginalFileName'>msedge.exe</Data><Data Name='CommandLine'>""C:\Program Files (x86)\Microsoft\Edge\Application\msedge.exe"" --type=utility --utility-sub-type=asset_store.mojom.AssetStoreService --lang=en-US --service-sandbox-type=asset_store_service --string-annotations=is-enterprise-managed=no --field-trial-handle=5480,i,11742802175148006748,15501685171872471667,262144 --variations-seed-version --mojo-platform-channel-handle=4000 /prefetch:8</Data><Data Name='CurrentDirectory'>C:\Program Files (x86)\Microsoft\Edge\Application\131.0.2903.86\</Data><Data Name='User'>WindowsTarget\inf808</Data><Data Name='LogonGuid'>{8e02ef74-4233-675b-e1fd-1f0000000000}</Data><Data Name='LogonId'>0x1ffde1</Data><Data Name='TerminalSessionId'>2</Data><Data Name='IntegrityLevel'>Low</Data><Data Name='Hashes'>MD5=9E8261F700AB10E29D91A9D5CE52A3F8,SHA256=4AC3F1AEA9916995ED14C05FB71701FA616C419111494626CAB0CE61CD11E1B7,IMPHASH=AD7F9FF385F2AC79D492ABBEE0B86CD6</Data><Data Name='ParentProcessGuid'>{8e02ef74-5ef4-675b-c708-000000002a00}</Data><Data Name='ParentProcessId'>10488</Data><Data Name='ParentImage'>C:\Program Files (x86)\Microsoft\Edge\Application\msedge.exe</Data><Data Name='ParentCommandLine'>""C:\Program Files (x86)\Microsoft\Edge\Application\msedge.exe"" --no-startup-window</Data><Data Name='ParentUser'>WindowsTarget\inf808</Data></EventData></Event>","2024-12-12T17:13:53.000-0500",allowed,,,,,,,,,,,WindowsTarget,,,,,,,WindowsTarget,,WindowsTarget,100165,"endpoint_services_processes ms-sysmon-process windows_event_signature windows_ta_data",,,,,,,,WindowsTarget,,,100165,main,1,,,,,,,,,,,,,"msedge.exe","Microsoft Windows","""C:\Program Files (x86)\Microsoft\Edge\Application\msedge.exe"" --no-startup-window","msedge.exe","{8e02ef74-5ef4-675b-c708-000000002a00}",10488,"msedge.exe","C:\Program Files (x86)\Microsoft\Edge\Application\msedge.exe",,,,"""C:\Program Files (x86)\Microsoft\Edge\Application\msedge.exe"" --type=utility --utility-sub-type=asset_store.mojom.AssetStoreService --lang=en-US --service-sandbox-type=asset_store_service --string-annotations=is-enterprise-managed=no --field-trial-handle=5480,i,11742802175148006748,15501685171872471667,262144 --variations-seed-version --mojo-platform-channel-handle=4000 /prefetch:8","C:\Program Files (x86)\Microsoft\Edge\Application\131.0.2903.86\","msedge.exe","{8e02ef74-6021-675b-0d09-000000002a00}","MD5=9E8261F700AB10E29D91A9D5CE52A3F8,SHA256=4AC3F1AEA9916995ED14C05FB71701FA616C419111494626CAB0CE61CD11E1B7,IMPHASH=AD7F9FF385F2AC79D492ABBEE0B86CD6",6376,Low,"msedge.exe","C:\Program Files (x86)\Microsoft\Edge\Application\msedge.exe",,,,"<_='://../////'><><_='--'_='{----}'/><></><></><><",,,,,,,,,,,,,,,,,,,,,,informational,4,"Process creation",1,"XmlWinEventLog:Microsoft-Windows-Sysmon/Operational",XmlWinEventLog,FedoraThreatHunting,,,,,,,,,,,,,,,,,,,,,"process
report
track_event_signatures",,,,"process
report
track_event_signatures",,,,,,,,,inf808,,,"'S-1-5-18'",,,,,"Microsoft Sysmon"
,,,,,,,,,,,,,,,"Microsoft-Windows-Sysmon/Operational",,,,,,,,,WindowsTarget,,,,,,,,"WindowsTarget.gwvavixz1yzuxgweuyqj3hytvf.ux.internal.cloudapp.net","10.0.0.5",false,3389,"ms-wbt-server",,,,,,"Microsoft-Windows-Sysmon/Operational",3,"<Data Name='RuleName'>RDP</Data><Data Name='UtcTime'>2024-12-12 22:13:50.982</Data><Data Name='ProcessGuid'>{8e02ef74-3d4b-675b-1200-000000002a00}</Data><Data Name='ProcessId'>792</Data><Data Name='Image'>C:\Windows\System32\svchost.exe</Data><Data Name='User'>NT AUTHORITY\NETWORK SERVICE</Data><Data Name='Protocol'>tcp</Data><Data Name='Initiated'>false</Data><Data Name='SourceIsIpv6'>false</Data><Data Name='SourceIp'>159.223.84.96</Data><Data Name='SourceHostname'>-</Data><Data Name='SourcePort'>55671</Data><Data Name='SourcePortName'>-</Data><Data Name='DestinationIsIpv6'>false</Data><Data Name='DestinationIp'>10.0.0.5</Data><Data Name='DestinationHostname'>WindowsTarget.gwvavixz1yzuxgweuyqj3hytvf.ux.internal.cloudapp.net</Data><Data Name='DestinationPort'>3389</Data><Data Name='DestinationPortName'>ms-wbt-server</Data>","Network connection",3,100164,,,,,,,,,,,"'{5770385f-c22a-43e0-bf4c-06f5698ffbd9}'",,,,,"C:\Windows\System32\svchost.exe",,,false,,,,,0x8000000000000000,4,,,,,,,,,,,,,,,,,,,,"'Microsoft-Windows-Sysmon'",,,,,,,,,,,,,0,,,,,,,,,,,,,,"{8e02ef74-3d4b-675b-1200-000000002a00}","'3780'",792,,,,,,tcp,,,,100164,100164,,,,,RDP,,,,,"S-1-5-18",,"-","159.223.84.96",false,,55671,"-",,,,,,,,,,,,,,,"'2024-12-12T22:13:53.1594343Z'","<Provider Name='Microsoft-Windows-Sysmon' Guid='{5770385f-c22a-43e0-bf4c-06f5698ffbd9}'/><EventID>3</EventID><Version>5</Version><Level>4</Level><Task>3</Task><Opcode>0</Opcode><Keywords>0x8000000000000000</Keywords><TimeCreated SystemTime='2024-12-12T22:13:53.1594343Z'/><EventRecordID>100164</EventRecordID><Correlation/><Execution ProcessID='3780' ThreadID='3880'/><Channel>Microsoft-Windows-Sysmon/Operational</Channel><Computer>WindowsTarget</Computer><Security UserID='S-1-5-18'/>",,,,,,,,,,,,,,,,,3,Printers,,"'3880'","2024-12-12T22:13:53.1594343Z",,,,,"NT AUTHORITY\NETWORK SERVICE","'S-1-5-18'",,,,,,,,,,"2024-12-12 22:13:50.982",5,,,,,"<Event xmlns='http://schemas.microsoft.com/win/2004/08/events/event'><System><Provider Name='Microsoft-Windows-Sysmon' Guid='{5770385f-c22a-43e0-bf4c-06f5698ffbd9}'/><EventID>3</EventID><Version>5</Version><Level>4</Level><Task>3</Task><Opcode>0</Opcode><Keywords>0x8000000000000000</Keywords><TimeCreated SystemTime='2024-12-12T22:13:53.1594343Z'/><EventRecordID>100164</EventRecordID><Correlation/><Execution ProcessID='3780' ThreadID='3880'/><Channel>Microsoft-Windows-Sysmon/Operational</Channel><Computer>WindowsTarget</Computer><Security UserID='S-1-5-18'/></System><EventData><Data Name='RuleName'>RDP</Data><Data Name='UtcTime'>2024-12-12 22:13:50.982</Data><Data Name='ProcessGuid'>{8e02ef74-3d4b-675b-1200-000000002a00}</Data><Data Name='ProcessId'>792</Data><Data Name='Image'>C:\Windows\System32\svchost.exe</Data><Data Name='User'>NT AUTHORITY\NETWORK SERVICE</Data><Data Name='Protocol'>tcp</Data><Data Name='Initiated'>false</Data><Data Name='SourceIsIpv6'>false</Data><Data Name='SourceIp'>159.223.84.96</Data><Data Name='SourceHostname'>-</Data><Data Name='SourcePort'>55671</Data><Data Name='SourcePortName'>-</Data><Data Name='DestinationIsIpv6'>false</Data><Data Name='DestinationIp'>10.0.0.5</Data><Data Name='DestinationHostname'>WindowsTarget.gwvavixz1yzuxgweuyqj3hytvf.ux.internal.cloudapp.net</Data><Data Name='DestinationPort'>3389</Data><Data Name='DestinationPortName'>ms-wbt-server</Data></EventData></Event>","2024-